# JRE version: OpenJDK Runtime Environment (11.0.10) (build 11.0.10+0-b96-7249189)
# Java VM: OpenJDK 64-Bit Server VM (11.0.10+0-b96-7249189, mixed mode, tiered, compressed oops, g1 gc, windows-amd64)
Heap:
 garbage-first heap   total 138240K, used 60641K [0x0000000080000000, 0x0000000100000000)
  region size 1024K, 5 young (5120K), 5 survivors (5120K)
 Metaspace       used 73948K, capacity 75734K, committed 75964K, reserved 1116160K
  class space    used 9660K, capacity 10307K, committed 10368K, reserved 1048576K
GC Heap History (20 events):
Event: 9.537 GC heap after
{Heap after GC invocations=14 (full 0):
 garbage-first heap   total 95232K, used 29830K [0x0000000080000000, 0x0000000100000000)
  region size 1024K, 3 young (3072K), 3 survivors (3072K)
 Metaspace       used 46522K, capacity 47765K, committed 47792K, reserved 1091584K
  class space    used 5955K, capacity 6400K, committed 6400K, reserved 1048576K
}
Event: 10.923 GC heap before
{Heap before GC invocations=14 (full 0):
 garbage-first heap   total 95232K, used 76934K [0x0000000080000000, 0x0000000100000000)
  region size 1024K, 46 young (47104K), 3 survivors (3072K)
 Metaspace       used 49153K, capacity 50492K, committed 50736K, reserved 1093632K
  class space    used 6267K, capacity 6716K, committed 6784K, reserved 1048576K
}
Event: 10.936 GC heap after
{Heap after GC invocations=15 (full 0):
 garbage-first heap   total 95232K, used 41544K [0x0000000080000000, 0x0000000100000000)
  region size 1024K, 6 young (6144K), 6 survivors (6144K)
 Metaspace       used 49153K, capacity 50492K, committed 50736K, reserved 1093632K
  class space    used 6267K, capacity 6716K, committed 6784K, reserved 1048576K
}
Event: 11.861 GC heap before
{Heap before GC invocations=15 (full 0):
 garbage-first heap   total 95232K, used 74312K [0x0000000080000000, 0x0000000100000000)
  region size 1024K, 38 young (38912K), 6 survivors (6144K)
 Metaspace       used 53948K, capacity 55301K, committed 55344K, reserved 1097728K
  class space    used 6831K, capacity 7296K, committed 7296K, reserved 1048576K
}
Event: 11.871 GC heap after
{Heap after GC invocations=16 (full 0):
 garbage-first heap   total 95232K, used 43645K [0x0000000080000000, 0x0000000100000000)
  region size 1024K, 2 young (2048K), 2 survivors (2048K)
 Metaspace       used 53948K, capacity 55301K, committed 55344K, reserved 1097728K
  class space    used 6831K, capacity 7296K, committed 7296K, reserved 1048576K
}
Event: 12.886 GC heap before
{Heap before GC invocations=16 (full 0):
 garbage-first heap   total 95232K, used 71293K [0x0000000080000000, 0x0000000100000000)
  region size 1024K, 30 young (30720K), 2 survivors (2048K)
 Metaspace       used 58281K, capacity 59730K, committed 59824K, reserved 1101824K
  class space    used 7376K, capacity 7895K, committed 7936K, reserved 1048576K
}
Event: 12.894 GC heap after
{Heap after GC invocations=17 (full 0):
 garbage-first heap   total 95232K, used 45169K [0x0000000080000000, 0x0000000100000000)
  region size 1024K, 3 young (3072K), 3 survivors (3072K)
 Metaspace       used 58281K, capacity 59730K, committed 59824K, reserved 1101824K
  class space    used 7376K, capacity 7895K, committed 7936K, reserved 1048576K
}
Event: 13.716 GC heap before
{Heap before GC invocations=18 (full 0):
 garbage-first heap   total 95232K, used 74865K [0x0000000080000000, 0x0000000100000000)
  region size 1024K, 33 young (33792K), 3 survivors (3072K)
 Metaspace       used 61203K, capacity 62723K, committed 62908K, reserved 1103872K
  class space    used 7729K, capacity 8246K, committed 8320K, reserved 1048576K
}
Event: 13.729 GC heap after
{Heap after GC invocations=19 (full 0):
 garbage-first heap   total 95232K, used 48039K [0x0000000080000000, 0x0000000100000000)
  region size 1024K, 5 young (5120K), 5 survivors (5120K)
 Metaspace       used 61203K, capacity 62723K, committed 62908K, reserved 1103872K
  class space    used 7729K, capacity 8246K, committed 8320K, reserved 1048576K
}
Event: 14.047 GC heap before
{Heap before GC invocations=20 (full 0):
 garbage-first heap   total 95232K, used 60327K [0x0000000080000000, 0x0000000100000000)
  region size 1024K, 18 young (18432K), 5 survivors (5120K)
 Metaspace       used 62416K, capacity 63878K, committed 64060K, reserved 1105920K
  class space    used 7895K, capacity 8417K, committed 8448K, reserved 1048576K
}
Event: 14.059 GC heap after
{Heap after GC invocations=21 (full 0):
 garbage-first heap   total 114688K, used 49209K [0x0000000080000000, 0x0000000100000000)
  region size 1024K, 2 young (2048K), 2 survivors (2048K)
 Metaspace       used 62416K, capacity 63878K, committed 64060K, reserved 1105920K
  class space    used 7895K, capacity 8417K, committed 8448K, reserved 1048576K
}
Event: 14.707 GC heap before
{Heap before GC invocations=22 (full 0):
 garbage-first heap   total 114688K, used 86073K [0x0000000080000000, 0x0000000100000000)
  region size 1024K, 37 young (37888K), 2 survivors (2048K)
 Metaspace       used 63428K, capacity 65055K, committed 65340K, reserved 1105920K
  class space    used 8052K, capacity 8632K, committed 8704K, reserved 1048576K
}
Event: 14.716 GC heap after
{Heap after GC invocations=23 (full 0):
 garbage-first heap   total 114688K, used 51642K [0x0000000080000000, 0x0000000100000000)
  region size 1024K, 4 young (4096K), 4 survivors (4096K)
 Metaspace       used 63428K, capacity 65055K, committed 65340K, reserved 1105920K
  class space    used 8052K, capacity 8632K, committed 8704K, reserved 1048576K
}
Event: 15.541 GC heap before
{Heap before GC invocations=23 (full 0):
 garbage-first heap   total 114688K, used 86458K [0x0000000080000000, 0x0000000100000000)
  region size 1024K, 38 young (38912K), 4 survivors (4096K)
 Metaspace       used 67334K, capacity 68960K, committed 69052K, reserved 1110016K
  class space    used 8706K, capacity 9289K, committed 9344K, reserved 1048576K
}
Event: 15.552 GC heap after
{Heap after GC invocations=24 (full 0):
 garbage-first heap   total 114688K, used 54129K [0x0000000080000000, 0x0000000100000000)
  region size 1024K, 3 young (3072K), 3 survivors (3072K)
 Metaspace       used 67334K, capacity 68960K, committed 69052K, reserved 1110016K
  class space    used 8706K, capacity 9289K, committed 9344K, reserved 1048576K
}
Event: 16.022 GC heap before
{Heap before GC invocations=24 (full 0):
 garbage-first heap   total 114688K, used 88945K [0x0000000080000000, 0x0000000100000000)
  region size 1024K, 37 young (37888K), 3 survivors (3072K)
 Metaspace       used 69012K, capacity 70654K, committed 70844K, reserved 1110016K
  class space    used 8923K, capacity 9504K, committed 9600K, reserved 1048576K
}
Event: 16.033 GC heap after
{Heap after GC invocations=25 (full 0):
 garbage-first heap   total 114688K, used 56577K [0x0000000080000000, 0x0000000100000000)
  region size 1024K, 5 young (5120K), 5 survivors (5120K)
 Metaspace       used 69012K, capacity 70654K, committed 70844K, reserved 1110016K
  class space    used 8923K, capacity 9504K, committed 9600K, reserved 1048576K
}
Event: 16.671 GC heap before
{Heap before GC invocations=26 (full 0):
 garbage-first heap   total 114688K, used 90369K [0x0000000080000000, 0x0000000100000000)
  region size 1024K, 38 young (38912K), 5 survivors (5120K)
 Metaspace       used 70707K, capacity 72429K, committed 72636K, reserved 1112064K
  class space    used 9177K, capacity 9788K, committed 9856K, reserved 1048576K
}
Event: 16.686 GC heap after
{Heap after GC invocations=27 (full 0):
 garbage-first heap   total 114688K, used 58945K [0x0000000080000000, 0x0000000100000000)
  region size 1024K, 5 young (5120K), 5 survivors (5120K)
 Metaspace       used 70707K, capacity 72429K, committed 72636K, reserved 1112064K
  class space    used 9177K, capacity 9788K, committed 9856K, reserved 1048576K
}
Event: 17.548 GC heap before
{Heap before GC invocations=27 (full 0):
 garbage-first heap   total 114688K, used 91713K [0x0000000080000000, 0x0000000100000000)
  region size 1024K, 37 young (37888K), 5 survivors (5120K)
 Metaspace       used 73948K, capacity 75734K, committed 75964K, reserved 1116160K
  class space    used 9660K, capacity 10307K, committed 10368K, reserved 1048576K
}

