# JRE version: OpenJDK Runtime Environment (11.0.10) (build 11.0.10+0-b96-7249189)
# Java VM: OpenJDK 64-Bit Server VM (11.0.10+0-b96-7249189, mixed mode, tiered, compressed oops, g1 gc, windows-amd64)
Heap:
 garbage-first heap   total 431104K, used 180384K [0x0000000080000000, 0x0000000100000000)
  region size 1024K, 5 young (5120K), 5 survivors (5120K)
 Metaspace       used 93630K, capacity 96100K, committed 96432K, reserved 1132544K
  class space    used 12315K, capacity 13215K, committed 13312K, reserved 1048576K
GC Heap History (20 events):
Event: 27.432 GC heap after
{Heap after GC invocations=52 (full 0):
 garbage-first heap   total 157696K, used 71650K [0x0000000080000000, 0x0000000100000000)
  region size 1024K, 6 young (6144K), 6 survivors (6144K)
 Metaspace       used 80126K, capacity 82200K, committed 82352K, reserved 1120256K
  class space    used 10429K, capacity 11193K, committed 11264K, reserved 1048576K
}
Event: 28.385 GC heap before
{Heap before GC invocations=52 (full 0):
 garbage-first heap   total 157696K, used 117730K [0x0000000080000000, 0x0000000100000000)
  region size 1024K, 52 young (53248K), 6 survivors (6144K)
 Metaspace       used 80463K, capacity 82574K, committed 82608K, reserved 1120256K
  class space    used 10455K, capacity 11242K, committed 11264K, reserved 1048576K
}
Event: 28.406 GC heap after
{Heap after GC invocations=53 (full 0):
 garbage-first heap   total 157696K, used 74499K [0x0000000080000000, 0x0000000100000000)
  region size 1024K, 6 young (6144K), 6 survivors (6144K)
 Metaspace       used 80463K, capacity 82574K, committed 82608K, reserved 1120256K
  class space    used 10455K, capacity 11242K, committed 11264K, reserved 1048576K
}
Event: 29.115 GC heap before
{Heap before GC invocations=53 (full 0):
 garbage-first heap   total 157696K, used 120579K [0x0000000080000000, 0x0000000100000000)
  region size 1024K, 52 young (53248K), 6 survivors (6144K)
 Metaspace       used 82134K, capacity 84287K, committed 84400K, reserved 1122304K
  class space    used 10629K, capacity 11432K, committed 11520K, reserved 1048576K
}
Event: 29.135 GC heap after
{Heap after GC invocations=54 (full 0):
 garbage-first heap   total 195584K, used 76645K [0x0000000080000000, 0x0000000100000000)
  region size 1024K, 5 young (5120K), 5 survivors (5120K)
 Metaspace       used 82134K, capacity 84287K, committed 84400K, reserved 1122304K
  class space    used 10629K, capacity 11432K, committed 11520K, reserved 1048576K
}
Event: 30.398 GC heap before
{Heap before GC invocations=54 (full 0):
 garbage-first heap   total 195584K, used 136037K [0x0000000080000000, 0x0000000100000000)
  region size 1024K, 64 young (65536K), 5 survivors (5120K)
 Metaspace       used 83792K, capacity 85940K, committed 86192K, reserved 1124352K
  class space    used 10853K, capacity 11661K, committed 11776K, reserved 1048576K
}
Event: 30.422 GC heap after
{Heap after GC invocations=55 (full 0):
 garbage-first heap   total 195584K, used 79084K [0x0000000080000000, 0x0000000100000000)
  region size 1024K, 5 young (5120K), 5 survivors (5120K)
 Metaspace       used 83792K, capacity 85940K, committed 86192K, reserved 1124352K
  class space    used 10853K, capacity 11661K, committed 11776K, reserved 1048576K
}
Event: 31.923 GC heap before
{Heap before GC invocations=55 (full 0):
 garbage-first heap   total 195584K, used 152812K [0x0000000080000000, 0x0000000100000000)
  region size 1024K, 66 young (67584K), 5 survivors (5120K)
 Metaspace       used 88133K, capacity 90338K, committed 90544K, reserved 1128448K
  class space    used 11417K, capacity 12253K, committed 12288K, reserved 1048576K
}
Event: 31.949 GC heap after
{Heap after GC invocations=56 (full 0):
 garbage-first heap   total 195584K, used 97916K [0x0000000080000000, 0x0000000100000000)
  region size 1024K, 9 young (9216K), 9 survivors (9216K)
 Metaspace       used 88133K, capacity 90338K, committed 90544K, reserved 1128448K
  class space    used 11417K, capacity 12253K, committed 12288K, reserved 1048576K
}
Event: 32.888 GC heap before
{Heap before GC invocations=57 (full 0):
 garbage-first heap   total 195584K, used 148092K [0x0000000080000000, 0x0000000100000000)
  region size 1024K, 55 young (56320K), 9 survivors (9216K)
 Metaspace       used 88349K, capacity 90519K, committed 90800K, reserved 1128448K
  class space    used 11418K, capacity 12205K, committed 12288K, reserved 1048576K
}
Event: 32.996 GC heap after
{Heap after GC invocations=58 (full 0):
 garbage-first heap   total 195584K, used 119436K [0x0000000080000000, 0x0000000100000000)
  region size 1024K, 9 young (9216K), 9 survivors (9216K)
 Metaspace       used 88349K, capacity 90519K, committed 90800K, reserved 1128448K
  class space    used 11418K, capacity 12205K, committed 12288K, reserved 1048576K
}
Event: 33.823 GC heap before
{Heap before GC invocations=59 (full 0):
 garbage-first heap   total 195584K, used 155276K [0x0000000080000000, 0x0000000100000000)
  region size 1024K, 43 young (44032K), 9 survivors (9216K)
 Metaspace       used 90673K, capacity 92919K, committed 93104K, reserved 1130496K
  class space    used 11897K, capacity 12728K, committed 12800K, reserved 1048576K
}
Event: 33.897 GC heap after
{Heap after GC invocations=60 (full 0):
 garbage-first heap   total 271360K, used 134528K [0x0000000080000000, 0x0000000100000000)
  region size 1024K, 6 young (6144K), 6 survivors (6144K)
 Metaspace       used 90673K, capacity 92919K, committed 93104K, reserved 1130496K
  class space    used 11897K, capacity 12728K, committed 12800K, reserved 1048576K
}
Event: 34.525 GC heap before
{Heap before GC invocations=60 (full 0):
 garbage-first heap   total 271360K, used 193920K [0x0000000080000000, 0x0000000100000000)
  region size 1024K, 64 young (65536K), 6 survivors (6144K)
 Metaspace       used 90726K, capacity 92995K, committed 93104K, reserved 1130496K
  class space    used 11898K, capacity 12729K, committed 12800K, reserved 1048576K
}
Event: 34.638 GC heap after
{Heap after GC invocations=61 (full 0):
 garbage-first heap   total 271360K, used 164864K [0x0000000080000000, 0x0000000100000000)
  region size 1024K, 8 young (8192K), 8 survivors (8192K)
 Metaspace       used 90726K, capacity 92995K, committed 93104K, reserved 1130496K
  class space    used 11898K, capacity 12729K, committed 12800K, reserved 1048576K
}
Event: 36.901 GC heap before
{Heap before GC invocations=62 (full 0):
 garbage-first heap   total 271360K, used 204800K [0x0000000080000000, 0x0000000100000000)
  region size 1024K, 48 young (49152K), 8 survivors (8192K)
 Metaspace       used 93078K, capacity 95512K, committed 95792K, reserved 1132544K
  class space    used 12259K, capacity 13158K, committed 13184K, reserved 1048576K
}
Event: 36.946 GC heap after
{Heap after GC invocations=63 (full 0):
 garbage-first heap   total 271360K, used 172032K [0x0000000080000000, 0x0000000100000000)
  region size 1024K, 6 young (6144K), 6 survivors (6144K)
 Metaspace       used 93078K, capacity 95512K, committed 95792K, reserved 1132544K
  class space    used 12259K, capacity 13158K, committed 13184K, reserved 1048576K
}
Event: 38.123 GC heap before
{Heap before GC invocations=63 (full 0):
 garbage-first heap   total 271360K, used 210944K [0x0000000080000000, 0x0000000100000000)
  region size 1024K, 45 young (46080K), 6 survivors (6144K)
 Metaspace       used 93607K, capacity 96072K, committed 96176K, reserved 1132544K
  class space    used 12318K, capacity 13230K, committed 13312K, reserved 1048576K
}
Event: 38.195 GC heap after
{Heap after GC invocations=64 (full 0):
 garbage-first heap   total 271360K, used 176700K [0x0000000080000000, 0x0000000100000000)
  region size 1024K, 5 young (5120K), 5 survivors (5120K)
 Metaspace       used 93607K, capacity 96072K, committed 96176K, reserved 1132544K
  class space    used 12318K, capacity 13230K, committed 13312K, reserved 1048576K
}
Event: 39.843 GC heap before
{Heap before GC invocations=65 (full 0):
 garbage-first heap   total 271360K, used 216636K [0x0000000080000000, 0x0000000100000000)
  region size 1024K, 44 young (45056K), 5 survivors (5120K)
 Metaspace       used 93630K, capacity 96100K, committed 96432K, reserved 1132544K
  class space    used 12315K, capacity 13215K, committed 13312K, reserved 1048576K
}

