# JRE version: OpenJDK Runtime Environment (11.0.10) (build 11.0.10+0-b96-7249189)
# Java VM: OpenJDK 64-Bit Server VM (11.0.10+0-b96-7249189, mixed mode, tiered, compressed oops, g1 gc, windows-amd64)
Heap:
 garbage-first heap   total 199680K, used 114823K [0x0000000080000000, 0x0000000100000000)
  region size 1024K, 34 young (34816K), 6 survivors (6144K)
 Metaspace       used 78452K, capacity 80632K, committed 80768K, reserved 1120256K
  class space    used 10126K, capacity 10856K, committed 10880K, reserved 1048576K
GC Heap History (20 events):
Event: 13.080 GC heap before
{Heap before GC invocations=28 (full 0):
 garbage-first heap   total 114688K, used 77975K [0x0000000080000000, 0x0000000100000000)
  region size 1024K, 25 young (25600K), 3 survivors (3072K)
 Metaspace       used 49282K, capacity 50816K, committed 50944K, reserved 1093632K
  class space    used 6319K, capacity 6816K, committed 6912K, reserved 1048576K
}
Event: 13.093 GC heap after
{Heap after GC invocations=29 (full 0):
 garbage-first heap   total 114688K, used 59093K [0x0000000080000000, 0x0000000100000000)
  region size 1024K, 3 young (3072K), 3 survivors (3072K)
 Metaspace       used 49282K, capacity 50816K, committed 50944K, reserved 1093632K
  class space    used 6319K, capacity 6816K, committed 6912K, reserved 1048576K
}
Event: 13.323 GC heap before
{Heap before GC invocations=30 (full 0):
 garbage-first heap   total 114688K, used 65237K [0x0000000080000000, 0x0000000100000000)
  region size 1024K, 9 young (9216K), 3 survivors (3072K)
 Metaspace       used 49289K, capacity 50816K, committed 50944K, reserved 1093632K
  class space    used 6319K, capacity 6816K, committed 6912K, reserved 1048576K
}
Event: 13.339 GC heap after
{Heap after GC invocations=31 (full 0):
 garbage-first heap   total 138240K, used 65182K [0x0000000080000000, 0x0000000100000000)
  region size 1024K, 4 young (4096K), 4 survivors (4096K)
 Metaspace       used 49289K, capacity 50816K, committed 50944K, reserved 1093632K
  class space    used 6319K, capacity 6816K, committed 6912K, reserved 1048576K
}
Event: 14.635 GC heap before
{Heap before GC invocations=32 (full 0):
 garbage-first heap   total 138240K, used 96926K [0x0000000080000000, 0x0000000100000000)
  region size 1024K, 34 young (34816K), 4 survivors (4096K)
 Metaspace       used 52775K, capacity 54345K, committed 54400K, reserved 1095680K
  class space    used 6748K, capacity 7263K, committed 7296K, reserved 1048576K
}
Event: 14.642 GC heap after
{Heap after GC invocations=33 (full 0):
 garbage-first heap   total 138240K, used 69013K [0x0000000080000000, 0x0000000100000000)
  region size 1024K, 2 young (2048K), 2 survivors (2048K)
 Metaspace       used 52775K, capacity 54345K, committed 54400K, reserved 1095680K
  class space    used 6748K, capacity 7263K, committed 7296K, reserved 1048576K
}
Event: 16.415 GC heap before
{Heap before GC invocations=33 (full 0):
 garbage-first heap   total 138240K, used 99733K [0x0000000080000000, 0x0000000100000000)
  region size 1024K, 32 young (32768K), 2 survivors (2048K)
 Metaspace       used 57421K, capacity 59098K, committed 59392K, reserved 1101824K
  class space    used 7312K, capacity 7887K, committed 7936K, reserved 1048576K
}
Event: 16.425 GC heap after
{Heap after GC invocations=34 (full 0):
 garbage-first heap   total 138240K, used 70024K [0x0000000080000000, 0x0000000100000000)
  region size 1024K, 3 young (3072K), 3 survivors (3072K)
 Metaspace       used 57421K, capacity 59098K, committed 59392K, reserved 1101824K
  class space    used 7312K, capacity 7887K, committed 7936K, reserved 1048576K
}
Event: 17.255 GC heap before
{Heap before GC invocations=35 (full 0):
 garbage-first heap   total 138240K, used 100744K [0x0000000080000000, 0x0000000100000000)
  region size 1024K, 34 young (34816K), 3 survivors (3072K)
 Metaspace       used 61166K, capacity 62893K, committed 62976K, reserved 1103872K
  class space    used 7783K, capacity 8384K, committed 8448K, reserved 1048576K
}
Event: 17.270 GC heap after
{Heap after GC invocations=36 (full 0):
 garbage-first heap   total 138240K, used 73285K [0x0000000080000000, 0x0000000100000000)
  region size 1024K, 5 young (5120K), 5 survivors (5120K)
 Metaspace       used 61166K, capacity 62893K, committed 62976K, reserved 1103872K
  class space    used 7783K, capacity 8384K, committed 8448K, reserved 1048576K
}
Event: 17.737 GC heap before
{Heap before GC invocations=36 (full 0):
 garbage-first heap   total 138240K, used 97861K [0x0000000080000000, 0x0000000100000000)
  region size 1024K, 30 young (30720K), 5 survivors (5120K)
 Metaspace       used 63649K, capacity 65361K, committed 65536K, reserved 1105920K
  class space    used 8100K, capacity 8689K, committed 8704K, reserved 1048576K
}
Event: 17.755 GC heap after
{Heap after GC invocations=37 (full 0):
 garbage-first heap   total 165888K, used 75128K [0x0000000080000000, 0x0000000100000000)
  region size 1024K, 2 young (2048K), 2 survivors (2048K)
 Metaspace       used 63649K, capacity 65361K, committed 65536K, reserved 1105920K
  class space    used 8100K, capacity 8689K, committed 8704K, reserved 1048576K
}
Event: 18.386 GC heap before
{Heap before GC invocations=38 (full 0):
 garbage-first heap   total 165888K, used 118136K [0x0000000080000000, 0x0000000100000000)
  region size 1024K, 43 young (44032K), 2 survivors (2048K)
 Metaspace       used 65194K, capacity 67155K, committed 67328K, reserved 1107968K
  class space    used 8310K, capacity 8939K, committed 8960K, reserved 1048576K
}
Event: 18.397 GC heap after
{Heap after GC invocations=39 (full 0):
 garbage-first heap   total 165888K, used 78504K [0x0000000080000000, 0x0000000100000000)
  region size 1024K, 6 young (6144K), 6 survivors (6144K)
 Metaspace       used 65194K, capacity 67155K, committed 67328K, reserved 1107968K
  class space    used 8310K, capacity 8939K, committed 8960K, reserved 1048576K
}
Event: 19.531 GC heap before
{Heap before GC invocations=39 (full 0):
 garbage-first heap   total 165888K, used 122536K [0x0000000080000000, 0x0000000100000000)
  region size 1024K, 49 young (50176K), 6 survivors (6144K)
 Metaspace       used 69894K, capacity 71764K, committed 71936K, reserved 1112064K
  class space    used 9062K, capacity 9702K, committed 9728K, reserved 1048576K
}
Event: 19.549 GC heap after
{Heap after GC invocations=40 (full 0):
 garbage-first heap   total 165888K, used 81712K [0x0000000080000000, 0x0000000100000000)
  region size 1024K, 7 young (7168K), 7 survivors (7168K)
 Metaspace       used 69894K, capacity 71764K, committed 71936K, reserved 1112064K
  class space    used 9062K, capacity 9702K, committed 9728K, reserved 1048576K
}
Event: 20.105 GC heap before
{Heap before GC invocations=40 (full 0):
 garbage-first heap   total 165888K, used 131888K [0x0000000080000000, 0x0000000100000000)
  region size 1024K, 56 young (57344K), 7 survivors (7168K)
 Metaspace       used 71887K, capacity 73866K, committed 74112K, reserved 1114112K
  class space    used 9371K, capacity 10019K, committed 10112K, reserved 1048576K
}
Event: 20.125 GC heap after
{Heap after GC invocations=41 (full 0):
 garbage-first heap   total 165888K, used 83876K [0x0000000080000000, 0x0000000100000000)
  region size 1024K, 6 young (6144K), 6 survivors (6144K)
 Metaspace       used 71887K, capacity 73866K, committed 74112K, reserved 1114112K
  class space    used 9371K, capacity 10019K, committed 10112K, reserved 1048576K
}
Event: 21.316 GC heap before
{Heap before GC invocations=42 (full 0):
 garbage-first heap   total 165888K, used 133028K [0x0000000080000000, 0x0000000100000000)
  region size 1024K, 54 young (55296K), 6 survivors (6144K)
 Metaspace       used 75038K, capacity 77181K, committed 77440K, reserved 1116160K
  class space    used 9783K, capacity 10517K, committed 10624K, reserved 1048576K
}
Event: 21.339 GC heap after
{Heap after GC invocations=43 (full 0):
 garbage-first heap   total 199680K, used 87175K [0x0000000080000000, 0x0000000100000000)
  region size 1024K, 6 young (6144K), 6 survivors (6144K)
 Metaspace       used 75038K, capacity 77181K, committed 77440K, reserved 1116160K
  class space    used 9783K, capacity 10517K, committed 10624K, reserved 1048576K
}

