# JRE version: OpenJDK Runtime Environment (11.0.10) (build 11.0.10+0-b96-7249189)
# Java VM: OpenJDK 64-Bit Server VM (11.0.10+0-b96-7249189, mixed mode, tiered, compressed oops, g1 gc, windows-amd64)
Heap:
 garbage-first heap   total 428032K, used 185636K [0x0000000080000000, 0x0000000100000000)
  region size 1024K, 1 young (1024K), 1 survivors (1024K)
 Metaspace       used 125199K, capacity 129350K, committed 129664K, reserved 1161216K
  class space    used 16029K, capacity 17460K, committed 17536K, reserved 1048576K
GC Heap History (20 events):
Event: 275.225 GC heap after
{Heap after GC invocations=58 (full 0):
 garbage-first heap   total 239616K, used 148705K [0x0000000080000000, 0x0000000100000000)
  region size 1024K, 9 young (9216K), 9 survivors (9216K)
 Metaspace       used 118551K, capacity 122517K, committed 122752K, reserved 1155072K
  class space    used 15066K, capacity 16393K, committed 16512K, reserved 1048576K
}
Event: 275.917 GC heap before
{Heap before GC invocations=58 (full 0):
 garbage-first heap   total 239616K, used 195809K [0x0000000080000000, 0x0000000100000000)
  region size 1024K, 56 young (57344K), 9 survivors (9216K)
 Metaspace       used 118987K, capacity 122938K, committed 123008K, reserved 1155072K
  class space    used 15115K, capacity 16443K, committed 16512K, reserved 1048576K
}
Event: 276.002 GC heap after
{Heap after GC invocations=59 (full 0):
 garbage-first heap   total 239616K, used 158546K [0x0000000080000000, 0x0000000100000000)
  region size 1024K, 7 young (7168K), 7 survivors (7168K)
 Metaspace       used 118987K, capacity 122938K, committed 123008K, reserved 1155072K
  class space    used 15115K, capacity 16443K, committed 16512K, reserved 1048576K
}
Event: 276.702 GC heap before
{Heap before GC invocations=59 (full 0):
 garbage-first heap   total 239616K, used 195410K [0x0000000080000000, 0x0000000100000000)
  region size 1024K, 46 young (47104K), 7 survivors (7168K)
 Metaspace       used 119390K, capacity 123331K, committed 123520K, reserved 1157120K
  class space    used 15159K, capacity 16508K, committed 16512K, reserved 1048576K
}
Event: 276.749 GC heap after
{Heap after GC invocations=60 (full 0):
 garbage-first heap   total 239616K, used 163288K [0x0000000080000000, 0x0000000100000000)
  region size 1024K, 6 young (6144K), 6 survivors (6144K)
 Metaspace       used 119390K, capacity 123331K, committed 123520K, reserved 1157120K
  class space    used 15159K, capacity 16508K, committed 16512K, reserved 1048576K
}
Event: 277.187 GC heap before
{Heap before GC invocations=61 (full 0):
 garbage-first heap   total 239616K, used 198104K [0x0000000080000000, 0x0000000100000000)
  region size 1024K, 41 young (41984K), 6 survivors (6144K)
 Metaspace       used 120395K, capacity 124353K, committed 124544K, reserved 1157120K
  class space    used 15301K, capacity 16662K, committed 16768K, reserved 1048576K
}
Event: 277.220 GC heap after
{Heap after GC invocations=62 (full 0):
 garbage-first heap   total 239616K, used 170826K [0x0000000080000000, 0x0000000100000000)
  region size 1024K, 6 young (6144K), 6 survivors (6144K)
 Metaspace       used 120395K, capacity 124353K, committed 124544K, reserved 1157120K
  class space    used 15301K, capacity 16662K, committed 16768K, reserved 1048576K
}
Event: 277.260 GC heap before
{Heap before GC invocations=62 (full 0):
 garbage-first heap   total 239616K, used 175946K [0x0000000080000000, 0x0000000100000000)
  region size 1024K, 11 young (11264K), 6 survivors (6144K)
 Metaspace       used 120471K, capacity 124457K, committed 124800K, reserved 1157120K
  class space    used 15312K, capacity 16674K, committed 16768K, reserved 1048576K
}
Event: 277.289 GC heap after
{Heap after GC invocations=63 (full 0):
 garbage-first heap   total 239616K, used 169169K [0x0000000080000000, 0x0000000100000000)
  region size 1024K, 2 young (2048K), 2 survivors (2048K)
 Metaspace       used 120471K, capacity 124457K, committed 124800K, reserved 1157120K
  class space    used 15312K, capacity 16674K, committed 16768K, reserved 1048576K
}
Event: 277.581 GC heap before
{Heap before GC invocations=63 (full 0):
 garbage-first heap   total 239616K, used 199889K [0x0000000080000000, 0x0000000100000000)
  region size 1024K, 32 young (32768K), 2 survivors (2048K)
 Metaspace       used 120490K, capacity 124463K, committed 124800K, reserved 1157120K
  class space    used 15312K, capacity 16674K, committed 16768K, reserved 1048576K
}
Event: 277.603 GC heap after
{Heap after GC invocations=64 (full 0):
 garbage-first heap   total 239616K, used 174435K [0x0000000080000000, 0x0000000100000000)
  region size 1024K, 4 young (4096K), 4 survivors (4096K)
 Metaspace       used 120490K, capacity 124463K, committed 124800K, reserved 1157120K
  class space    used 15312K, capacity 16674K, committed 16768K, reserved 1048576K
}
Event: 277.914 GC heap before
{Heap before GC invocations=64 (full 0):
 garbage-first heap   total 239616K, used 202083K [0x0000000080000000, 0x0000000100000000)
  region size 1024K, 31 young (31744K), 4 survivors (4096K)
 Metaspace       used 120498K, capacity 124467K, committed 124800K, reserved 1157120K
  class space    used 15312K, capacity 16674K, committed 16768K, reserved 1048576K
}
Event: 277.947 GC heap after
{Heap after GC invocations=65 (full 0):
 garbage-first heap   total 287744K, used 179377K [0x0000000080000000, 0x0000000100000000)
  region size 1024K, 4 young (4096K), 4 survivors (4096K)
 Metaspace       used 120498K, capacity 124467K, committed 124800K, reserved 1157120K
  class space    used 15312K, capacity 16674K, committed 16768K, reserved 1048576K
}
Event: 278.484 GC heap before
{Heap before GC invocations=65 (full 0):
 garbage-first heap   total 287744K, used 227505K [0x0000000080000000, 0x0000000100000000)
  region size 1024K, 51 young (52224K), 4 survivors (4096K)
 Metaspace       used 120477K, capacity 124400K, committed 124800K, reserved 1157120K
  class space    used 15304K, capacity 16650K, committed 16768K, reserved 1048576K
}
Event: 278.542 GC heap after
{Heap after GC invocations=66 (full 0):
 garbage-first heap   total 287744K, used 188260K [0x0000000080000000, 0x0000000100000000)
  region size 1024K, 7 young (7168K), 7 survivors (7168K)
 Metaspace       used 120477K, capacity 124400K, committed 124800K, reserved 1157120K
  class space    used 15304K, capacity 16650K, committed 16768K, reserved 1048576K
}
Event: 280.169 GC heap before
{Heap before GC invocations=67 (full 0):
 garbage-first heap   total 287744K, used 233316K [0x0000000080000000, 0x0000000100000000)
  region size 1024K, 51 young (52224K), 7 survivors (7168K)
 Metaspace       used 124475K, capacity 128594K, committed 128768K, reserved 1161216K
  class space    used 15944K, capacity 17360K, committed 17408K, reserved 1048576K
}
Event: 280.205 GC heap after
{Heap after GC invocations=68 (full 0):
 garbage-first heap   total 287744K, used 192052K [0x0000000080000000, 0x0000000100000000)
  region size 1024K, 4 young (4096K), 4 survivors (4096K)
 Metaspace       used 124475K, capacity 128594K, committed 128768K, reserved 1161216K
  class space    used 15944K, capacity 17360K, committed 17408K, reserved 1048576K
}
Event: 280.329 GC heap before
{Heap before GC invocations=68 (full 0):
 garbage-first heap   total 287744K, used 202292K [0x0000000080000000, 0x0000000100000000)
  region size 1024K, 14 young (14336K), 4 survivors (4096K)
 Metaspace       used 124685K, capacity 128820K, committed 129024K, reserved 1161216K
  class space    used 15963K, capacity 17392K, committed 17408K, reserved 1048576K
}
Event: 280.370 GC heap after
{Heap after GC invocations=69 (full 0):
 garbage-first heap   total 287744K, used 185717K [0x0000000080000000, 0x0000000100000000)
  region size 1024K, 1 young (1024K), 1 survivors (1024K)
 Metaspace       used 124685K, capacity 128820K, committed 129024K, reserved 1161216K
  class space    used 15963K, capacity 17392K, committed 17408K, reserved 1048576K
}
Event: 280.919 GC heap before
{Heap before GC invocations=69 (full 0):
 garbage-first heap   total 287744K, used 232821K [0x0000000080000000, 0x0000000100000000)
  region size 1024K, 47 young (48128K), 1 survivors (1024K)
 Metaspace       used 125199K, capacity 129350K, committed 129664K, reserved 1161216K
  class space    used 16029K, capacity 17460K, committed 17536K, reserved 1048576K
}

