# JRE version: OpenJDK Runtime Environment (11.0.10) (build 11.0.10+0-b96-7249189)
# Java VM: OpenJDK 64-Bit Server VM (11.0.10+0-b96-7249189, mixed mode, tiered, compressed oops, g1 gc, windows-amd64)
Heap:
 garbage-first heap   total 243712K, used 175834K [0x0000000080000000, 0x0000000100000000)
  region size 1024K, 73 young (74752K), 14 survivors (14336K)
 Metaspace       used 114986K, capacity 118367K, committed 118528K, reserved 1153024K
  class space    used 14621K, capacity 15789K, committed 15872K, reserved 1048576K
GC Heap History (20 events):
Event: 50.514 GC heap before
{Heap before GC invocations=69 (full 0):
 garbage-first heap   total 243712K, used 203637K [0x0000000080000000, 0x0000000100000000)
  region size 1024K, 103 young (105472K), 2 survivors (2048K)
 Metaspace       used 94329K, capacity 96713K, committed 96896K, reserved 1132544K
  class space    used 12228K, capacity 13061K, committed 13184K, reserved 1048576K
}
Event: 50.519 GC heap after
{Heap after GC invocations=70 (full 0):
 garbage-first heap   total 243712K, used 100207K [0x0000000080000000, 0x0000000100000000)
  region size 1024K, 2 young (2048K), 2 survivors (2048K)
 Metaspace       used 94329K, capacity 96713K, committed 96896K, reserved 1132544K
  class space    used 12228K, capacity 13061K, committed 13184K, reserved 1048576K
}
Event: 52.964 GC heap before
{Heap before GC invocations=70 (full 0):
 garbage-first heap   total 243712K, used 204655K [0x0000000080000000, 0x0000000100000000)
  region size 1024K, 104 young (106496K), 2 survivors (2048K)
 Metaspace       used 94467K, capacity 96807K, committed 97152K, reserved 1132544K
  class space    used 12252K, capacity 13071K, committed 13184K, reserved 1048576K
}
Event: 52.969 GC heap after
{Heap after GC invocations=71 (full 0):
 garbage-first heap   total 243712K, used 100288K [0x0000000080000000, 0x0000000100000000)
  region size 1024K, 2 young (2048K), 2 survivors (2048K)
 Metaspace       used 94467K, capacity 96807K, committed 97152K, reserved 1132544K
  class space    used 12252K, capacity 13071K, committed 13184K, reserved 1048576K
}
Event: 55.374 GC heap before
{Heap before GC invocations=71 (full 0):
 garbage-first heap   total 243712K, used 205760K [0x0000000080000000, 0x0000000100000000)
  region size 1024K, 105 young (107520K), 2 survivors (2048K)
 Metaspace       used 94467K, capacity 96807K, committed 97152K, reserved 1132544K
  class space    used 12252K, capacity 13071K, committed 13184K, reserved 1048576K
}
Event: 55.379 GC heap after
{Heap after GC invocations=72 (full 0):
 garbage-first heap   total 243712K, used 100234K [0x0000000080000000, 0x0000000100000000)
  region size 1024K, 2 young (2048K), 2 survivors (2048K)
 Metaspace       used 94467K, capacity 96807K, committed 97152K, reserved 1132544K
  class space    used 12252K, capacity 13071K, committed 13184K, reserved 1048576K
}
Event: 57.090 GC heap before
{Heap before GC invocations=72 (full 0):
 garbage-first heap   total 243712K, used 204682K [0x0000000080000000, 0x0000000100000000)
  region size 1024K, 105 young (107520K), 2 survivors (2048K)
 Metaspace       used 99038K, capacity 101418K, committed 101504K, reserved 1136640K
  class space    used 12771K, capacity 13625K, committed 13696K, reserved 1048576K
}
Event: 57.103 GC heap after
{Heap after GC invocations=73 (full 0):
 garbage-first heap   total 243712K, used 105964K [0x0000000080000000, 0x0000000100000000)
  region size 1024K, 8 young (8192K), 8 survivors (8192K)
 Metaspace       used 99038K, capacity 101418K, committed 101504K, reserved 1136640K
  class space    used 12771K, capacity 13625K, committed 13696K, reserved 1048576K
}
Event: 60.516 GC heap before
{Heap before GC invocations=73 (full 0):
 garbage-first heap   total 243712K, used 207340K [0x0000000080000000, 0x0000000100000000)
  region size 1024K, 108 young (110592K), 8 survivors (8192K)
 Metaspace       used 99654K, capacity 102123K, committed 102272K, reserved 1138688K
  class space    used 12819K, capacity 13669K, committed 13696K, reserved 1048576K
}
Event: 60.528 GC heap after
{Heap after GC invocations=74 (full 0):
 garbage-first heap   total 243712K, used 104278K [0x0000000080000000, 0x0000000100000000)
  region size 1024K, 5 young (5120K), 5 survivors (5120K)
 Metaspace       used 99654K, capacity 102123K, committed 102272K, reserved 1138688K
  class space    used 12819K, capacity 13669K, committed 13696K, reserved 1048576K
}
Event: 74.500 GC heap before
{Heap before GC invocations=74 (full 0):
 garbage-first heap   total 243712K, used 208726K [0x0000000080000000, 0x0000000100000000)
  region size 1024K, 107 young (109568K), 5 survivors (5120K)
 Metaspace       used 100147K, capacity 102649K, committed 102912K, reserved 1138688K
  class space    used 12869K, capacity 13736K, committed 13824K, reserved 1048576K
}
Event: 74.509 GC heap after
{Heap after GC invocations=75 (full 0):
 garbage-first heap   total 243712K, used 103921K [0x0000000080000000, 0x0000000100000000)
  region size 1024K, 4 young (4096K), 4 survivors (4096K)
 Metaspace       used 100147K, capacity 102649K, committed 102912K, reserved 1138688K
  class space    used 12869K, capacity 13736K, committed 13824K, reserved 1048576K
}
Event: 79.496 GC heap before
{Heap before GC invocations=75 (full 0):
 garbage-first heap   total 243712K, used 209393K [0x0000000080000000, 0x0000000100000000)
  region size 1024K, 107 young (109568K), 4 survivors (4096K)
 Metaspace       used 102445K, capacity 104973K, committed 105216K, reserved 1140736K
  class space    used 13108K, capacity 13978K, committed 14080K, reserved 1048576K
}
Event: 79.504 GC heap after
{Heap after GC invocations=76 (full 0):
 garbage-first heap   total 243712K, used 104111K [0x0000000080000000, 0x0000000100000000)
  region size 1024K, 5 young (5120K), 5 survivors (5120K)
 Metaspace       used 102445K, capacity 104973K, committed 105216K, reserved 1140736K
  class space    used 13108K, capacity 13978K, committed 14080K, reserved 1048576K
}
Event: 82.504 GC heap before
{Heap before GC invocations=76 (full 0):
 garbage-first heap   total 243712K, used 209583K [0x0000000080000000, 0x0000000100000000)
  region size 1024K, 108 young (110592K), 5 survivors (5120K)
 Metaspace       used 102990K, capacity 105605K, committed 105728K, reserved 1140736K
  class space    used 13185K, capacity 14055K, committed 14080K, reserved 1048576K
}
Event: 82.512 GC heap after
{Heap after GC invocations=77 (full 0):
 garbage-first heap   total 243712K, used 104301K [0x0000000080000000, 0x0000000100000000)
  region size 1024K, 5 young (5120K), 5 survivors (5120K)
 Metaspace       used 102990K, capacity 105605K, committed 105728K, reserved 1140736K
  class space    used 13185K, capacity 14055K, committed 14080K, reserved 1048576K
}
Event: 86.921 GC heap before
{Heap before GC invocations=77 (full 0):
 garbage-first heap   total 243712K, used 209773K [0x0000000080000000, 0x0000000100000000)
  region size 1024K, 109 young (111616K), 5 survivors (5120K)
 Metaspace       used 106851K, capacity 109689K, committed 109824K, reserved 1144832K
  class space    used 13598K, capacity 14590K, committed 14592K, reserved 1048576K
}
Event: 86.944 GC heap after
{Heap after GC invocations=78 (full 0):
 garbage-first heap   total 243712K, used 110677K [0x0000000080000000, 0x0000000100000000)
  region size 1024K, 11 young (11264K), 11 survivors (11264K)
 Metaspace       used 106851K, capacity 109689K, committed 109824K, reserved 1144832K
  class space    used 13598K, capacity 14590K, committed 14592K, reserved 1048576K
}
Event: 238.692 GC heap before
{Heap before GC invocations=78 (full 0):
 garbage-first heap   total 243712K, used 206933K [0x0000000080000000, 0x0000000100000000)
  region size 1024K, 105 young (107520K), 11 survivors (11264K)
 Metaspace       used 112595K, capacity 115921K, committed 116096K, reserved 1150976K
  class space    used 14326K, capacity 15465K, committed 15488K, reserved 1048576K
}
Event: 238.993 GC heap after
{Heap after GC invocations=79 (full 0):
 garbage-first heap   total 243712K, used 117466K [0x0000000080000000, 0x0000000100000000)
  region size 1024K, 14 young (14336K), 14 survivors (14336K)
 Metaspace       used 112595K, capacity 115921K, committed 116096K, reserved 1150976K
  class space    used 14326K, capacity 15465K, committed 15488K, reserved 1048576K
}

