# JRE version: OpenJDK Runtime Environment (11.0.10) (build 11.0.10+0-b96-7249189)
# Java VM: OpenJDK 64-Bit Server VM (11.0.10+0-b96-7249189, mixed mode, tiered, compressed oops, g1 gc, windows-amd64)
Heap:
 garbage-first heap   total 165888K, used 80255K [0x0000000080000000, 0x0000000100000000)
  region size 1024K, 7 young (7168K), 4 survivors (4096K)
 Metaspace       used 64970K, capacity 66804K, committed 67072K, reserved 1107968K
  class space    used 8275K, capacity 8907K, committed 8960K, reserved 1048576K
GC Heap History (20 events):
Event: 10.173 GC heap before
{Heap before GC invocations=14 (full 0):
 garbage-first heap   total 95232K, used 66067K [0x0000000080000000, 0x0000000100000000)
  region size 1024K, 34 young (34816K), 3 survivors (3072K)
 Metaspace       used 37671K, capacity 38712K, committed 38784K, reserved 1083392K
  class space    used 4867K, capacity 5208K, committed 5248K, reserved 1048576K
}
Event: 10.184 GC heap after
{Heap after GC invocations=15 (full 0):
 garbage-first heap   total 95232K, used 38355K [0x0000000080000000, 0x0000000100000000)
  region size 1024K, 5 young (5120K), 5 survivors (5120K)
 Metaspace       used 37671K, capacity 38712K, committed 38784K, reserved 1083392K
  class space    used 4867K, capacity 5208K, committed 5248K, reserved 1048576K
}
Event: 10.891 GC heap before
{Heap before GC invocations=16 (full 0):
 garbage-first heap   total 95232K, used 71123K [0x0000000080000000, 0x0000000100000000)
  region size 1024K, 35 young (35840K), 5 survivors (5120K)
 Metaspace       used 40971K, capacity 42005K, committed 42368K, reserved 1085440K
  class space    used 5258K, capacity 5647K, committed 5760K, reserved 1048576K
}
Event: 10.906 GC heap after
{Heap after GC invocations=17 (full 0):
 garbage-first heap   total 114688K, used 39500K [0x0000000080000000, 0x0000000100000000)
  region size 1024K, 4 young (4096K), 4 survivors (4096K)
 Metaspace       used 40971K, capacity 42005K, committed 42368K, reserved 1085440K
  class space    used 5258K, capacity 5647K, committed 5760K, reserved 1048576K
}
Event: 11.930 GC heap before
{Heap before GC invocations=17 (full 0):
 garbage-first heap   total 114688K, used 87628K [0x0000000080000000, 0x0000000100000000)
  region size 1024K, 43 young (44032K), 4 survivors (4096K)
 Metaspace       used 44140K, capacity 45318K, committed 45440K, reserved 1089536K
  class space    used 5558K, capacity 5975K, committed 6016K, reserved 1048576K
}
Event: 11.943 GC heap after
{Heap after GC invocations=18 (full 0):
 garbage-first heap   total 114688K, used 52548K [0x0000000080000000, 0x0000000100000000)
  region size 1024K, 6 young (6144K), 6 survivors (6144K)
 Metaspace       used 44140K, capacity 45318K, committed 45440K, reserved 1089536K
  class space    used 5558K, capacity 5975K, committed 6016K, reserved 1048576K
}
Event: 12.543 GC heap before
{Heap before GC invocations=18 (full 0):
 garbage-first heap   total 114688K, used 88388K [0x0000000080000000, 0x0000000100000000)
  region size 1024K, 41 young (41984K), 6 survivors (6144K)
 Metaspace       used 45825K, capacity 47029K, committed 47232K, reserved 1089536K
  class space    used 5820K, capacity 6266K, committed 6272K, reserved 1048576K
}
Event: 12.563 GC heap after
{Heap after GC invocations=19 (full 0):
 garbage-first heap   total 114688K, used 55413K [0x0000000080000000, 0x0000000100000000)
  region size 1024K, 3 young (3072K), 3 survivors (3072K)
 Metaspace       used 45825K, capacity 47029K, committed 47232K, reserved 1089536K
  class space    used 5820K, capacity 6266K, committed 6272K, reserved 1048576K
}
Event: 13.405 GC heap before
{Heap before GC invocations=19 (full 0):
 garbage-first heap   total 114688K, used 89205K [0x0000000080000000, 0x0000000100000000)
  region size 1024K, 36 young (36864K), 3 survivors (3072K)
 Metaspace       used 47974K, capacity 49403K, committed 49664K, reserved 1091584K
  class space    used 6171K, capacity 6632K, committed 6656K, reserved 1048576K
}
Event: 13.425 GC heap after
{Heap after GC invocations=20 (full 0):
 garbage-first heap   total 114688K, used 56977K [0x0000000080000000, 0x0000000100000000)
  region size 1024K, 2 young (2048K), 2 survivors (2048K)
 Metaspace       used 47974K, capacity 49403K, committed 49664K, reserved 1091584K
  class space    used 6171K, capacity 6632K, committed 6656K, reserved 1048576K
}
Event: 15.558 GC heap before
{Heap before GC invocations=21 (full 0):
 garbage-first heap   total 114688K, used 88721K [0x0000000080000000, 0x0000000100000000)
  region size 1024K, 34 young (34816K), 2 survivors (2048K)
 Metaspace       used 49655K, capacity 51126K, committed 51456K, reserved 1093632K
  class space    used 6344K, capacity 6812K, committed 6912K, reserved 1048576K
}
Event: 15.570 GC heap after
{Heap after GC invocations=22 (full 0):
 garbage-first heap   total 138240K, used 58803K [0x0000000080000000, 0x0000000100000000)
  region size 1024K, 4 young (4096K), 4 survivors (4096K)
 Metaspace       used 49655K, capacity 51126K, committed 51456K, reserved 1093632K
  class space    used 6344K, capacity 6812K, committed 6912K, reserved 1048576K
}
Event: 16.882 GC heap before
{Heap before GC invocations=22 (full 0):
 garbage-first heap   total 138240K, used 104883K [0x0000000080000000, 0x0000000100000000)
  region size 1024K, 45 young (46080K), 4 survivors (4096K)
 Metaspace       used 53868K, capacity 55485K, committed 55552K, reserved 1097728K
  class space    used 6863K, capacity 7390K, committed 7424K, reserved 1048576K
}
Event: 16.907 GC heap after
{Heap after GC invocations=23 (full 0):
 garbage-first heap   total 138240K, used 69094K [0x0000000080000000, 0x0000000100000000)
  region size 1024K, 6 young (6144K), 6 survivors (6144K)
 Metaspace       used 53868K, capacity 55485K, committed 55552K, reserved 1097728K
  class space    used 6863K, capacity 7390K, committed 7424K, reserved 1048576K
}
Event: 17.906 GC heap before
{Heap before GC invocations=23 (full 0):
 garbage-first heap   total 138240K, used 108006K [0x0000000080000000, 0x0000000100000000)
  region size 1024K, 44 young (45056K), 6 survivors (6144K)
 Metaspace       used 59593K, capacity 61368K, committed 61568K, reserved 1101824K
  class space    used 7593K, capacity 8197K, committed 8320K, reserved 1048576K
}
Event: 17.936 GC heap after
{Heap after GC invocations=24 (full 0):
 garbage-first heap   total 138240K, used 71701K [0x0000000080000000, 0x0000000100000000)
  region size 1024K, 3 young (3072K), 3 survivors (3072K)
 Metaspace       used 59593K, capacity 61368K, committed 61568K, reserved 1101824K
  class space    used 7593K, capacity 8197K, committed 8320K, reserved 1048576K
}
Event: 18.836 GC heap before
{Heap before GC invocations=25 (full 0):
 garbage-first heap   total 138240K, used 108565K [0x0000000080000000, 0x0000000100000000)
  region size 1024K, 40 young (40960K), 3 survivors (3072K)
 Metaspace       used 63501K, capacity 65269K, committed 65536K, reserved 1105920K
  class space    used 8044K, capacity 8658K, committed 8704K, reserved 1048576K
}
Event: 18.849 GC heap after
{Heap after GC invocations=26 (full 0):
 garbage-first heap   total 138240K, used 74883K [0x0000000080000000, 0x0000000100000000)
  region size 1024K, 5 young (5120K), 5 survivors (5120K)
 Metaspace       used 63501K, capacity 65269K, committed 65536K, reserved 1105920K
  class space    used 8044K, capacity 8658K, committed 8704K, reserved 1048576K
}
Event: 18.939 GC heap before
{Heap before GC invocations=26 (full 0):
 garbage-first heap   total 138240K, used 80003K [0x0000000080000000, 0x0000000100000000)
  region size 1024K, 11 young (11264K), 5 survivors (5120K)
 Metaspace       used 63958K, capacity 65729K, committed 65920K, reserved 1105920K
  class space    used 8122K, capacity 8725K, committed 8832K, reserved 1048576K
}
Event: 18.963 GC heap after
{Heap after GC invocations=27 (full 0):
 garbage-first heap   total 165888K, used 75967K [0x0000000080000000, 0x0000000100000000)
  region size 1024K, 1 young (1024K), 1 survivors (1024K)
 Metaspace       used 63958K, capacity 65729K, committed 65920K, reserved 1105920K
  class space    used 8122K, capacity 8725K, committed 8832K, reserved 1048576K
}

