# JRE version: OpenJDK Runtime Environment (11.0.10) (build 11.0.10+0-b96-7249189)
# Java VM: OpenJDK 64-Bit Server VM (11.0.10+0-b96-7249189, mixed mode, tiered, compressed oops, g1 gc, windows-amd64)
Heap:
 garbage-first heap   total 239616K, used 151833K [0x0000000080000000, 0x0000000100000000)
  region size 1024K, 25 young (25600K), 1 survivors (1024K)
 Metaspace       used 127454K, capacity 131189K, committed 131328K, reserved 1163264K
  class space    used 16414K, capacity 17862K, committed 17920K, reserved 1048576K
GC Heap History (20 events):
Event: 243.896 GC heap before
{Heap before GC invocations=47 (full 0):
 garbage-first heap   total 239616K, used 199593K [0x0000000080000000, 0x0000000100000000)
  region size 1024K, 84 young (86016K), 11 survivors (11264K)
 Metaspace       used 109818K, capacity 113015K, committed 113280K, reserved 1146880K
  class space    used 14013K, capacity 15187K, committed 15232K, reserved 1048576K
}
Event: 243.944 GC heap after
{Heap after GC invocations=48 (full 0):
 garbage-first heap   total 239616K, used 126425K [0x0000000080000000, 0x0000000100000000)
  region size 1024K, 8 young (8192K), 8 survivors (8192K)
 Metaspace       used 109818K, capacity 113015K, committed 113280K, reserved 1146880K
  class space    used 14013K, capacity 15187K, committed 15232K, reserved 1048576K
}
Event: 244.004 GC heap before
{Heap before GC invocations=48 (full 0):
 garbage-first heap   total 239616K, used 129497K [0x0000000080000000, 0x0000000100000000)
  region size 1024K, 11 young (11264K), 8 survivors (8192K)
 Metaspace       used 109819K, capacity 113015K, committed 113280K, reserved 1146880K
  class space    used 14013K, capacity 15187K, committed 15232K, reserved 1048576K
}
Event: 244.051 GC heap after
{Heap after GC invocations=49 (full 0):
 garbage-first heap   total 239616K, used 121830K [0x0000000080000000, 0x0000000100000000)
  region size 1024K, 2 young (2048K), 2 survivors (2048K)
 Metaspace       used 109819K, capacity 113015K, committed 113280K, reserved 1146880K
  class space    used 14013K, capacity 15187K, committed 15232K, reserved 1048576K
}
Event: 247.632 GC heap before
{Heap before GC invocations=49 (full 0):
 garbage-first heap   total 239616K, used 196582K [0x0000000080000000, 0x0000000100000000)
  region size 1024K, 76 young (77824K), 2 survivors (2048K)
 Metaspace       used 117408K, capacity 121029K, committed 121344K, reserved 1155072K
  class space    used 15157K, capacity 16527K, committed 16640K, reserved 1048576K
}
Event: 247.663 GC heap after
{Heap after GC invocations=50 (full 0):
 garbage-first heap   total 239616K, used 124414K [0x0000000080000000, 0x0000000100000000)
  region size 1024K, 4 young (4096K), 4 survivors (4096K)
 Metaspace       used 117408K, capacity 121029K, committed 121344K, reserved 1155072K
  class space    used 15157K, capacity 16527K, committed 16640K, reserved 1048576K
}
Event: 250.705 GC heap before
{Heap before GC invocations=51 (full 0):
 garbage-first heap   total 239616K, used 199166K [0x0000000080000000, 0x0000000100000000)
  region size 1024K, 78 young (79872K), 4 survivors (4096K)
 Metaspace       used 122117K, capacity 125690K, committed 125824K, reserved 1157120K
  class space    used 15872K, capacity 17216K, committed 17280K, reserved 1048576K
}
Event: 250.725 GC heap after
{Heap after GC invocations=52 (full 0):
 garbage-first heap   total 239616K, used 126577K [0x0000000080000000, 0x0000000100000000)
  region size 1024K, 6 young (6144K), 6 survivors (6144K)
 Metaspace       used 122117K, capacity 125690K, committed 125824K, reserved 1157120K
  class space    used 15872K, capacity 17216K, committed 17280K, reserved 1048576K
}
Event: 251.789 GC heap before
{Heap before GC invocations=52 (full 0):
 garbage-first heap   total 239616K, used 149105K [0x0000000080000000, 0x0000000100000000)
  region size 1024K, 30 young (30720K), 6 survivors (6144K)
 Metaspace       used 123787K, capacity 127502K, committed 127616K, reserved 1159168K
  class space    used 16087K, capacity 17494K, committed 17536K, reserved 1048576K
}
Event: 251.820 GC heap after
{Heap after GC invocations=53 (full 0):
 garbage-first heap   total 239616K, used 127553K [0x0000000080000000, 0x0000000100000000)
  region size 1024K, 5 young (5120K), 5 survivors (5120K)
 Metaspace       used 123787K, capacity 127502K, committed 127616K, reserved 1159168K
  class space    used 16087K, capacity 17494K, committed 17536K, reserved 1048576K
}
Event: 343.553 GC heap before
{Heap before GC invocations=54 (full 0):
 garbage-first heap   total 239616K, used 211521K [0x0000000080000000, 0x0000000100000000)
  region size 1024K, 59 young (60416K), 5 survivors (5120K)
 Metaspace       used 125117K, capacity 128947K, committed 129152K, reserved 1161216K
  class space    used 16223K, capacity 17674K, committed 17792K, reserved 1048576K
}
Event: 343.761 GC heap after
{Heap after GC invocations=55 (full 0):
 garbage-first heap   total 239616K, used 131806K [0x0000000080000000, 0x0000000100000000)
  region size 1024K, 8 young (8192K), 8 survivors (8192K)
 Metaspace       used 125117K, capacity 128947K, committed 129152K, reserved 1161216K
  class space    used 16223K, capacity 17674K, committed 17792K, reserved 1048576K
}
Event: 344.097 GC heap before
{Heap before GC invocations=55 (full 0):
 garbage-first heap   total 239616K, used 134878K [0x0000000080000000, 0x0000000100000000)
  region size 1024K, 11 young (11264K), 8 survivors (8192K)
 Metaspace       used 125285K, capacity 129093K, committed 129408K, reserved 1161216K
  class space    used 16237K, capacity 17680K, committed 17792K, reserved 1048576K
}
Event: 344.242 GC heap after
{Heap after GC invocations=56 (full 0):
 garbage-first heap   total 239616K, used 132563K [0x0000000080000000, 0x0000000100000000)
  region size 1024K, 2 young (2048K), 2 survivors (2048K)
 Metaspace       used 125285K, capacity 129093K, committed 129408K, reserved 1161216K
  class space    used 16237K, capacity 17680K, committed 17792K, reserved 1048576K
}
Event: 352.177 GC heap before
{Heap before GC invocations=56 (full 0):
 garbage-first heap   total 239616K, used 185811K [0x0000000080000000, 0x0000000100000000)
  region size 1024K, 55 young (56320K), 2 survivors (2048K)
 Metaspace       used 127038K, capacity 130844K, committed 131072K, reserved 1163264K
  class space    used 16416K, capacity 17897K, committed 17920K, reserved 1048576K
}
Event: 352.250 GC heap after
{Heap after GC invocations=57 (full 0):
 garbage-first heap   total 239616K, used 137605K [0x0000000080000000, 0x0000000100000000)
  region size 1024K, 7 young (7168K), 7 survivors (7168K)
 Metaspace       used 127038K, capacity 130844K, committed 131072K, reserved 1163264K
  class space    used 16416K, capacity 17897K, committed 17920K, reserved 1048576K
}
Event: 561.262 GC heap before
{Heap before GC invocations=58 (full 0):
 garbage-first heap   total 239616K, used 218501K [0x0000000080000000, 0x0000000100000000)
  region size 1024K, 58 young (59392K), 7 survivors (7168K)
 Metaspace       used 127244K, capacity 131018K, committed 131328K, reserved 1163264K
  class space    used 16402K, capacity 17841K, committed 17920K, reserved 1048576K
}
Event: 561.604 GC heap after
{Heap after GC invocations=59 (full 0):
 garbage-first heap   total 239616K, used 135286K [0x0000000080000000, 0x0000000100000000)
  region size 1024K, 3 young (3072K), 3 survivors (3072K)
 Metaspace       used 127244K, capacity 131018K, committed 131328K, reserved 1163264K
  class space    used 16402K, capacity 17841K, committed 17920K, reserved 1048576K
}
Event: 562.184 GC heap before
{Heap before GC invocations=59 (full 0):
 garbage-first heap   total 239616K, used 142454K [0x0000000080000000, 0x0000000100000000)
  region size 1024K, 11 young (11264K), 3 survivors (3072K)
 Metaspace       used 127252K, capacity 131018K, committed 131328K, reserved 1163264K
  class space    used 16402K, capacity 17841K, committed 17920K, reserved 1048576K
}
Event: 562.364 GC heap after
{Heap after GC invocations=60 (full 0):
 garbage-first heap   total 239616K, used 128281K [0x0000000080000000, 0x0000000100000000)
  region size 1024K, 1 young (1024K), 1 survivors (1024K)
 Metaspace       used 127252K, capacity 131018K, committed 131328K, reserved 1163264K
  class space    used 16402K, capacity 17841K, committed 17920K, reserved 1048576K
}

