# JRE version: OpenJDK Runtime Environment (11.0.10) (build 11.0.10+0-b96-7249189)
# Java VM: OpenJDK 64-Bit Server VM (11.0.10+0-b96-7249189, mixed mode, tiered, compressed oops, g1 gc, windows-amd64)
Heap:
 garbage-first heap   total 114688K, used 46847K [0x0000000080000000, 0x0000000100000000)
  region size 1024K, 5 young (5120K), 3 survivors (3072K)
 Metaspace       used 59211K, capacity 60745K, committed 60876K, reserved 1101824K
  class space    used 7491K, capacity 8061K, committed 8140K, reserved 1048576K
GC Heap History (20 events):
Event: 4.769 GC heap before
{Heap before GC invocations=7 (full 0):
 garbage-first heap   total 78848K, used 48411K [0x0000000080000000, 0x0000000100000000)
  region size 1024K, 33 young (33792K), 2 survivors (2048K)
 Metaspace       used 23662K, capacity 24280K, committed 24576K, reserved 1071104K
  class space    used 3026K, capacity 3223K, committed 3328K, reserved 1048576K
}
Event: 4.776 GC heap after
{Heap after GC invocations=8 (full 0):
 garbage-first heap   total 78848K, used 17366K [0x0000000080000000, 0x0000000100000000)
  region size 1024K, 3 young (3072K), 3 survivors (3072K)
 Metaspace       used 23662K, capacity 24280K, committed 24576K, reserved 1071104K
  class space    used 3026K, capacity 3223K, committed 3328K, reserved 1048576K
}
Event: 5.333 GC heap before
{Heap before GC invocations=8 (full 0):
 garbage-first heap   total 78848K, used 50134K [0x0000000080000000, 0x0000000100000000)
  region size 1024K, 35 young (35840K), 3 survivors (3072K)
 Metaspace       used 26690K, capacity 27309K, committed 27392K, reserved 1073152K
  class space    used 3526K, capacity 3789K, committed 3840K, reserved 1048576K
}
Event: 5.341 GC heap after
{Heap after GC invocations=9 (full 0):
 garbage-first heap   total 78848K, used 18680K [0x0000000080000000, 0x0000000100000000)
  region size 1024K, 3 young (3072K), 3 survivors (3072K)
 Metaspace       used 26690K, capacity 27309K, committed 27392K, reserved 1073152K
  class space    used 3526K, capacity 3789K, committed 3840K, reserved 1048576K
}
Event: 6.133 GC heap before
{Heap before GC invocations=9 (full 0):
 garbage-first heap   total 78848K, used 52472K [0x0000000080000000, 0x0000000100000000)
  region size 1024K, 36 young (36864K), 3 survivors (3072K)
 Metaspace       used 31020K, capacity 31750K, committed 31872K, reserved 1077248K
  class space    used 4149K, capacity 4439K, committed 4480K, reserved 1048576K
}
Event: 6.141 GC heap after
{Heap after GC invocations=10 (full 0):
 garbage-first heap   total 78848K, used 20630K [0x0000000080000000, 0x0000000100000000)
  region size 1024K, 5 young (5120K), 5 survivors (5120K)
 Metaspace       used 31020K, capacity 31750K, committed 31872K, reserved 1077248K
  class space    used 4149K, capacity 4439K, committed 4480K, reserved 1048576K
}
Event: 6.545 GC heap before
{Heap before GC invocations=10 (full 0):
 garbage-first heap   total 78848K, used 30870K [0x0000000080000000, 0x0000000100000000)
  region size 1024K, 16 young (16384K), 5 survivors (5120K)
 Metaspace       used 35048K, capacity 35834K, committed 35840K, reserved 1081344K
  class space    used 4537K, capacity 4864K, committed 4864K, reserved 1048576K
}
Event: 6.559 GC heap after
{Heap after GC invocations=11 (full 0):
 garbage-first heap   total 95232K, used 22166K [0x0000000080000000, 0x0000000100000000)
  region size 1024K, 4 young (4096K), 4 survivors (4096K)
 Metaspace       used 35048K, capacity 35834K, committed 35840K, reserved 1081344K
  class space    used 4537K, capacity 4864K, committed 4864K, reserved 1048576K
}
Event: 7.233 GC heap before
{Heap before GC invocations=12 (full 0):
 garbage-first heap   total 95232K, used 62102K [0x0000000080000000, 0x0000000100000000)
  region size 1024K, 41 young (41984K), 4 survivors (4096K)
 Metaspace       used 37959K, capacity 38900K, committed 38988K, reserved 1083392K
  class space    used 4834K, capacity 5176K, committed 5196K, reserved 1048576K
}
Event: 7.251 GC heap after
{Heap after GC invocations=13 (full 0):
 garbage-first heap   total 95232K, used 25299K [0x0000000080000000, 0x0000000100000000)
  region size 1024K, 5 young (5120K), 5 survivors (5120K)
 Metaspace       used 37959K, capacity 38900K, committed 38988K, reserved 1083392K
  class space    used 4834K, capacity 5176K, committed 5196K, reserved 1048576K
}
Event: 7.978 GC heap before
{Heap before GC invocations=14 (full 0):
 garbage-first heap   total 95232K, used 66259K [0x0000000080000000, 0x0000000100000000)
  region size 1024K, 45 young (46080K), 5 survivors (5120K)
 Metaspace       used 40939K, capacity 41952K, committed 42060K, reserved 1085440K
  class space    used 5288K, capacity 5634K, committed 5708K, reserved 1048576K
}
Event: 7.994 GC heap after
{Heap after GC invocations=15 (full 0):
 garbage-first heap   total 95232K, used 27207K [0x0000000080000000, 0x0000000100000000)
  region size 1024K, 3 young (3072K), 3 survivors (3072K)
 Metaspace       used 40939K, capacity 41952K, committed 42060K, reserved 1085440K
  class space    used 5288K, capacity 5634K, committed 5708K, reserved 1048576K
}
Event: 10.431 GC heap before
{Heap before GC invocations=15 (full 0):
 garbage-first heap   total 95232K, used 69191K [0x0000000080000000, 0x0000000100000000)
  region size 1024K, 44 young (45056K), 3 survivors (3072K)
 Metaspace       used 44737K, capacity 45846K, committed 46156K, reserved 1089536K
  class space    used 5745K, capacity 6146K, committed 6220K, reserved 1048576K
}
Event: 10.441 GC heap after
{Heap after GC invocations=16 (full 0):
 garbage-first heap   total 95232K, used 28527K [0x0000000080000000, 0x0000000100000000)
  region size 1024K, 4 young (4096K), 4 survivors (4096K)
 Metaspace       used 44737K, capacity 45846K, committed 46156K, reserved 1089536K
  class space    used 5745K, capacity 6146K, committed 6220K, reserved 1048576K
}
Event: 12.213 GC heap before
{Heap before GC invocations=16 (full 0):
 garbage-first heap   total 95232K, used 72559K [0x0000000080000000, 0x0000000100000000)
  region size 1024K, 46 young (47104K), 4 survivors (4096K)
 Metaspace       used 46999K, capacity 48192K, committed 48460K, reserved 1091584K
  class space    used 5999K, capacity 6430K, committed 6476K, reserved 1048576K
}
Event: 12.236 GC heap after
{Heap after GC invocations=17 (full 0):
 garbage-first heap   total 114688K, used 34835K [0x0000000080000000, 0x0000000100000000)
  region size 1024K, 6 young (6144K), 6 survivors (6144K)
 Metaspace       used 46999K, capacity 48192K, committed 48460K, reserved 1091584K
  class space    used 5999K, capacity 6430K, committed 6476K, reserved 1048576K
}
Event: 13.165 GC heap before
{Heap before GC invocations=17 (full 0):
 garbage-first heap   total 114688K, used 80915K [0x0000000080000000, 0x0000000100000000)
  region size 1024K, 50 young (51200K), 6 survivors (6144K)
 Metaspace       used 51654K, capacity 53060K, committed 53196K, reserved 1095680K
  class space    used 6569K, capacity 7061K, committed 7116K, reserved 1048576K
}
Event: 13.193 GC heap after
{Heap after GC invocations=18 (full 0):
 garbage-first heap   total 114688K, used 42956K [0x0000000080000000, 0x0000000100000000)
  region size 1024K, 6 young (6144K), 6 survivors (6144K)
 Metaspace       used 51654K, capacity 53060K, committed 53196K, reserved 1095680K
  class space    used 6569K, capacity 7061K, committed 7116K, reserved 1048576K
}
Event: 14.336 GC heap before
{Heap before GC invocations=18 (full 0):
 garbage-first heap   total 114688K, used 85964K [0x0000000080000000, 0x0000000100000000)
  region size 1024K, 48 young (49152K), 6 survivors (6144K)
 Metaspace       used 58750K, capacity 60297K, committed 60492K, reserved 1101824K
  class space    used 7437K, capacity 7997K, committed 8012K, reserved 1048576K
}
Event: 14.353 GC heap after
{Heap after GC invocations=19 (full 0):
 garbage-first heap   total 114688K, used 45823K [0x0000000080000000, 0x0000000100000000)
  region size 1024K, 3 young (3072K), 3 survivors (3072K)
 Metaspace       used 58750K, capacity 60297K, committed 60492K, reserved 1101824K
  class space    used 7437K, capacity 7997K, committed 8012K, reserved 1048576K
}

