# JRE version: OpenJDK Runtime Environment (11.0.10) (build 11.0.10+0-b96-7249189)
# Java VM: OpenJDK 64-Bit Server VM (11.0.10+0-b96-7249189, mixed mode, tiered, compressed oops, g1 gc, windows-amd64)
Heap:
 garbage-first heap   total 210944K, used 91136K [0x0000000080000000, 0x0000000100000000)
  region size 1024K, 5 young (5120K), 5 survivors (5120K)
 Metaspace       used 81310K, capacity 83391K, committed 83708K, reserved 1122304K
  class space    used 10544K, capacity 11305K, committed 11392K, reserved 1048576K
GC Heap History (20 events):
Event: 20.639 GC heap after
{Heap after GC invocations=32 (full 0):
 garbage-first heap   total 95232K, used 49444K [0x0000000080000000, 0x0000000100000000)
  region size 1024K, 2 young (2048K), 2 survivors (2048K)
 Metaspace       used 63228K, capacity 64808K, committed 65148K, reserved 1105920K
  class space    used 8033K, capacity 8591K, committed 8704K, reserved 1048576K
}
Event: 20.834 GC heap before
{Heap before GC invocations=32 (full 0):
 garbage-first heap   total 95232K, used 70948K [0x0000000080000000, 0x0000000100000000)
  region size 1024K, 23 young (23552K), 2 survivors (2048K)
 Metaspace       used 63452K, capacity 65003K, committed 65148K, reserved 1105920K
  class space    used 8061K, capacity 8635K, committed 8704K, reserved 1048576K
}
Event: 20.841 GC heap after
{Heap after GC invocations=33 (full 0):
 garbage-first heap   total 95232K, used 51855K [0x0000000080000000, 0x0000000100000000)
  region size 1024K, 3 young (3072K), 3 survivors (3072K)
 Metaspace       used 63452K, capacity 65003K, committed 65148K, reserved 1105920K
  class space    used 8061K, capacity 8635K, committed 8704K, reserved 1048576K
}
Event: 21.367 GC heap before
{Heap before GC invocations=34 (full 0):
 garbage-first heap   total 95232K, used 71311K [0x0000000080000000, 0x0000000100000000)
  region size 1024K, 23 young (23552K), 3 survivors (3072K)
 Metaspace       used 66085K, capacity 67712K, committed 67964K, reserved 1107968K
  class space    used 8481K, capacity 9090K, committed 9216K, reserved 1048576K
}
Event: 21.377 GC heap after
{Heap after GC invocations=35 (full 0):
 garbage-first heap   total 114688K, used 53219K [0x0000000080000000, 0x0000000100000000)
  region size 1024K, 2 young (2048K), 2 survivors (2048K)
 Metaspace       used 66085K, capacity 67712K, committed 67964K, reserved 1107968K
  class space    used 8481K, capacity 9090K, committed 9216K, reserved 1048576K
}
Event: 22.053 GC heap before
{Heap before GC invocations=35 (full 0):
 garbage-first heap   total 114688K, used 82915K [0x0000000080000000, 0x0000000100000000)
  region size 1024K, 31 young (31744K), 2 survivors (2048K)
 Metaspace       used 68466K, capacity 70035K, committed 70268K, reserved 1110016K
  class space    used 8848K, capacity 9430K, committed 9472K, reserved 1048576K
}
Event: 22.069 GC heap after
{Heap after GC invocations=36 (full 0):
 garbage-first heap   total 114688K, used 55076K [0x0000000080000000, 0x0000000100000000)
  region size 1024K, 4 young (4096K), 4 survivors (4096K)
 Metaspace       used 68466K, capacity 70035K, committed 70268K, reserved 1110016K
  class space    used 8848K, capacity 9430K, committed 9472K, reserved 1048576K
}
Event: 22.640 GC heap before
{Heap before GC invocations=37 (full 0):
 garbage-first heap   total 114688K, used 85796K [0x0000000080000000, 0x0000000100000000)
  region size 1024K, 34 young (34816K), 4 survivors (4096K)
 Metaspace       used 69297K, capacity 70975K, committed 71164K, reserved 1112064K
  class space    used 8969K, capacity 9590K, committed 9600K, reserved 1048576K
}
Event: 22.653 GC heap after
{Heap after GC invocations=38 (full 0):
 garbage-first heap   total 114688K, used 57466K [0x0000000080000000, 0x0000000100000000)
  region size 1024K, 5 young (5120K), 5 survivors (5120K)
 Metaspace       used 69297K, capacity 70975K, committed 71164K, reserved 1112064K
  class space    used 8969K, capacity 9590K, committed 9600K, reserved 1048576K
}
Event: 23.258 GC heap before
{Heap before GC invocations=38 (full 0):
 garbage-first heap   total 114688K, used 88186K [0x0000000080000000, 0x0000000100000000)
  region size 1024K, 35 young (35840K), 5 survivors (5120K)
 Metaspace       used 72481K, capacity 74244K, committed 74620K, reserved 1114112K
  class space    used 9472K, capacity 10118K, committed 10240K, reserved 1048576K
}
Event: 23.273 GC heap after
{Heap after GC invocations=39 (full 0):
 garbage-first heap   total 114688K, used 58850K [0x0000000080000000, 0x0000000100000000)
  region size 1024K, 4 young (4096K), 4 survivors (4096K)
 Metaspace       used 72481K, capacity 74244K, committed 74620K, reserved 1114112K
  class space    used 9472K, capacity 10118K, committed 10240K, reserved 1048576K
}
Event: 23.916 GC heap before
{Heap before GC invocations=40 (full 0):
 garbage-first heap   total 114688K, used 90594K [0x0000000080000000, 0x0000000100000000)
  region size 1024K, 35 young (35840K), 4 survivors (4096K)
 Metaspace       used 75709K, capacity 77477K, committed 77820K, reserved 1116160K
  class space    used 9858K, capacity 10523K, committed 10624K, reserved 1048576K
}
Event: 23.933 GC heap after
{Heap after GC invocations=41 (full 0):
 garbage-first heap   total 144384K, used 61253K [0x0000000080000000, 0x0000000100000000)
  region size 1024K, 4 young (4096K), 4 survivors (4096K)
 Metaspace       used 75709K, capacity 77477K, committed 77820K, reserved 1116160K
  class space    used 9858K, capacity 10523K, committed 10624K, reserved 1048576K
}
Event: 25.605 GC heap before
{Heap before GC invocations=41 (full 0):
 garbage-first heap   total 144384K, used 107333K [0x0000000080000000, 0x0000000100000000)
  region size 1024K, 50 young (51200K), 4 survivors (4096K)
 Metaspace       used 78744K, capacity 80760K, committed 80892K, reserved 1120256K
  class space    used 10323K, capacity 11060K, committed 11136K, reserved 1048576K
}
Event: 25.632 GC heap after
{Heap after GC invocations=42 (full 0):
 garbage-first heap   total 144384K, used 64849K [0x0000000080000000, 0x0000000100000000)
  region size 1024K, 6 young (6144K), 6 survivors (6144K)
 Metaspace       used 78744K, capacity 80760K, committed 80892K, reserved 1120256K
  class space    used 10323K, capacity 11060K, committed 11136K, reserved 1048576K
}
Event: 26.678 GC heap before
{Heap before GC invocations=42 (full 0):
 garbage-first heap   total 144384K, used 109904K [0x0000000080000000, 0x0000000100000000)
  region size 1024K, 51 young (52224K), 6 survivors (6144K)
 Metaspace       used 79183K, capacity 81172K, committed 81404K, reserved 1120256K
  class space    used 10340K, capacity 11079K, committed 11136K, reserved 1048576K
}
Event: 26.702 GC heap after
{Heap after GC invocations=43 (full 0):
 garbage-first heap   total 144384K, used 68302K [0x0000000080000000, 0x0000000100000000)
  region size 1024K, 7 young (7168K), 7 survivors (7168K)
 Metaspace       used 79183K, capacity 81172K, committed 81404K, reserved 1120256K
  class space    used 10340K, capacity 11079K, committed 11136K, reserved 1048576K
}
Event: 27.595 GC heap before
{Heap before GC invocations=43 (full 0):
 garbage-first heap   total 144384K, used 115406K [0x0000000080000000, 0x0000000100000000)
  region size 1024K, 52 young (53248K), 7 survivors (7168K)
 Metaspace       used 81072K, capacity 83161K, committed 83452K, reserved 1122304K
  class space    used 10524K, capacity 11271K, committed 11392K, reserved 1048576K
}
Event: 27.642 GC heap after
{Heap after GC invocations=44 (full 0):
 garbage-first heap   total 144384K, used 83595K [0x0000000080000000, 0x0000000100000000)
  region size 1024K, 7 young (7168K), 7 survivors (7168K)
 Metaspace       used 81072K, capacity 83161K, committed 83452K, reserved 1122304K
  class space    used 10524K, capacity 11271K, committed 11392K, reserved 1048576K
}
Event: 28.203 GC heap before
{Heap before GC invocations=44 (full 0):
 garbage-first heap   total 144384K, used 96907K [0x0000000080000000, 0x0000000100000000)
  region size 1024K, 22 young (22528K), 7 survivors (7168K)
 Metaspace       used 81310K, capacity 83391K, committed 83708K, reserved 1122304K
  class space    used 10544K, capacity 11305K, committed 11392K, reserved 1048576K
}

