# JRE version: OpenJDK Runtime Environment (11.0.10) (build 11.0.10+0-b96-7249189)
# Java VM: OpenJDK 64-Bit Server VM (11.0.10+0-b96-7249189, mixed mode, tiered, compressed oops, g1 gc, windows-amd64)
Heap:
 garbage-first heap   total 506880K, used 196096K [0x0000000080000000, 0x0000000100000000)
  region size 1024K, 6 young (6144K), 6 survivors (6144K)
 Metaspace       used 118316K, capacity 121272K, committed 121724K, reserved 1155072K
  class space    used 14615K, capacity 15714K, committed 15872K, reserved 1048576K
GC Heap History (20 events):
Event: 59.730 GC heap after
{Heap after GC invocations=66 (full 0):
 garbage-first heap   total 239616K, used 93712K [0x0000000080000000, 0x0000000100000000)
  region size 1024K, 7 young (7168K), 7 survivors (7168K)
 Metaspace       used 100357K, capacity 102614K, committed 102652K, reserved 1138688K
  class space    used 12325K, capacity 13170K, committed 13184K, reserved 1048576K
}
Event: 61.519 GC heap before
{Heap before GC invocations=66 (full 0):
 garbage-first heap   total 239616K, used 183824K [0x0000000080000000, 0x0000000100000000)
  region size 1024K, 96 young (98304K), 7 survivors (7168K)
 Metaspace       used 101661K, capacity 103979K, committed 104060K, reserved 1140736K
  class space    used 12475K, capacity 13302K, committed 13312K, reserved 1048576K
}
Event: 61.570 GC heap after
{Heap after GC invocations=67 (full 0):
 garbage-first heap   total 239616K, used 100795K [0x0000000080000000, 0x0000000100000000)
  region size 1024K, 12 young (12288K), 12 survivors (12288K)
 Metaspace       used 101661K, capacity 103979K, committed 104060K, reserved 1140736K
  class space    used 12475K, capacity 13302K, committed 13312K, reserved 1048576K
}
Event: 62.371 GC heap before
{Heap before GC invocations=67 (full 0):
 garbage-first heap   total 239616K, used 182715K [0x0000000080000000, 0x0000000100000000)
  region size 1024K, 93 young (95232K), 12 survivors (12288K)
 Metaspace       used 102963K, capacity 105317K, committed 105596K, reserved 1140736K
  class space    used 12632K, capacity 13475K, committed 13568K, reserved 1048576K
}
Event: 62.429 GC heap after
{Heap after GC invocations=68 (full 0):
 garbage-first heap   total 239616K, used 102387K [0x0000000080000000, 0x0000000100000000)
  region size 1024K, 4 young (4096K), 4 survivors (4096K)
 Metaspace       used 102963K, capacity 105317K, committed 105596K, reserved 1140736K
  class space    used 12632K, capacity 13475K, committed 13568K, reserved 1048576K
}
Event: 66.266 GC heap before
{Heap before GC invocations=68 (full 0):
 garbage-first heap   total 239616K, used 188403K [0x0000000080000000, 0x0000000100000000)
  region size 1024K, 87 young (89088K), 4 survivors (4096K)
 Metaspace       used 113882K, capacity 116848K, committed 116988K, reserved 1150976K
  class space    used 14254K, capacity 15399K, committed 15488K, reserved 1048576K
}
Event: 66.302 GC heap after
{Heap after GC invocations=69 (full 0):
 garbage-first heap   total 239616K, used 103376K [0x0000000080000000, 0x0000000100000000)
  region size 1024K, 5 young (5120K), 5 survivors (5120K)
 Metaspace       used 113882K, capacity 116848K, committed 116988K, reserved 1150976K
  class space    used 14254K, capacity 15399K, committed 15488K, reserved 1048576K
}
Event: 68.129 GC heap before
{Heap before GC invocations=69 (full 0):
 garbage-first heap   total 239616K, used 190416K [0x0000000080000000, 0x0000000100000000)
  region size 1024K, 90 young (92160K), 5 survivors (5120K)
 Metaspace       used 115270K, capacity 118242K, committed 118396K, reserved 1153024K
  class space    used 14383K, capacity 15510K, committed 15616K, reserved 1048576K
}
Event: 68.214 GC heap after
{Heap after GC invocations=70 (full 0):
 garbage-first heap   total 239616K, used 105375K [0x0000000080000000, 0x0000000100000000)
  region size 1024K, 7 young (7168K), 7 survivors (7168K)
 Metaspace       used 115270K, capacity 118242K, committed 118396K, reserved 1153024K
  class space    used 14383K, capacity 15510K, committed 15616K, reserved 1048576K
}
Event: 69.935 GC heap before
{Heap before GC invocations=70 (full 0):
 garbage-first heap   total 239616K, used 193439K [0x0000000080000000, 0x0000000100000000)
  region size 1024K, 93 young (95232K), 7 survivors (7168K)
 Metaspace       used 115767K, capacity 118749K, committed 118908K, reserved 1153024K
  class space    used 14399K, capacity 15557K, committed 15616K, reserved 1048576K
}
Event: 69.985 GC heap after
{Heap after GC invocations=71 (full 0):
 garbage-first heap   total 304128K, used 108068K [0x0000000080000000, 0x0000000100000000)
  region size 1024K, 7 young (7168K), 7 survivors (7168K)
 Metaspace       used 115767K, capacity 118749K, committed 118908K, reserved 1153024K
  class space    used 14399K, capacity 15557K, committed 15616K, reserved 1048576K
}
Event: 71.964 GC heap before
{Heap before GC invocations=71 (full 0):
 garbage-first heap   total 304128K, used 223780K [0x0000000080000000, 0x0000000100000000)
  region size 1024K, 120 young (122880K), 7 survivors (7168K)
 Metaspace       used 115960K, capacity 118971K, committed 119164K, reserved 1153024K
  class space    used 14412K, capacity 15561K, committed 15616K, reserved 1048576K
}
Event: 72.003 GC heap after
{Heap after GC invocations=72 (full 0):
 garbage-first heap   total 304128K, used 107139K [0x0000000080000000, 0x0000000100000000)
  region size 1024K, 6 young (6144K), 6 survivors (6144K)
 Metaspace       used 115960K, capacity 118971K, committed 119164K, reserved 1153024K
  class space    used 14412K, capacity 15561K, committed 15616K, reserved 1048576K
}
Event: 75.217 GC heap before
{Heap before GC invocations=72 (full 0):
 garbage-first heap   total 304128K, used 256643K [0x0000000080000000, 0x0000000100000000)
  region size 1024K, 135 young (138240K), 6 survivors (6144K)
 Metaspace       used 117182K, capacity 120221K, committed 120316K, reserved 1155072K
  class space    used 14556K, capacity 15727K, committed 15744K, reserved 1048576K
}
Event: 75.309 GC heap after
{Heap after GC invocations=73 (full 0):
 garbage-first heap   total 304128K, used 133462K [0x0000000080000000, 0x0000000100000000)
  region size 1024K, 17 young (17408K), 17 survivors (17408K)
 Metaspace       used 117182K, capacity 120221K, committed 120316K, reserved 1155072K
  class space    used 14556K, capacity 15727K, committed 15744K, reserved 1048576K
}
Event: 76.461 GC heap before
{Heap before GC invocations=73 (full 0):
 garbage-first heap   total 304128K, used 243030K [0x0000000080000000, 0x0000000100000000)
  region size 1024K, 123 young (125952K), 17 survivors (17408K)
 Metaspace       used 118166K, capacity 121218K, committed 121468K, reserved 1155072K
  class space    used 14667K, capacity 15843K, committed 15872K, reserved 1048576K
}
Event: 76.787 GC heap after
{Heap after GC invocations=74 (full 0):
 garbage-first heap   total 304128K, used 175968K [0x0000000080000000, 0x0000000100000000)
  region size 1024K, 16 young (16384K), 16 survivors (16384K)
 Metaspace       used 118166K, capacity 121218K, committed 121468K, reserved 1155072K
  class space    used 14667K, capacity 15843K, committed 15872K, reserved 1048576K
}
Event: 77.100 GC heap before
{Heap before GC invocations=74 (full 0):
 garbage-first heap   total 304128K, used 203616K [0x0000000080000000, 0x0000000100000000)
  region size 1024K, 43 young (44032K), 16 survivors (16384K)
 Metaspace       used 118321K, capacity 121346K, committed 121468K, reserved 1155072K
  class space    used 14680K, capacity 15843K, committed 15872K, reserved 1048576K
}
Event: 77.248 GC heap after
{Heap after GC invocations=75 (full 0):
 garbage-first heap   total 304128K, used 189952K [0x0000000080000000, 0x0000000100000000)
  region size 1024K, 6 young (6144K), 6 survivors (6144K)
 Metaspace       used 118321K, capacity 121346K, committed 121468K, reserved 1155072K
  class space    used 14680K, capacity 15843K, committed 15872K, reserved 1048576K
}
Event: 81.131 GC heap before
{Heap before GC invocations=76 (full 0):
 garbage-first heap   total 304128K, used 224768K [0x0000000080000000, 0x0000000100000000)
  region size 1024K, 42 young (43008K), 6 survivors (6144K)
 Metaspace       used 118316K, capacity 121272K, committed 121724K, reserved 1155072K
  class space    used 14615K, capacity 15714K, committed 15872K, reserved 1048576K
}

