# JRE version: OpenJDK Runtime Environment (11.0.10) (build 11.0.10+0-b96-7249189)
# Java VM: OpenJDK 64-Bit Server VM (11.0.10+0-b96-7249189, mixed mode, tiered, compressed oops, g1 gc, windows-amd64)
Heap:
 garbage-first heap   total 165888K, used 131505K [0x0000000080000000, 0x0000000100000000)
  region size 1024K, 64 young (65536K), 6 survivors (6144K)
 Metaspace       used 81600K, capacity 83789K, committed 84016K, reserved 1122304K
  class space    used 10544K, capacity 11313K, committed 11392K, reserved 1048576K
GC Heap History (20 events):
Event: 17.749 GC heap before
{Heap before GC invocations=23 (full 0):
 garbage-first heap   total 95232K, used 59100K [0x0000000080000000, 0x0000000100000000)
  region size 1024K, 18 young (18432K), 5 survivors (5120K)
 Metaspace       used 62369K, capacity 63818K, committed 63920K, reserved 1105920K
  class space    used 7889K, capacity 8417K, committed 8448K, reserved 1048576K
}
Event: 17.760 GC heap after
{Heap after GC invocations=24 (full 0):
 garbage-first heap   total 114688K, used 48065K [0x0000000080000000, 0x0000000100000000)
  region size 1024K, 2 young (2048K), 2 survivors (2048K)
 Metaspace       used 62369K, capacity 63818K, committed 63920K, reserved 1105920K
  class space    used 7889K, capacity 8417K, committed 8448K, reserved 1048576K
}
Event: 18.332 GC heap before
{Heap before GC invocations=25 (full 0):
 garbage-first heap   total 114688K, used 84929K [0x0000000080000000, 0x0000000100000000)
  region size 1024K, 37 young (37888K), 2 survivors (2048K)
 Metaspace       used 63391K, capacity 64932K, committed 65200K, reserved 1105920K
  class space    used 8046K, capacity 8632K, committed 8704K, reserved 1048576K
}
Event: 18.341 GC heap after
{Heap after GC invocations=26 (full 0):
 garbage-first heap   total 114688K, used 50420K [0x0000000080000000, 0x0000000100000000)
  region size 1024K, 4 young (4096K), 4 survivors (4096K)
 Metaspace       used 63391K, capacity 64932K, committed 65200K, reserved 1105920K
  class space    used 8046K, capacity 8632K, committed 8704K, reserved 1048576K
}
Event: 19.428 GC heap before
{Heap before GC invocations=26 (full 0):
 garbage-first heap   total 114688K, used 86260K [0x0000000080000000, 0x0000000100000000)
  region size 1024K, 39 young (39936K), 4 survivors (4096K)
 Metaspace       used 67486K, capacity 69114K, committed 69168K, reserved 1110016K
  class space    used 8721K, capacity 9319K, committed 9344K, reserved 1048576K
}
Event: 19.440 GC heap after
{Heap after GC invocations=27 (full 0):
 garbage-first heap   total 114688K, used 52970K [0x0000000080000000, 0x0000000100000000)
  region size 1024K, 3 young (3072K), 3 survivors (3072K)
 Metaspace       used 67486K, capacity 69114K, committed 69168K, reserved 1110016K
  class space    used 8721K, capacity 9319K, committed 9344K, reserved 1048576K
}
Event: 20.005 GC heap before
{Heap before GC invocations=27 (full 0):
 garbage-first heap   total 114688K, used 87786K [0x0000000080000000, 0x0000000100000000)
  region size 1024K, 37 young (37888K), 3 survivors (3072K)
 Metaspace       used 68887K, capacity 70524K, committed 70704K, reserved 1110016K
  class space    used 8904K, capacity 9505K, committed 9600K, reserved 1048576K
}
Event: 20.015 GC heap after
{Heap after GC invocations=28 (full 0):
 garbage-first heap   total 114688K, used 55271K [0x0000000080000000, 0x0000000100000000)
  region size 1024K, 5 young (5120K), 5 survivors (5120K)
 Metaspace       used 68887K, capacity 70524K, committed 70704K, reserved 1110016K
  class space    used 8904K, capacity 9505K, committed 9600K, reserved 1048576K
}
Event: 20.670 GC heap before
{Heap before GC invocations=28 (full 0):
 garbage-first heap   total 114688K, used 90087K [0x0000000080000000, 0x0000000100000000)
  region size 1024K, 39 young (39936K), 5 survivors (5120K)
 Metaspace       used 70695K, capacity 72432K, committed 72752K, reserved 1112064K
  class space    used 9177K, capacity 9788K, committed 9856K, reserved 1048576K
}
Event: 20.690 GC heap after
{Heap after GC invocations=29 (full 0):
 garbage-first heap   total 138240K, used 57773K [0x0000000080000000, 0x0000000100000000)
  region size 1024K, 5 young (5120K), 5 survivors (5120K)
 Metaspace       used 70695K, capacity 72432K, committed 72752K, reserved 1112064K
  class space    used 9177K, capacity 9788K, committed 9856K, reserved 1048576K
}
Event: 22.581 GC heap before
{Heap before GC invocations=29 (full 0):
 garbage-first heap   total 138240K, used 102829K [0x0000000080000000, 0x0000000100000000)
  region size 1024K, 49 young (50176K), 5 survivors (5120K)
 Metaspace       used 75992K, capacity 77850K, committed 78128K, reserved 1116160K
  class space    used 9888K, capacity 10558K, committed 10624K, reserved 1048576K
}
Event: 22.602 GC heap after
{Heap after GC invocations=30 (full 0):
 garbage-first heap   total 138240K, used 60762K [0x0000000080000000, 0x0000000100000000)
  region size 1024K, 6 young (6144K), 6 survivors (6144K)
 Metaspace       used 75992K, capacity 77850K, committed 78128K, reserved 1116160K
  class space    used 9888K, capacity 10558K, committed 10624K, reserved 1048576K
}
Event: 24.080 GC heap before
{Heap before GC invocations=30 (full 0):
 garbage-first heap   total 138240K, used 105818K [0x0000000080000000, 0x0000000100000000)
  region size 1024K, 51 young (52224K), 6 survivors (6144K)
 Metaspace       used 78848K, capacity 80935K, committed 81200K, reserved 1120256K
  class space    used 10331K, capacity 11075K, committed 11136K, reserved 1048576K
}
Event: 24.104 GC heap after
{Heap after GC invocations=31 (full 0):
 garbage-first heap   total 138240K, used 64206K [0x0000000080000000, 0x0000000100000000)
  region size 1024K, 7 young (7168K), 7 survivors (7168K)
 Metaspace       used 78848K, capacity 80935K, committed 81200K, reserved 1120256K
  class space    used 10331K, capacity 11075K, committed 11136K, reserved 1048576K
}
Event: 25.243 GC heap before
{Heap before GC invocations=31 (full 0):
 garbage-first heap   total 138240K, used 108238K [0x0000000080000000, 0x0000000100000000)
  region size 1024K, 51 young (52224K), 7 survivors (7168K)
 Metaspace       used 79291K, capacity 81346K, committed 81456K, reserved 1120256K
  class space    used 10347K, capacity 11093K, committed 11136K, reserved 1048576K
}
Event: 25.265 GC heap after
{Heap after GC invocations=32 (full 0):
 garbage-first heap   total 138240K, used 67077K [0x0000000080000000, 0x0000000100000000)
  region size 1024K, 7 young (7168K), 7 survivors (7168K)
 Metaspace       used 79291K, capacity 81346K, committed 81456K, reserved 1120256K
  class space    used 10347K, capacity 11093K, committed 11136K, reserved 1048576K
}
Event: 26.159 GC heap before
{Heap before GC invocations=32 (full 0):
 garbage-first heap   total 138240K, used 110085K [0x0000000080000000, 0x0000000100000000)
  region size 1024K, 50 young (51200K), 7 survivors (7168K)
 Metaspace       used 79694K, capacity 81778K, committed 82096K, reserved 1120256K
  class space    used 10377K, capacity 11137K, committed 11264K, reserved 1048576K
}
Event: 26.189 GC heap after
{Heap after GC invocations=33 (full 0):
 garbage-first heap   total 165888K, used 70155K [0x0000000080000000, 0x0000000100000000)
  region size 1024K, 6 young (6144K), 6 survivors (6144K)
 Metaspace       used 79694K, capacity 81778K, committed 82096K, reserved 1120256K
  class space    used 10377K, capacity 11137K, committed 11264K, reserved 1048576K
}
Event: 28.105 GC heap before
{Heap before GC invocations=33 (full 0):
 garbage-first heap   total 165888K, used 129547K [0x0000000080000000, 0x0000000100000000)
  region size 1024K, 65 young (66560K), 6 survivors (6144K)
 Metaspace       used 80304K, capacity 82438K, committed 82608K, reserved 1120256K
  class space    used 10419K, capacity 11189K, committed 11264K, reserved 1048576K
}
Event: 28.136 GC heap after
{Heap after GC invocations=34 (full 0):
 garbage-first heap   total 165888K, used 73137K [0x0000000080000000, 0x0000000100000000)
  region size 1024K, 6 young (6144K), 6 survivors (6144K)
 Metaspace       used 80304K, capacity 82438K, committed 82608K, reserved 1120256K
  class space    used 10419K, capacity 11189K, committed 11264K, reserved 1048576K
}

