# JRE version: OpenJDK Runtime Environment (11.0.10) (build 11.0.10+0-b96-7249189)
# Java VM: OpenJDK 64-Bit Server VM (11.0.10+0-b96-7249189, mixed mode, tiered, compressed oops, g1 gc, windows-amd64)
Heap:
 garbage-first heap   total 248832K, used 198817K [0x0000000080000000, 0x0000000100000000)
  region size 1024K, 62 young (63488K), 2 survivors (2048K)
 Metaspace       used 119377K, capacity 122641K, committed 122876K, reserved 1157120K
  class space    used 14908K, capacity 16134K, committed 16256K, reserved 1048576K
GC Heap History (20 events):
Event: 69.492 GC heap before
{Heap before GC invocations=68 (full 0):
 garbage-first heap   total 248832K, used 127418K [0x0000000080000000, 0x0000000100000000)
  region size 1024K, 12 young (12288K), 7 survivors (7168K)
 Metaspace       used 114605K, capacity 117660K, committed 117884K, reserved 1150976K
  class space    used 14582K, capacity 15742K, committed 15872K, reserved 1048576K
}
Event: 69.541 GC heap after
{Heap after GC invocations=69 (full 0):
 garbage-first heap   total 248832K, used 114981K [0x0000000080000000, 0x0000000100000000)
  region size 1024K, 2 young (2048K), 2 survivors (2048K)
 Metaspace       used 114605K, capacity 117660K, committed 117884K, reserved 1150976K
  class space    used 14582K, capacity 15742K, committed 15872K, reserved 1048576K
}
Event: 207.723 GC heap before
{Heap before GC invocations=69 (full 0):
 garbage-first heap   total 248832K, used 219429K [0x0000000080000000, 0x0000000100000000)
  region size 1024K, 69 young (70656K), 2 survivors (2048K)
 Metaspace       used 117414K, capacity 120589K, committed 120828K, reserved 1155072K
  class space    used 14930K, capacity 16182K, committed 16256K, reserved 1048576K
}
Event: 208.018 GC heap after
{Heap after GC invocations=70 (full 0):
 garbage-first heap   total 248832K, used 118818K [0x0000000080000000, 0x0000000100000000)
  region size 1024K, 6 young (6144K), 6 survivors (6144K)
 Metaspace       used 117414K, capacity 120589K, committed 120828K, reserved 1155072K
  class space    used 14930K, capacity 16182K, committed 16256K, reserved 1048576K
}
Event: 215.784 GC heap before
{Heap before GC invocations=71 (full 0):
 garbage-first heap   total 248832K, used 187426K [0x0000000080000000, 0x0000000100000000)
  region size 1024K, 73 young (74752K), 6 survivors (6144K)
 Metaspace       used 117811K, capacity 121053K, committed 121596K, reserved 1155072K
  class space    used 14864K, capacity 16061K, committed 16256K, reserved 1048576K
}
Event: 215.914 GC heap after
{Heap after GC invocations=72 (full 0):
 garbage-first heap   total 248832K, used 130697K [0x0000000080000000, 0x0000000100000000)
  region size 1024K, 10 young (10240K), 10 survivors (10240K)
 Metaspace       used 117811K, capacity 121053K, committed 121596K, reserved 1155072K
  class space    used 14864K, capacity 16061K, committed 16256K, reserved 1048576K
}
Event: 215.942 GC heap before
{Heap before GC invocations=72 (full 0):
 garbage-first heap   total 248832K, used 131721K [0x0000000080000000, 0x0000000100000000)
  region size 1024K, 12 young (12288K), 10 survivors (10240K)
 Metaspace       used 117825K, capacity 121053K, committed 121596K, reserved 1155072K
  class space    used 14864K, capacity 16061K, committed 16256K, reserved 1048576K
}
Event: 216.024 GC heap after
{Heap after GC invocations=73 (full 0):
 garbage-first heap   total 248832K, used 118860K [0x0000000080000000, 0x0000000100000000)
  region size 1024K, 2 young (2048K), 2 survivors (2048K)
 Metaspace       used 117825K, capacity 121053K, committed 121596K, reserved 1155072K
  class space    used 14864K, capacity 16061K, committed 16256K, reserved 1048576K
}
Event: 217.992 GC heap before
{Heap before GC invocations=73 (full 0):
 garbage-first heap   total 248832K, used 185420K [0x0000000080000000, 0x0000000100000000)
  region size 1024K, 68 young (69632K), 2 survivors (2048K)
 Metaspace       used 118244K, capacity 121477K, committed 121852K, reserved 1155072K
  class space    used 14868K, capacity 16066K, committed 16256K, reserved 1048576K
}
Event: 218.024 GC heap after
{Heap after GC invocations=74 (full 0):
 garbage-first heap   total 248832K, used 123248K [0x0000000080000000, 0x0000000100000000)
  region size 1024K, 6 young (6144K), 6 survivors (6144K)
 Metaspace       used 118244K, capacity 121477K, committed 121852K, reserved 1155072K
  class space    used 14868K, capacity 16066K, committed 16256K, reserved 1048576K
}
Event: 219.013 GC heap before
{Heap before GC invocations=74 (full 0):
 garbage-first heap   total 248832K, used 175472K [0x0000000080000000, 0x0000000100000000)
  region size 1024K, 29 young (29696K), 6 survivors (6144K)
 Metaspace       used 118320K, capacity 121549K, committed 122108K, reserved 1155072K
  class space    used 14869K, capacity 16067K, committed 16256K, reserved 1048576K
}
Event: 219.073 GC heap after
{Heap after GC invocations=75 (full 0):
 garbage-first heap   total 248832K, used 134505K [0x0000000080000000, 0x0000000100000000)
  region size 1024K, 1 young (1024K), 1 survivors (1024K)
 Metaspace       used 118320K, capacity 121549K, committed 122108K, reserved 1155072K
  class space    used 14869K, capacity 16067K, committed 16256K, reserved 1048576K
}
Event: 316.008 GC heap before
{Heap before GC invocations=76 (full 0):
 garbage-first heap   total 248832K, used 187392K [0x0000000080000000, 0x0000000100000000)
  region size 1024K, 54 young (55296K), 1 survivors (1024K)
 Metaspace       used 118737K, capacity 121949K, committed 122364K, reserved 1155072K
  class space    used 14878K, capacity 16079K, committed 16256K, reserved 1048576K
}
Event: 316.121 GC heap after
{Heap after GC invocations=77 (full 0):
 garbage-first heap   total 248832K, used 127212K [0x0000000080000000, 0x0000000100000000)
  region size 1024K, 6 young (6144K), 6 survivors (6144K)
 Metaspace       used 118737K, capacity 121949K, committed 122364K, reserved 1155072K
  class space    used 14878K, capacity 16079K, committed 16256K, reserved 1048576K
}
Event: 317.200 GC heap before
{Heap before GC invocations=77 (full 0):
 garbage-first heap   total 248832K, used 132332K [0x0000000080000000, 0x0000000100000000)
  region size 1024K, 12 young (12288K), 6 survivors (6144K)
 Metaspace       used 118769K, capacity 122019K, committed 122364K, reserved 1155072K
  class space    used 14878K, capacity 16079K, committed 16256K, reserved 1048576K
}
Event: 317.352 GC heap after
{Heap after GC invocations=78 (full 0):
 garbage-first heap   total 248832K, used 108081K [0x0000000080000000, 0x0000000100000000)
  region size 1024K, 2 young (2048K), 2 survivors (2048K)
 Metaspace       used 118769K, capacity 122019K, committed 122364K, reserved 1155072K
  class space    used 14878K, capacity 16079K, committed 16256K, reserved 1048576K
}
Event: 317.635 GC heap before
{Heap before GC invocations=78 (full 0):
 garbage-first heap   total 248832K, used 120369K [0x0000000080000000, 0x0000000100000000)
  region size 1024K, 12 young (12288K), 2 survivors (2048K)
 Metaspace       used 118783K, capacity 122083K, committed 122364K, reserved 1155072K
  class space    used 14878K, capacity 16079K, committed 16256K, reserved 1048576K
}
Event: 317.667 GC heap after
{Heap after GC invocations=79 (full 0):
 garbage-first heap   total 248832K, used 111998K [0x0000000080000000, 0x0000000100000000)
  region size 1024K, 2 young (2048K), 2 survivors (2048K)
 Metaspace       used 118783K, capacity 122083K, committed 122364K, reserved 1155072K
  class space    used 14878K, capacity 16079K, committed 16256K, reserved 1048576K
}
Event: 320.583 GC heap before
{Heap before GC invocations=79 (full 0):
 garbage-first heap   total 248832K, used 180606K [0x0000000080000000, 0x0000000100000000)
  region size 1024K, 69 young (70656K), 2 survivors (2048K)
 Metaspace       used 118985K, capacity 122248K, committed 122620K, reserved 1155072K
  class space    used 14883K, capacity 16088K, committed 16256K, reserved 1048576K
}
Event: 320.614 GC heap after
{Heap after GC invocations=80 (full 0):
 garbage-first heap   total 248832K, used 111777K [0x0000000080000000, 0x0000000100000000)
  region size 1024K, 2 young (2048K), 2 survivors (2048K)
 Metaspace       used 118985K, capacity 122248K, committed 122620K, reserved 1155072K
  class space    used 14883K, capacity 16088K, committed 16256K, reserved 1048576K
}

