# JRE version: OpenJDK Runtime Environment (11.0.10) (build 11.0.10+0-b96-7249189)
# Java VM: OpenJDK 64-Bit Server VM (11.0.10+0-b96-7249189, mixed mode, tiered, compressed oops, g1 gc, windows-amd64)
Heap:
 garbage-first heap   total 585728K, used 191061K [0x0000000080000000, 0x0000000100000000)
  region size 1024K, 3 young (3072K), 3 survivors (3072K)
 Metaspace       used 131200K, capacity 135121K, committed 135424K, reserved 1167360K
  class space    used 16351K, capacity 17802K, committed 17920K, reserved 1048576K
GC Heap History (20 events):
Event: 78.752 GC heap after
{Heap after GC invocations=84 (full 0):
 garbage-first heap   total 359424K, used 150346K [0x0000000080000000, 0x0000000100000000)
  region size 1024K, 7 young (7168K), 7 survivors (7168K)
 Metaspace       used 127406K, capacity 131159K, committed 131200K, reserved 1163264K
  class space    used 15906K, capacity 17273K, committed 17280K, reserved 1048576K
}
Event: 79.666 GC heap before
{Heap before GC invocations=84 (full 0):
 garbage-first heap   total 359424K, used 311114K [0x0000000080000000, 0x0000000100000000)
  region size 1024K, 164 young (167936K), 7 survivors (7168K)
 Metaspace       used 127461K, capacity 131291K, committed 131456K, reserved 1163264K
  class space    used 15908K, capacity 17273K, committed 17280K, reserved 1048576K
}
Event: 79.680 GC heap after
{Heap after GC invocations=85 (full 0):
 garbage-first heap   total 359424K, used 150031K [0x0000000080000000, 0x0000000100000000)
  region size 1024K, 6 young (6144K), 6 survivors (6144K)
 Metaspace       used 127461K, capacity 131291K, committed 131456K, reserved 1163264K
  class space    used 15908K, capacity 17273K, committed 17280K, reserved 1048576K
}
Event: 80.589 GC heap before
{Heap before GC invocations=85 (full 0):
 garbage-first heap   total 359424K, used 311823K [0x0000000080000000, 0x0000000100000000)
  region size 1024K, 164 young (167936K), 6 survivors (6144K)
 Metaspace       used 127481K, capacity 131296K, committed 131456K, reserved 1163264K
  class space    used 15908K, capacity 17274K, committed 17280K, reserved 1048576K
}
Event: 80.625 GC heap after
{Heap after GC invocations=86 (full 0):
 garbage-first heap   total 359424K, used 162903K [0x0000000080000000, 0x0000000100000000)
  region size 1024K, 19 young (19456K), 19 survivors (19456K)
 Metaspace       used 127481K, capacity 131296K, committed 131456K, reserved 1163264K
  class space    used 15908K, capacity 17274K, committed 17280K, reserved 1048576K
}
Event: 81.535 GC heap before
{Heap before GC invocations=86 (full 0):
 garbage-first heap   total 359424K, used 302167K [0x0000000080000000, 0x0000000100000000)
  region size 1024K, 155 young (158720K), 19 survivors (19456K)
 Metaspace       used 127488K, capacity 131304K, committed 131456K, reserved 1163264K
  class space    used 15910K, capacity 17277K, committed 17280K, reserved 1048576K
}
Event: 81.601 GC heap after
{Heap after GC invocations=87 (full 0):
 garbage-first heap   total 359424K, used 158985K [0x0000000080000000, 0x0000000100000000)
  region size 1024K, 2 young (2048K), 2 survivors (2048K)
 Metaspace       used 127488K, capacity 131304K, committed 131456K, reserved 1163264K
  class space    used 15910K, capacity 17277K, committed 17280K, reserved 1048576K
}
Event: 82.866 GC heap before
{Heap before GC invocations=87 (full 0):
 garbage-first heap   total 359424K, used 305417K [0x0000000080000000, 0x0000000100000000)
  region size 1024K, 145 young (148480K), 2 survivors (2048K)
 Metaspace       used 127492K, capacity 131305K, committed 131456K, reserved 1163264K
  class space    used 15910K, capacity 17277K, committed 17280K, reserved 1048576K
}
Event: 82.872 GC heap after
{Heap after GC invocations=88 (full 0):
 garbage-first heap   total 359424K, used 158168K [0x0000000080000000, 0x0000000100000000)
  region size 1024K, 2 young (2048K), 2 survivors (2048K)
 Metaspace       used 127492K, capacity 131305K, committed 131456K, reserved 1163264K
  class space    used 15910K, capacity 17277K, committed 17280K, reserved 1048576K
}
Event: 85.146 GC heap before
{Heap before GC invocations=88 (full 0):
 garbage-first heap   total 359424K, used 307672K [0x0000000080000000, 0x0000000100000000)
  region size 1024K, 148 young (151552K), 2 survivors (2048K)
 Metaspace       used 127503K, capacity 131318K, committed 131456K, reserved 1163264K
  class space    used 15911K, capacity 17279K, committed 17280K, reserved 1048576K
}
Event: 85.151 GC heap after
{Heap after GC invocations=89 (full 0):
 garbage-first heap   total 359424K, used 158669K [0x0000000080000000, 0x0000000100000000)
  region size 1024K, 2 young (2048K), 2 survivors (2048K)
 Metaspace       used 127503K, capacity 131318K, committed 131456K, reserved 1163264K
  class space    used 15911K, capacity 17279K, committed 17280K, reserved 1048576K
}
Event: 85.967 GC heap before
{Heap before GC invocations=89 (full 0):
 garbage-first heap   total 359424K, used 310221K [0x0000000080000000, 0x0000000100000000)
  region size 1024K, 150 young (153600K), 2 survivors (2048K)
 Metaspace       used 127507K, capacity 131318K, committed 131456K, reserved 1163264K
  class space    used 15911K, capacity 17279K, committed 17280K, reserved 1048576K
}
Event: 85.974 GC heap after
{Heap after GC invocations=90 (full 0):
 garbage-first heap   total 359424K, used 159147K [0x0000000080000000, 0x0000000100000000)
  region size 1024K, 3 young (3072K), 3 survivors (3072K)
 Metaspace       used 127507K, capacity 131318K, committed 131456K, reserved 1163264K
  class space    used 15911K, capacity 17279K, committed 17280K, reserved 1048576K
}
Event: 87.243 GC heap before
{Heap before GC invocations=90 (full 0):
 garbage-first heap   total 359424K, used 322987K [0x0000000080000000, 0x0000000100000000)
  region size 1024K, 150 young (153600K), 3 survivors (3072K)
 Metaspace       used 128231K, capacity 132071K, committed 132096K, reserved 1163264K
  class space    used 16008K, capacity 17393K, committed 17408K, reserved 1048576K
}
Event: 87.264 GC heap after
{Heap after GC invocations=91 (full 0):
 garbage-first heap   total 359424K, used 172393K [0x0000000080000000, 0x0000000100000000)
  region size 1024K, 6 young (6144K), 6 survivors (6144K)
 Metaspace       used 128231K, capacity 132071K, committed 132096K, reserved 1163264K
  class space    used 16008K, capacity 17393K, committed 17408K, reserved 1048576K
}
Event: 89.731 GC heap before
{Heap before GC invocations=92 (full 0):
 garbage-first heap   total 359424K, used 304489K [0x0000000080000000, 0x0000000100000000)
  region size 1024K, 140 young (143360K), 6 survivors (6144K)
 Metaspace       used 130977K, capacity 134897K, committed 135040K, reserved 1167360K
  class space    used 16320K, capacity 17770K, committed 17792K, reserved 1048576K
}
Event: 89.871 GC heap after
{Heap after GC invocations=93 (full 0):
 garbage-first heap   total 359424K, used 206663K [0x0000000080000000, 0x0000000100000000)
  region size 1024K, 18 young (18432K), 18 survivors (18432K)
 Metaspace       used 130977K, capacity 134897K, committed 135040K, reserved 1167360K
  class space    used 16320K, capacity 17770K, committed 17792K, reserved 1048576K
}
Event: 89.995 GC heap before
{Heap before GC invocations=93 (full 0):
 garbage-first heap   total 359424K, used 207687K [0x0000000080000000, 0x0000000100000000)
  region size 1024K, 19 young (19456K), 18 survivors (18432K)
 Metaspace       used 130978K, capacity 134897K, committed 135040K, reserved 1167360K
  class space    used 16320K, capacity 17770K, committed 17792K, reserved 1048576K
}
Event: 90.139 GC heap after
{Heap after GC invocations=94 (full 0):
 garbage-first heap   total 359424K, used 190464K [0x0000000080000000, 0x0000000100000000)
  region size 1024K, 2 young (2048K), 2 survivors (2048K)
 Metaspace       used 130978K, capacity 134897K, committed 135040K, reserved 1167360K
  class space    used 16320K, capacity 17770K, committed 17792K, reserved 1048576K
}
Event: 90.282 GC heap before
{Heap before GC invocations=94 (full 0):
 garbage-first heap   total 359424K, used 205824K [0x0000000080000000, 0x0000000100000000)
  region size 1024K, 17 young (17408K), 2 survivors (2048K)
 Metaspace       used 131200K, capacity 135121K, committed 135424K, reserved 1167360K
  class space    used 16351K, capacity 17802K, committed 17920K, reserved 1048576K
}

