# JRE version: OpenJDK Runtime Environment (11.0.10) (build 11.0.10+0-b96-7249189)
# Java VM: OpenJDK 64-Bit Server VM (11.0.10+0-b96-7249189, mixed mode, tiered, compressed oops, g1 gc, windows-amd64)
Heap:
 garbage-first heap   total 138240K, used 79340K [0x0000000080000000, 0x0000000100000000)
  region size 1024K, 21 young (21504K), 4 survivors (4096K)
 Metaspace       used 77952K, capacity 79885K, committed 80252K, reserved 1118208K
  class space    used 10212K, capacity 10882K, committed 11008K, reserved 1048576K
GC Heap History (20 events):
Event: 28.479 GC heap before
{Heap before GC invocations=29 (full 0):
 garbage-first heap   total 78848K, used 62647K [0x0000000080000000, 0x0000000100000000)
  region size 1024K, 18 young (18432K), 3 survivors (3072K)
 Metaspace       used 60523K, capacity 62017K, committed 62076K, reserved 1103872K
  class space    used 7662K, capacity 8180K, committed 8192K, reserved 1048576K
}
Event: 28.491 GC heap after
{Heap after GC invocations=30 (full 0):
 garbage-first heap   total 95232K, used 48264K [0x0000000080000000, 0x0000000100000000)
  region size 1024K, 2 young (2048K), 2 survivors (2048K)
 Metaspace       used 60523K, capacity 62017K, committed 62076K, reserved 1103872K
  class space    used 7662K, capacity 8180K, committed 8192K, reserved 1048576K
}
Event: 28.895 GC heap before
{Heap before GC invocations=30 (full 0):
 garbage-first heap   total 95232K, used 66696K [0x0000000080000000, 0x0000000100000000)
  region size 1024K, 22 young (22528K), 2 survivors (2048K)
 Metaspace       used 62353K, capacity 63922K, committed 64252K, reserved 1105920K
  class space    used 7898K, capacity 8449K, committed 8576K, reserved 1048576K
}
Event: 28.900 GC heap after
{Heap after GC invocations=31 (full 0):
 garbage-first heap   total 95232K, used 49572K [0x0000000080000000, 0x0000000100000000)
  region size 1024K, 3 young (3072K), 3 survivors (3072K)
 Metaspace       used 62353K, capacity 63922K, committed 64252K, reserved 1105920K
  class space    used 7898K, capacity 8449K, committed 8576K, reserved 1048576K
}
Event: 29.228 GC heap before
{Heap before GC invocations=32 (full 0):
 garbage-first heap   total 95232K, used 72100K [0x0000000080000000, 0x0000000100000000)
  region size 1024K, 24 young (24576K), 3 survivors (3072K)
 Metaspace       used 63290K, capacity 64816K, committed 65148K, reserved 1105920K
  class space    used 8040K, capacity 8591K, committed 8704K, reserved 1048576K
}
Event: 29.236 GC heap after
{Heap after GC invocations=33 (full 0):
 garbage-first heap   total 95232K, used 50464K [0x0000000080000000, 0x0000000100000000)
  region size 1024K, 3 young (3072K), 3 survivors (3072K)
 Metaspace       used 63290K, capacity 64816K, committed 65148K, reserved 1105920K
  class space    used 8040K, capacity 8591K, committed 8704K, reserved 1048576K
}
Event: 29.421 GC heap before
{Heap before GC invocations=33 (full 0):
 garbage-first heap   total 95232K, used 71968K [0x0000000080000000, 0x0000000100000000)
  region size 1024K, 24 young (24576K), 3 survivors (3072K)
 Metaspace       used 63511K, capacity 65084K, committed 65404K, reserved 1105920K
  class space    used 8069K, capacity 8637K, committed 8704K, reserved 1048576K
}
Event: 29.431 GC heap after
{Heap after GC invocations=34 (full 0):
 garbage-first heap   total 95232K, used 52643K [0x0000000080000000, 0x0000000100000000)
  region size 1024K, 3 young (3072K), 3 survivors (3072K)
 Metaspace       used 63511K, capacity 65084K, committed 65404K, reserved 1105920K
  class space    used 8069K, capacity 8637K, committed 8704K, reserved 1048576K
}
Event: 29.901 GC heap before
{Heap before GC invocations=35 (full 0):
 garbage-first heap   total 95232K, used 73123K [0x0000000080000000, 0x0000000100000000)
  region size 1024K, 23 young (23552K), 3 survivors (3072K)
 Metaspace       used 66200K, capacity 67858K, committed 68220K, reserved 1107968K
  class space    used 8502K, capacity 9093K, committed 9216K, reserved 1048576K
}
Event: 29.913 GC heap after
{Heap after GC invocations=36 (full 0):
 garbage-first heap   total 95232K, used 54101K [0x0000000080000000, 0x0000000100000000)
  region size 1024K, 2 young (2048K), 2 survivors (2048K)
 Metaspace       used 66200K, capacity 67858K, committed 68220K, reserved 1107968K
  class space    used 8502K, capacity 9093K, committed 9216K, reserved 1048576K
}
Event: 30.353 GC heap before
{Heap before GC invocations=36 (full 0):
 garbage-first heap   total 95232K, used 74581K [0x0000000080000000, 0x0000000100000000)
  region size 1024K, 22 young (22528K), 2 survivors (2048K)
 Metaspace       used 68561K, capacity 70241K, committed 70524K, reserved 1110016K
  class space    used 8872K, capacity 9432K, committed 9472K, reserved 1048576K
}
Event: 30.361 GC heap after
{Heap after GC invocations=37 (full 0):
 garbage-first heap   total 114688K, used 55214K [0x0000000080000000, 0x0000000100000000)
  region size 1024K, 3 young (3072K), 3 survivors (3072K)
 Metaspace       used 68561K, capacity 70241K, committed 70524K, reserved 1110016K
  class space    used 8872K, capacity 9432K, committed 9472K, reserved 1048576K
}
Event: 30.678 GC heap before
{Heap before GC invocations=38 (full 0):
 garbage-first heap   total 114688K, used 82862K [0x0000000080000000, 0x0000000100000000)
  region size 1024K, 30 young (30720K), 3 survivors (3072K)
 Metaspace       used 69050K, capacity 70670K, committed 70908K, reserved 1110016K
  class space    used 8934K, capacity 9508K, committed 9600K, reserved 1048576K
}
Event: 30.688 GC heap after
{Heap after GC invocations=39 (full 0):
 garbage-first heap   total 114688K, used 57321K [0x0000000080000000, 0x0000000100000000)
  region size 1024K, 4 young (4096K), 4 survivors (4096K)
 Metaspace       used 69050K, capacity 70670K, committed 70908K, reserved 1110016K
  class space    used 8934K, capacity 9508K, committed 9600K, reserved 1048576K
}
Event: 31.290 GC heap before
{Heap before GC invocations=39 (full 0):
 garbage-first heap   total 114688K, used 84969K [0x0000000080000000, 0x0000000100000000)
  region size 1024K, 31 young (31744K), 4 survivors (4096K)
 Metaspace       used 71175K, capacity 72848K, committed 72956K, reserved 1112064K
  class space    used 9251K, capacity 9849K, committed 9856K, reserved 1048576K
}
Event: 31.303 GC heap after
{Heap after GC invocations=40 (full 0):
 garbage-first heap   total 114688K, used 59191K [0x0000000080000000, 0x0000000100000000)
  region size 1024K, 2 young (2048K), 2 survivors (2048K)
 Metaspace       used 71175K, capacity 72848K, committed 72956K, reserved 1112064K
  class space    used 9251K, capacity 9849K, committed 9856K, reserved 1048576K
}
Event: 31.984 GC heap before
{Heap before GC invocations=41 (full 0):
 garbage-first heap   total 114688K, used 87863K [0x0000000080000000, 0x0000000100000000)
  region size 1024K, 30 young (30720K), 2 survivors (2048K)
 Metaspace       used 74907K, capacity 76661K, committed 76924K, reserved 1116160K
  class space    used 9779K, capacity 10422K, committed 10496K, reserved 1048576K
}
Event: 31.996 GC heap after
{Heap after GC invocations=42 (full 0):
 garbage-first heap   total 114688K, used 60589K [0x0000000080000000, 0x0000000100000000)
  region size 1024K, 4 young (4096K), 4 survivors (4096K)
 Metaspace       used 74907K, capacity 76661K, committed 76924K, reserved 1116160K
  class space    used 9779K, capacity 10422K, committed 10496K, reserved 1048576K
}
Event: 32.409 GC heap before
{Heap before GC invocations=42 (full 0):
 garbage-first heap   total 114688K, used 89261K [0x0000000080000000, 0x0000000100000000)
  region size 1024K, 32 young (32768K), 4 survivors (4096K)
 Metaspace       used 76446K, capacity 78306K, committed 78332K, reserved 1118208K
  class space    used 9961K, capacity 10602K, committed 10624K, reserved 1048576K
}
Event: 32.425 GC heap after
{Heap after GC invocations=43 (full 0):
 garbage-first heap   total 138240K, used 62956K [0x0000000080000000, 0x0000000100000000)
  region size 1024K, 4 young (4096K), 4 survivors (4096K)
 Metaspace       used 76446K, capacity 78306K, committed 78332K, reserved 1118208K
  class space    used 9961K, capacity 10602K, committed 10624K, reserved 1048576K
}

