# JRE version: OpenJDK Runtime Environment (11.0.10) (build 11.0.10+0-b96-7249189)
# Java VM: OpenJDK 64-Bit Server VM (11.0.10+0-b96-7249189, mixed mode, tiered, compressed oops, g1 gc, windows-amd64)
Heap:
 garbage-first heap   total 78848K, used 42997K [0x0000000080000000, 0x0000000100000000)
  region size 1024K, 7 young (7168K), 5 survivors (5120K)
 Metaspace       used 49348K, capacity 50627K, committed 50940K, reserved 1093632K
  class space    used 6285K, capacity 6717K, committed 6784K, reserved 1048576K
GC Heap History (20 events):
Event: 12.809 GC heap before
{Heap before GC invocations=7 (full 0):
 garbage-first heap   total 65536K, used 49180K [0x0000000080000000, 0x0000000100000000)
  region size 1024K, 33 young (33792K), 2 survivors (2048K)
 Metaspace       used 26560K, capacity 27198K, committed 27312K, reserved 1073152K
  class space    used 3492K, capacity 3753K, committed 3840K, reserved 1048576K
}
Event: 12.817 GC heap after
{Heap after GC invocations=8 (full 0):
 garbage-first heap   total 65536K, used 18595K [0x0000000080000000, 0x0000000100000000)
  region size 1024K, 3 young (3072K), 3 survivors (3072K)
 Metaspace       used 26560K, capacity 27198K, committed 27312K, reserved 1073152K
  class space    used 3492K, capacity 3753K, committed 3840K, reserved 1048576K
}
Event: 14.193 GC heap before
{Heap before GC invocations=8 (full 0):
 garbage-first heap   total 65536K, used 49315K [0x0000000080000000, 0x0000000100000000)
  region size 1024K, 33 young (33792K), 3 survivors (3072K)
 Metaspace       used 29738K, capacity 30421K, committed 30512K, reserved 1075200K
  class space    used 3976K, capacity 4208K, committed 4224K, reserved 1048576K
}
Event: 14.200 GC heap after
{Heap after GC invocations=9 (full 0):
 garbage-first heap   total 65536K, used 19612K [0x0000000080000000, 0x0000000100000000)
  region size 1024K, 4 young (4096K), 4 survivors (4096K)
 Metaspace       used 29738K, capacity 30421K, committed 30512K, reserved 1075200K
  class space    used 3976K, capacity 4208K, committed 4224K, reserved 1048576K
}
Event: 15.381 GC heap before
{Heap before GC invocations=9 (full 0):
 garbage-first heap   total 65536K, used 34972K [0x0000000080000000, 0x0000000100000000)
  region size 1024K, 21 young (21504K), 4 survivors (4096K)
 Metaspace       used 34796K, capacity 35611K, committed 35708K, reserved 1081344K
  class space    used 4526K, capacity 4832K, committed 4864K, reserved 1048576K
}
Event: 15.399 GC heap after
{Heap after GC invocations=10 (full 0):
 garbage-first heap   total 65536K, used 21981K [0x0000000080000000, 0x0000000100000000)
  region size 1024K, 5 young (5120K), 5 survivors (5120K)
 Metaspace       used 34796K, capacity 35611K, committed 35708K, reserved 1081344K
  class space    used 4526K, capacity 4832K, committed 4864K, reserved 1048576K
}
Event: 16.646 GC heap before
{Heap before GC invocations=11 (full 0):
 garbage-first heap   total 65536K, used 50653K [0x0000000080000000, 0x0000000100000000)
  region size 1024K, 34 young (34816K), 5 survivors (5120K)
 Metaspace       used 37038K, capacity 37971K, committed 38140K, reserved 1083392K
  class space    used 4785K, capacity 5123K, committed 5248K, reserved 1048576K
}
Event: 16.665 GC heap after
{Heap after GC invocations=12 (full 0):
 garbage-first heap   total 65536K, used 25043K [0x0000000080000000, 0x0000000100000000)
  region size 1024K, 5 young (5120K), 5 survivors (5120K)
 Metaspace       used 37038K, capacity 37971K, committed 38140K, reserved 1083392K
  class space    used 4785K, capacity 5123K, committed 5248K, reserved 1048576K
}
Event: 17.920 GC heap before
{Heap before GC invocations=12 (full 0):
 garbage-first heap   total 65536K, used 53715K [0x0000000080000000, 0x0000000100000000)
  region size 1024K, 31 young (31744K), 5 survivors (5120K)
 Metaspace       used 38969K, capacity 39892K, committed 40060K, reserved 1083392K
  class space    used 4968K, capacity 5315K, committed 5376K, reserved 1048576K
}
Event: 17.934 GC heap after
{Heap after GC invocations=13 (full 0):
 garbage-first heap   total 65536K, used 26890K [0x0000000080000000, 0x0000000100000000)
  region size 1024K, 3 young (3072K), 3 survivors (3072K)
 Metaspace       used 38969K, capacity 39892K, committed 40060K, reserved 1083392K
  class space    used 4968K, capacity 5315K, committed 5376K, reserved 1048576K
}
Event: 19.463 GC heap before
{Heap before GC invocations=13 (full 0):
 garbage-first heap   total 65536K, used 51466K [0x0000000080000000, 0x0000000100000000)
  region size 1024K, 27 young (27648K), 3 survivors (3072K)
 Metaspace       used 41289K, capacity 42224K, committed 42492K, reserved 1085440K
  class space    used 5330K, capacity 5703K, committed 5760K, reserved 1048576K
}
Event: 19.473 GC heap after
{Heap after GC invocations=14 (full 0):
 garbage-first heap   total 65536K, used 27348K [0x0000000080000000, 0x0000000100000000)
  region size 1024K, 3 young (3072K), 3 survivors (3072K)
 Metaspace       used 41289K, capacity 42224K, committed 42492K, reserved 1085440K
  class space    used 5330K, capacity 5703K, committed 5760K, reserved 1048576K
}
Event: 21.412 GC heap before
{Heap before GC invocations=14 (full 0):
 garbage-first heap   total 65536K, used 53972K [0x0000000080000000, 0x0000000100000000)
  region size 1024K, 28 young (28672K), 3 survivors (3072K)
 Metaspace       used 43740K, capacity 44768K, committed 45052K, reserved 1089536K
  class space    used 5577K, capacity 5934K, committed 6016K, reserved 1048576K
}
Event: 21.431 GC heap after
{Heap after GC invocations=15 (full 0):
 garbage-first heap   total 65536K, used 28651K [0x0000000080000000, 0x0000000100000000)
  region size 1024K, 3 young (3072K), 3 survivors (3072K)
 Metaspace       used 43740K, capacity 44768K, committed 45052K, reserved 1089536K
  class space    used 5577K, capacity 5934K, committed 6016K, reserved 1048576K
}
Event: 23.850 GC heap before
{Heap before GC invocations=15 (full 0):
 garbage-first heap   total 65536K, used 51179K [0x0000000080000000, 0x0000000100000000)
  region size 1024K, 26 young (26624K), 3 survivors (3072K)
 Metaspace       used 45516K, capacity 46707K, committed 46844K, reserved 1089536K
  class space    used 5833K, capacity 6260K, committed 6272K, reserved 1048576K
}
Event: 23.860 GC heap after
{Heap after GC invocations=16 (full 0):
 garbage-first heap   total 78848K, used 29444K [0x0000000080000000, 0x0000000100000000)
  region size 1024K, 3 young (3072K), 3 survivors (3072K)
 Metaspace       used 45516K, capacity 46707K, committed 46844K, reserved 1089536K
  class space    used 5833K, capacity 6260K, committed 6272K, reserved 1048576K
}
Event: 26.358 GC heap before
{Heap before GC invocations=16 (full 0):
 garbage-first heap   total 78848K, used 60164K [0x0000000080000000, 0x0000000100000000)
  region size 1024K, 34 young (34816K), 3 survivors (3072K)
 Metaspace       used 47070K, capacity 48274K, committed 48636K, reserved 1091584K
  class space    used 5996K, capacity 6415K, committed 6528K, reserved 1048576K
}
Event: 26.371 GC heap after
{Heap after GC invocations=17 (full 0):
 garbage-first heap   total 78848K, used 31487K [0x0000000080000000, 0x0000000100000000)
  region size 1024K, 4 young (4096K), 4 survivors (4096K)
 Metaspace       used 47070K, capacity 48274K, committed 48636K, reserved 1091584K
  class space    used 5996K, capacity 6415K, committed 6528K, reserved 1048576K
}
Event: 27.748 GC heap before
{Heap before GC invocations=17 (full 0):
 garbage-first heap   total 78848K, used 65279K [0x0000000080000000, 0x0000000100000000)
  region size 1024K, 34 young (34816K), 4 survivors (4096K)
 Metaspace       used 49181K, capacity 50415K, committed 50684K, reserved 1093632K
  class space    used 6256K, capacity 6709K, committed 6784K, reserved 1048576K
}
Event: 27.763 GC heap after
{Heap after GC invocations=18 (full 0):
 garbage-first heap   total 78848K, used 41973K [0x0000000080000000, 0x0000000100000000)
  region size 1024K, 5 young (5120K), 5 survivors (5120K)
 Metaspace       used 49181K, capacity 50415K, committed 50684K, reserved 1093632K
  class space    used 6256K, capacity 6709K, committed 6784K, reserved 1048576K
}

