# JRE version: OpenJDK Runtime Environment (11.0.10) (build 11.0.10+0-b96-7249189)
# Java VM: OpenJDK 64-Bit Server VM (11.0.10+0-b96-7249189, mixed mode, tiered, compressed oops, g1 gc, windows-amd64)
Heap:
 garbage-first heap   total 114688K, used 47333K [0x0000000080000000, 0x0000000100000000)
  region size 1024K, 4 young (4096K), 4 survivors (4096K)
 Metaspace       used 60376K, capacity 61823K, committed 62076K, reserved 1103872K
  class space    used 7638K, capacity 8179K, committed 8192K, reserved 1048576K
GC Heap History (20 events):
Event: 10.481 GC heap after
{Heap after GC invocations=12 (full 0):
 garbage-first heap   total 78848K, used 24928K [0x0000000080000000, 0x0000000100000000)
  region size 1024K, 3 young (3072K), 3 survivors (3072K)
 Metaspace       used 35892K, capacity 36769K, committed 36860K, reserved 1081344K
  class space    used 4613K, capacity 4916K, committed 4992K, reserved 1048576K
}
Event: 11.131 GC heap before
{Heap before GC invocations=12 (full 0):
 garbage-first heap   total 78848K, used 50528K [0x0000000080000000, 0x0000000100000000)
  region size 1024K, 26 young (26624K), 3 survivors (3072K)
 Metaspace       used 38600K, capacity 39493K, committed 39676K, reserved 1083392K
  class space    used 4913K, capacity 5246K, committed 5248K, reserved 1048576K
}
Event: 11.140 GC heap after
{Heap after GC invocations=13 (full 0):
 garbage-first heap   total 78848K, used 25752K [0x0000000080000000, 0x0000000100000000)
  region size 1024K, 3 young (3072K), 3 survivors (3072K)
 Metaspace       used 38600K, capacity 39493K, committed 39676K, reserved 1083392K
  class space    used 4913K, capacity 5246K, committed 5248K, reserved 1048576K
}
Event: 11.667 GC heap before
{Heap before GC invocations=13 (full 0):
 garbage-first heap   total 78848K, used 50328K [0x0000000080000000, 0x0000000100000000)
  region size 1024K, 27 young (27648K), 3 survivors (3072K)
 Metaspace       used 40194K, capacity 41100K, committed 41212K, reserved 1085440K
  class space    used 5154K, capacity 5499K, committed 5504K, reserved 1048576K
}
Event: 11.674 GC heap after
{Heap after GC invocations=14 (full 0):
 garbage-first heap   total 78848K, used 26981K [0x0000000080000000, 0x0000000100000000)
  region size 1024K, 4 young (4096K), 4 survivors (4096K)
 Metaspace       used 40194K, capacity 41100K, committed 41212K, reserved 1085440K
  class space    used 5154K, capacity 5499K, committed 5504K, reserved 1048576K
}
Event: 12.509 GC heap before
{Heap before GC invocations=14 (full 0):
 garbage-first heap   total 78848K, used 52581K [0x0000000080000000, 0x0000000100000000)
  region size 1024K, 29 young (29696K), 4 survivors (4096K)
 Metaspace       used 42993K, capacity 44057K, committed 44156K, reserved 1087488K
  class space    used 5475K, capacity 5823K, committed 5888K, reserved 1048576K
}
Event: 12.524 GC heap after
{Heap after GC invocations=15 (full 0):
 garbage-first heap   total 78848K, used 27870K [0x0000000080000000, 0x0000000100000000)
  region size 1024K, 3 young (3072K), 3 survivors (3072K)
 Metaspace       used 42993K, capacity 44057K, committed 44156K, reserved 1087488K
  class space    used 5475K, capacity 5823K, committed 5888K, reserved 1048576K
}
Event: 13.074 GC heap before
{Heap before GC invocations=15 (full 0):
 garbage-first heap   total 78848K, used 55518K [0x0000000080000000, 0x0000000100000000)
  region size 1024K, 30 young (30720K), 3 survivors (3072K)
 Metaspace       used 44927K, capacity 46066K, committed 46332K, reserved 1089536K
  class space    used 5769K, capacity 6155K, committed 6272K, reserved 1048576K
}
Event: 13.091 GC heap after
{Heap after GC invocations=16 (full 0):
 garbage-first heap   total 78848K, used 29052K [0x0000000080000000, 0x0000000100000000)
  region size 1024K, 2 young (2048K), 2 survivors (2048K)
 Metaspace       used 44927K, capacity 46066K, committed 46332K, reserved 1089536K
  class space    used 5769K, capacity 6155K, committed 6272K, reserved 1048576K
}
Event: 14.428 GC heap before
{Heap before GC invocations=16 (full 0):
 garbage-first heap   total 78848K, used 56700K [0x0000000080000000, 0x0000000100000000)
  region size 1024K, 30 young (30720K), 2 survivors (2048K)
 Metaspace       used 46701K, capacity 47955K, committed 48124K, reserved 1091584K
  class space    used 5971K, capacity 6418K, committed 6528K, reserved 1048576K
}
Event: 14.437 GC heap after
{Heap after GC invocations=17 (full 0):
 garbage-first heap   total 95232K, used 30348K [0x0000000080000000, 0x0000000100000000)
  region size 1024K, 4 young (4096K), 4 survivors (4096K)
 Metaspace       used 46701K, capacity 47955K, committed 48124K, reserved 1091584K
  class space    used 5971K, capacity 6418K, committed 6528K, reserved 1048576K
}
Event: 16.060 GC heap before
{Heap before GC invocations=17 (full 0):
 garbage-first heap   total 95232K, used 68236K [0x0000000080000000, 0x0000000100000000)
  region size 1024K, 38 young (38912K), 4 survivors (4096K)
 Metaspace       used 48433K, capacity 49764K, committed 50044K, reserved 1093632K
  class space    used 6168K, capacity 6621K, committed 6656K, reserved 1048576K
}
Event: 16.098 GC heap after
{Heap after GC invocations=18 (full 0):
 garbage-first heap   total 95232K, used 41754K [0x0000000080000000, 0x0000000100000000)
  region size 1024K, 5 young (5120K), 5 survivors (5120K)
 Metaspace       used 48433K, capacity 49764K, committed 50044K, reserved 1093632K
  class space    used 6168K, capacity 6621K, committed 6656K, reserved 1048576K
}
Event: 17.459 GC heap before
{Heap before GC invocations=18 (full 0):
 garbage-first heap   total 95232K, used 69402K [0x0000000080000000, 0x0000000100000000)
  region size 1024K, 33 young (33792K), 5 survivors (5120K)
 Metaspace       used 52294K, capacity 53633K, committed 53884K, reserved 1095680K
  class space    used 6638K, capacity 7123K, committed 7168K, reserved 1048576K
}
Event: 17.474 GC heap after
{Heap after GC invocations=19 (full 0):
 garbage-first heap   total 95232K, used 43256K [0x0000000080000000, 0x0000000100000000)
  region size 1024K, 2 young (2048K), 2 survivors (2048K)
 Metaspace       used 52294K, capacity 53633K, committed 53884K, reserved 1095680K
  class space    used 6638K, capacity 7123K, committed 7168K, reserved 1048576K
}
Event: 18.545 GC heap before
{Heap before GC invocations=19 (full 0):
 garbage-first heap   total 95232K, used 71928K [0x0000000080000000, 0x0000000100000000)
  region size 1024K, 30 young (30720K), 2 survivors (2048K)
 Metaspace       used 56421K, capacity 57782K, committed 57980K, reserved 1099776K
  class space    used 7153K, capacity 7627K, committed 7680K, reserved 1048576K
}
Event: 18.550 GC heap after
{Heap after GC invocations=20 (full 0):
 garbage-first heap   total 95232K, used 43916K [0x0000000080000000, 0x0000000100000000)
  region size 1024K, 2 young (2048K), 2 survivors (2048K)
 Metaspace       used 56421K, capacity 57782K, committed 57980K, reserved 1099776K
  class space    used 7153K, capacity 7627K, committed 7680K, reserved 1048576K
}
Event: 18.912 GC heap before
{Heap before GC invocations=20 (full 0):
 garbage-first heap   total 95232K, used 53132K [0x0000000080000000, 0x0000000100000000)
  region size 1024K, 12 young (12288K), 2 survivors (2048K)
 Metaspace       used 58380K, capacity 59845K, committed 59940K, reserved 1101824K
  class space    used 7389K, capacity 7931K, committed 7936K, reserved 1048576K
}
Event: 18.922 GC heap after
{Heap after GC invocations=21 (full 0):
 garbage-first heap   total 95232K, used 45308K [0x0000000080000000, 0x0000000100000000)
  region size 1024K, 4 young (4096K), 4 survivors (4096K)
 Metaspace       used 58380K, capacity 59845K, committed 59940K, reserved 1101824K
  class space    used 7389K, capacity 7931K, committed 7936K, reserved 1048576K
}
Event: 19.614 GC heap before
{Heap before GC invocations=22 (full 0):
 garbage-first heap   total 95232K, used 66812K [0x0000000080000000, 0x0000000100000000)
  region size 1024K, 26 young (26624K), 4 survivors (4096K)
 Metaspace       used 60376K, capacity 61823K, committed 62076K, reserved 1103872K
  class space    used 7638K, capacity 8179K, committed 8192K, reserved 1048576K
}

