# JRE version: OpenJDK Runtime Environment (11.0.10) (build 11.0.10+0-b96-7249189)
# Java VM: OpenJDK 64-Bit Server VM (11.0.10+0-b96-7249189, mixed mode, tiered, compressed oops, g1 gc, windows-amd64)
Heap:
 garbage-first heap   total 138240K, used 82781K [0x0000000080000000, 0x0000000100000000)
  region size 1024K, 15 young (15360K), 2 survivors (2048K)
 Metaspace       used 59443K, capacity 61183K, committed 61440K, reserved 1101824K
  class space    used 7582K, capacity 8175K, committed 8192K, reserved 1048576K
GC Heap History (20 events):
Event: 9.140 GC heap before
{Heap before GC invocations=15 (full 0):
 garbage-first heap   total 95232K, used 70585K [0x0000000080000000, 0x0000000100000000)
  region size 1024K, 33 young (33792K), 4 survivors (4096K)
 Metaspace       used 40553K, capacity 41610K, committed 41728K, reserved 1085440K
  class space    used 5200K, capacity 5577K, committed 5632K, reserved 1048576K
}
Event: 9.148 GC heap after
{Heap after GC invocations=16 (full 0):
 garbage-first heap   total 95232K, used 39053K [0x0000000080000000, 0x0000000100000000)
  region size 1024K, 2 young (2048K), 2 survivors (2048K)
 Metaspace       used 40553K, capacity 41610K, committed 41728K, reserved 1085440K
  class space    used 5200K, capacity 5577K, committed 5632K, reserved 1048576K
}
Event: 9.793 GC heap before
{Heap before GC invocations=16 (full 0):
 garbage-first heap   total 95232K, used 66701K [0x0000000080000000, 0x0000000100000000)
  region size 1024K, 25 young (25600K), 2 survivors (2048K)
 Metaspace       used 42096K, capacity 43162K, committed 43264K, reserved 1087488K
  class space    used 5405K, capacity 5791K, committed 5888K, reserved 1048576K
}
Event: 9.802 GC heap after
{Heap after GC invocations=17 (full 0):
 garbage-first heap   total 95232K, used 46338K [0x0000000080000000, 0x0000000100000000)
  region size 1024K, 4 young (4096K), 4 survivors (4096K)
 Metaspace       used 42096K, capacity 43162K, committed 43264K, reserved 1087488K
  class space    used 5405K, capacity 5791K, committed 5888K, reserved 1048576K
}
Event: 10.044 GC heap before
{Heap before GC invocations=18 (full 0):
 garbage-first heap   total 95232K, used 61698K [0x0000000080000000, 0x0000000100000000)
  region size 1024K, 17 young (17408K), 4 survivors (4096K)
 Metaspace       used 42762K, capacity 43978K, committed 44160K, reserved 1087488K
  class space    used 5479K, capacity 5911K, committed 6016K, reserved 1048576K
}
Event: 10.055 GC heap after
{Heap after GC invocations=19 (full 0):
 garbage-first heap   total 95232K, used 52244K [0x0000000080000000, 0x0000000100000000)
  region size 1024K, 3 young (3072K), 3 survivors (3072K)
 Metaspace       used 42762K, capacity 43978K, committed 44160K, reserved 1087488K
  class space    used 5479K, capacity 5911K, committed 6016K, reserved 1048576K
}
Event: 10.393 GC heap before
{Heap before GC invocations=20 (full 0):
 garbage-first heap   total 95232K, used 73748K [0x0000000080000000, 0x0000000100000000)
  region size 1024K, 23 young (23552K), 3 survivors (3072K)
 Metaspace       used 44452K, capacity 45655K, committed 45824K, reserved 1089536K
  class space    used 5594K, capacity 6021K, committed 6144K, reserved 1048576K
}
Event: 10.401 GC heap after
{Heap after GC invocations=21 (full 0):
 garbage-first heap   total 114688K, used 53651K [0x0000000080000000, 0x0000000100000000)
  region size 1024K, 2 young (2048K), 2 survivors (2048K)
 Metaspace       used 44452K, capacity 45655K, committed 45824K, reserved 1089536K
  class space    used 5594K, capacity 6021K, committed 6144K, reserved 1048576K
}
Event: 10.786 GC heap before
{Heap before GC invocations=21 (full 0):
 garbage-first heap   total 114688K, used 82323K [0x0000000080000000, 0x0000000100000000)
  region size 1024K, 30 young (30720K), 2 survivors (2048K)
 Metaspace       used 46042K, capacity 47251K, committed 47360K, reserved 1089536K
  class space    used 5857K, capacity 6297K, committed 6400K, reserved 1048576K
}
Event: 10.797 GC heap after
{Heap after GC invocations=22 (full 0):
 garbage-first heap   total 114688K, used 55508K [0x0000000080000000, 0x0000000100000000)
  region size 1024K, 4 young (4096K), 4 survivors (4096K)
 Metaspace       used 46042K, capacity 47251K, committed 47360K, reserved 1089536K
  class space    used 5857K, capacity 6297K, committed 6400K, reserved 1048576K
}
Event: 11.249 GC heap before
{Heap before GC invocations=23 (full 0):
 garbage-first heap   total 114688K, used 84180K [0x0000000080000000, 0x0000000100000000)
  region size 1024K, 32 young (32768K), 4 survivors (4096K)
 Metaspace       used 47825K, capacity 49231K, committed 49408K, reserved 1091584K
  class space    used 6157K, capacity 6596K, committed 6656K, reserved 1048576K
}
Event: 11.262 GC heap after
{Heap after GC invocations=24 (full 0):
 garbage-first heap   total 114688K, used 56541K [0x0000000080000000, 0x0000000100000000)
  region size 1024K, 3 young (3072K), 3 survivors (3072K)
 Metaspace       used 47825K, capacity 49231K, committed 49408K, reserved 1091584K
  class space    used 6157K, capacity 6596K, committed 6656K, reserved 1048576K
}
Event: 12.478 GC heap before
{Heap before GC invocations=24 (full 0):
 garbage-first heap   total 114688K, used 86237K [0x0000000080000000, 0x0000000100000000)
  region size 1024K, 32 young (32768K), 3 survivors (3072K)
 Metaspace       used 49435K, capacity 50909K, committed 51200K, reserved 1093632K
  class space    used 6314K, capacity 6785K, committed 6912K, reserved 1048576K
}
Event: 12.495 GC heap after
{Heap after GC invocations=25 (full 0):
 garbage-first heap   total 114688K, used 58435K [0x0000000080000000, 0x0000000100000000)
  region size 1024K, 3 young (3072K), 3 survivors (3072K)
 Metaspace       used 49435K, capacity 50909K, committed 51200K, reserved 1093632K
  class space    used 6314K, capacity 6785K, committed 6912K, reserved 1048576K
}
Event: 12.724 GC heap before
{Heap before GC invocations=26 (full 0):
 garbage-first heap   total 114688K, used 62531K [0x0000000080000000, 0x0000000100000000)
  region size 1024K, 8 young (8192K), 3 survivors (3072K)
 Metaspace       used 49681K, capacity 51167K, committed 51456K, reserved 1093632K
  class space    used 6344K, capacity 6823K, committed 6912K, reserved 1048576K
}
Event: 12.738 GC heap after
{Heap after GC invocations=27 (full 0):
 garbage-first heap   total 138240K, used 58876K [0x0000000080000000, 0x0000000100000000)
  region size 1024K, 3 young (3072K), 3 survivors (3072K)
 Metaspace       used 49681K, capacity 51167K, committed 51456K, reserved 1093632K
  class space    used 6344K, capacity 6823K, committed 6912K, reserved 1048576K
}
Event: 13.816 GC heap before
{Heap before GC invocations=28 (full 0):
 garbage-first heap   total 138240K, used 95740K [0x0000000080000000, 0x0000000100000000)
  region size 1024K, 36 young (36864K), 3 survivors (3072K)
 Metaspace       used 52653K, capacity 54164K, committed 54400K, reserved 1095680K
  class space    used 6716K, capacity 7202K, committed 7296K, reserved 1048576K
}
Event: 13.835 GC heap after
{Heap after GC invocations=29 (full 0):
 garbage-first heap   total 138240K, used 68664K [0x0000000080000000, 0x0000000100000000)
  region size 1024K, 5 young (5120K), 5 survivors (5120K)
 Metaspace       used 52653K, capacity 54164K, committed 54400K, reserved 1095680K
  class space    used 6716K, capacity 7202K, committed 7296K, reserved 1048576K
}
Event: 14.586 GC heap before
{Heap before GC invocations=29 (full 0):
 garbage-first heap   total 138240K, used 100408K [0x0000000080000000, 0x0000000100000000)
  region size 1024K, 36 young (36864K), 5 survivors (5120K)
 Metaspace       used 57521K, capacity 59147K, committed 59392K, reserved 1101824K
  class space    used 7288K, capacity 7857K, committed 7936K, reserved 1048576K
}
Event: 14.603 GC heap after
{Heap after GC invocations=30 (full 0):
 garbage-first heap   total 138240K, used 70493K [0x0000000080000000, 0x0000000100000000)
  region size 1024K, 2 young (2048K), 2 survivors (2048K)
 Metaspace       used 57521K, capacity 59147K, committed 59392K, reserved 1101824K
  class space    used 7288K, capacity 7857K, committed 7936K, reserved 1048576K
}

