# JRE version: OpenJDK Runtime Environment (11.0.10) (build 11.0.10+0-b96-7249189)
# Java VM: OpenJDK 64-Bit Server VM (11.0.10+0-b96-7249189, mixed mode, tiered, compressed oops, g1 gc, windows-amd64)
Heap:
 garbage-first heap   total 503808K, used 243798K [0x0000000080000000, 0x0000000100000000)
  region size 1024K, 2 young (2048K), 2 survivors (2048K)
 Metaspace       used 113766K, capacity 116772K, committed 116900K, reserved 1150976K
  class space    used 14246K, capacity 15371K, committed 15436K, reserved 1048576K
GC Heap History (20 events):
Event: 100.430 GC heap after
{Heap after GC invocations=61 (full 0):
 garbage-first heap   total 229376K, used 139181K [0x0000000080000000, 0x0000000100000000)
  region size 1024K, 8 young (8192K), 8 survivors (8192K)
 Metaspace       used 108728K, capacity 111447K, committed 111524K, reserved 1146880K
  class space    used 13627K, capacity 14627K, committed 14668K, reserved 1048576K
}
Event: 100.958 GC heap before
{Heap before GC invocations=61 (full 0):
 garbage-first heap   total 229376K, used 182189K [0x0000000080000000, 0x0000000100000000)
  region size 1024K, 51 young (52224K), 8 survivors (8192K)
 Metaspace       used 109580K, capacity 112320K, committed 112420K, reserved 1146880K
  class space    used 13699K, capacity 14720K, committed 14796K, reserved 1048576K
}
Event: 101.196 GC heap after
{Heap after GC invocations=62 (full 0):
 garbage-first heap   total 297984K, used 160768K [0x0000000080000000, 0x0000000100000000)
  region size 1024K, 7 young (7168K), 7 survivors (7168K)
 Metaspace       used 109580K, capacity 112320K, committed 112420K, reserved 1146880K
  class space    used 13699K, capacity 14720K, committed 14796K, reserved 1048576K
}
Event: 103.238 GC heap before
{Heap before GC invocations=62 (full 0):
 garbage-first heap   total 297984K, used 216064K [0x0000000080000000, 0x0000000100000000)
  region size 1024K, 62 young (63488K), 7 survivors (7168K)
 Metaspace       used 111460K, capacity 114254K, committed 114468K, reserved 1148928K
  class space    used 13968K, capacity 14997K, committed 15052K, reserved 1048576K
}
Event: 103.387 GC heap after
{Heap after GC invocations=63 (full 0):
 garbage-first heap   total 297984K, used 183808K [0x0000000080000000, 0x0000000100000000)
  region size 1024K, 8 young (8192K), 8 survivors (8192K)
 Metaspace       used 111460K, capacity 114254K, committed 114468K, reserved 1148928K
  class space    used 13968K, capacity 14997K, committed 15052K, reserved 1048576K
}
Event: 105.241 GC heap before
{Heap before GC invocations=63 (full 0):
 garbage-first heap   total 297984K, used 227840K [0x0000000080000000, 0x0000000100000000)
  region size 1024K, 51 young (52224K), 8 survivors (8192K)
 Metaspace       used 112261K, capacity 115202K, committed 115492K, reserved 1148928K
  class space    used 14098K, capacity 15204K, committed 15308K, reserved 1048576K
}
Event: 105.304 GC heap after
{Heap after GC invocations=64 (full 0):
 garbage-first heap   total 297984K, used 190976K [0x0000000080000000, 0x0000000100000000)
  region size 1024K, 6 young (6144K), 6 survivors (6144K)
 Metaspace       used 112261K, capacity 115202K, committed 115492K, reserved 1148928K
  class space    used 14098K, capacity 15204K, committed 15308K, reserved 1048576K
}
Event: 109.013 GC heap before
{Heap before GC invocations=64 (full 0):
 garbage-first heap   total 297984K, used 237056K [0x0000000080000000, 0x0000000100000000)
  region size 1024K, 49 young (50176K), 6 survivors (6144K)
 Metaspace       used 112537K, capacity 115506K, committed 115748K, reserved 1150976K
  class space    used 14123K, capacity 15214K, committed 15308K, reserved 1048576K
}
Event: 109.058 GC heap after
{Heap after GC invocations=65 (full 0):
 garbage-first heap   total 297984K, used 197376K [0x0000000080000000, 0x0000000100000000)
  region size 1024K, 5 young (5120K), 5 survivors (5120K)
 Metaspace       used 112537K, capacity 115506K, committed 115748K, reserved 1150976K
  class space    used 14123K, capacity 15214K, committed 15308K, reserved 1048576K
}
Event: 117.351 GC heap before
{Heap before GC invocations=65 (full 0):
 garbage-first heap   total 297984K, used 252672K [0x0000000080000000, 0x0000000100000000)
  region size 1024K, 47 young (48128K), 5 survivors (5120K)
 Metaspace       used 112938K, capacity 115899K, committed 116004K, reserved 1150976K
  class space    used 14165K, capacity 15277K, committed 15308K, reserved 1048576K
}
Event: 117.401 GC heap after
{Heap after GC invocations=66 (full 0):
 garbage-first heap   total 297984K, used 214179K [0x0000000080000000, 0x0000000100000000)
  region size 1024K, 5 young (5120K), 5 survivors (5120K)
 Metaspace       used 112938K, capacity 115899K, committed 116004K, reserved 1150976K
  class space    used 14165K, capacity 15277K, committed 15308K, reserved 1048576K
}
Event: 118.767 GC heap before
{Heap before GC invocations=66 (full 0):
 garbage-first heap   total 297984K, used 255139K [0x0000000080000000, 0x0000000100000000)
  region size 1024K, 39 young (39936K), 5 survivors (5120K)
 Metaspace       used 113095K, capacity 116070K, committed 116260K, reserved 1150976K
  class space    used 14184K, capacity 15289K, committed 15308K, reserved 1048576K
}
Event: 118.790 GC heap after
{Heap after GC invocations=67 (full 0):
 garbage-first heap   total 297984K, used 224095K [0x0000000080000000, 0x0000000100000000)
  region size 1024K, 5 young (5120K), 5 survivors (5120K)
 Metaspace       used 113095K, capacity 116070K, committed 116260K, reserved 1150976K
  class space    used 14184K, capacity 15289K, committed 15308K, reserved 1048576K
}
Event: 119.025 GC heap before
{Heap before GC invocations=67 (full 0):
 garbage-first heap   total 297984K, used 252767K [0x0000000080000000, 0x0000000100000000)
  region size 1024K, 33 young (33792K), 5 survivors (5120K)
 Metaspace       used 113095K, capacity 116070K, committed 116260K, reserved 1150976K
  class space    used 14184K, capacity 15289K, committed 15308K, reserved 1048576K
}
Event: 119.049 GC heap after
{Heap after GC invocations=68 (full 0):
 garbage-first heap   total 297984K, used 230472K [0x0000000080000000, 0x0000000100000000)
  region size 1024K, 5 young (5120K), 5 survivors (5120K)
 Metaspace       used 113095K, capacity 116070K, committed 116260K, reserved 1150976K
  class space    used 14184K, capacity 15289K, committed 15308K, reserved 1048576K
}
Event: 120.257 GC heap before
{Heap before GC invocations=68 (full 0):
 garbage-first heap   total 297984K, used 263240K [0x0000000080000000, 0x0000000100000000)
  region size 1024K, 28 young (28672K), 5 survivors (5120K)
 Metaspace       used 113164K, capacity 116138K, committed 116260K, reserved 1150976K
  class space    used 14186K, capacity 15290K, committed 15308K, reserved 1048576K
}
Event: 120.281 GC heap after
{Heap after GC invocations=69 (full 0):
 garbage-first heap   total 297984K, used 243314K [0x0000000080000000, 0x0000000100000000)
  region size 1024K, 4 young (4096K), 4 survivors (4096K)
 Metaspace       used 113164K, capacity 116138K, committed 116260K, reserved 1150976K
  class space    used 14186K, capacity 15290K, committed 15308K, reserved 1048576K
}
Event: 122.504 GC heap before
{Heap before GC invocations=69 (full 0):
 garbage-first heap   total 297984K, used 259698K [0x0000000080000000, 0x0000000100000000)
  region size 1024K, 20 young (20480K), 4 survivors (4096K)
 Metaspace       used 113338K, capacity 116371K, committed 116644K, reserved 1150976K
  class space    used 14195K, capacity 15325K, committed 15436K, reserved 1048576K
}
Event: 122.623 GC heap after
{Heap after GC invocations=70 (full 0):
 garbage-first heap   total 297984K, used 243373K [0x0000000080000000, 0x0000000100000000)
  region size 1024K, 1 young (1024K), 1 survivors (1024K)
 Metaspace       used 113338K, capacity 116371K, committed 116644K, reserved 1150976K
  class space    used 14195K, capacity 15325K, committed 15436K, reserved 1048576K
}
Event: 124.560 GC heap before
{Heap before GC invocations=70 (full 0):
 garbage-first heap   total 297984K, used 259757K [0x0000000080000000, 0x0000000100000000)
  region size 1024K, 18 young (18432K), 1 survivors (1024K)
 Metaspace       used 113766K, capacity 116772K, committed 116900K, reserved 1150976K
  class space    used 14246K, capacity 15371K, committed 15436K, reserved 1048576K
}

