# JRE version: OpenJDK Runtime Environment (11.0.10) (build 11.0.10+0-b96-7249189)
# Java VM: OpenJDK 64-Bit Server VM (11.0.10+0-b96-7249189, mixed mode, tiered, compressed oops, g1 gc, windows-amd64)
Heap:
 garbage-first heap   total 114688K, used 53760K [0x0000000080000000, 0x0000000100000000)
  region size 1024K, 2 young (2048K), 2 survivors (2048K)
 Metaspace       used 44448K, capacity 45676K, committed 45824K, reserved 1089536K
  class space    used 5597K, capacity 6049K, committed 6144K, reserved 1048576K
GC Heap History (20 events):
Event: 5.879 GC heap after
{Heap after GC invocations=9 (full 0):
 garbage-first heap   total 65536K, used 30847K [0x0000000080000000, 0x0000000100000000)
  region size 1024K, 4 young (4096K), 4 survivors (4096K)
 Metaspace       used 26174K, capacity 26807K, committed 27008K, reserved 1073152K
  class space    used 3434K, capacity 3688K, committed 3712K, reserved 1048576K
}
Event: 6.247 GC heap before
{Heap before GC invocations=9 (full 0):
 garbage-first heap   total 65536K, used 48255K [0x0000000080000000, 0x0000000100000000)
  region size 1024K, 22 young (22528K), 4 survivors (4096K)
 Metaspace       used 27505K, capacity 28215K, committed 28288K, reserved 1073152K
  class space    used 3646K, capacity 3928K, committed 3968K, reserved 1048576K
}
Event: 6.254 GC heap after
{Heap after GC invocations=10 (full 0):
 garbage-first heap   total 78848K, used 32748K [0x0000000080000000, 0x0000000100000000)
  region size 1024K, 2 young (2048K), 2 survivors (2048K)
 Metaspace       used 27505K, capacity 28215K, committed 28288K, reserved 1073152K
  class space    used 3646K, capacity 3928K, committed 3968K, reserved 1048576K
}
Event: 6.740 GC heap before
{Heap before GC invocations=10 (full 0):
 garbage-first heap   total 78848K, used 55276K [0x0000000080000000, 0x0000000100000000)
  region size 1024K, 24 young (24576K), 2 survivors (2048K)
 Metaspace       used 29851K, capacity 30649K, committed 30720K, reserved 1075200K
  class space    used 4019K, capacity 4311K, committed 4352K, reserved 1048576K
}
Event: 6.745 GC heap after
{Heap after GC invocations=11 (full 0):
 garbage-first heap   total 78848K, used 33609K [0x0000000080000000, 0x0000000100000000)
  region size 1024K, 1 young (1024K), 1 survivors (1024K)
 Metaspace       used 29851K, capacity 30649K, committed 30720K, reserved 1075200K
  class space    used 4019K, capacity 4311K, committed 4352K, reserved 1048576K
}
Event: 7.633 GC heap before
{Heap before GC invocations=11 (full 0):
 garbage-first heap   total 78848K, used 53065K [0x0000000080000000, 0x0000000100000000)
  region size 1024K, 21 young (21504K), 1 survivors (1024K)
 Metaspace       used 34845K, capacity 35735K, committed 35840K, reserved 1081344K
  class space    used 4558K, capacity 4899K, committed 4992K, reserved 1048576K
}
Event: 7.641 GC heap after
{Heap after GC invocations=12 (full 0):
 garbage-first heap   total 78848K, used 35679K [0x0000000080000000, 0x0000000100000000)
  region size 1024K, 3 young (3072K), 3 survivors (3072K)
 Metaspace       used 34845K, capacity 35735K, committed 35840K, reserved 1081344K
  class space    used 4558K, capacity 4899K, committed 4992K, reserved 1048576K
}
Event: 8.091 GC heap before
{Heap before GC invocations=13 (full 0):
 garbage-first heap   total 78848K, used 57183K [0x0000000080000000, 0x0000000100000000)
  region size 1024K, 25 young (25600K), 3 survivors (3072K)
 Metaspace       used 37621K, capacity 38578K, committed 38784K, reserved 1083392K
  class space    used 4868K, capacity 5207K, committed 5248K, reserved 1048576K
}
Event: 8.104 GC heap after
{Heap after GC invocations=14 (full 0):
 garbage-first heap   total 78848K, used 38350K [0x0000000080000000, 0x0000000100000000)
  region size 1024K, 3 young (3072K), 3 survivors (3072K)
 Metaspace       used 37621K, capacity 38578K, committed 38784K, reserved 1083392K
  class space    used 4868K, capacity 5207K, committed 5248K, reserved 1048576K
}
Event: 8.262 GC heap before
{Heap before GC invocations=15 (full 0):
 garbage-first heap   total 78848K, used 51662K [0x0000000080000000, 0x0000000100000000)
  region size 1024K, 18 young (18432K), 3 survivors (3072K)
 Metaspace       used 38024K, capacity 38993K, committed 39168K, reserved 1083392K
  class space    used 4919K, capacity 5257K, committed 5376K, reserved 1048576K
}
Event: 8.269 GC heap after
{Heap after GC invocations=16 (full 0):
 garbage-first heap   total 78848K, used 39252K [0x0000000080000000, 0x0000000100000000)
  region size 1024K, 2 young (2048K), 2 survivors (2048K)
 Metaspace       used 38024K, capacity 38993K, committed 39168K, reserved 1083392K
  class space    used 4919K, capacity 5257K, committed 5376K, reserved 1048576K
}
Event: 8.662 GC heap before
{Heap before GC invocations=17 (full 0):
 garbage-first heap   total 78848K, used 63828K [0x0000000080000000, 0x0000000100000000)
  region size 1024K, 23 young (23552K), 2 survivors (2048K)
 Metaspace       used 40677K, capacity 41707K, committed 41984K, reserved 1085440K
  class space    used 5227K, capacity 5609K, committed 5632K, reserved 1048576K
}
Event: 8.668 GC heap after
{Heap after GC invocations=18 (full 0):
 garbage-first heap   total 95232K, used 39704K [0x0000000080000000, 0x0000000100000000)
  region size 1024K, 1 young (1024K), 1 survivors (1024K)
 Metaspace       used 40677K, capacity 41707K, committed 41984K, reserved 1085440K
  class space    used 5227K, capacity 5609K, committed 5632K, reserved 1048576K
}
Event: 8.963 GC heap before
{Heap before GC invocations=18 (full 0):
 garbage-first heap   total 95232K, used 55064K [0x0000000080000000, 0x0000000100000000)
  region size 1024K, 17 young (17408K), 1 survivors (1024K)
 Metaspace       used 41859K, capacity 42920K, committed 43264K, reserved 1087488K
  class space    used 5393K, capacity 5780K, committed 5888K, reserved 1048576K
}
Event: 8.968 GC heap after
{Heap after GC invocations=19 (full 0):
 garbage-first heap   total 95232K, used 40292K [0x0000000080000000, 0x0000000100000000)
  region size 1024K, 2 young (2048K), 2 survivors (2048K)
 Metaspace       used 41859K, capacity 42920K, committed 43264K, reserved 1087488K
  class space    used 5393K, capacity 5780K, committed 5888K, reserved 1048576K
}
Event: 9.203 GC heap before
{Heap before GC invocations=20 (full 0):
 garbage-first heap   total 95232K, used 49508K [0x0000000080000000, 0x0000000100000000)
  region size 1024K, 8 young (8192K), 2 survivors (2048K)
 Metaspace       used 42081K, capacity 43163K, committed 43264K, reserved 1087488K
  class space    used 5410K, capacity 5791K, committed 5888K, reserved 1048576K
}
Event: 9.210 GC heap after
{Heap after GC invocations=21 (full 0):
 garbage-first heap   total 95232K, used 46933K [0x0000000080000000, 0x0000000100000000)
  region size 1024K, 3 young (3072K), 3 survivors (3072K)
 Metaspace       used 42081K, capacity 43163K, committed 43264K, reserved 1087488K
  class space    used 5410K, capacity 5791K, committed 5888K, reserved 1048576K
}
Event: 9.430 GC heap before
{Heap before GC invocations=22 (full 0):
 garbage-first heap   total 95232K, used 61269K [0x0000000080000000, 0x0000000100000000)
  region size 1024K, 16 young (16384K), 3 survivors (3072K)
 Metaspace       used 42760K, capacity 43979K, committed 44160K, reserved 1087488K
  class space    used 5484K, capacity 5911K, committed 6016K, reserved 1048576K
}
Event: 9.439 GC heap after
{Heap after GC invocations=23 (full 0):
 garbage-first heap   total 95232K, used 52131K [0x0000000080000000, 0x0000000100000000)
  region size 1024K, 3 young (3072K), 3 survivors (3072K)
 Metaspace       used 42760K, capacity 43979K, committed 44160K, reserved 1087488K
  class space    used 5484K, capacity 5911K, committed 6016K, reserved 1048576K
}
Event: 9.754 GC heap before
{Heap before GC invocations=24 (full 0):
 garbage-first heap   total 95232K, used 71587K [0x0000000080000000, 0x0000000100000000)
  region size 1024K, 21 young (21504K), 3 survivors (3072K)
 Metaspace       used 44448K, capacity 45676K, committed 45824K, reserved 1089536K
  class space    used 5597K, capacity 6049K, committed 6144K, reserved 1048576K
}

