# JRE version: OpenJDK Runtime Environment (11.0.10) (build 11.0.10+0-b96-7249189)
# Java VM: OpenJDK 64-Bit Server VM (11.0.10+0-b96-7249189, mixed mode, tiered, compressed oops, g1 gc, windows-amd64)
Heap:
 garbage-first heap   total 65536K, used 36125K [0x0000000080000000, 0x0000000100000000)
  region size 1024K, 20 young (20480K), 3 survivors (3072K)
 Metaspace       used 30721K, capacity 31353K, committed 31408K, reserved 1081344K
  class space    used 4119K, capacity 4350K, committed 4352K, reserved 1048576K
GC Heap History (18 events):
Event: 1.142 GC heap before
{Heap before GC invocations=0 (full 0):
 garbage-first heap   total 65536K, used 19456K [0x0000000080000000, 0x0000000100000000)
  region size 1024K, 14 young (14336K), 0 survivors (0K)
 Metaspace       used 6735K, capacity 6925K, committed 7168K, reserved 1056768K
  class space    used 582K, capacity 650K, committed 768K, reserved 1048576K
}
Event: 1.149 GC heap after
{Heap after GC invocations=1 (full 0):
 garbage-first heap   total 65536K, used 7994K [0x0000000080000000, 0x0000000100000000)
  region size 1024K, 2 young (2048K), 2 survivors (2048K)
 Metaspace       used 6735K, capacity 6925K, committed 7168K, reserved 1056768K
  class space    used 582K, capacity 650K, committed 768K, reserved 1048576K
}
Event: 1.741 GC heap before
{Heap before GC invocations=1 (full 0):
 garbage-first heap   total 65536K, used 19258K [0x0000000080000000, 0x0000000100000000)
  region size 1024K, 13 young (13312K), 2 survivors (2048K)
 Metaspace       used 9802K, capacity 9990K, committed 10112K, reserved 1058816K
  class space    used 1022K, capacity 1102K, committed 1152K, reserved 1048576K
}
Event: 1.747 GC heap after
{Heap after GC invocations=2 (full 0):
 garbage-first heap   total 65536K, used 9365K [0x0000000080000000, 0x0000000100000000)
  region size 1024K, 2 young (2048K), 2 survivors (2048K)
 Metaspace       used 9802K, capacity 9990K, committed 10112K, reserved 1058816K
  class space    used 1022K, capacity 1102K, committed 1152K, reserved 1048576K
}
Event: 2.523 GC heap before
{Heap before GC invocations=2 (full 0):
 garbage-first heap   total 65536K, used 31893K [0x0000000080000000, 0x0000000100000000)
  region size 1024K, 24 young (24576K), 2 survivors (2048K)
 Metaspace       used 10758K, capacity 11007K, committed 11264K, reserved 1058816K
  class space    used 1123K, capacity 1206K, committed 1280K, reserved 1048576K
}
Event: 2.528 GC heap after
{Heap after GC invocations=3 (full 0):
 garbage-first heap   total 65536K, used 9858K [0x0000000080000000, 0x0000000100000000)
  region size 1024K, 2 young (2048K), 2 survivors (2048K)
 Metaspace       used 10758K, capacity 11007K, committed 11264K, reserved 1058816K
  class space    used 1123K, capacity 1206K, committed 1280K, reserved 1048576K
}
Event: 3.762 GC heap before
{Heap before GC invocations=3 (full 0):
 garbage-first heap   total 65536K, used 42626K [0x0000000080000000, 0x0000000100000000)
  region size 1024K, 34 young (34816K), 2 survivors (2048K)
 Metaspace       used 14066K, capacity 14385K, committed 14592K, reserved 1062912K
  class space    used 1584K, capacity 1716K, committed 1792K, reserved 1048576K
}
Event: 3.791 GC heap after
{Heap after GC invocations=4 (full 0):
 garbage-first heap   total 65536K, used 15318K [0x0000000080000000, 0x0000000100000000)
  region size 1024K, 5 young (5120K), 5 survivors (5120K)
 Metaspace       used 14066K, capacity 14385K, committed 14592K, reserved 1062912K
  class space    used 1584K, capacity 1716K, committed 1792K, reserved 1048576K
}
Event: 6.386 GC heap before
{Heap before GC invocations=4 (full 0):
 garbage-first heap   total 65536K, used 42966K [0x0000000080000000, 0x0000000100000000)
  region size 1024K, 32 young (32768K), 5 survivors (5120K)
 Metaspace       used 19119K, capacity 19520K, committed 19712K, reserved 1067008K
  class space    used 2311K, capacity 2436K, committed 2560K, reserved 1048576K
}
Event: 6.396 GC heap after
{Heap after GC invocations=5 (full 0):
 garbage-first heap   total 65536K, used 16813K [0x0000000080000000, 0x0000000100000000)
  region size 1024K, 2 young (2048K), 2 survivors (2048K)
 Metaspace       used 19119K, capacity 19520K, committed 19712K, reserved 1067008K
  class space    used 2311K, capacity 2436K, committed 2560K, reserved 1048576K
}
Event: 7.229 GC heap before
{Heap before GC invocations=5 (full 0):
 garbage-first heap   total 65536K, used 28077K [0x0000000080000000, 0x0000000100000000)
  region size 1024K, 14 young (14336K), 2 survivors (2048K)
 Metaspace       used 20633K, capacity 21154K, committed 21296K, reserved 1069056K
  class space    used 2513K, capacity 2688K, committed 2688K, reserved 1048576K
}
Event: 7.239 GC heap after
{Heap after GC invocations=6 (full 0):
 garbage-first heap   total 65536K, used 16992K [0x0000000080000000, 0x0000000100000000)
  region size 1024K, 2 young (2048K), 2 survivors (2048K)
 Metaspace       used 20633K, capacity 21154K, committed 21296K, reserved 1069056K
  class space    used 2513K, capacity 2688K, committed 2688K, reserved 1048576K
}
Event: 8.676 GC heap before
{Heap before GC invocations=7 (full 0):
 garbage-first heap   total 65536K, used 42592K [0x0000000080000000, 0x0000000100000000)
  region size 1024K, 27 young (27648K), 2 survivors (2048K)
 Metaspace       used 23147K, capacity 23726K, committed 23856K, reserved 1071104K
  class space    used 2935K, capacity 3144K, committed 3200K, reserved 1048576K
}
Event: 8.682 GC heap after
{Heap after GC invocations=8 (full 0):
 garbage-first heap   total 65536K, used 17884K [0x0000000080000000, 0x0000000100000000)
  region size 1024K, 3 young (3072K), 3 survivors (3072K)
 Metaspace       used 23147K, capacity 23726K, committed 23856K, reserved 1071104K
  class space    used 2935K, capacity 3144K, committed 3200K, reserved 1048576K
}
Event: 11.342 GC heap before
{Heap before GC invocations=8 (full 0):
 garbage-first heap   total 65536K, used 44508K [0x0000000080000000, 0x0000000100000000)
  region size 1024K, 29 young (29696K), 3 survivors (3072K)
 Metaspace       used 25932K, capacity 26489K, committed 26672K, reserved 1073152K
  class space    used 3384K, capacity 3599K, committed 3712K, reserved 1048576K
}
Event: 11.349 GC heap after
{Heap after GC invocations=9 (full 0):
 garbage-first heap   total 65536K, used 18917K [0x0000000080000000, 0x0000000100000000)
  region size 1024K, 3 young (3072K), 3 survivors (3072K)
 Metaspace       used 25932K, capacity 26489K, committed 26672K, reserved 1073152K
  class space    used 3384K, capacity 3599K, committed 3712K, reserved 1048576K
}
Event: 12.636 GC heap before
{Heap before GC invocations=9 (full 0):
 garbage-first heap   total 65536K, used 45541K [0x0000000080000000, 0x0000000100000000)
  region size 1024K, 29 young (29696K), 3 survivors (3072K)
 Metaspace       used 28329K, capacity 28988K, committed 29104K, reserved 1075200K
  class space    used 3761K, capacity 4028K, committed 4096K, reserved 1048576K
}
Event: 12.641 GC heap after
{Heap after GC invocations=10 (full 0):
 garbage-first heap   total 65536K, used 19741K [0x0000000080000000, 0x0000000100000000)
  region size 1024K, 3 young (3072K), 3 survivors (3072K)
 Metaspace       used 28329K, capacity 28988K, committed 29104K, reserved 1075200K
  class space    used 3761K, capacity 4028K, committed 4096K, reserved 1048576K
}

