# JRE version: OpenJDK Runtime Environment (11.0.10) (build 11.0.10+0-b96-7249189)
# Java VM: OpenJDK 64-Bit Server VM (11.0.10+0-b96-7249189, mixed mode, tiered, compressed oops, g1 gc, windows-amd64)
Heap:
 garbage-first heap   total 114688K, used 51196K [0x0000000080000000, 0x0000000100000000)
  region size 1024K, 11 young (11264K), 3 survivors (3072K)
 Metaspace       used 57456K, capacity 58902K, committed 59084K, reserved 1099776K
  class space    used 7285K, capacity 7811K, committed 7884K, reserved 1048576K
GC Heap History (20 events):
Event: 6.594 GC heap before
{Heap before GC invocations=8 (full 0):
 garbage-first heap   total 65536K, used 42877K [0x0000000080000000, 0x0000000100000000)
  region size 1024K, 28 young (28672K), 3 survivors (3072K)
 Metaspace       used 25921K, capacity 26485K, committed 26752K, reserved 1073152K
  class space    used 3389K, capacity 3599K, committed 3712K, reserved 1048576K
}
Event: 6.603 GC heap after
{Heap after GC invocations=9 (full 0):
 garbage-first heap   total 65536K, used 18223K [0x0000000080000000, 0x0000000100000000)
  region size 1024K, 3 young (3072K), 3 survivors (3072K)
 Metaspace       used 25921K, capacity 26485K, committed 26752K, reserved 1073152K
  class space    used 3389K, capacity 3599K, committed 3712K, reserved 1048576K
}
Event: 7.488 GC heap before
{Heap before GC invocations=9 (full 0):
 garbage-first heap   total 65536K, used 44847K [0x0000000080000000, 0x0000000100000000)
  region size 1024K, 29 young (29696K), 3 survivors (3072K)
 Metaspace       used 28309K, capacity 28984K, committed 29184K, reserved 1075200K
  class space    used 3770K, capacity 4028K, committed 4096K, reserved 1048576K
}
Event: 7.496 GC heap after
{Heap after GC invocations=10 (full 0):
 garbage-first heap   total 78848K, used 19190K [0x0000000080000000, 0x0000000100000000)
  region size 1024K, 3 young (3072K), 3 survivors (3072K)
 Metaspace       used 28309K, capacity 28984K, committed 29184K, reserved 1075200K
  class space    used 3770K, capacity 4028K, committed 4096K, reserved 1048576K
}
Event: 8.458 GC heap before
{Heap before GC invocations=10 (full 0):
 garbage-first heap   total 78848K, used 48886K [0x0000000080000000, 0x0000000100000000)
  region size 1024K, 33 young (33792K), 3 survivors (3072K)
 Metaspace       used 35076K, capacity 35830K, committed 35840K, reserved 1081344K
  class space    used 4542K, capacity 4864K, committed 4864K, reserved 1048576K
}
Event: 8.470 GC heap after
{Heap after GC invocations=11 (full 0):
 garbage-first heap   total 78848K, used 21932K [0x0000000080000000, 0x0000000100000000)
  region size 1024K, 5 young (5120K), 5 survivors (5120K)
 Metaspace       used 35076K, capacity 35830K, committed 35840K, reserved 1081344K
  class space    used 4542K, capacity 4864K, committed 4864K, reserved 1048576K
}
Event: 9.003 GC heap before
{Heap before GC invocations=12 (full 0):
 garbage-first heap   total 78848K, used 53676K [0x0000000080000000, 0x0000000100000000)
  region size 1024K, 36 young (36864K), 5 survivors (5120K)
 Metaspace       used 37114K, capacity 37974K, committed 38220K, reserved 1083392K
  class space    used 4802K, capacity 5126K, committed 5196K, reserved 1048576K
}
Event: 9.022 GC heap after
{Heap after GC invocations=13 (full 0):
 garbage-first heap   total 78848K, used 24569K [0x0000000080000000, 0x0000000100000000)
  region size 1024K, 3 young (3072K), 3 survivors (3072K)
 Metaspace       used 37114K, capacity 37974K, committed 38220K, reserved 1083392K
  class space    used 4802K, capacity 5126K, committed 5196K, reserved 1048576K
}
Event: 9.505 GC heap before
{Heap before GC invocations=14 (full 0):
 garbage-first heap   total 78848K, used 58361K [0x0000000080000000, 0x0000000100000000)
  region size 1024K, 33 young (33792K), 3 survivors (3072K)
 Metaspace       used 39590K, capacity 40494K, committed 40780K, reserved 1085440K
  class space    used 5062K, capacity 5390K, committed 5452K, reserved 1048576K
}
Event: 9.514 GC heap after
{Heap after GC invocations=15 (full 0):
 garbage-first heap   total 78848K, used 26517K [0x0000000080000000, 0x0000000100000000)
  region size 1024K, 3 young (3072K), 3 survivors (3072K)
 Metaspace       used 39590K, capacity 40494K, committed 40780K, reserved 1085440K
  class space    used 5062K, capacity 5390K, committed 5452K, reserved 1048576K
}
Event: 9.983 GC heap before
{Heap before GC invocations=15 (full 0):
 garbage-first heap   total 78848K, used 57237K [0x0000000080000000, 0x0000000100000000)
  region size 1024K, 33 young (33792K), 3 survivors (3072K)
 Metaspace       used 42847K, capacity 43921K, committed 43980K, reserved 1087488K
  class space    used 5461K, capacity 5822K, committed 5836K, reserved 1048576K
}
Event: 9.991 GC heap after
{Heap after GC invocations=16 (full 0):
 garbage-first heap   total 95232K, used 27482K [0x0000000080000000, 0x0000000100000000)
  region size 1024K, 4 young (4096K), 4 survivors (4096K)
 Metaspace       used 42847K, capacity 43921K, committed 43980K, reserved 1087488K
  class space    used 5461K, capacity 5822K, committed 5836K, reserved 1048576K
}
Event: 10.604 GC heap before
{Heap before GC invocations=16 (full 0):
 garbage-first heap   total 95232K, used 66394K [0x0000000080000000, 0x0000000100000000)
  region size 1024K, 42 young (43008K), 4 survivors (4096K)
 Metaspace       used 45746K, capacity 46888K, committed 47052K, reserved 1089536K
  class space    used 5876K, capacity 6301K, committed 6348K, reserved 1048576K
}
Event: 10.615 GC heap after
{Heap after GC invocations=17 (full 0):
 garbage-first heap   total 95232K, used 29144K [0x0000000080000000, 0x0000000100000000)
  region size 1024K, 3 young (3072K), 3 survivors (3072K)
 Metaspace       used 45746K, capacity 46888K, committed 47052K, reserved 1089536K
  class space    used 5876K, capacity 6301K, committed 6348K, reserved 1048576K
}
Event: 13.142 GC heap before
{Heap before GC invocations=17 (full 0):
 garbage-first heap   total 95232K, used 75224K [0x0000000080000000, 0x0000000100000000)
  region size 1024K, 45 young (46080K), 3 survivors (3072K)
 Metaspace       used 47548K, capacity 48701K, committed 48844K, reserved 1091584K
  class space    used 6071K, capacity 6493K, committed 6604K, reserved 1048576K
}
Event: 13.168 GC heap after
{Heap after GC invocations=18 (full 0):
 garbage-first heap   total 95232K, used 41471K [0x0000000080000000, 0x0000000100000000)
  region size 1024K, 6 young (6144K), 6 survivors (6144K)
 Metaspace       used 47548K, capacity 48701K, committed 48844K, reserved 1091584K
  class space    used 6071K, capacity 6493K, committed 6604K, reserved 1048576K
}
Event: 13.919 GC heap before
{Heap before GC invocations=18 (full 0):
 garbage-first heap   total 95232K, used 71167K [0x0000000080000000, 0x0000000100000000)
  region size 1024K, 35 young (35840K), 6 survivors (6144K)
 Metaspace       used 51404K, capacity 52675K, committed 52940K, reserved 1095680K
  class space    used 6537K, capacity 7019K, committed 7116K, reserved 1048576K
}
Event: 13.934 GC heap after
{Heap after GC invocations=19 (full 0):
 garbage-first heap   total 95232K, used 43334K [0x0000000080000000, 0x0000000100000000)
  region size 1024K, 2 young (2048K), 2 survivors (2048K)
 Metaspace       used 51404K, capacity 52675K, committed 52940K, reserved 1095680K
  class space    used 6537K, capacity 7019K, committed 7116K, reserved 1048576K
}
Event: 14.623 GC heap before
{Heap before GC invocations=19 (full 0):
 garbage-first heap   total 95232K, used 73030K [0x0000000080000000, 0x0000000100000000)
  region size 1024K, 31 young (31744K), 2 survivors (2048K)
 Metaspace       used 55954K, capacity 57296K, committed 57548K, reserved 1099776K
  class space    used 7081K, capacity 7572K, committed 7628K, reserved 1048576K
}
Event: 14.631 GC heap after
{Heap after GC invocations=20 (full 0):
 garbage-first heap   total 114688K, used 44028K [0x0000000080000000, 0x0000000100000000)
  region size 1024K, 3 young (3072K), 3 survivors (3072K)
 Metaspace       used 55954K, capacity 57296K, committed 57548K, reserved 1099776K
  class space    used 7081K, capacity 7572K, committed 7628K, reserved 1048576K
}

