# JRE version: OpenJDK Runtime Environment (11.0.10) (build 11.0.10+0-b96-7249189)
# Java VM: OpenJDK 64-Bit Server VM (11.0.10+0-b96-7249189, mixed mode, tiered, compressed oops, g1 gc, windows-amd64)
Heap:
 garbage-first heap   total 175104K, used 69976K [0x0000000080000000, 0x0000000100000000)
  region size 1024K, 5 young (5120K), 5 survivors (5120K)
 Metaspace       used 81022K, capacity 83140K, committed 83312K, reserved 1122304K
  class space    used 10503K, capacity 11286K, committed 11340K, reserved 1048576K
GC Heap History (20 events):
Event: 12.697 GC heap after
{Heap after GC invocations=20 (full 0):
 garbage-first heap   total 95232K, used 43609K [0x0000000080000000, 0x0000000100000000)
  region size 1024K, 2 young (2048K), 2 survivors (2048K)
 Metaspace       used 55556K, capacity 56954K, committed 57084K, reserved 1099776K
  class space    used 7010K, capacity 7500K, committed 7552K, reserved 1048576K
}
Event: 13.114 GC heap before
{Heap before GC invocations=20 (full 0):
 garbage-first heap   total 95232K, used 62041K [0x0000000080000000, 0x0000000100000000)
  region size 1024K, 21 young (21504K), 2 survivors (2048K)
 Metaspace       used 58466K, capacity 59874K, committed 59940K, reserved 1101824K
  class space    used 7389K, capacity 7919K, committed 7936K, reserved 1048576K
}
Event: 13.124 GC heap after
{Heap after GC invocations=21 (full 0):
 garbage-first heap   total 95232K, used 45018K [0x0000000080000000, 0x0000000100000000)
  region size 1024K, 3 young (3072K), 3 survivors (3072K)
 Metaspace       used 58466K, capacity 59874K, committed 59940K, reserved 1101824K
  class space    used 7389K, capacity 7919K, committed 7936K, reserved 1048576K
}
Event: 13.911 GC heap before
{Heap before GC invocations=22 (full 0):
 garbage-first heap   total 95232K, used 73690K [0x0000000080000000, 0x0000000100000000)
  region size 1024K, 32 young (32768K), 3 survivors (3072K)
 Metaspace       used 61107K, capacity 62541K, committed 62576K, reserved 1103872K
  class space    used 7713K, capacity 8246K, committed 8268K, reserved 1048576K
}
Event: 13.924 GC heap after
{Heap after GC invocations=23 (full 0):
 garbage-first heap   total 114688K, used 47493K [0x0000000080000000, 0x0000000100000000)
  region size 1024K, 4 young (4096K), 4 survivors (4096K)
 Metaspace       used 61107K, capacity 62541K, committed 62576K, reserved 1103872K
  class space    used 7713K, capacity 8246K, committed 8268K, reserved 1048576K
}
Event: 14.589 GC heap before
{Heap before GC invocations=24 (full 0):
 garbage-first heap   total 114688K, used 86405K [0x0000000080000000, 0x0000000100000000)
  region size 1024K, 41 young (41984K), 4 survivors (4096K)
 Metaspace       used 63310K, capacity 64883K, committed 65008K, reserved 1105920K
  class space    used 8029K, capacity 8592K, committed 8652K, reserved 1048576K
}
Event: 14.603 GC heap after
{Heap after GC invocations=25 (full 0):
 garbage-first heap   total 114688K, used 50401K [0x0000000080000000, 0x0000000100000000)
  region size 1024K, 6 young (6144K), 6 survivors (6144K)
 Metaspace       used 63310K, capacity 64883K, committed 65008K, reserved 1105920K
  class space    used 8029K, capacity 8592K, committed 8652K, reserved 1048576K
}
Event: 15.109 GC heap before
{Heap before GC invocations=25 (full 0):
 garbage-first heap   total 114688K, used 87265K [0x0000000080000000, 0x0000000100000000)
  region size 1024K, 42 young (43008K), 6 survivors (6144K)
 Metaspace       used 65878K, capacity 67534K, committed 67824K, reserved 1107968K
  class space    used 8427K, capacity 9027K, committed 9164K, reserved 1048576K
}
Event: 15.130 GC heap after
{Heap after GC invocations=26 (full 0):
 garbage-first heap   total 114688K, used 53204K [0x0000000080000000, 0x0000000100000000)
  region size 1024K, 6 young (6144K), 6 survivors (6144K)
 Metaspace       used 65878K, capacity 67534K, committed 67824K, reserved 1107968K
  class space    used 8427K, capacity 9027K, committed 9164K, reserved 1048576K
}
Event: 15.726 GC heap before
{Heap before GC invocations=26 (full 0):
 garbage-first heap   total 114688K, used 90068K [0x0000000080000000, 0x0000000100000000)
  region size 1024K, 42 young (43008K), 6 survivors (6144K)
 Metaspace       used 68686K, capacity 70284K, committed 70512K, reserved 1110016K
  class space    used 8877K, capacity 9467K, committed 9548K, reserved 1048576K
}
Event: 15.743 GC heap after
{Heap after GC invocations=27 (full 0):
 garbage-first heap   total 114688K, used 56329K [0x0000000080000000, 0x0000000100000000)
  region size 1024K, 6 young (6144K), 6 survivors (6144K)
 Metaspace       used 68686K, capacity 70284K, committed 70512K, reserved 1110016K
  class space    used 8877K, capacity 9467K, committed 9548K, reserved 1048576K
}
Event: 16.178 GC heap before
{Heap before GC invocations=27 (full 0):
 garbage-first heap   total 114688K, used 91145K [0x0000000080000000, 0x0000000100000000)
  region size 1024K, 40 young (40960K), 6 survivors (6144K)
 Metaspace       used 70468K, capacity 72168K, committed 72304K, reserved 1112064K
  class space    used 9134K, capacity 9751K, committed 9804K, reserved 1048576K
}
Event: 16.199 GC heap after
{Heap after GC invocations=28 (full 0):
 garbage-first heap   total 138240K, used 58616K [0x0000000080000000, 0x0000000100000000)
  region size 1024K, 5 young (5120K), 5 survivors (5120K)
 Metaspace       used 70468K, capacity 72168K, committed 72304K, reserved 1112064K
  class space    used 9134K, capacity 9751K, committed 9804K, reserved 1048576K
}
Event: 17.068 GC heap before
{Heap before GC invocations=28 (full 0):
 garbage-first heap   total 138240K, used 102648K [0x0000000080000000, 0x0000000100000000)
  region size 1024K, 48 young (49152K), 5 survivors (5120K)
 Metaspace       used 75597K, capacity 77406K, committed 77680K, reserved 1116160K
  class space    used 9843K, capacity 10520K, committed 10572K, reserved 1048576K
}
Event: 17.095 GC heap after
{Heap after GC invocations=29 (full 0):
 garbage-first heap   total 138240K, used 61184K [0x0000000080000000, 0x0000000100000000)
  region size 1024K, 5 young (5120K), 5 survivors (5120K)
 Metaspace       used 75597K, capacity 77406K, committed 77680K, reserved 1116160K
  class space    used 9843K, capacity 10520K, committed 10572K, reserved 1048576K
}
Event: 18.298 GC heap before
{Heap before GC invocations=29 (full 0):
 garbage-first heap   total 138240K, used 106240K [0x0000000080000000, 0x0000000100000000)
  region size 1024K, 49 young (50176K), 5 survivors (5120K)
 Metaspace       used 78363K, capacity 80304K, committed 80368K, reserved 1118208K
  class space    used 10229K, capacity 10927K, committed 10956K, reserved 1048576K
}
Event: 18.318 GC heap after
{Heap after GC invocations=30 (full 0):
 garbage-first heap   total 138240K, used 64991K [0x0000000080000000, 0x0000000100000000)
  region size 1024K, 7 young (7168K), 7 survivors (7168K)
 Metaspace       used 78363K, capacity 80304K, committed 80368K, reserved 1118208K
  class space    used 10229K, capacity 10927K, committed 10956K, reserved 1048576K
}
Event: 19.461 GC heap before
{Heap before GC invocations=30 (full 0):
 garbage-first heap   total 138240K, used 107999K [0x0000000080000000, 0x0000000100000000)
  region size 1024K, 50 young (51200K), 7 survivors (7168K)
 Metaspace       used 79807K, capacity 81917K, committed 82160K, reserved 1120256K
  class space    used 10433K, capacity 11197K, committed 11212K, reserved 1048576K
}
Event: 19.481 GC heap after
{Heap after GC invocations=31 (full 0):
 garbage-first heap   total 138240K, used 68084K [0x0000000080000000, 0x0000000100000000)
  region size 1024K, 7 young (7168K), 7 survivors (7168K)
 Metaspace       used 79807K, capacity 81917K, committed 82160K, reserved 1120256K
  class space    used 10433K, capacity 11197K, committed 11212K, reserved 1048576K
}
Event: 22.240 GC heap before
{Heap before GC invocations=31 (full 0):
 garbage-first heap   total 138240K, used 111092K [0x0000000080000000, 0x0000000100000000)
  region size 1024K, 50 young (51200K), 7 survivors (7168K)
 Metaspace       used 81022K, capacity 83140K, committed 83312K, reserved 1122304K
  class space    used 10503K, capacity 11286K, committed 11340K, reserved 1048576K
}

