# JRE version: OpenJDK Runtime Environment (11.0.10) (build 11.0.10+0-b96-7249189)
# Java VM: OpenJDK 64-Bit Server VM (11.0.10+0-b96-7249189, mixed mode, tiered, compressed oops, g1 gc, windows-amd64)
Heap:
 garbage-first heap   total 417792K, used 168960K [0x0000000080000000, 0x0000000100000000)
  region size 1024K, 6 young (6144K), 6 survivors (6144K)
 Metaspace       used 92733K, capacity 95133K, committed 95228K, reserved 1132544K
  class space    used 12214K, capacity 13118K, committed 13184K, reserved 1048576K
GC Heap History (20 events):
Event: 36.109 GC heap after
{Heap after GC invocations=41 (full 0):
 garbage-first heap   total 128000K, used 57181K [0x0000000080000000, 0x0000000100000000)
  region size 1024K, 5 young (5120K), 5 survivors (5120K)
 Metaspace       used 69062K, capacity 70666K, committed 70908K, reserved 1110016K
  class space    used 8935K, capacity 9508K, committed 9600K, reserved 1048576K
}
Event: 37.240 GC heap before
{Heap before GC invocations=41 (full 0):
 garbage-first heap   total 128000K, used 91997K [0x0000000080000000, 0x0000000100000000)
  region size 1024K, 39 young (39936K), 5 survivors (5120K)
 Metaspace       used 71583K, capacity 73265K, committed 73340K, reserved 1112064K
  class space    used 9311K, capacity 9921K, committed 9984K, reserved 1048576K
}
Event: 37.267 GC heap after
{Heap after GC invocations=42 (full 0):
 garbage-first heap   total 128000K, used 59684K [0x0000000080000000, 0x0000000100000000)
  region size 1024K, 5 young (5120K), 5 survivors (5120K)
 Metaspace       used 71583K, capacity 73265K, committed 73340K, reserved 1112064K
  class space    used 9311K, capacity 9921K, committed 9984K, reserved 1048576K
}
Event: 38.275 GC heap before
{Heap before GC invocations=42 (full 0):
 garbage-first heap   total 128000K, used 94500K [0x0000000080000000, 0x0000000100000000)
  region size 1024K, 39 young (39936K), 5 survivors (5120K)
 Metaspace       used 75920K, capacity 77710K, committed 77820K, reserved 1116160K
  class space    used 9897K, capacity 10556K, committed 10624K, reserved 1048576K
}
Event: 38.304 GC heap after
{Heap after GC invocations=43 (full 0):
 garbage-first heap   total 179200K, used 61965K [0x0000000080000000, 0x0000000100000000)
  region size 1024K, 5 young (5120K), 5 survivors (5120K)
 Metaspace       used 75920K, capacity 77710K, committed 77820K, reserved 1116160K
  class space    used 9897K, capacity 10556K, committed 10624K, reserved 1048576K
}
Event: 41.076 GC heap before
{Heap before GC invocations=43 (full 0):
 garbage-first heap   total 179200K, used 115213K [0x0000000080000000, 0x0000000100000000)
  region size 1024K, 57 young (58368K), 5 survivors (5120K)
 Metaspace       used 79253K, capacity 81402K, committed 81532K, reserved 1120256K
  class space    used 10404K, capacity 11162K, committed 11264K, reserved 1048576K
}
Event: 41.107 GC heap after
{Heap after GC invocations=44 (full 0):
 garbage-first heap   total 179200K, used 65850K [0x0000000080000000, 0x0000000100000000)
  region size 1024K, 8 young (8192K), 8 survivors (8192K)
 Metaspace       used 79253K, capacity 81402K, committed 81532K, reserved 1120256K
  class space    used 10404K, capacity 11162K, committed 11264K, reserved 1048576K
}
Event: 42.537 GC heap before
{Heap before GC invocations=44 (full 0):
 garbage-first heap   total 179200K, used 136506K [0x0000000080000000, 0x0000000100000000)
  region size 1024K, 78 young (79872K), 8 survivors (8192K)
 Metaspace       used 80095K, capacity 82209K, committed 82300K, reserved 1120256K
  class space    used 10429K, capacity 11213K, committed 11264K, reserved 1048576K
}
Event: 42.636 GC heap after
{Heap after GC invocations=45 (full 0):
 garbage-first heap   total 179200K, used 70854K [0x0000000080000000, 0x0000000100000000)
  region size 1024K, 9 young (9216K), 9 survivors (9216K)
 Metaspace       used 80095K, capacity 82209K, committed 82300K, reserved 1120256K
  class space    used 10429K, capacity 11213K, committed 11264K, reserved 1048576K
}
Event: 44.069 GC heap before
{Heap before GC invocations=45 (full 0):
 garbage-first heap   total 179200K, used 138438K [0x0000000080000000, 0x0000000100000000)
  region size 1024K, 76 young (77824K), 9 survivors (9216K)
 Metaspace       used 80566K, capacity 82676K, committed 82940K, reserved 1120256K
  class space    used 10482K, capacity 11274K, committed 11392K, reserved 1048576K
}
Event: 44.100 GC heap after
{Heap after GC invocations=46 (full 0):
 garbage-first heap   total 179200K, used 74590K [0x0000000080000000, 0x0000000100000000)
  region size 1024K, 9 young (9216K), 9 survivors (9216K)
 Metaspace       used 80566K, capacity 82676K, committed 82940K, reserved 1120256K
  class space    used 10482K, capacity 11274K, committed 11392K, reserved 1048576K
}
Event: 46.803 GC heap before
{Heap before GC invocations=46 (full 0):
 garbage-first heap   total 179200K, used 141150K [0x0000000080000000, 0x0000000100000000)
  region size 1024K, 75 young (76800K), 9 survivors (9216K)
 Metaspace       used 83083K, capacity 85303K, committed 85500K, reserved 1124352K
  class space    used 10776K, capacity 11597K, committed 11648K, reserved 1048576K
}
Event: 46.862 GC heap after
{Heap after GC invocations=47 (full 0):
 garbage-first heap   total 261120K, used 77584K [0x0000000080000000, 0x0000000100000000)
  region size 1024K, 7 young (7168K), 7 survivors (7168K)
 Metaspace       used 83083K, capacity 85303K, committed 85500K, reserved 1124352K
  class space    used 10776K, capacity 11597K, committed 11648K, reserved 1048576K
}
Event: 48.923 GC heap before
{Heap before GC invocations=47 (full 0):
 garbage-first heap   total 261120K, used 176912K [0x0000000080000000, 0x0000000100000000)
  region size 1024K, 99 young (101376K), 7 survivors (7168K)
 Metaspace       used 87644K, capacity 89858K, committed 89980K, reserved 1126400K
  class space    used 11349K, capacity 12173K, committed 12288K, reserved 1048576K
}
Event: 48.962 GC heap after
{Heap after GC invocations=48 (full 0):
 garbage-first heap   total 261120K, used 93403K [0x0000000080000000, 0x0000000100000000)
  region size 1024K, 13 young (13312K), 13 survivors (13312K)
 Metaspace       used 87644K, capacity 89858K, committed 89980K, reserved 1126400K
  class space    used 11349K, capacity 12173K, committed 12288K, reserved 1048576K
}
Event: 50.274 GC heap before
{Heap before GC invocations=48 (full 0):
 garbage-first heap   total 261120K, used 216283K [0x0000000080000000, 0x0000000100000000)
  region size 1024K, 120 young (122880K), 13 survivors (13312K)
 Metaspace       used 90922K, capacity 93266K, committed 93436K, reserved 1130496K
  class space    used 11953K, capacity 12842K, committed 12928K, reserved 1048576K
}
Event: 50.414 GC heap after
{Heap after GC invocations=49 (full 0):
 garbage-first heap   total 276480K, used 146866K [0x0000000080000000, 0x0000000100000000)
  region size 1024K, 15 young (15360K), 15 survivors (15360K)
 Metaspace       used 90922K, capacity 93266K, committed 93436K, reserved 1130496K
  class space    used 11953K, capacity 12842K, committed 12928K, reserved 1048576K
}
Event: 50.568 GC heap before
{Heap before GC invocations=49 (full 0):
 garbage-first heap   total 276480K, used 160178K [0x0000000080000000, 0x0000000100000000)
  region size 1024K, 28 young (28672K), 15 survivors (15360K)
 Metaspace       used 90925K, capacity 93266K, committed 93436K, reserved 1130496K
  class space    used 11953K, capacity 12842K, committed 12928K, reserved 1048576K
}
Event: 50.699 GC heap after
{Heap after GC invocations=50 (full 0):
 garbage-first heap   total 276480K, used 154401K [0x0000000080000000, 0x0000000100000000)
  region size 1024K, 4 young (4096K), 4 survivors (4096K)
 Metaspace       used 90925K, capacity 93266K, committed 93436K, reserved 1130496K
  class space    used 11953K, capacity 12842K, committed 12928K, reserved 1048576K
}
Event: 51.422 GC heap before
{Heap before GC invocations=50 (full 0):
 garbage-first heap   total 276480K, used 195361K [0x0000000080000000, 0x0000000100000000)
  region size 1024K, 45 young (46080K), 4 survivors (4096K)
 Metaspace       used 92733K, capacity 95133K, committed 95228K, reserved 1132544K
  class space    used 12214K, capacity 13118K, committed 13184K, reserved 1048576K
}

