# JRE version: OpenJDK Runtime Environment (11.0.10) (build 11.0.10+0-b96-7249189)
# Java VM: OpenJDK 64-Bit Server VM (11.0.10+0-b96-7249189, mixed mode, tiered, compressed oops, g1 gc, windows-amd64)
Heap:
 garbage-first heap   total 175104K, used 86268K [0x0000000080000000, 0x0000000100000000)
  region size 1024K, 4 young (4096K), 4 survivors (4096K)
 Metaspace       used 73335K, capacity 75301K, committed 75520K, reserved 1114112K
  class space    used 9533K, capacity 10195K, committed 10240K, reserved 1048576K
GC Heap History (20 events):
Event: 29.109 GC heap after
{Heap after GC invocations=50 (full 0):
 garbage-first heap   total 120832K, used 69874K [0x0000000080000000, 0x0000000100000000)
  region size 1024K, 2 young (2048K), 2 survivors (2048K)
 Metaspace       used 52256K, capacity 53821K, committed 54016K, reserved 1095680K
  class space    used 6660K, capacity 7133K, committed 7168K, reserved 1048576K
}
Event: 30.365 GC heap before
{Heap before GC invocations=50 (full 0):
 garbage-first heap   total 120832K, used 92402K [0x0000000080000000, 0x0000000100000000)
  region size 1024K, 24 young (24576K), 2 survivors (2048K)
 Metaspace       used 55462K, capacity 56996K, committed 57344K, reserved 1099776K
  class space    used 7065K, capacity 7573K, committed 7680K, reserved 1048576K
}
Event: 30.374 GC heap after
{Heap after GC invocations=51 (full 0):
 garbage-first heap   total 120832K, used 70681K [0x0000000080000000, 0x0000000100000000)
  region size 1024K, 3 young (3072K), 3 survivors (3072K)
 Metaspace       used 55462K, capacity 56996K, committed 57344K, reserved 1099776K
  class space    used 7065K, capacity 7573K, committed 7680K, reserved 1048576K
}
Event: 31.889 GC heap before
{Heap before GC invocations=52 (full 0):
 garbage-first heap   total 120832K, used 94233K [0x0000000080000000, 0x0000000100000000)
  region size 1024K, 26 young (26624K), 3 survivors (3072K)
 Metaspace       used 59241K, capacity 60997K, committed 61184K, reserved 1101824K
  class space    used 7539K, capacity 8115K, committed 8192K, reserved 1048576K
}
Event: 31.898 GC heap after
{Heap after GC invocations=53 (full 0):
 garbage-first heap   total 120832K, used 71661K [0x0000000080000000, 0x0000000100000000)
  region size 1024K, 2 young (2048K), 2 survivors (2048K)
 Metaspace       used 59241K, capacity 60997K, committed 61184K, reserved 1101824K
  class space    used 7539K, capacity 8115K, committed 8192K, reserved 1048576K
}
Event: 32.908 GC heap before
{Heap before GC invocations=53 (full 0):
 garbage-first heap   total 120832K, used 94189K [0x0000000080000000, 0x0000000100000000)
  region size 1024K, 25 young (25600K), 2 survivors (2048K)
 Metaspace       used 61569K, capacity 63289K, committed 63488K, reserved 1103872K
  class space    used 7806K, capacity 8387K, committed 8448K, reserved 1048576K
}
Event: 32.922 GC heap after
{Heap after GC invocations=54 (full 0):
 garbage-first heap   total 120832K, used 74277K [0x0000000080000000, 0x0000000100000000)
  region size 1024K, 4 young (4096K), 4 survivors (4096K)
 Metaspace       used 61569K, capacity 63289K, committed 63488K, reserved 1103872K
  class space    used 7806K, capacity 8387K, committed 8448K, reserved 1048576K
}
Event: 34.243 GC heap before
{Heap before GC invocations=55 (full 0):
 garbage-first heap   total 120832K, used 96805K [0x0000000080000000, 0x0000000100000000)
  region size 1024K, 26 young (26624K), 4 survivors (4096K)
 Metaspace       used 63793K, capacity 65558K, committed 65792K, reserved 1105920K
  class space    used 8098K, capacity 8690K, committed 8704K, reserved 1048576K
}
Event: 34.264 GC heap after
{Heap after GC invocations=56 (full 0):
 garbage-first heap   total 145408K, used 76032K [0x0000000080000000, 0x0000000100000000)
  region size 1024K, 2 young (2048K), 2 survivors (2048K)
 Metaspace       used 63793K, capacity 65558K, committed 65792K, reserved 1105920K
  class space    used 8098K, capacity 8690K, committed 8704K, reserved 1048576K
}
Event: 34.417 GC heap before
{Heap before GC invocations=56 (full 0):
 garbage-first heap   total 145408K, used 78080K [0x0000000080000000, 0x0000000100000000)
  region size 1024K, 5 young (5120K), 2 survivors (2048K)
 Metaspace       used 64045K, capacity 65788K, committed 65920K, reserved 1105920K
  class space    used 8125K, capacity 8724K, committed 8832K, reserved 1048576K
}
Event: 34.423 GC heap after
{Heap after GC invocations=57 (full 0):
 garbage-first heap   total 145408K, used 76264K [0x0000000080000000, 0x0000000100000000)
  region size 1024K, 2 young (2048K), 2 survivors (2048K)
 Metaspace       used 64045K, capacity 65788K, committed 65920K, reserved 1105920K
  class space    used 8125K, capacity 8724K, committed 8832K, reserved 1048576K
}
Event: 35.440 GC heap before
{Heap before GC invocations=58 (full 0):
 garbage-first heap   total 145408K, used 105960K [0x0000000080000000, 0x0000000100000000)
  region size 1024K, 30 young (30720K), 2 survivors (2048K)
 Metaspace       used 65032K, capacity 66930K, committed 67072K, reserved 1107968K
  class space    used 8277K, capacity 8906K, committed 8960K, reserved 1048576K
}
Event: 35.449 GC heap after
{Heap after GC invocations=59 (full 0):
 garbage-first heap   total 145408K, used 78446K [0x0000000080000000, 0x0000000100000000)
  region size 1024K, 4 young (4096K), 4 survivors (4096K)
 Metaspace       used 65032K, capacity 66930K, committed 67072K, reserved 1107968K
  class space    used 8277K, capacity 8906K, committed 8960K, reserved 1048576K
}
Event: 36.824 GC heap before
{Heap before GC invocations=59 (full 0):
 garbage-first heap   total 145408K, used 108142K [0x0000000080000000, 0x0000000100000000)
  region size 1024K, 33 young (33792K), 4 survivors (4096K)
 Metaspace       used 67609K, capacity 69458K, committed 69504K, reserved 1110016K
  class space    used 8675K, capacity 9301K, committed 9344K, reserved 1048576K
}
Event: 36.859 GC heap after
{Heap after GC invocations=60 (full 0):
 garbage-first heap   total 145408K, used 80614K [0x0000000080000000, 0x0000000100000000)
  region size 1024K, 5 young (5120K), 5 survivors (5120K)
 Metaspace       used 67609K, capacity 69458K, committed 69504K, reserved 1110016K
  class space    used 8675K, capacity 9301K, committed 9344K, reserved 1048576K
}
Event: 38.418 GC heap before
{Heap before GC invocations=61 (full 0):
 garbage-first heap   total 145408K, used 110310K [0x0000000080000000, 0x0000000100000000)
  region size 1024K, 34 young (34816K), 5 survivors (5120K)
 Metaspace       used 70312K, capacity 72131K, committed 72320K, reserved 1112064K
  class space    used 9089K, capacity 9738K, committed 9856K, reserved 1048576K
}
Event: 38.443 GC heap after
{Heap after GC invocations=62 (full 0):
 garbage-first heap   total 145408K, used 82747K [0x0000000080000000, 0x0000000100000000)
  region size 1024K, 5 young (5120K), 5 survivors (5120K)
 Metaspace       used 70312K, capacity 72131K, committed 72320K, reserved 1112064K
  class space    used 9089K, capacity 9738K, committed 9856K, reserved 1048576K
}
Event: 39.045 GC heap before
{Heap before GC invocations=62 (full 0):
 garbage-first heap   total 145408K, used 112443K [0x0000000080000000, 0x0000000100000000)
  region size 1024K, 34 young (34816K), 5 survivors (5120K)
 Metaspace       used 70859K, capacity 72675K, committed 72832K, reserved 1112064K
  class space    used 9186K, capacity 9792K, committed 9856K, reserved 1048576K
}
Event: 39.066 GC heap after
{Heap after GC invocations=63 (full 0):
 garbage-first heap   total 145408K, used 84687K [0x0000000080000000, 0x0000000100000000)
  region size 1024K, 4 young (4096K), 4 survivors (4096K)
 Metaspace       used 70859K, capacity 72675K, committed 72832K, reserved 1112064K
  class space    used 9186K, capacity 9792K, committed 9856K, reserved 1048576K
}
Event: 40.824 GC heap before
{Heap before GC invocations=64 (full 0):
 garbage-first heap   total 145408K, used 115407K [0x0000000080000000, 0x0000000100000000)
  region size 1024K, 34 young (34816K), 4 survivors (4096K)
 Metaspace       used 73335K, capacity 75301K, committed 75520K, reserved 1114112K
  class space    used 9533K, capacity 10195K, committed 10240K, reserved 1048576K
}

