# JRE version: OpenJDK Runtime Environment (11.0.10) (build 11.0.10+0-b96-7249189)
# Java VM: OpenJDK 64-Bit Server VM (11.0.10+0-b96-7249189, mixed mode, tiered, compressed oops, g1 gc, windows-amd64)
Heap:
 garbage-first heap   total 102400K, used 55450K [0x0000000080000000, 0x0000000100000000)
  region size 1024K, 2 young (2048K), 2 survivors (2048K)
 Metaspace       used 46830K, capacity 48155K, committed 48512K, reserved 1091584K
  class space    used 5980K, capacity 6408K, committed 6528K, reserved 1048576K
GC Heap History (20 events):
Event: 23.814 GC heap after
{Heap after GC invocations=30 (full 0):
 garbage-first heap   total 66560K, used 51498K [0x0000000080000000, 0x0000000100000000)
  region size 1024K, 1 young (1024K), 1 survivors (1024K)
 Metaspace       used 44204K, capacity 45440K, committed 45696K, reserved 1089536K
  class space    used 5557K, capacity 5974K, committed 6016K, reserved 1048576K
}
Event: 24.153 GC heap before
{Heap before GC invocations=31 (full 0):
 garbage-first heap   total 66560K, used 56618K [0x0000000080000000, 0x0000000100000000)
  region size 1024K, 6 young (6144K), 1 survivors (1024K)
 Metaspace       used 44472K, capacity 45788K, committed 46080K, reserved 1089536K
  class space    used 5590K, capacity 6046K, committed 6144K, reserved 1048576K
}
Event: 24.158 GC heap after
{Heap after GC invocations=32 (full 0):
 garbage-first heap   total 66560K, used 52071K [0x0000000080000000, 0x0000000100000000)
  region size 1024K, 1 young (1024K), 1 survivors (1024K)
 Metaspace       used 44472K, capacity 45788K, committed 46080K, reserved 1089536K
  class space    used 5590K, capacity 6046K, committed 6144K, reserved 1048576K
}
Event: 24.294 GC heap before
{Heap before GC invocations=32 (full 0):
 garbage-first heap   total 66560K, used 56167K [0x0000000080000000, 0x0000000100000000)
  region size 1024K, 5 young (5120K), 1 survivors (1024K)
 Metaspace       used 44527K, capacity 45796K, committed 46080K, reserved 1089536K
  class space    used 5595K, capacity 6048K, committed 6144K, reserved 1048576K
}
Event: 24.300 GC heap after
{Heap after GC invocations=33 (full 0):
 garbage-first heap   total 66560K, used 52716K [0x0000000080000000, 0x0000000100000000)
  region size 1024K, 1 young (1024K), 1 survivors (1024K)
 Metaspace       used 44527K, capacity 45796K, committed 46080K, reserved 1089536K
  class space    used 5595K, capacity 6048K, committed 6144K, reserved 1048576K
}
Event: 24.382 GC heap before
{Heap before GC invocations=33 (full 0):
 garbage-first heap   total 66560K, used 56812K [0x0000000080000000, 0x0000000100000000)
  region size 1024K, 5 young (5120K), 1 survivors (1024K)
 Metaspace       used 44552K, capacity 45808K, committed 46080K, reserved 1089536K
  class space    used 5600K, capacity 6052K, committed 6144K, reserved 1048576K
}
Event: 24.384 GC heap after
{Heap after GC invocations=34 (full 0):
 garbage-first heap   total 66560K, used 53025K [0x0000000080000000, 0x0000000100000000)
  region size 1024K, 1 young (1024K), 1 survivors (1024K)
 Metaspace       used 44552K, capacity 45808K, committed 46080K, reserved 1089536K
  class space    used 5600K, capacity 6052K, committed 6144K, reserved 1048576K
}
Event: 24.444 GC heap before
{Heap before GC invocations=34 (full 0):
 garbage-first heap   total 66560K, used 56097K [0x0000000080000000, 0x0000000100000000)
  region size 1024K, 4 young (4096K), 1 survivors (1024K)
 Metaspace       used 44556K, capacity 45808K, committed 46080K, reserved 1089536K
  class space    used 5600K, capacity 6052K, committed 6144K, reserved 1048576K
}
Event: 24.446 GC heap after
{Heap after GC invocations=35 (full 0):
 garbage-first heap   total 66560K, used 53099K [0x0000000080000000, 0x0000000100000000)
  region size 1024K, 1 young (1024K), 1 survivors (1024K)
 Metaspace       used 44556K, capacity 45808K, committed 46080K, reserved 1089536K
  class space    used 5600K, capacity 6052K, committed 6144K, reserved 1048576K
}
Event: 24.529 GC heap before
{Heap before GC invocations=36 (full 0):
 garbage-first heap   total 66560K, used 55147K [0x0000000080000000, 0x0000000100000000)
  region size 1024K, 4 young (4096K), 1 survivors (1024K)
 Metaspace       used 44649K, capacity 45873K, committed 46080K, reserved 1089536K
  class space    used 5620K, capacity 6052K, committed 6144K, reserved 1048576K
}
Event: 24.533 GC heap after
{Heap after GC invocations=37 (full 0):
 garbage-first heap   total 66560K, used 53361K [0x0000000080000000, 0x0000000100000000)
  region size 1024K, 1 young (1024K), 1 survivors (1024K)
 Metaspace       used 44649K, capacity 45873K, committed 46080K, reserved 1089536K
  class space    used 5620K, capacity 6052K, committed 6144K, reserved 1048576K
}
Event: 24.636 GC heap before
{Heap before GC invocations=37 (full 0):
 garbage-first heap   total 66560K, used 56433K [0x0000000080000000, 0x0000000100000000)
  region size 1024K, 4 young (4096K), 1 survivors (1024K)
 Metaspace       used 44850K, capacity 46044K, committed 46336K, reserved 1089536K
  class space    used 5656K, capacity 6088K, committed 6144K, reserved 1048576K
}
Event: 24.641 GC heap after
{Heap after GC invocations=38 (full 0):
 garbage-first heap   total 79872K, used 53450K [0x0000000080000000, 0x0000000100000000)
  region size 1024K, 1 young (1024K), 1 survivors (1024K)
 Metaspace       used 44850K, capacity 46044K, committed 46336K, reserved 1089536K
  class space    used 5656K, capacity 6088K, committed 6144K, reserved 1048576K
}
Event: 25.102 GC heap before
{Heap before GC invocations=39 (full 0):
 garbage-first heap   total 79872K, used 61642K [0x0000000080000000, 0x0000000100000000)
  region size 1024K, 9 young (9216K), 1 survivors (1024K)
 Metaspace       used 45515K, capacity 46803K, committed 46976K, reserved 1089536K
  class space    used 5760K, capacity 6192K, committed 6272K, reserved 1048576K
}
Event: 25.107 GC heap after
{Heap after GC invocations=40 (full 0):
 garbage-first heap   total 79872K, used 53927K [0x0000000080000000, 0x0000000100000000)
  region size 1024K, 1 young (1024K), 1 survivors (1024K)
 Metaspace       used 45515K, capacity 46803K, committed 46976K, reserved 1089536K
  class space    used 5760K, capacity 6192K, committed 6272K, reserved 1048576K
}
Event: 25.441 GC heap before
{Heap before GC invocations=40 (full 0):
 garbage-first heap   total 79872K, used 63143K [0x0000000080000000, 0x0000000100000000)
  region size 1024K, 10 young (10240K), 1 survivors (1024K)
 Metaspace       used 46082K, capacity 47309K, committed 47616K, reserved 1091584K
  class space    used 5854K, capacity 6296K, committed 6400K, reserved 1048576K
}
Event: 25.450 GC heap after
{Heap after GC invocations=41 (full 0):
 garbage-first heap   total 79872K, used 54736K [0x0000000080000000, 0x0000000100000000)
  region size 1024K, 2 young (2048K), 2 survivors (2048K)
 Metaspace       used 46082K, capacity 47309K, committed 47616K, reserved 1091584K
  class space    used 5854K, capacity 6296K, committed 6400K, reserved 1048576K
}
Event: 25.879 GC heap before
{Heap before GC invocations=42 (full 0):
 garbage-first heap   total 79872K, used 62928K [0x0000000080000000, 0x0000000100000000)
  region size 1024K, 10 young (10240K), 2 survivors (2048K)
 Metaspace       used 46678K, capacity 47990K, committed 48128K, reserved 1091584K
  class space    used 5947K, capacity 6397K, committed 6400K, reserved 1048576K
}
Event: 25.887 GC heap after
{Heap after GC invocations=43 (full 0):
 garbage-first heap   total 79872K, used 54998K [0x0000000080000000, 0x0000000100000000)
  region size 1024K, 2 young (2048K), 2 survivors (2048K)
 Metaspace       used 46678K, capacity 47990K, committed 48128K, reserved 1091584K
  class space    used 5947K, capacity 6397K, committed 6400K, reserved 1048576K
}
Event: 26.074 GC heap before
{Heap before GC invocations=43 (full 0):
 garbage-first heap   total 79872K, used 62166K [0x0000000080000000, 0x0000000100000000)
  region size 1024K, 10 young (10240K), 2 survivors (2048K)
 Metaspace       used 46830K, capacity 48155K, committed 48512K, reserved 1091584K
  class space    used 5980K, capacity 6408K, committed 6528K, reserved 1048576K
}

