# JRE version: OpenJDK Runtime Environment (11.0.10) (build 11.0.10+0-b96-7249189)
# Java VM: OpenJDK 64-Bit Server VM (11.0.10+0-b96-7249189, mixed mode, tiered, compressed oops, g1 gc, windows-amd64)
Heap:
 garbage-first heap   total 199680K, used 84672K [0x0000000080000000, 0x0000000100000000)
  region size 1024K, 2 young (2048K), 2 survivors (2048K)
 Metaspace       used 88448K, capacity 90604K, committed 90696K, reserved 1128448K
  class space    used 11400K, capacity 12219K, committed 12288K, reserved 1048576K
GC Heap History (20 events):
Event: 21.463 GC heap after
{Heap after GC invocations=28 (full 0):
 garbage-first heap   total 114688K, used 53248K [0x0000000080000000, 0x0000000100000000)
  region size 1024K, 5 young (5120K), 5 survivors (5120K)
 Metaspace       used 63617K, capacity 65220K, committed 65352K, reserved 1105920K
  class space    used 8069K, capacity 8637K, committed 8704K, reserved 1048576K
}
Event: 22.373 GC heap before
{Heap before GC invocations=28 (full 0):
 garbage-first heap   total 114688K, used 88064K [0x0000000080000000, 0x0000000100000000)
  region size 1024K, 39 young (39936K), 5 survivors (5120K)
 Metaspace       used 68164K, capacity 69805K, committed 69960K, reserved 1110016K
  class space    used 8806K, capacity 9391K, committed 9472K, reserved 1048576K
}
Event: 22.386 GC heap after
{Heap after GC invocations=29 (full 0):
 garbage-first heap   total 114688K, used 55352K [0x0000000080000000, 0x0000000100000000)
  region size 1024K, 2 young (2048K), 2 survivors (2048K)
 Metaspace       used 68164K, capacity 69805K, committed 69960K, reserved 1110016K
  class space    used 8806K, capacity 9391K, committed 9472K, reserved 1048576K
}
Event: 22.833 GC heap before
{Heap before GC invocations=29 (full 0):
 garbage-first heap   total 114688K, used 89144K [0x0000000080000000, 0x0000000100000000)
  region size 1024K, 35 young (35840K), 2 survivors (2048K)
 Metaspace       used 69132K, capacity 70739K, committed 70856K, reserved 1110016K
  class space    used 8932K, capacity 9508K, committed 9600K, reserved 1048576K
}
Event: 22.846 GC heap after
{Heap after GC invocations=30 (full 0):
 garbage-first heap   total 138240K, used 57899K [0x0000000080000000, 0x0000000100000000)
  region size 1024K, 5 young (5120K), 5 survivors (5120K)
 Metaspace       used 69132K, capacity 70739K, committed 70856K, reserved 1110016K
  class space    used 8932K, capacity 9508K, committed 9600K, reserved 1048576K
}
Event: 25.287 GC heap before
{Heap before GC invocations=31 (full 0):
 garbage-first heap   total 138240K, used 97835K [0x0000000080000000, 0x0000000100000000)
  region size 1024K, 44 young (45056K), 5 survivors (5120K)
 Metaspace       used 71743K, capacity 73525K, committed 73800K, reserved 1114112K
  class space    used 9299K, capacity 9935K, committed 9984K, reserved 1048576K
}
Event: 25.310 GC heap after
{Heap after GC invocations=32 (full 0):
 garbage-first heap   total 138240K, used 60728K [0x0000000080000000, 0x0000000100000000)
  region size 1024K, 6 young (6144K), 6 survivors (6144K)
 Metaspace       used 71743K, capacity 73525K, committed 73800K, reserved 1114112K
  class space    used 9299K, capacity 9935K, committed 9984K, reserved 1048576K
}
Event: 27.623 GC heap before
{Heap before GC invocations=32 (full 0):
 garbage-first heap   total 138240K, used 103736K [0x0000000080000000, 0x0000000100000000)
  region size 1024K, 48 young (49152K), 6 survivors (6144K)
 Metaspace       used 76406K, capacity 78182K, committed 78280K, reserved 1118208K
  class space    used 9941K, capacity 10602K, committed 10624K, reserved 1048576K
}
Event: 27.653 GC heap after
{Heap after GC invocations=33 (full 0):
 garbage-first heap   total 138240K, used 63793K [0x0000000080000000, 0x0000000100000000)
  region size 1024K, 6 young (6144K), 6 survivors (6144K)
 Metaspace       used 76406K, capacity 78182K, committed 78280K, reserved 1118208K
  class space    used 9941K, capacity 10602K, committed 10624K, reserved 1048576K
}
Event: 33.911 GC heap before
{Heap before GC invocations=33 (full 0):
 garbage-first heap   total 138240K, used 106801K [0x0000000080000000, 0x0000000100000000)
  region size 1024K, 49 young (50176K), 6 survivors (6144K)
 Metaspace       used 79487K, capacity 81505K, committed 81608K, reserved 1120256K
  class space    used 10377K, capacity 11123K, committed 11136K, reserved 1048576K
}
Event: 33.938 GC heap after
{Heap after GC invocations=34 (full 0):
 garbage-first heap   total 138240K, used 67327K [0x0000000080000000, 0x0000000100000000)
  region size 1024K, 7 young (7168K), 7 survivors (7168K)
 Metaspace       used 79487K, capacity 81505K, committed 81608K, reserved 1120256K
  class space    used 10377K, capacity 11123K, committed 11136K, reserved 1048576K
}
Event: 35.331 GC heap before
{Heap before GC invocations=34 (full 0):
 garbage-first heap   total 138240K, used 109311K [0x0000000080000000, 0x0000000100000000)
  region size 1024K, 49 young (50176K), 7 survivors (7168K)
 Metaspace       used 79871K, capacity 82001K, committed 82120K, reserved 1120256K
  class space    used 10381K, capacity 11126K, committed 11136K, reserved 1048576K
}
Event: 35.396 GC heap after
{Heap after GC invocations=35 (full 0):
 garbage-first heap   total 165888K, used 69930K [0x0000000080000000, 0x0000000100000000)
  region size 1024K, 7 young (7168K), 7 survivors (7168K)
 Metaspace       used 79871K, capacity 82001K, committed 82120K, reserved 1120256K
  class space    used 10381K, capacity 11126K, committed 11136K, reserved 1048576K
}
Event: 37.196 GC heap before
{Heap before GC invocations=35 (full 0):
 garbage-first heap   total 165888K, used 123178K [0x0000000080000000, 0x0000000100000000)
  region size 1024K, 60 young (61440K), 7 survivors (7168K)
 Metaspace       used 80565K, capacity 82686K, committed 83016K, reserved 1122304K
  class space    used 10430K, capacity 11186K, committed 11264K, reserved 1048576K
}
Event: 37.237 GC heap after
{Heap after GC invocations=36 (full 0):
 garbage-first heap   total 165888K, used 73223K [0x0000000080000000, 0x0000000100000000)
  region size 1024K, 6 young (6144K), 6 survivors (6144K)
 Metaspace       used 80565K, capacity 82686K, committed 83016K, reserved 1122304K
  class space    used 10430K, capacity 11186K, committed 11264K, reserved 1048576K
}
Event: 38.955 GC heap before
{Heap before GC invocations=36 (full 0):
 garbage-first heap   total 165888K, used 133639K [0x0000000080000000, 0x0000000100000000)
  region size 1024K, 66 young (67584K), 6 survivors (6144K)
 Metaspace       used 80813K, capacity 82939K, committed 83016K, reserved 1122304K
  class space    used 10459K, capacity 11262K, committed 11264K, reserved 1048576K
}
Event: 38.993 GC heap after
{Heap after GC invocations=37 (full 0):
 garbage-first heap   total 165888K, used 76615K [0x0000000080000000, 0x0000000100000000)
  region size 1024K, 7 young (7168K), 7 survivors (7168K)
 Metaspace       used 80813K, capacity 82939K, committed 83016K, reserved 1122304K
  class space    used 10459K, capacity 11262K, committed 11264K, reserved 1048576K
}
Event: 42.469 GC heap before
{Heap before GC invocations=37 (full 0):
 garbage-first heap   total 165888K, used 133959K [0x0000000080000000, 0x0000000100000000)
  region size 1024K, 64 young (65536K), 7 survivors (7168K)
 Metaspace       used 87957K, capacity 90110K, committed 90440K, reserved 1128448K
  class space    used 11373K, capacity 12182K, committed 12288K, reserved 1048576K
}
Event: 42.508 GC heap after
{Heap after GC invocations=38 (full 0):
 garbage-first heap   total 165888K, used 82579K [0x0000000080000000, 0x0000000100000000)
  region size 1024K, 8 young (8192K), 8 survivors (8192K)
 Metaspace       used 87957K, capacity 90110K, committed 90440K, reserved 1128448K
  class space    used 11373K, capacity 12182K, committed 12288K, reserved 1048576K
}
Event: 42.735 GC heap before
{Heap before GC invocations=38 (full 0):
 garbage-first heap   total 165888K, used 84627K [0x0000000080000000, 0x0000000100000000)
  region size 1024K, 11 young (11264K), 8 survivors (8192K)
 Metaspace       used 88448K, capacity 90604K, committed 90696K, reserved 1128448K
  class space    used 11400K, capacity 12219K, committed 12288K, reserved 1048576K
}

