# JRE version: OpenJDK Runtime Environment (11.0.10) (build 11.0.10+0-b96-7249189)
# Java VM: OpenJDK 64-Bit Server VM (11.0.10+0-b96-7249189, mixed mode, tiered, compressed oops, g1 gc, windows-amd64)
Heap:
 garbage-first heap   total 165888K, used 105126K [0x0000000080000000, 0x0000000100000000)
  region size 1024K, 30 young (30720K), 5 survivors (5120K)
 Metaspace       used 71313K, capacity 73159K, committed 73472K, reserved 1112064K
  class space    used 9261K, capacity 9892K, committed 9984K, reserved 1048576K
GC Heap History (20 events):
Event: 19.257 GC heap before
{Heap before GC invocations=41 (full 0):
 garbage-first heap   total 95232K, used 68051K [0x0000000080000000, 0x0000000100000000)
  region size 1024K, 16 young (16384K), 3 survivors (3072K)
 Metaspace       used 49721K, capacity 51209K, committed 51456K, reserved 1093632K
  class space    used 6351K, capacity 6819K, committed 6912K, reserved 1048576K
}
Event: 19.267 GC heap after
{Heap after GC invocations=42 (full 0):
 garbage-first heap   total 114688K, used 57521K [0x0000000080000000, 0x0000000100000000)
  region size 1024K, 3 young (3072K), 3 survivors (3072K)
 Metaspace       used 49721K, capacity 51209K, committed 51456K, reserved 1093632K
  class space    used 6351K, capacity 6819K, committed 6912K, reserved 1048576K
}
Event: 19.476 GC heap before
{Heap before GC invocations=43 (full 0):
 garbage-first heap   total 114688K, used 63665K [0x0000000080000000, 0x0000000100000000)
  region size 1024K, 9 young (9216K), 3 survivors (3072K)
 Metaspace       used 49722K, capacity 51209K, committed 51456K, reserved 1093632K
  class space    used 6351K, capacity 6819K, committed 6912K, reserved 1048576K
}
Event: 19.492 GC heap after
{Heap after GC invocations=44 (full 0):
 garbage-first heap   total 114688K, used 63401K [0x0000000080000000, 0x0000000100000000)
  region size 1024K, 4 young (4096K), 4 survivors (4096K)
 Metaspace       used 49722K, capacity 51209K, committed 51456K, reserved 1093632K
  class space    used 6351K, capacity 6819K, committed 6912K, reserved 1048576K
}
Event: 20.368 GC heap before
{Heap before GC invocations=45 (full 0):
 garbage-first heap   total 114688K, used 86953K [0x0000000080000000, 0x0000000100000000)
  region size 1024K, 26 young (26624K), 4 survivors (4096K)
 Metaspace       used 52106K, capacity 53623K, committed 53760K, reserved 1095680K
  class space    used 6648K, capacity 7132K, committed 7168K, reserved 1048576K
}
Event: 20.374 GC heap after
{Heap after GC invocations=46 (full 0):
 garbage-first heap   total 114688K, used 67167K [0x0000000080000000, 0x0000000100000000)
  region size 1024K, 2 young (2048K), 2 survivors (2048K)
 Metaspace       used 52106K, capacity 53623K, committed 53760K, reserved 1095680K
  class space    used 6648K, capacity 7132K, committed 7168K, reserved 1048576K
}
Event: 20.888 GC heap before
{Heap before GC invocations=46 (full 0):
 garbage-first heap   total 114688K, used 88671K [0x0000000080000000, 0x0000000100000000)
  region size 1024K, 23 young (23552K), 2 survivors (2048K)
 Metaspace       used 55099K, capacity 56696K, committed 56960K, reserved 1099776K
  class space    used 7042K, capacity 7538K, committed 7552K, reserved 1048576K
}
Event: 20.893 GC heap after
{Heap after GC invocations=47 (full 0):
 garbage-first heap   total 114688K, used 67921K [0x0000000080000000, 0x0000000100000000)
  region size 1024K, 3 young (3072K), 3 survivors (3072K)
 Metaspace       used 55099K, capacity 56696K, committed 56960K, reserved 1099776K
  class space    used 7042K, capacity 7538K, committed 7552K, reserved 1048576K
}
Event: 21.458 GC heap before
{Heap before GC invocations=48 (full 0):
 garbage-first heap   total 114688K, used 90449K [0x0000000080000000, 0x0000000100000000)
  region size 1024K, 25 young (25600K), 3 survivors (3072K)
 Metaspace       used 58898K, capacity 60536K, committed 60800K, reserved 1101824K
  class space    used 7499K, capacity 8047K, committed 8064K, reserved 1048576K
}
Event: 21.470 GC heap after
{Heap after GC invocations=49 (full 0):
 garbage-first heap   total 138240K, used 68922K [0x0000000080000000, 0x0000000100000000)
  region size 1024K, 2 young (2048K), 2 survivors (2048K)
 Metaspace       used 58898K, capacity 60536K, committed 60800K, reserved 1101824K
  class space    used 7499K, capacity 8047K, committed 8064K, reserved 1048576K
}
Event: 22.422 GC heap before
{Heap before GC invocations=49 (full 0):
 garbage-first heap   total 138240K, used 99642K [0x0000000080000000, 0x0000000100000000)
  region size 1024K, 33 young (33792K), 2 survivors (2048K)
 Metaspace       used 62260K, capacity 63983K, committed 64128K, reserved 1105920K
  class space    used 7902K, capacity 8488K, committed 8576K, reserved 1048576K
}
Event: 22.432 GC heap after
{Heap after GC invocations=50 (full 0):
 garbage-first heap   total 138240K, used 71868K [0x0000000080000000, 0x0000000100000000)
  region size 1024K, 5 young (5120K), 5 survivors (5120K)
 Metaspace       used 62260K, capacity 63983K, committed 64128K, reserved 1105920K
  class space    used 7902K, capacity 8488K, committed 8576K, reserved 1048576K
}
Event: 22.802 GC heap before
{Heap before GC invocations=51 (full 0):
 garbage-first heap   total 138240K, used 90300K [0x0000000080000000, 0x0000000100000000)
  region size 1024K, 24 young (24576K), 5 survivors (5120K)
 Metaspace       used 63955K, capacity 65663K, committed 65920K, reserved 1105920K
  class space    used 8123K, capacity 8725K, committed 8832K, reserved 1048576K
}
Event: 22.814 GC heap after
{Heap after GC invocations=52 (full 0):
 garbage-first heap   total 138240K, used 73386K [0x0000000080000000, 0x0000000100000000)
  region size 1024K, 2 young (2048K), 2 survivors (2048K)
 Metaspace       used 63955K, capacity 65663K, committed 65920K, reserved 1105920K
  class space    used 8123K, capacity 8725K, committed 8832K, reserved 1048576K
}
Event: 23.239 GC heap before
{Heap before GC invocations=53 (full 0):
 garbage-first heap   total 138240K, used 104106K [0x0000000080000000, 0x0000000100000000)
  region size 1024K, 31 young (31744K), 2 survivors (2048K)
 Metaspace       used 64966K, capacity 66801K, committed 67072K, reserved 1107968K
  class space    used 8275K, capacity 8907K, committed 8960K, reserved 1048576K
}
Event: 23.248 GC heap after
{Heap after GC invocations=54 (full 0):
 garbage-first heap   total 138240K, used 75691K [0x0000000080000000, 0x0000000100000000)
  region size 1024K, 4 young (4096K), 4 survivors (4096K)
 Metaspace       used 64966K, capacity 66801K, committed 67072K, reserved 1107968K
  class space    used 8275K, capacity 8907K, committed 8960K, reserved 1048576K
}
Event: 23.942 GC heap before
{Heap before GC invocations=54 (full 0):
 garbage-first heap   total 138240K, used 105387K [0x0000000080000000, 0x0000000100000000)
  region size 1024K, 33 young (33792K), 4 survivors (4096K)
 Metaspace       used 67585K, capacity 69460K, committed 69504K, reserved 1110016K
  class space    used 8682K, capacity 9303K, committed 9344K, reserved 1048576K
}
Event: 23.958 GC heap after
{Heap after GC invocations=55 (full 0):
 garbage-first heap   total 165888K, used 78108K [0x0000000080000000, 0x0000000100000000)
  region size 1024K, 5 young (5120K), 5 survivors (5120K)
 Metaspace       used 67585K, capacity 69460K, committed 69504K, reserved 1110016K
  class space    used 8682K, capacity 9303K, committed 9344K, reserved 1048576K
}
Event: 24.696 GC heap before
{Heap before GC invocations=56 (full 0):
 garbage-first heap   total 165888K, used 118044K [0x0000000080000000, 0x0000000100000000)
  region size 1024K, 44 young (45056K), 5 survivors (5120K)
 Metaspace       used 70375K, capacity 72200K, committed 72320K, reserved 1112064K
  class space    used 9117K, capacity 9741K, committed 9856K, reserved 1048576K
}
Event: 24.713 GC heap after
{Heap after GC invocations=57 (full 0):
 garbage-first heap   total 165888K, used 80550K [0x0000000080000000, 0x0000000100000000)
  region size 1024K, 5 young (5120K), 5 survivors (5120K)
 Metaspace       used 70375K, capacity 72200K, committed 72320K, reserved 1112064K
  class space    used 9117K, capacity 9741K, committed 9856K, reserved 1048576K
}

