# JRE version: OpenJDK Runtime Environment (11.0.10) (build 11.0.10+0-b96-7249189)
# Java VM: OpenJDK 64-Bit Server VM (11.0.10+0-b96-7249189, mixed mode, tiered, compressed oops, g1 gc, windows-amd64)
Heap:
 garbage-first heap   total 138240K, used 86331K [0x0000000080000000, 0x0000000100000000)
  region size 1024K, 19 young (19456K), 2 survivors (2048K)
 Metaspace       used 60788K, capacity 62466K, committed 62720K, reserved 1103872K
  class space    used 7724K, capacity 8328K, committed 8448K, reserved 1048576K
GC Heap History (20 events):
Event: 7.244 GC heap before
{Heap before GC invocations=12 (full 0):
 garbage-first heap   total 95232K, used 43239K [0x0000000080000000, 0x0000000100000000)
  region size 1024K, 11 young (11264K), 1 survivors (1024K)
 Metaspace       used 34834K, capacity 35731K, committed 35840K, reserved 1081344K
  class space    used 4554K, capacity 4899K, committed 4992K, reserved 1048576K
}
Event: 7.257 GC heap after
{Heap after GC invocations=13 (full 0):
 garbage-first heap   total 95232K, used 35501K [0x0000000080000000, 0x0000000100000000)
  region size 1024K, 3 young (3072K), 3 survivors (3072K)
 Metaspace       used 34834K, capacity 35731K, committed 35840K, reserved 1081344K
  class space    used 4554K, capacity 4899K, committed 4992K, reserved 1048576K
}
Event: 8.180 GC heap before
{Heap before GC invocations=14 (full 0):
 garbage-first heap   total 95232K, used 60077K [0x0000000080000000, 0x0000000100000000)
  region size 1024K, 28 young (28672K), 3 survivors (3072K)
 Metaspace       used 37605K, capacity 38575K, committed 38784K, reserved 1083392K
  class space    used 4866K, capacity 5207K, committed 5248K, reserved 1048576K
}
Event: 8.200 GC heap after
{Heap after GC invocations=15 (full 0):
 garbage-first heap   total 95232K, used 38513K [0x0000000080000000, 0x0000000100000000)
  region size 1024K, 4 young (4096K), 4 survivors (4096K)
 Metaspace       used 37605K, capacity 38575K, committed 38784K, reserved 1083392K
  class space    used 4866K, capacity 5207K, committed 5248K, reserved 1048576K
}
Event: 8.864 GC heap before
{Heap before GC invocations=16 (full 0):
 garbage-first heap   total 95232K, used 66161K [0x0000000080000000, 0x0000000100000000)
  region size 1024K, 29 young (29696K), 4 survivors (4096K)
 Metaspace       used 40065K, capacity 41059K, committed 41088K, reserved 1085440K
  class space    used 5125K, capacity 5499K, committed 5504K, reserved 1048576K
}
Event: 8.874 GC heap after
{Heap after GC invocations=17 (full 0):
 garbage-first heap   total 95232K, used 39764K [0x0000000080000000, 0x0000000100000000)
  region size 1024K, 2 young (2048K), 2 survivors (2048K)
 Metaspace       used 40065K, capacity 41059K, committed 41088K, reserved 1085440K
  class space    used 5125K, capacity 5499K, committed 5504K, reserved 1048576K
}
Event: 9.661 GC heap before
{Heap before GC invocations=17 (full 0):
 garbage-first heap   total 95232K, used 70484K [0x0000000080000000, 0x0000000100000000)
  region size 1024K, 28 young (28672K), 2 survivors (2048K)
 Metaspace       used 41980K, capacity 43055K, committed 43264K, reserved 1087488K
  class space    used 5397K, capacity 5782K, committed 5888K, reserved 1048576K
}
Event: 9.668 GC heap after
{Heap after GC invocations=18 (full 0):
 garbage-first heap   total 114688K, used 46534K [0x0000000080000000, 0x0000000100000000)
  region size 1024K, 4 young (4096K), 4 survivors (4096K)
 Metaspace       used 41980K, capacity 43055K, committed 43264K, reserved 1087488K
  class space    used 5397K, capacity 5782K, committed 5888K, reserved 1048576K
}
Event: 10.953 GC heap before
{Heap before GC invocations=18 (full 0):
 garbage-first heap   total 114688K, used 81350K [0x0000000080000000, 0x0000000100000000)
  region size 1024K, 35 young (35840K), 4 survivors (4096K)
 Metaspace       used 44427K, capacity 45639K, committed 45824K, reserved 1089536K
  class space    used 5588K, capacity 6017K, committed 6144K, reserved 1048576K
}
Event: 10.967 GC heap after
{Heap after GC invocations=19 (full 0):
 garbage-first heap   total 114688K, used 53248K [0x0000000080000000, 0x0000000100000000)
  region size 1024K, 5 young (5120K), 5 survivors (5120K)
 Metaspace       used 44427K, capacity 45639K, committed 45824K, reserved 1089536K
  class space    used 5588K, capacity 6017K, committed 6144K, reserved 1048576K
}
Event: 12.152 GC heap before
{Heap before GC invocations=19 (full 0):
 garbage-first heap   total 114688K, used 83968K [0x0000000080000000, 0x0000000100000000)
  region size 1024K, 35 young (35840K), 5 survivors (5120K)
 Metaspace       used 46015K, capacity 47152K, committed 47232K, reserved 1089536K
  class space    used 5847K, capacity 6265K, committed 6272K, reserved 1048576K
}
Event: 12.165 GC heap after
{Heap after GC invocations=20 (full 0):
 garbage-first heap   total 114688K, used 56146K [0x0000000080000000, 0x0000000100000000)
  region size 1024K, 3 young (3072K), 3 survivors (3072K)
 Metaspace       used 46015K, capacity 47152K, committed 47232K, reserved 1089536K
  class space    used 5847K, capacity 6265K, committed 6272K, reserved 1048576K
}
Event: 12.702 GC heap before
{Heap before GC invocations=20 (full 0):
 garbage-first heap   total 114688K, used 85842K [0x0000000080000000, 0x0000000100000000)
  region size 1024K, 32 young (32768K), 3 survivors (3072K)
 Metaspace       used 47870K, capacity 49292K, committed 49408K, reserved 1091584K
  class space    used 6159K, capacity 6596K, committed 6656K, reserved 1048576K
}
Event: 12.715 GC heap after
{Heap after GC invocations=21 (full 0):
 garbage-first heap   total 114688K, used 57154K [0x0000000080000000, 0x0000000100000000)
  region size 1024K, 2 young (2048K), 2 survivors (2048K)
 Metaspace       used 47870K, capacity 49292K, committed 49408K, reserved 1091584K
  class space    used 6159K, capacity 6596K, committed 6656K, reserved 1048576K
}
Event: 13.724 GC heap before
{Heap before GC invocations=22 (full 0):
 garbage-first heap   total 114688K, used 86850K [0x0000000080000000, 0x0000000100000000)
  region size 1024K, 32 young (32768K), 2 survivors (2048K)
 Metaspace       used 49403K, capacity 50819K, committed 51072K, reserved 1093632K
  class space    used 6308K, capacity 6777K, committed 6784K, reserved 1048576K
}
Event: 13.735 GC heap after
{Heap after GC invocations=23 (full 0):
 garbage-first heap   total 138240K, used 58871K [0x0000000080000000, 0x0000000100000000)
  region size 1024K, 3 young (3072K), 3 survivors (3072K)
 Metaspace       used 49403K, capacity 50819K, committed 51072K, reserved 1093632K
  class space    used 6308K, capacity 6777K, committed 6784K, reserved 1048576K
}
Event: 15.191 GC heap before
{Heap before GC invocations=23 (full 0):
 garbage-first heap   total 138240K, used 103927K [0x0000000080000000, 0x0000000100000000)
  region size 1024K, 44 young (45056K), 3 survivors (3072K)
 Metaspace       used 53523K, capacity 55046K, committed 55296K, reserved 1097728K
  class space    used 6827K, capacity 7329K, committed 7424K, reserved 1048576K
}
Event: 15.220 GC heap after
{Heap after GC invocations=24 (full 0):
 garbage-first heap   total 138240K, used 69291K [0x0000000080000000, 0x0000000100000000)
  region size 1024K, 6 young (6144K), 6 survivors (6144K)
 Metaspace       used 53523K, capacity 55046K, committed 55296K, reserved 1097728K
  class space    used 6827K, capacity 7329K, committed 7424K, reserved 1048576K
}
Event: 16.245 GC heap before
{Heap before GC invocations=24 (full 0):
 garbage-first heap   total 138240K, used 105131K [0x0000000080000000, 0x0000000100000000)
  region size 1024K, 41 young (41984K), 6 survivors (6144K)
 Metaspace       used 59193K, capacity 60920K, committed 61184K, reserved 1101824K
  class space    used 7541K, capacity 8089K, committed 8192K, reserved 1048576K
}
Event: 16.299 GC heap after
{Heap after GC invocations=25 (full 0):
 garbage-first heap   total 138240K, used 70971K [0x0000000080000000, 0x0000000100000000)
  region size 1024K, 2 young (2048K), 2 survivors (2048K)
 Metaspace       used 59193K, capacity 60920K, committed 61184K, reserved 1101824K
  class space    used 7541K, capacity 8089K, committed 8192K, reserved 1048576K
}

