# JRE version: OpenJDK Runtime Environment (11.0.10) (build 11.0.10+0-b96-7249189)
# Java VM: OpenJDK 64-Bit Server VM (11.0.10+0-b96-7249189, mixed mode, tiered, compressed oops, g1 gc, windows-amd64)
Heap:
 garbage-first heap   total 457728K, used 179133K [0x0000000080000000, 0x0000000100000000)
  region size 1024K, 3 young (3072K), 3 survivors (3072K)
 Metaspace       used 112990K, capacity 116215K, committed 116352K, reserved 1150976K
  class space    used 14512K, capacity 15683K, committed 15744K, reserved 1048576K
GC Heap History (20 events):
Event: 51.794 GC heap after
{Heap after GC invocations=55 (full 0):
 garbage-first heap   total 374784K, used 167936K [0x0000000080000000, 0x0000000100000000)
  region size 1024K, 14 young (14336K), 14 survivors (14336K)
 Metaspace       used 107301K, capacity 110363K, committed 110720K, reserved 1144832K
  class space    used 13784K, capacity 14902K, committed 14976K, reserved 1048576K
}
Event: 53.149 GC heap before
{Heap before GC invocations=55 (full 0):
 garbage-first heap   total 374784K, used 247808K [0x0000000080000000, 0x0000000100000000)
  region size 1024K, 92 young (94208K), 14 survivors (14336K)
 Metaspace       used 110986K, capacity 114227K, committed 114432K, reserved 1148928K
  class space    used 14415K, capacity 15590K, committed 15616K, reserved 1048576K
}
Event: 53.230 GC heap after
{Heap after GC invocations=56 (full 0):
 garbage-first heap   total 374784K, used 179200K [0x0000000080000000, 0x0000000100000000)
  region size 1024K, 10 young (10240K), 10 survivors (10240K)
 Metaspace       used 110986K, capacity 114227K, committed 114432K, reserved 1148928K
  class space    used 14415K, capacity 15590K, committed 15616K, reserved 1048576K
}
Event: 54.185 GC heap before
{Heap before GC invocations=56 (full 0):
 garbage-first heap   total 374784K, used 270336K [0x0000000080000000, 0x0000000100000000)
  region size 1024K, 99 young (101376K), 10 survivors (10240K)
 Metaspace       used 111945K, capacity 115195K, committed 115328K, reserved 1148928K
  class space    used 14509K, capacity 15693K, committed 15744K, reserved 1048576K
}
Event: 54.234 GC heap after
{Heap after GC invocations=57 (full 0):
 garbage-first heap   total 374784K, used 181223K [0x0000000080000000, 0x0000000100000000)
  region size 1024K, 3 young (3072K), 3 survivors (3072K)
 Metaspace       used 111945K, capacity 115195K, committed 115328K, reserved 1148928K
  class space    used 14509K, capacity 15693K, committed 15744K, reserved 1048576K
}
Event: 57.057 GC heap before
{Heap before GC invocations=58 (full 0):
 garbage-first heap   total 374784K, used 280551K [0x0000000080000000, 0x0000000100000000)
  region size 1024K, 100 young (102400K), 3 survivors (3072K)
 Metaspace       used 112687K, capacity 115950K, committed 116096K, reserved 1148928K
  class space    used 14504K, capacity 15690K, committed 15744K, reserved 1048576K
}
Event: 57.087 GC heap after
{Heap after GC invocations=59 (full 0):
 garbage-first heap   total 374784K, used 180185K [0x0000000080000000, 0x0000000100000000)
  region size 1024K, 2 young (2048K), 2 survivors (2048K)
 Metaspace       used 112687K, capacity 115950K, committed 116096K, reserved 1148928K
  class space    used 14504K, capacity 15690K, committed 15744K, reserved 1048576K
}
Event: 57.825 GC heap before
{Heap before GC invocations=59 (full 0):
 garbage-first heap   total 374784K, used 293849K [0x0000000080000000, 0x0000000100000000)
  region size 1024K, 114 young (116736K), 2 survivors (2048K)
 Metaspace       used 112766K, capacity 116019K, committed 116352K, reserved 1150976K
  class space    used 14508K, capacity 15690K, committed 15744K, reserved 1048576K
}
Event: 57.844 GC heap after
{Heap after GC invocations=60 (full 0):
 garbage-first heap   total 374784K, used 180404K [0x0000000080000000, 0x0000000100000000)
  region size 1024K, 2 young (2048K), 2 survivors (2048K)
 Metaspace       used 112766K, capacity 116019K, committed 116352K, reserved 1150976K
  class space    used 14508K, capacity 15690K, committed 15744K, reserved 1048576K
}
Event: 59.272 GC heap before
{Heap before GC invocations=61 (full 0):
 garbage-first heap   total 374784K, used 299188K [0x0000000080000000, 0x0000000100000000)
  region size 1024K, 118 young (120832K), 2 survivors (2048K)
 Metaspace       used 112812K, capacity 116035K, committed 116352K, reserved 1150976K
  class space    used 14495K, capacity 15668K, committed 15744K, reserved 1048576K
}
Event: 59.314 GC heap after
{Heap after GC invocations=62 (full 0):
 garbage-first heap   total 374784K, used 181992K [0x0000000080000000, 0x0000000100000000)
  region size 1024K, 4 young (4096K), 4 survivors (4096K)
 Metaspace       used 112812K, capacity 116035K, committed 116352K, reserved 1150976K
  class space    used 14495K, capacity 15668K, committed 15744K, reserved 1048576K
}
Event: 59.395 GC heap before
{Heap before GC invocations=62 (full 0):
 garbage-first heap   total 374784K, used 196328K [0x0000000080000000, 0x0000000100000000)
  region size 1024K, 18 young (18432K), 4 survivors (4096K)
 Metaspace       used 112835K, capacity 116058K, committed 116352K, reserved 1150976K
  class space    used 14500K, capacity 15676K, committed 15744K, reserved 1048576K
}
Event: 59.415 GC heap after
{Heap after GC invocations=63 (full 0):
 garbage-first heap   total 374784K, used 180556K [0x0000000080000000, 0x0000000100000000)
  region size 1024K, 1 young (1024K), 1 survivors (1024K)
 Metaspace       used 112835K, capacity 116058K, committed 116352K, reserved 1150976K
  class space    used 14500K, capacity 15676K, committed 15744K, reserved 1048576K
}
Event: 59.866 GC heap before
{Heap before GC invocations=63 (full 0):
 garbage-first heap   total 374784K, used 301388K [0x0000000080000000, 0x0000000100000000)
  region size 1024K, 119 young (121856K), 1 survivors (1024K)
 Metaspace       used 112910K, capacity 116141K, committed 116352K, reserved 1150976K
  class space    used 14509K, capacity 15681K, committed 15744K, reserved 1048576K
}
Event: 59.879 GC heap after
{Heap after GC invocations=64 (full 0):
 garbage-first heap   total 374784K, used 180988K [0x0000000080000000, 0x0000000100000000)
  region size 1024K, 2 young (2048K), 2 survivors (2048K)
 Metaspace       used 112910K, capacity 116141K, committed 116352K, reserved 1150976K
  class space    used 14509K, capacity 15681K, committed 15744K, reserved 1048576K
}
Event: 60.948 GC heap before
{Heap before GC invocations=65 (full 0):
 garbage-first heap   total 374784K, used 310012K [0x0000000080000000, 0x0000000100000000)
  region size 1024K, 128 young (131072K), 2 survivors (2048K)
 Metaspace       used 112973K, capacity 116150K, committed 116352K, reserved 1150976K
  class space    used 14512K, capacity 15683K, committed 15744K, reserved 1048576K
}
Event: 60.967 GC heap after
{Heap after GC invocations=66 (full 0):
 garbage-first heap   total 374784K, used 181105K [0x0000000080000000, 0x0000000100000000)
  region size 1024K, 2 young (2048K), 2 survivors (2048K)
 Metaspace       used 112973K, capacity 116150K, committed 116352K, reserved 1150976K
  class space    used 14512K, capacity 15683K, committed 15744K, reserved 1048576K
}
Event: 61.024 GC heap before
{Heap before GC invocations=66 (full 0):
 garbage-first heap   total 374784K, used 197489K [0x0000000080000000, 0x0000000100000000)
  region size 1024K, 18 young (18432K), 2 survivors (2048K)
 Metaspace       used 112976K, capacity 116150K, committed 116352K, reserved 1150976K
  class space    used 14512K, capacity 15683K, committed 15744K, reserved 1048576K
}
Event: 61.037 GC heap after
{Heap after GC invocations=67 (full 0):
 garbage-first heap   total 374784K, used 178174K [0x0000000080000000, 0x0000000100000000)
  region size 1024K, 2 young (2048K), 2 survivors (2048K)
 Metaspace       used 112976K, capacity 116150K, committed 116352K, reserved 1150976K
  class space    used 14512K, capacity 15683K, committed 15744K, reserved 1048576K
}
Event: 61.514 GC heap before
{Heap before GC invocations=67 (full 0):
 garbage-first heap   total 374784K, used 318462K [0x0000000080000000, 0x0000000100000000)
  region size 1024K, 139 young (142336K), 2 survivors (2048K)
 Metaspace       used 112990K, capacity 116215K, committed 116352K, reserved 1150976K
  class space    used 14512K, capacity 15683K, committed 15744K, reserved 1048576K
}

