# JRE version: OpenJDK Runtime Environment (11.0.10) (build 11.0.10+0-b96-7249189)
# Java VM: OpenJDK 64-Bit Server VM (11.0.10+0-b96-7249189, mixed mode, tiered, compressed oops, g1 gc, windows-amd64)
Heap:
 garbage-first heap   total 187392K, used 78698K [0x0000000080000000, 0x0000000100000000)
  region size 1024K, 16 young (16384K), 7 survivors (7168K)
 Metaspace       used 81674K, capacity 83723K, committed 83964K, reserved 1122304K
  class space    used 10570K, capacity 11328K, committed 11392K, reserved 1048576K
GC Heap History (20 events):
Event: 15.616 GC heap before
{Heap before GC invocations=22 (full 0):
 garbage-first heap   total 95232K, used 72055K [0x0000000080000000, 0x0000000100000000)
  region size 1024K, 31 young (31744K), 3 survivors (3072K)
 Metaspace       used 59923K, capacity 61458K, committed 61564K, reserved 1103872K
  class space    used 7586K, capacity 8128K, committed 8192K, reserved 1048576K
}
Event: 15.633 GC heap after
{Heap after GC invocations=23 (full 0):
 garbage-first heap   total 95232K, used 47348K [0x0000000080000000, 0x0000000100000000)
  region size 1024K, 4 young (4096K), 4 survivors (4096K)
 Metaspace       used 59923K, capacity 61458K, committed 61564K, reserved 1103872K
  class space    used 7586K, capacity 8128K, committed 8192K, reserved 1048576K
}
Event: 16.071 GC heap before
{Heap before GC invocations=23 (full 0):
 garbage-first heap   total 95232K, used 70900K [0x0000000080000000, 0x0000000100000000)
  region size 1024K, 28 young (28672K), 4 survivors (4096K)
 Metaspace       used 62358K, capacity 63865K, committed 64124K, reserved 1105920K
  class space    used 7897K, capacity 8433K, committed 8448K, reserved 1048576K
}
Event: 16.091 GC heap after
{Heap after GC invocations=24 (full 0):
 garbage-first heap   total 95232K, used 49499K [0x0000000080000000, 0x0000000100000000)
  region size 1024K, 2 young (2048K), 2 survivors (2048K)
 Metaspace       used 62358K, capacity 63865K, committed 64124K, reserved 1105920K
  class space    used 7897K, capacity 8433K, committed 8448K, reserved 1048576K
}
Event: 16.542 GC heap before
{Heap before GC invocations=25 (full 0):
 garbage-first heap   total 95232K, used 75099K [0x0000000080000000, 0x0000000100000000)
  region size 1024K, 26 young (26624K), 2 survivors (2048K)
 Metaspace       used 63276K, capacity 64881K, committed 65148K, reserved 1105920K
  class space    used 8036K, capacity 8592K, committed 8704K, reserved 1048576K
}
Event: 16.610 GC heap after
{Heap after GC invocations=26 (full 0):
 garbage-first heap   total 95232K, used 50827K [0x0000000080000000, 0x0000000100000000)
  region size 1024K, 4 young (4096K), 4 survivors (4096K)
 Metaspace       used 63276K, capacity 64881K, committed 65148K, reserved 1105920K
  class space    used 8036K, capacity 8592K, committed 8704K, reserved 1048576K
}
Event: 17.208 GC heap before
{Heap before GC invocations=26 (full 0):
 garbage-first heap   total 95232K, used 75403K [0x0000000080000000, 0x0000000100000000)
  region size 1024K, 28 young (28672K), 4 survivors (4096K)
 Metaspace       used 64330K, capacity 65946K, committed 66300K, reserved 1107968K
  class space    used 8173K, capacity 8733K, committed 8832K, reserved 1048576K
}
Event: 17.229 GC heap after
{Heap after GC invocations=27 (full 0):
 garbage-first heap   total 95232K, used 53181K [0x0000000080000000, 0x0000000100000000)
  region size 1024K, 4 young (4096K), 4 survivors (4096K)
 Metaspace       used 64330K, capacity 65946K, committed 66300K, reserved 1107968K
  class space    used 8173K, capacity 8733K, committed 8832K, reserved 1048576K
}
Event: 17.917 GC heap before
{Heap before GC invocations=28 (full 0):
 garbage-first heap   total 95232K, used 76733K [0x0000000080000000, 0x0000000100000000)
  region size 1024K, 27 young (27648K), 4 survivors (4096K)
 Metaspace       used 67538K, capacity 69189K, committed 69372K, reserved 1110016K
  class space    used 8739K, capacity 9322K, committed 9344K, reserved 1048576K
}
Event: 17.935 GC heap after
{Heap after GC invocations=29 (full 0):
 garbage-first heap   total 143360K, used 54918K [0x0000000080000000, 0x0000000100000000)
  region size 1024K, 2 young (2048K), 2 survivors (2048K)
 Metaspace       used 67538K, capacity 69189K, committed 69372K, reserved 1110016K
  class space    used 8739K, capacity 9322K, committed 9344K, reserved 1048576K
}
Event: 18.414 GC heap before
{Heap before GC invocations=29 (full 0):
 garbage-first heap   total 143360K, used 94854K [0x0000000080000000, 0x0000000100000000)
  region size 1024K, 41 young (41984K), 2 survivors (2048K)
 Metaspace       used 68999K, capacity 70594K, committed 70908K, reserved 1110016K
  class space    used 8920K, capacity 9507K, committed 9600K, reserved 1048576K
}
Event: 18.434 GC heap after
{Heap after GC invocations=30 (full 0):
 garbage-first heap   total 143360K, used 57435K [0x0000000080000000, 0x0000000100000000)
  region size 1024K, 5 young (5120K), 5 survivors (5120K)
 Metaspace       used 68999K, capacity 70594K, committed 70908K, reserved 1110016K
  class space    used 8920K, capacity 9507K, committed 9600K, reserved 1048576K
}
Event: 19.805 GC heap before
{Heap before GC invocations=30 (full 0):
 garbage-first heap   total 143360K, used 100443K [0x0000000080000000, 0x0000000100000000)
  region size 1024K, 47 young (48128K), 5 survivors (5120K)
 Metaspace       used 73806K, capacity 75549K, committed 75772K, reserved 1114112K
  class space    used 9614K, capacity 10251K, committed 10368K, reserved 1048576K
}
Event: 19.824 GC heap after
{Heap after GC invocations=31 (full 0):
 garbage-first heap   total 143360K, used 60164K [0x0000000080000000, 0x0000000100000000)
  region size 1024K, 6 young (6144K), 6 survivors (6144K)
 Metaspace       used 73806K, capacity 75549K, committed 75772K, reserved 1114112K
  class space    used 9614K, capacity 10251K, committed 10368K, reserved 1048576K
}
Event: 20.658 GC heap before
{Heap before GC invocations=31 (full 0):
 garbage-first heap   total 143360K, used 105220K [0x0000000080000000, 0x0000000100000000)
  region size 1024K, 50 young (51200K), 6 survivors (6144K)
 Metaspace       used 76602K, capacity 78509K, committed 78716K, reserved 1118208K
  class space    used 9964K, capacity 10628K, committed 10752K, reserved 1048576K
}
Event: 20.692 GC heap after
{Heap after GC invocations=32 (full 0):
 garbage-first heap   total 143360K, used 63838K [0x0000000080000000, 0x0000000100000000)
  region size 1024K, 7 young (7168K), 7 survivors (7168K)
 Metaspace       used 76602K, capacity 78509K, committed 78716K, reserved 1118208K
  class space    used 9964K, capacity 10628K, committed 10752K, reserved 1048576K
}
Event: 22.245 GC heap before
{Heap before GC invocations=32 (full 0):
 garbage-first heap   total 143360K, used 108894K [0x0000000080000000, 0x0000000100000000)
  region size 1024K, 51 young (52224K), 7 survivors (7168K)
 Metaspace       used 79335K, capacity 81390K, committed 81660K, reserved 1120256K
  class space    used 10368K, capacity 11091K, committed 11136K, reserved 1048576K
}
Event: 22.284 GC heap after
{Heap after GC invocations=33 (full 0):
 garbage-first heap   total 187392K, used 67308K [0x0000000080000000, 0x0000000100000000)
  region size 1024K, 4 young (4096K), 4 survivors (4096K)
 Metaspace       used 79335K, capacity 81390K, committed 81660K, reserved 1120256K
  class space    used 10368K, capacity 11091K, committed 11136K, reserved 1048576K
}
Event: 24.573 GC heap before
{Heap before GC invocations=33 (full 0):
 garbage-first heap   total 187392K, used 135916K [0x0000000080000000, 0x0000000100000000)
  region size 1024K, 72 young (73728K), 4 survivors (4096K)
 Metaspace       used 81141K, capacity 83174K, committed 83324K, reserved 1122304K
  class space    used 10513K, capacity 11253K, committed 11264K, reserved 1048576K
}
Event: 24.596 GC heap after
{Heap after GC invocations=34 (full 0):
 garbage-first heap   total 187392K, used 70506K [0x0000000080000000, 0x0000000100000000)
  region size 1024K, 7 young (7168K), 7 survivors (7168K)
 Metaspace       used 81141K, capacity 83174K, committed 83324K, reserved 1122304K
  class space    used 10513K, capacity 11253K, committed 11264K, reserved 1048576K
}

