# JRE version: OpenJDK Runtime Environment (11.0.10) (build 11.0.10+0-b96-7249189)
# Java VM: OpenJDK 64-Bit Server VM (11.0.10+0-b96-7249189, mixed mode, tiered, compressed oops, g1 gc, windows-amd64)
Heap:
 garbage-first heap   total 116736K, used 86524K [0x0000000080000000, 0x0000000100000000)
  region size 1024K, 35 young (35840K), 3 survivors (3072K)
 Metaspace       used 48857K, capacity 50276K, committed 50560K, reserved 1093632K
  class space    used 6264K, capacity 6709K, committed 6784K, reserved 1048576K
GC Heap History (20 events):
Event: 5.886 GC heap before
{Heap before GC invocations=4 (full 0):
 garbage-first heap   total 65536K, used 42511K [0x0000000080000000, 0x0000000100000000)
  region size 1024K, 32 young (32768K), 5 survivors (5120K)
 Metaspace       used 19173K, capacity 19579K, committed 19712K, reserved 1067008K
  class space    used 2321K, capacity 2447K, committed 2560K, reserved 1048576K
}
Event: 5.896 GC heap after
{Heap after GC invocations=5 (full 0):
 garbage-first heap   total 65536K, used 16517K [0x0000000080000000, 0x0000000100000000)
  region size 1024K, 2 young (2048K), 2 survivors (2048K)
 Metaspace       used 19173K, capacity 19579K, committed 19712K, reserved 1067008K
  class space    used 2321K, capacity 2447K, committed 2560K, reserved 1048576K
}
Event: 6.107 GC heap before
{Heap before GC invocations=5 (full 0):
 garbage-first heap   total 65536K, used 26757K [0x0000000080000000, 0x0000000100000000)
  region size 1024K, 13 young (13312K), 2 survivors (2048K)
 Metaspace       used 20568K, capacity 21117K, committed 21248K, reserved 1067008K
  class space    used 2511K, capacity 2731K, committed 2816K, reserved 1048576K
}
Event: 6.115 GC heap after
{Heap after GC invocations=6 (full 0):
 garbage-first heap   total 97280K, used 16781K [0x0000000080000000, 0x0000000100000000)
  region size 1024K, 2 young (2048K), 2 survivors (2048K)
 Metaspace       used 20568K, capacity 21117K, committed 21248K, reserved 1067008K
  class space    used 2511K, capacity 2731K, committed 2816K, reserved 1048576K
}
Event: 6.818 GC heap before
{Heap before GC invocations=7 (full 0):
 garbage-first heap   total 97280K, used 52621K [0x0000000080000000, 0x0000000100000000)
  region size 1024K, 37 young (37888K), 2 survivors (2048K)
 Metaspace       used 24120K, capacity 24723K, committed 24832K, reserved 1071104K
  class space    used 3092K, capacity 3298K, committed 3328K, reserved 1048576K
}
Event: 6.824 GC heap after
{Heap after GC invocations=8 (full 0):
 garbage-first heap   total 97280K, used 17921K [0x0000000080000000, 0x0000000100000000)
  region size 1024K, 3 young (3072K), 3 survivors (3072K)
 Metaspace       used 24120K, capacity 24723K, committed 24832K, reserved 1071104K
  class space    used 3092K, capacity 3298K, committed 3328K, reserved 1048576K
}
Event: 8.001 GC heap before
{Heap before GC invocations=8 (full 0):
 garbage-first heap   total 97280K, used 66049K [0x0000000080000000, 0x0000000100000000)
  region size 1024K, 41 young (41984K), 3 survivors (3072K)
 Metaspace       used 27583K, capacity 28436K, committed 28544K, reserved 1073152K
  class space    used 3661K, capacity 3962K, committed 3968K, reserved 1048576K
}
Event: 8.014 GC heap after
{Heap after GC invocations=9 (full 0):
 garbage-first heap   total 97280K, used 31615K [0x0000000080000000, 0x0000000100000000)
  region size 1024K, 6 young (6144K), 6 survivors (6144K)
 Metaspace       used 27583K, capacity 28436K, committed 28544K, reserved 1073152K
  class space    used 3661K, capacity 3962K, committed 3968K, reserved 1048576K
}
Event: 8.917 GC heap before
{Heap before GC invocations=9 (full 0):
 garbage-first heap   total 97280K, used 66431K [0x0000000080000000, 0x0000000100000000)
  region size 1024K, 41 young (41984K), 6 survivors (6144K)
 Metaspace       used 32800K, capacity 33619K, committed 33920K, reserved 1079296K
  class space    used 4385K, capacity 4686K, committed 4736K, reserved 1048576K
}
Event: 8.928 GC heap after
{Heap after GC invocations=10 (full 0):
 garbage-first heap   total 97280K, used 33798K [0x0000000080000000, 0x0000000100000000)
  region size 1024K, 3 young (3072K), 3 survivors (3072K)
 Metaspace       used 32800K, capacity 33619K, committed 33920K, reserved 1079296K
  class space    used 4385K, capacity 4686K, committed 4736K, reserved 1048576K
}
Event: 9.141 GC heap before
{Heap before GC invocations=10 (full 0):
 garbage-first heap   total 97280K, used 38918K [0x0000000080000000, 0x0000000100000000)
  region size 1024K, 9 young (9216K), 3 survivors (3072K)
 Metaspace       used 34840K, capacity 35727K, committed 35840K, reserved 1081344K
  class space    used 4559K, capacity 4899K, committed 4992K, reserved 1048576K
}
Event: 9.153 GC heap after
{Heap after GC invocations=11 (full 0):
 garbage-first heap   total 97280K, used 34562K [0x0000000080000000, 0x0000000100000000)
  region size 1024K, 3 young (3072K), 3 survivors (3072K)
 Metaspace       used 34840K, capacity 35727K, committed 35840K, reserved 1081344K
  class space    used 4559K, capacity 4899K, committed 4992K, reserved 1048576K
}
Event: 9.839 GC heap before
{Heap before GC invocations=12 (full 0):
 garbage-first heap   total 97280K, used 70402K [0x0000000080000000, 0x0000000100000000)
  region size 1024K, 39 young (39936K), 3 survivors (3072K)
 Metaspace       used 38012K, capacity 39046K, committed 39168K, reserved 1083392K
  class space    used 4920K, capacity 5257K, committed 5376K, reserved 1048576K
}
Event: 9.854 GC heap after
{Heap after GC invocations=13 (full 0):
 garbage-first heap   total 97280K, used 38088K [0x0000000080000000, 0x0000000100000000)
  region size 1024K, 5 young (5120K), 5 survivors (5120K)
 Metaspace       used 38012K, capacity 39046K, committed 39168K, reserved 1083392K
  class space    used 4920K, capacity 5257K, committed 5376K, reserved 1048576K
}
Event: 10.549 GC heap before
{Heap before GC invocations=14 (full 0):
 garbage-first heap   total 97280K, used 77000K [0x0000000080000000, 0x0000000100000000)
  region size 1024K, 40 young (40960K), 5 survivors (5120K)
 Metaspace       used 41739K, capacity 42824K, committed 43008K, reserved 1087488K
  class space    used 5379K, capacity 5774K, committed 5888K, reserved 1048576K
}
Event: 10.562 GC heap after
{Heap after GC invocations=15 (full 0):
 garbage-first heap   total 116736K, used 38765K [0x0000000080000000, 0x0000000100000000)
  region size 1024K, 2 young (2048K), 2 survivors (2048K)
 Metaspace       used 41739K, capacity 42824K, committed 43008K, reserved 1087488K
  class space    used 5379K, capacity 5774K, committed 5888K, reserved 1048576K
}
Event: 11.730 GC heap before
{Heap before GC invocations=15 (full 0):
 garbage-first heap   total 116736K, used 90989K [0x0000000080000000, 0x0000000100000000)
  region size 1024K, 45 young (46080K), 2 survivors (2048K)
 Metaspace       used 44488K, capacity 45743K, committed 46080K, reserved 1089536K
  class space    used 5600K, capacity 6053K, committed 6144K, reserved 1048576K
}
Event: 11.746 GC heap after
{Heap after GC invocations=16 (full 0):
 garbage-first heap   total 116736K, used 52185K [0x0000000080000000, 0x0000000100000000)
  region size 1024K, 6 young (6144K), 6 survivors (6144K)
 Metaspace       used 44488K, capacity 45743K, committed 46080K, reserved 1089536K
  class space    used 5600K, capacity 6053K, committed 6144K, reserved 1048576K
}
Event: 12.389 GC heap before
{Heap before GC invocations=16 (full 0):
 garbage-first heap   total 116736K, used 90073K [0x0000000080000000, 0x0000000100000000)
  region size 1024K, 43 young (44032K), 6 survivors (6144K)
 Metaspace       used 46665K, capacity 48006K, committed 48256K, reserved 1091584K
  class space    used 5952K, capacity 6404K, committed 6528K, reserved 1048576K
}
Event: 12.404 GC heap after
{Heap after GC invocations=17 (full 0):
 garbage-first heap   total 116736K, used 54780K [0x0000000080000000, 0x0000000100000000)
  region size 1024K, 3 young (3072K), 3 survivors (3072K)
 Metaspace       used 46665K, capacity 48006K, committed 48256K, reserved 1091584K
  class space    used 5952K, capacity 6404K, committed 6528K, reserved 1048576K
}

