# JRE version: OpenJDK Runtime Environment (11.0.10) (build 11.0.10+0-b96-7249189)
# Java VM: OpenJDK 64-Bit Server VM (11.0.10+0-b96-7249189, mixed mode, tiered, compressed oops, g1 gc, windows-amd64)
Heap:
 garbage-first heap   total 204800K, used 141206K [0x0000000080000000, 0x0000000100000000)
  region size 1024K, 44 young (45056K), 7 survivors (7168K)
 Metaspace       used 104141K, capacity 106707K, committed 106832K, reserved 1142784K
  class space    used 13077K, capacity 14020K, committed 14080K, reserved 1048576K
GC Heap History (20 events):
Event: 392.776 GC heap before
{Heap before GC invocations=32 (full 0):
 garbage-first heap   total 204800K, used 156428K [0x0000000080000000, 0x0000000100000000)
  region size 1024K, 79 young (80896K), 6 survivors (6144K)
 Metaspace       used 83459K, capacity 85769K, committed 85840K, reserved 1124352K
  class space    used 10676K, capacity 11518K, committed 11520K, reserved 1048576K
}
Event: 392.955 GC heap after
{Heap after GC invocations=33 (full 0):
 garbage-first heap   total 204800K, used 91136K [0x0000000080000000, 0x0000000100000000)
  region size 1024K, 10 young (10240K), 10 survivors (10240K)
 Metaspace       used 83459K, capacity 85769K, committed 85840K, reserved 1124352K
  class space    used 10676K, capacity 11518K, committed 11520K, reserved 1048576K
}
Event: 395.557 GC heap before
{Heap before GC invocations=33 (full 0):
 garbage-first heap   total 204800K, used 153600K [0x0000000080000000, 0x0000000100000000)
  region size 1024K, 63 young (64512K), 10 survivors (10240K)
 Metaspace       used 87116K, capacity 89439K, committed 89680K, reserved 1126400K
  class space    used 11087K, capacity 11953K, committed 12032K, reserved 1048576K
}
Event: 395.684 GC heap after
{Heap after GC invocations=34 (full 0):
 garbage-first heap   total 204800K, used 111981K [0x0000000080000000, 0x0000000100000000)
  region size 1024K, 11 young (11264K), 11 survivors (11264K)
 Metaspace       used 87116K, capacity 89439K, committed 89680K, reserved 1126400K
  class space    used 11087K, capacity 11953K, committed 12032K, reserved 1048576K
}
Event: 397.447 GC heap before
{Heap before GC invocations=35 (full 0):
 garbage-first heap   total 204800K, used 135533K [0x0000000080000000, 0x0000000100000000)
  region size 1024K, 29 young (29696K), 11 survivors (11264K)
 Metaspace       used 88545K, capacity 90768K, committed 91344K, reserved 1128448K
  class space    used 11189K, capacity 11979K, committed 12160K, reserved 1048576K
}
Event: 397.485 GC heap after
{Heap after GC invocations=36 (full 0):
 garbage-first heap   total 204800K, used 105472K [0x0000000080000000, 0x0000000100000000)
  region size 1024K, 3 young (3072K), 3 survivors (3072K)
 Metaspace       used 88545K, capacity 90768K, committed 91344K, reserved 1128448K
  class space    used 11189K, capacity 11979K, committed 12160K, reserved 1048576K
}
Event: 398.862 GC heap before
{Heap before GC invocations=36 (full 0):
 garbage-first heap   total 204800K, used 144384K [0x0000000080000000, 0x0000000100000000)
  region size 1024K, 42 young (43008K), 3 survivors (3072K)
 Metaspace       used 91564K, capacity 93861K, committed 94288K, reserved 1130496K
  class space    used 11585K, capacity 12399K, committed 12544K, reserved 1048576K
}
Event: 398.873 GC heap after
{Heap after GC invocations=37 (full 0):
 garbage-first heap   total 204800K, used 105487K [0x0000000080000000, 0x0000000100000000)
  region size 1024K, 3 young (3072K), 3 survivors (3072K)
 Metaspace       used 91564K, capacity 93861K, committed 94288K, reserved 1130496K
  class space    used 11585K, capacity 12399K, committed 12544K, reserved 1048576K
}
Event: 405.574 GC heap before
{Heap before GC invocations=38 (full 0):
 garbage-first heap   total 204800K, used 144911K [0x0000000080000000, 0x0000000100000000)
  region size 1024K, 46 young (47104K), 3 survivors (3072K)
 Metaspace       used 94283K, capacity 96530K, committed 96848K, reserved 1134592K
  class space    used 11894K, capacity 12737K, committed 12800K, reserved 1048576K
}
Event: 405.609 GC heap after
{Heap after GC invocations=39 (full 0):
 garbage-first heap   total 204800K, used 105887K [0x0000000080000000, 0x0000000100000000)
  region size 1024K, 6 young (6144K), 6 survivors (6144K)
 Metaspace       used 94283K, capacity 96530K, committed 96848K, reserved 1134592K
  class space    used 11894K, capacity 12737K, committed 12800K, reserved 1048576K
}
Event: 405.671 GC heap before
{Heap before GC invocations=39 (full 0):
 garbage-first heap   total 204800K, used 109983K [0x0000000080000000, 0x0000000100000000)
  region size 1024K, 10 young (10240K), 6 survivors (6144K)
 Metaspace       used 94287K, capacity 96530K, committed 96848K, reserved 1134592K
  class space    used 11894K, capacity 12737K, committed 12800K, reserved 1048576K
}
Event: 405.698 GC heap after
{Heap after GC invocations=40 (full 0):
 garbage-first heap   total 204800K, used 95744K [0x0000000080000000, 0x0000000100000000)
  region size 1024K, 2 young (2048K), 2 survivors (2048K)
 Metaspace       used 94287K, capacity 96530K, committed 96848K, reserved 1134592K
  class space    used 11894K, capacity 12737K, committed 12800K, reserved 1048576K
}
Event: 406.748 GC heap before
{Heap before GC invocations=40 (full 0):
 garbage-first heap   total 204800K, used 146944K [0x0000000080000000, 0x0000000100000000)
  region size 1024K, 52 young (53248K), 2 survivors (2048K)
 Metaspace       used 95650K, capacity 98047K, committed 98256K, reserved 1134592K
  class space    used 12035K, capacity 12894K, committed 12928K, reserved 1048576K
}
Event: 406.764 GC heap after
{Heap after GC invocations=41 (full 0):
 garbage-first heap   total 204800K, used 96346K [0x0000000080000000, 0x0000000100000000)
  region size 1024K, 3 young (3072K), 3 survivors (3072K)
 Metaspace       used 95650K, capacity 98047K, committed 98256K, reserved 1134592K
  class space    used 12035K, capacity 12894K, committed 12928K, reserved 1048576K
}
Event: 604.671 GC heap before
{Heap before GC invocations=42 (full 0):
 garbage-first heap   total 204800K, used 183386K [0x0000000080000000, 0x0000000100000000)
  region size 1024K, 56 young (57344K), 3 survivors (3072K)
 Metaspace       used 96844K, capacity 99214K, committed 99408K, reserved 1136640K
  class space    used 12178K, capacity 13038K, committed 13056K, reserved 1048576K
}
Event: 604.889 GC heap after
{Heap after GC invocations=43 (full 0):
 garbage-first heap   total 204800K, used 98907K [0x0000000080000000, 0x0000000100000000)
  region size 1024K, 5 young (5120K), 5 survivors (5120K)
 Metaspace       used 96844K, capacity 99214K, committed 99408K, reserved 1136640K
  class space    used 12178K, capacity 13038K, committed 13056K, reserved 1048576K
}
Event: 605.273 GC heap before
{Heap before GC invocations=43 (full 0):
 garbage-first heap   total 204800K, used 104027K [0x0000000080000000, 0x0000000100000000)
  region size 1024K, 10 young (10240K), 5 survivors (5120K)
 Metaspace       used 96894K, capacity 99284K, committed 99408K, reserved 1136640K
  class space    used 12178K, capacity 13039K, committed 13056K, reserved 1048576K
}
Event: 605.392 GC heap after
{Heap after GC invocations=44 (full 0):
 garbage-first heap   total 204800K, used 98470K [0x0000000080000000, 0x0000000100000000)
  region size 1024K, 2 young (2048K), 2 survivors (2048K)
 Metaspace       used 96894K, capacity 99284K, committed 99408K, reserved 1136640K
  class space    used 12178K, capacity 13039K, committed 13056K, reserved 1048576K
}
Event: 607.997 GC heap before
{Heap before GC invocations=44 (full 0):
 garbage-first heap   total 204800K, used 152742K [0x0000000080000000, 0x0000000100000000)
  region size 1024K, 56 young (57344K), 2 survivors (2048K)
 Metaspace       used 99200K, capacity 101713K, committed 101840K, reserved 1138688K
  class space    used 12477K, capacity 13380K, committed 13440K, reserved 1048576K
}
Event: 608.059 GC heap after
{Heap after GC invocations=45 (full 0):
 garbage-first heap   total 204800K, used 104342K [0x0000000080000000, 0x0000000100000000)
  region size 1024K, 7 young (7168K), 7 survivors (7168K)
 Metaspace       used 99200K, capacity 101713K, committed 101840K, reserved 1138688K
  class space    used 12477K, capacity 13380K, committed 13440K, reserved 1048576K
}

