# JRE version: OpenJDK Runtime Environment (11.0.10) (build 11.0.10+0-b96-7249189)
# Java VM: OpenJDK 64-Bit Server VM (11.0.10+0-b96-7249189, mixed mode, tiered, compressed oops, g1 gc, windows-amd64)
Heap:
 garbage-first heap   total 242688K, used 186646K [0x0000000080000000, 0x0000000100000000)
  region size 1024K, 81 young (82944K), 9 survivors (9216K)
 Metaspace       used 106926K, capacity 110024K, committed 110208K, reserved 1144832K
  class space    used 13761K, capacity 14853K, committed 14976K, reserved 1048576K
GC Heap History (20 events):
Event: 19.151 GC heap before
{Heap before GC invocations=28 (full 0):
 garbage-first heap   total 167936K, used 122199K [0x0000000080000000, 0x0000000100000000)
  region size 1024K, 50 young (51200K), 4 survivors (4096K)
 Metaspace       used 69995K, capacity 71975K, committed 72064K, reserved 1112064K
  class space    used 8915K, capacity 9565K, committed 9600K, reserved 1048576K
}
Event: 19.166 GC heap after
{Heap after GC invocations=29 (full 0):
 garbage-first heap   total 167936K, used 79220K [0x0000000080000000, 0x0000000100000000)
  region size 1024K, 7 young (7168K), 7 survivors (7168K)
 Metaspace       used 69995K, capacity 71975K, committed 72064K, reserved 1112064K
  class space    used 8915K, capacity 9565K, committed 9600K, reserved 1048576K
}
Event: 19.978 GC heap before
{Heap before GC invocations=29 (full 0):
 garbage-first heap   total 167936K, used 129396K [0x0000000080000000, 0x0000000100000000)
  region size 1024K, 56 young (57344K), 7 survivors (7168K)
 Metaspace       used 72636K, capacity 74653K, committed 74880K, reserved 1114112K
  class space    used 9335K, capacity 10009K, committed 10112K, reserved 1048576K
}
Event: 19.995 GC heap after
{Heap after GC invocations=30 (full 0):
 garbage-first heap   total 167936K, used 83169K [0x0000000080000000, 0x0000000100000000)
  region size 1024K, 5 young (5120K), 5 survivors (5120K)
 Metaspace       used 72636K, capacity 74653K, committed 74880K, reserved 1114112K
  class space    used 9335K, capacity 10009K, committed 10112K, reserved 1048576K
}
Event: 20.831 GC heap before
{Heap before GC invocations=30 (full 0):
 garbage-first heap   total 167936K, used 130273K [0x0000000080000000, 0x0000000100000000)
  region size 1024K, 51 young (52224K), 5 survivors (5120K)
 Metaspace       used 76175K, capacity 78200K, committed 78464K, reserved 1118208K
  class space    used 9891K, capacity 10587K, committed 10624K, reserved 1048576K
}
Event: 20.849 GC heap after
{Heap after GC invocations=31 (full 0):
 garbage-first heap   total 167936K, used 86351K [0x0000000080000000, 0x0000000100000000)
  region size 1024K, 4 young (4096K), 4 survivors (4096K)
 Metaspace       used 76175K, capacity 78200K, committed 78464K, reserved 1118208K
  class space    used 9891K, capacity 10587K, committed 10624K, reserved 1048576K
}
Event: 21.677 GC heap before
{Heap before GC invocations=32 (full 0):
 garbage-first heap   total 167936K, used 133455K [0x0000000080000000, 0x0000000100000000)
  region size 1024K, 50 young (51200K), 4 survivors (4096K)
 Metaspace       used 78716K, capacity 80848K, committed 80896K, reserved 1120256K
  class space    used 10267K, capacity 10995K, committed 11008K, reserved 1048576K
}
Event: 21.690 GC heap after
{Heap after GC invocations=33 (full 0):
 garbage-first heap   total 201728K, used 88098K [0x0000000080000000, 0x0000000100000000)
  region size 1024K, 6 young (6144K), 6 survivors (6144K)
 Metaspace       used 78716K, capacity 80848K, committed 80896K, reserved 1120256K
  class space    used 10267K, capacity 10995K, committed 11008K, reserved 1048576K
}
Event: 23.062 GC heap before
{Heap before GC invocations=33 (full 0):
 garbage-first heap   total 201728K, used 148514K [0x0000000080000000, 0x0000000100000000)
  region size 1024K, 65 young (66560K), 6 survivors (6144K)
 Metaspace       used 82516K, capacity 84860K, committed 85120K, reserved 1122304K
  class space    used 10772K, capacity 11559K, committed 11648K, reserved 1048576K
}
Event: 23.080 GC heap after
{Heap after GC invocations=34 (full 0):
 garbage-first heap   total 201728K, used 91946K [0x0000000080000000, 0x0000000100000000)
  region size 1024K, 6 young (6144K), 6 survivors (6144K)
 Metaspace       used 82516K, capacity 84860K, committed 85120K, reserved 1122304K
  class space    used 10772K, capacity 11559K, committed 11648K, reserved 1048576K
}
Event: 24.202 GC heap before
{Heap before GC invocations=34 (full 0):
 garbage-first heap   total 201728K, used 162602K [0x0000000080000000, 0x0000000100000000)
  region size 1024K, 75 young (76800K), 6 survivors (6144K)
 Metaspace       used 86897K, capacity 89289K, committed 89600K, reserved 1126400K
  class space    used 11367K, capacity 12183K, committed 12288K, reserved 1048576K
}
Event: 24.221 GC heap after
{Heap after GC invocations=35 (full 0):
 garbage-first heap   total 201728K, used 97082K [0x0000000080000000, 0x0000000100000000)
  region size 1024K, 9 young (9216K), 9 survivors (9216K)
 Metaspace       used 86897K, capacity 89289K, committed 89600K, reserved 1126400K
  class space    used 11367K, capacity 12183K, committed 12288K, reserved 1048576K
}
Event: 25.611 GC heap before
{Heap before GC invocations=35 (full 0):
 garbage-first heap   total 201728K, used 164666K [0x0000000080000000, 0x0000000100000000)
  region size 1024K, 74 young (75776K), 9 survivors (9216K)
 Metaspace       used 95746K, capacity 98105K, committed 98304K, reserved 1134592K
  class space    used 12406K, capacity 13232K, committed 13312K, reserved 1048576K
}
Event: 25.633 GC heap after
{Heap after GC invocations=36 (full 0):
 garbage-first heap   total 201728K, used 100710K [0x0000000080000000, 0x0000000100000000)
  region size 1024K, 9 young (9216K), 9 survivors (9216K)
 Metaspace       used 95746K, capacity 98105K, committed 98304K, reserved 1134592K
  class space    used 12406K, capacity 13232K, committed 13312K, reserved 1048576K
}
Event: 27.133 GC heap before
{Heap before GC invocations=36 (full 0):
 garbage-first heap   total 201728K, used 164198K [0x0000000080000000, 0x0000000100000000)
  region size 1024K, 72 young (73728K), 9 survivors (9216K)
 Metaspace       used 97466K, capacity 99970K, committed 100096K, reserved 1136640K
  class space    used 12619K, capacity 13535K, committed 13568K, reserved 1048576K
}
Event: 27.157 GC heap after
{Heap after GC invocations=37 (full 0):
 garbage-first heap   total 201728K, used 104954K [0x0000000080000000, 0x0000000100000000)
  region size 1024K, 8 young (8192K), 8 survivors (8192K)
 Metaspace       used 97466K, capacity 99970K, committed 100096K, reserved 1136640K
  class space    used 12619K, capacity 13535K, committed 13568K, reserved 1048576K
}
Event: 28.500 GC heap before
{Heap before GC invocations=38 (full 0):
 garbage-first heap   total 201728K, used 165370K [0x0000000080000000, 0x0000000100000000)
  region size 1024K, 68 young (69632K), 8 survivors (8192K)
 Metaspace       used 99656K, capacity 102300K, committed 102400K, reserved 1138688K
  class space    used 12838K, capacity 13796K, committed 13824K, reserved 1048576K
}
Event: 28.528 GC heap after
{Heap after GC invocations=39 (full 0):
 garbage-first heap   total 242688K, used 108579K [0x0000000080000000, 0x0000000100000000)
  region size 1024K, 8 young (8192K), 8 survivors (8192K)
 Metaspace       used 99656K, capacity 102300K, committed 102400K, reserved 1138688K
  class space    used 12838K, capacity 13796K, committed 13824K, reserved 1048576K
}
Event: 29.976 GC heap before
{Heap before GC invocations=39 (full 0):
 garbage-first heap   total 242688K, used 186403K [0x0000000080000000, 0x0000000100000000)
  region size 1024K, 84 young (86016K), 8 survivors (8192K)
 Metaspace       used 105723K, capacity 108537K, committed 108672K, reserved 1142784K
  class space    used 13647K, capacity 14686K, committed 14720K, reserved 1048576K
}
Event: 29.997 GC heap after
{Heap after GC invocations=40 (full 0):
 garbage-first heap   total 242688K, used 113942K [0x0000000080000000, 0x0000000100000000)
  region size 1024K, 9 young (9216K), 9 survivors (9216K)
 Metaspace       used 105723K, capacity 108537K, committed 108672K, reserved 1142784K
  class space    used 13647K, capacity 14686K, committed 14720K, reserved 1048576K
}

