# JRE version: OpenJDK Runtime Environment (11.0.10) (build 11.0.10+0-b96-7249189)
# Java VM: OpenJDK 64-Bit Server VM (11.0.10+0-b96-7249189, mixed mode, tiered, compressed oops, g1 gc, windows-amd64)
Heap:
 garbage-first heap   total 695296K, used 204497K [0x0000000080000000, 0x0000000100000000)
  region size 1024K, 16 young (16384K), 16 survivors (16384K)
 Metaspace       used 121256K, capacity 125096K, committed 125312K, reserved 1157120K
  class space    used 15621K, capacity 16988K, committed 17024K, reserved 1048576K
GC Heap History (20 events):
Event: 72.583 GC heap after
{Heap after GC invocations=78 (full 0):
 garbage-first heap   total 441344K, used 193367K [0x0000000080000000, 0x0000000100000000)
  region size 1024K, 9 young (9216K), 9 survivors (9216K)
 Metaspace       used 118820K, capacity 122367K, committed 122624K, reserved 1155072K
  class space    used 15312K, capacity 16584K, committed 16640K, reserved 1048576K
}
Event: 73.130 GC heap before
{Heap before GC invocations=78 (full 0):
 garbage-first heap   total 441344K, used 385879K [0x0000000080000000, 0x0000000100000000)
  region size 1024K, 197 young (201728K), 9 survivors (9216K)
 Metaspace       used 118827K, capacity 122367K, committed 122624K, reserved 1155072K
  class space    used 15312K, capacity 16584K, committed 16640K, reserved 1048576K
}
Event: 73.157 GC heap after
{Heap after GC invocations=79 (full 0):
 garbage-first heap   total 441344K, used 194048K [0x0000000080000000, 0x0000000100000000)
  region size 1024K, 9 young (9216K), 9 survivors (9216K)
 Metaspace       used 118827K, capacity 122367K, committed 122624K, reserved 1155072K
  class space    used 15312K, capacity 16584K, committed 16640K, reserved 1048576K
}
Event: 73.785 GC heap before
{Heap before GC invocations=79 (full 0):
 garbage-first heap   total 441344K, used 386560K [0x0000000080000000, 0x0000000100000000)
  region size 1024K, 197 young (201728K), 9 survivors (9216K)
 Metaspace       used 118838K, capacity 122375K, committed 122624K, reserved 1155072K
  class space    used 15314K, capacity 16587K, committed 16640K, reserved 1048576K
}
Event: 73.813 GC heap after
{Heap after GC invocations=80 (full 0):
 garbage-first heap   total 441344K, used 194459K [0x0000000080000000, 0x0000000100000000)
  region size 1024K, 10 young (10240K), 10 survivors (10240K)
 Metaspace       used 118838K, capacity 122375K, committed 122624K, reserved 1155072K
  class space    used 15314K, capacity 16587K, committed 16640K, reserved 1048576K
}
Event: 74.502 GC heap before
{Heap before GC invocations=80 (full 0):
 garbage-first heap   total 441344K, used 384923K [0x0000000080000000, 0x0000000100000000)
  region size 1024K, 196 young (200704K), 10 survivors (10240K)
 Metaspace       used 119117K, capacity 122711K, committed 122880K, reserved 1155072K
  class space    used 15356K, capacity 16634K, committed 16640K, reserved 1048576K
}
Event: 74.538 GC heap after
{Heap after GC invocations=81 (full 0):
 garbage-first heap   total 441344K, used 194913K [0x0000000080000000, 0x0000000100000000)
  region size 1024K, 10 young (10240K), 10 survivors (10240K)
 Metaspace       used 119117K, capacity 122711K, committed 122880K, reserved 1155072K
  class space    used 15356K, capacity 16634K, committed 16640K, reserved 1048576K
}
Event: 75.156 GC heap before
{Heap before GC invocations=81 (full 0):
 garbage-first heap   total 441344K, used 385377K [0x0000000080000000, 0x0000000100000000)
  region size 1024K, 196 young (200704K), 10 survivors (10240K)
 Metaspace       used 119123K, capacity 122711K, committed 122880K, reserved 1155072K
  class space    used 15356K, capacity 16634K, committed 16640K, reserved 1048576K
}
Event: 75.187 GC heap after
{Heap after GC invocations=82 (full 0):
 garbage-first heap   total 441344K, used 195999K [0x0000000080000000, 0x0000000100000000)
  region size 1024K, 11 young (11264K), 11 survivors (11264K)
 Metaspace       used 119123K, capacity 122711K, committed 122880K, reserved 1155072K
  class space    used 15356K, capacity 16634K, committed 16640K, reserved 1048576K
}
Event: 75.925 GC heap before
{Heap before GC invocations=82 (full 0):
 garbage-first heap   total 441344K, used 384415K [0x0000000080000000, 0x0000000100000000)
  region size 1024K, 195 young (199680K), 11 survivors (11264K)
 Metaspace       used 119148K, capacity 122714K, committed 122880K, reserved 1155072K
  class space    used 15356K, capacity 16635K, committed 16640K, reserved 1048576K
}
Event: 75.958 GC heap after
{Heap after GC invocations=83 (full 0):
 garbage-first heap   total 441344K, used 197052K [0x0000000080000000, 0x0000000100000000)
  region size 1024K, 12 young (12288K), 12 survivors (12288K)
 Metaspace       used 119148K, capacity 122714K, committed 122880K, reserved 1155072K
  class space    used 15356K, capacity 16635K, committed 16640K, reserved 1048576K
}
Event: 76.985 GC heap before
{Heap before GC invocations=83 (full 0):
 garbage-first heap   total 441344K, used 385468K [0x0000000080000000, 0x0000000100000000)
  region size 1024K, 194 young (198656K), 12 survivors (12288K)
 Metaspace       used 120930K, capacity 124659K, committed 124800K, reserved 1157120K
  class space    used 15583K, capacity 16947K, committed 17024K, reserved 1048576K
}
Event: 77.036 GC heap after
{Heap after GC invocations=84 (full 0):
 garbage-first heap   total 507904K, used 203297K [0x0000000080000000, 0x0000000100000000)
  region size 1024K, 16 young (16384K), 16 survivors (16384K)
 Metaspace       used 120930K, capacity 124659K, committed 124800K, reserved 1157120K
  class space    used 15583K, capacity 16947K, committed 17024K, reserved 1048576K
}
Event: 79.451 GC heap before
{Heap before GC invocations=84 (full 0):
 garbage-first heap   total 507904K, used 434721K [0x0000000080000000, 0x0000000100000000)
  region size 1024K, 242 young (247808K), 16 survivors (16384K)
 Metaspace       used 121154K, capacity 124933K, committed 125056K, reserved 1157120K
  class space    used 15616K, capacity 16979K, committed 17024K, reserved 1048576K
}
Event: 79.558 GC heap after
{Heap after GC invocations=85 (full 0):
 garbage-first heap   total 507904K, used 202074K [0x0000000080000000, 0x0000000100000000)
  region size 1024K, 16 young (16384K), 16 survivors (16384K)
 Metaspace       used 121154K, capacity 124933K, committed 125056K, reserved 1157120K
  class space    used 15616K, capacity 16979K, committed 17024K, reserved 1048576K
}
Event: 80.475 GC heap before
{Heap before GC invocations=85 (full 0):
 garbage-first heap   total 507904K, used 441690K [0x0000000080000000, 0x0000000100000000)
  region size 1024K, 248 young (253952K), 16 survivors (16384K)
 Metaspace       used 121185K, capacity 124939K, committed 125056K, reserved 1157120K
  class space    used 15616K, capacity 16979K, committed 17024K, reserved 1048576K
}
Event: 80.552 GC heap after
{Heap after GC invocations=86 (full 0):
 garbage-first heap   total 507904K, used 206724K [0x0000000080000000, 0x0000000100000000)
  region size 1024K, 18 young (18432K), 18 survivors (18432K)
 Metaspace       used 121185K, capacity 124939K, committed 125056K, reserved 1157120K
  class space    used 15616K, capacity 16979K, committed 17024K, reserved 1048576K
}
Event: 81.725 GC heap before
{Heap before GC invocations=86 (full 0):
 garbage-first heap   total 507904K, used 438148K [0x0000000080000000, 0x0000000100000000)
  region size 1024K, 244 young (249856K), 18 survivors (18432K)
 Metaspace       used 121228K, capacity 125082K, committed 125312K, reserved 1157120K
  class space    used 15618K, capacity 16983K, committed 17024K, reserved 1048576K
}
Event: 81.780 GC heap after
{Heap after GC invocations=87 (full 0):
 garbage-first heap   total 507904K, used 205422K [0x0000000080000000, 0x0000000100000000)
  region size 1024K, 17 young (17408K), 17 survivors (17408K)
 Metaspace       used 121228K, capacity 125082K, committed 125312K, reserved 1157120K
  class space    used 15618K, capacity 16983K, committed 17024K, reserved 1048576K
}
Event: 82.822 GC heap before
{Heap before GC invocations=87 (full 0):
 garbage-first heap   total 507904K, used 438894K [0x0000000080000000, 0x0000000100000000)
  region size 1024K, 244 young (249856K), 17 survivors (17408K)
 Metaspace       used 121256K, capacity 125096K, committed 125312K, reserved 1157120K
  class space    used 15621K, capacity 16988K, committed 17024K, reserved 1048576K
}

