# JRE version: OpenJDK Runtime Environment (11.0.10) (build 11.0.10+0-b96-7249189)
# Java VM: OpenJDK 64-Bit Server VM (11.0.10+0-b96-7249189, mixed mode, tiered, compressed oops, g1 gc, windows-amd64)
Heap:
 garbage-first heap   total 239616K, used 153469K [0x0000000080000000, 0x0000000100000000)
  region size 1024K, 52 young (53248K), 8 survivors (8192K)
 Metaspace       used 102651K, capacity 105721K, committed 106044K, reserved 1140736K
  class space    used 13320K, capacity 14475K, committed 14592K, reserved 1048576K
GC Heap History (20 events):
Event: 18.185 GC heap before
{Heap before GC invocations=27 (full 0):
 garbage-first heap   total 138240K, used 103786K [0x0000000080000000, 0x0000000100000000)
  region size 1024K, 49 young (50176K), 6 survivors (6144K)
 Metaspace       used 76323K, capacity 78104K, committed 78268K, reserved 1118208K
  class space    used 9948K, capacity 10602K, committed 10624K, reserved 1048576K
}
Event: 18.203 GC heap after
{Heap after GC invocations=28 (full 0):
 garbage-first heap   total 165888K, used 63187K [0x0000000080000000, 0x0000000100000000)
  region size 1024K, 7 young (7168K), 7 survivors (7168K)
 Metaspace       used 76323K, capacity 78104K, committed 78268K, reserved 1118208K
  class space    used 9948K, capacity 10602K, committed 10624K, reserved 1048576K
}
Event: 20.219 GC heap before
{Heap before GC invocations=28 (full 0):
 garbage-first heap   total 165888K, used 114387K [0x0000000080000000, 0x0000000100000000)
  region size 1024K, 57 young (58368K), 7 survivors (7168K)
 Metaspace       used 79409K, capacity 81486K, committed 81724K, reserved 1120256K
  class space    used 10397K, capacity 11149K, committed 11264K, reserved 1048576K
}
Event: 20.245 GC heap after
{Heap after GC invocations=29 (full 0):
 garbage-first heap   total 165888K, used 67037K [0x0000000080000000, 0x0000000100000000)
  region size 1024K, 7 young (7168K), 7 survivors (7168K)
 Metaspace       used 79409K, capacity 81486K, committed 81724K, reserved 1120256K
  class space    used 10397K, capacity 11149K, committed 11264K, reserved 1048576K
}
Event: 22.048 GC heap before
{Heap before GC invocations=29 (full 0):
 garbage-first heap   total 165888K, used 128477K [0x0000000080000000, 0x0000000100000000)
  region size 1024K, 68 young (69632K), 7 survivors (7168K)
 Metaspace       used 80141K, capacity 82279K, committed 82492K, reserved 1120256K
  class space    used 10420K, capacity 11197K, committed 11264K, reserved 1048576K
}
Event: 22.075 GC heap after
{Heap after GC invocations=30 (full 0):
 garbage-first heap   total 165888K, used 71185K [0x0000000080000000, 0x0000000100000000)
  region size 1024K, 8 young (8192K), 8 survivors (8192K)
 Metaspace       used 80141K, capacity 82279K, committed 82492K, reserved 1120256K
  class space    used 10420K, capacity 11197K, committed 11264K, reserved 1048576K
}
Event: 23.653 GC heap before
{Heap before GC invocations=30 (full 0):
 garbage-first heap   total 165888K, used 129553K [0x0000000080000000, 0x0000000100000000)
  region size 1024K, 66 young (67584K), 8 survivors (8192K)
 Metaspace       used 80563K, capacity 82651K, committed 82748K, reserved 1120256K
  class space    used 10470K, capacity 11245K, committed 11264K, reserved 1048576K
}
Event: 23.679 GC heap after
{Heap after GC invocations=31 (full 0):
 garbage-first heap   total 165888K, used 74878K [0x0000000080000000, 0x0000000100000000)
  region size 1024K, 8 young (8192K), 8 survivors (8192K)
 Metaspace       used 80563K, capacity 82651K, committed 82748K, reserved 1120256K
  class space    used 10470K, capacity 11245K, committed 11264K, reserved 1048576K
}
Event: 24.983 GC heap before
{Heap before GC invocations=31 (full 0):
 garbage-first heap   total 165888K, used 131198K [0x0000000080000000, 0x0000000100000000)
  region size 1024K, 64 young (65536K), 8 survivors (8192K)
 Metaspace       used 81970K, capacity 84104K, committed 84284K, reserved 1122304K
  class space    used 10616K, capacity 11422K, committed 11520K, reserved 1048576K
}
Event: 25.018 GC heap after
{Heap after GC invocations=32 (full 0):
 garbage-first heap   total 199680K, used 79552K [0x0000000080000000, 0x0000000100000000)
  region size 1024K, 8 young (8192K), 8 survivors (8192K)
 Metaspace       used 81970K, capacity 84104K, committed 84284K, reserved 1122304K
  class space    used 10616K, capacity 11422K, committed 11520K, reserved 1048576K
}
Event: 28.286 GC heap before
{Heap before GC invocations=32 (full 0):
 garbage-first heap   total 199680K, used 150208K [0x0000000080000000, 0x0000000100000000)
  region size 1024K, 76 young (77824K), 8 survivors (8192K)
 Metaspace       used 88772K, capacity 91049K, committed 91196K, reserved 1128448K
  class space    used 11449K, capacity 12287K, committed 12288K, reserved 1048576K
}
Event: 28.347 GC heap after
{Heap after GC invocations=33 (full 0):
 garbage-first heap   total 199680K, used 93375K [0x0000000080000000, 0x0000000100000000)
  region size 1024K, 10 young (10240K), 10 survivors (10240K)
 Metaspace       used 88772K, capacity 91049K, committed 91196K, reserved 1128448K
  class space    used 11449K, capacity 12287K, committed 12288K, reserved 1048576K
}
Event: 29.668 GC heap before
{Heap before GC invocations=33 (full 0):
 garbage-first heap   total 199680K, used 155839K [0x0000000080000000, 0x0000000100000000)
  region size 1024K, 71 young (72704K), 10 survivors (10240K)
 Metaspace       used 91362K, capacity 93795K, committed 94012K, reserved 1130496K
  class space    used 11663K, capacity 12528K, committed 12544K, reserved 1048576K
}
Event: 29.712 GC heap after
{Heap after GC invocations=34 (full 0):
 garbage-first heap   total 199680K, used 102626K [0x0000000080000000, 0x0000000100000000)
  region size 1024K, 9 young (9216K), 9 survivors (9216K)
 Metaspace       used 91362K, capacity 93795K, committed 94012K, reserved 1130496K
  class space    used 11663K, capacity 12528K, committed 12544K, reserved 1048576K
}
Event: 30.898 GC heap before
{Heap before GC invocations=34 (full 0):
 garbage-first heap   total 199680K, used 158946K [0x0000000080000000, 0x0000000100000000)
  region size 1024K, 64 young (65536K), 9 survivors (9216K)
 Metaspace       used 91883K, capacity 94261K, committed 94524K, reserved 1132544K
  class space    used 11667K, capacity 12529K, committed 12544K, reserved 1048576K
}
Event: 30.930 GC heap after
{Heap after GC invocations=35 (full 0):
 garbage-first heap   total 199680K, used 105754K [0x0000000080000000, 0x0000000100000000)
  region size 1024K, 3 young (3072K), 3 survivors (3072K)
 Metaspace       used 91883K, capacity 94261K, committed 94524K, reserved 1132544K
  class space    used 11667K, capacity 12529K, committed 12544K, reserved 1048576K
}
Event: 32.569 GC heap before
{Heap before GC invocations=36 (full 0):
 garbage-first heap   total 199680K, used 161050K [0x0000000080000000, 0x0000000100000000)
  region size 1024K, 58 young (59392K), 3 survivors (3072K)
 Metaspace       used 92216K, capacity 94534K, committed 94780K, reserved 1132544K
  class space    used 11664K, capacity 12480K, committed 12544K, reserved 1048576K
}
Event: 32.589 GC heap after
{Heap after GC invocations=37 (full 0):
 garbage-first heap   total 239616K, used 107724K [0x0000000080000000, 0x0000000100000000)
  region size 1024K, 5 young (5120K), 5 survivors (5120K)
 Metaspace       used 92216K, capacity 94534K, committed 94780K, reserved 1132544K
  class space    used 11664K, capacity 12480K, committed 12544K, reserved 1048576K
}
Event: 35.080 GC heap before
{Heap before GC invocations=37 (full 0):
 garbage-first heap   total 239616K, used 179404K [0x0000000080000000, 0x0000000100000000)
  region size 1024K, 76 young (77824K), 5 survivors (5120K)
 Metaspace       used 93451K, capacity 95887K, committed 96060K, reserved 1132544K
  class space    used 11841K, capacity 12704K, committed 12800K, reserved 1048576K
}
Event: 35.100 GC heap after
{Heap after GC invocations=38 (full 0):
 garbage-first heap   total 239616K, used 110461K [0x0000000080000000, 0x0000000100000000)
  region size 1024K, 8 young (8192K), 8 survivors (8192K)
 Metaspace       used 93451K, capacity 95887K, committed 96060K, reserved 1132544K
  class space    used 11841K, capacity 12704K, committed 12800K, reserved 1048576K
}

