# JRE version: OpenJDK Runtime Environment (11.0.10) (build 11.0.10+0-b96-7249189)
# Java VM: OpenJDK 64-Bit Server VM (11.0.10+0-b96-7249189, mixed mode, tiered, compressed oops, g1 gc, windows-amd64)
Heap:
 garbage-first heap   total 66560K, used 59612K [0x0000000080000000, 0x0000000100000000)
  region size 1024K, 36 young (36864K), 5 survivors (5120K)
 Metaspace       used 26788K, capacity 27592K, committed 27648K, reserved 1073152K
  class space    used 3515K, capacity 3804K, committed 3840K, reserved 1048576K
GC Heap History (15 events):
Event: 2.049 GC heap before
{Heap before GC invocations=0 (full 0):
 garbage-first heap   total 65536K, used 16384K [0x0000000080000000, 0x0000000100000000)
  region size 1024K, 14 young (14336K), 0 survivors (0K)
 Metaspace       used 6786K, capacity 6989K, committed 7168K, reserved 1056768K
  class space    used 584K, capacity 650K, committed 768K, reserved 1048576K
}
Event: 2.065 GC heap after
{Heap after GC invocations=1 (full 0):
 garbage-first heap   total 65536K, used 4426K [0x0000000080000000, 0x0000000100000000)
  region size 1024K, 2 young (2048K), 2 survivors (2048K)
 Metaspace       used 6786K, capacity 6989K, committed 7168K, reserved 1056768K
  class space    used 584K, capacity 650K, committed 768K, reserved 1048576K
}
Event: 2.990 GC heap before
{Heap before GC invocations=1 (full 0):
 garbage-first heap   total 65536K, used 17738K [0x0000000080000000, 0x0000000100000000)
  region size 1024K, 13 young (13312K), 2 survivors (2048K)
 Metaspace       used 9872K, capacity 10054K, committed 10112K, reserved 1058816K
  class space    used 1022K, capacity 1102K, committed 1152K, reserved 1048576K
}
Event: 2.998 GC heap after
{Heap after GC invocations=2 (full 0):
 garbage-first heap   total 65536K, used 9306K [0x0000000080000000, 0x0000000100000000)
  region size 1024K, 2 young (2048K), 2 survivors (2048K)
 Metaspace       used 9872K, capacity 10054K, committed 10112K, reserved 1058816K
  class space    used 1022K, capacity 1102K, committed 1152K, reserved 1048576K
}
Event: 4.507 GC heap before
{Heap before GC invocations=2 (full 0):
 garbage-first heap   total 65536K, used 43098K [0x0000000080000000, 0x0000000100000000)
  region size 1024K, 35 young (35840K), 2 survivors (2048K)
 Metaspace       used 10825K, capacity 11071K, committed 11264K, reserved 1058816K
  class space    used 1125K, capacity 1206K, committed 1280K, reserved 1048576K
}
Event: 4.516 GC heap after
{Heap after GC invocations=3 (full 0):
 garbage-first heap   total 65536K, used 12263K [0x0000000080000000, 0x0000000100000000)
  region size 1024K, 5 young (5120K), 5 survivors (5120K)
 Metaspace       used 10825K, capacity 11071K, committed 11264K, reserved 1058816K
  class space    used 1125K, capacity 1206K, committed 1280K, reserved 1048576K
}
Event: 18.330 GC heap before
{Heap before GC invocations=3 (full 0):
 garbage-first heap   total 65536K, used 45031K [0x0000000080000000, 0x0000000100000000)
  region size 1024K, 37 young (37888K), 5 survivors (5120K)
 Metaspace       used 17255K, capacity 17682K, committed 17792K, reserved 1064960K
  class space    used 1981K, capacity 2129K, committed 2176K, reserved 1048576K
}
Event: 18.352 GC heap after
{Heap after GC invocations=4 (full 0):
 garbage-first heap   total 65536K, used 15635K [0x0000000080000000, 0x0000000100000000)
  region size 1024K, 4 young (4096K), 4 survivors (4096K)
 Metaspace       used 17255K, capacity 17682K, committed 17792K, reserved 1064960K
  class space    used 1981K, capacity 2129K, committed 2176K, reserved 1048576K
}
Event: 20.131 GC heap before
{Heap before GC invocations=4 (full 0):
 garbage-first heap   total 65536K, used 45331K [0x0000000080000000, 0x0000000100000000)
  region size 1024K, 34 young (34816K), 4 survivors (4096K)
 Metaspace       used 20581K, capacity 21013K, committed 21248K, reserved 1067008K
  class space    used 2508K, capacity 2691K, committed 2816K, reserved 1048576K
}
Event: 20.139 GC heap after
{Heap after GC invocations=5 (full 0):
 garbage-first heap   total 65536K, used 17009K [0x0000000080000000, 0x0000000100000000)
  region size 1024K, 2 young (2048K), 2 survivors (2048K)
 Metaspace       used 20581K, capacity 21013K, committed 21248K, reserved 1067008K
  class space    used 2508K, capacity 2691K, committed 2816K, reserved 1048576K
}
Event: 20.145 GC heap before
{Heap before GC invocations=5 (full 0):
 garbage-first heap   total 65536K, used 17009K [0x0000000080000000, 0x0000000100000000)
  region size 1024K, 3 young (3072K), 2 survivors (2048K)
 Metaspace       used 20588K, capacity 21083K, committed 21248K, reserved 1067008K
  class space    used 2509K, capacity 2693K, committed 2816K, reserved 1048576K
}
Event: 20.149 GC heap after
{Heap after GC invocations=6 (full 0):
 garbage-first heap   total 65536K, used 16760K [0x0000000080000000, 0x0000000100000000)
  region size 1024K, 2 young (2048K), 2 survivors (2048K)
 Metaspace       used 20588K, capacity 21083K, committed 21248K, reserved 1067008K
  class space    used 2509K, capacity 2693K, committed 2816K, reserved 1048576K
}
Event: 26.059 GC heap before
{Heap before GC invocations=7 (full 0):
 garbage-first heap   total 65536K, used 47480K [0x0000000080000000, 0x0000000100000000)
  region size 1024K, 32 young (32768K), 2 survivors (2048K)
 Metaspace       used 23660K, capacity 24247K, committed 24576K, reserved 1071104K
  class space    used 3009K, capacity 3201K, committed 3328K, reserved 1048576K
}
Event: 26.064 GC heap after
{Heap after GC invocations=8 (full 0):
 garbage-first heap   total 65536K, used 17628K [0x0000000080000000, 0x0000000100000000)
  region size 1024K, 2 young (2048K), 2 survivors (2048K)
 Metaspace       used 23660K, capacity 24247K, committed 24576K, reserved 1071104K
  class space    used 3009K, capacity 3201K, committed 3328K, reserved 1048576K
}
Event: 29.376 GC heap before
{Heap before GC invocations=8 (full 0):
 garbage-first heap   total 65536K, used 58588K [0x0000000080000000, 0x0000000100000000)
  region size 1024K, 33 young (33792K), 2 survivors (2048K)
 Metaspace       used 26788K, capacity 27592K, committed 27648K, reserved 1073152K
  class space    used 3515K, capacity 3804K, committed 3840K, reserved 1048576K
}

