# JRE version: OpenJDK Runtime Environment (11.0.10) (build 11.0.10+0-b96-7249189)
# Java VM: OpenJDK 64-Bit Server VM (11.0.10+0-b96-7249189, mixed mode, tiered, compressed oops, g1 gc, windows-amd64)
Heap:
 garbage-first heap   total 165888K, used 107901K [0x0000000080000000, 0x0000000100000000)
  region size 1024K, 6 young (6144K), 3 survivors (3072K)
 Metaspace       used 105045K, capacity 107858K, committed 108156K, reserved 1142784K
  class space    used 13464K, capacity 14502K, committed 14592K, reserved 1048576K
GC Heap History (20 events):
Event: 2255.143 GC heap before
{Heap before GC invocations=62 (full 0):
 garbage-first heap   total 165888K, used 134126K [0x0000000080000000, 0x0000000100000000)
  region size 1024K, 55 young (56320K), 1 survivors (1024K)
 Metaspace       used 90658K, capacity 92740K, committed 92796K, reserved 1130496K
  class space    used 11446K, capacity 12232K, committed 12288K, reserved 1048576K
}
Event: 2255.208 GC heap after
{Heap after GC invocations=63 (full 0):
 garbage-first heap   total 165888K, used 86943K [0x0000000080000000, 0x0000000100000000)
  region size 1024K, 7 young (7168K), 7 survivors (7168K)
 Metaspace       used 90658K, capacity 92740K, committed 92796K, reserved 1130496K
  class space    used 11446K, capacity 12232K, committed 12288K, reserved 1048576K
}
Event: 2256.860 GC heap before
{Heap before GC invocations=64 (full 0):
 garbage-first heap   total 165888K, used 137119K [0x0000000080000000, 0x0000000100000000)
  region size 1024K, 54 young (55296K), 7 survivors (7168K)
 Metaspace       used 91529K, capacity 93718K, committed 93948K, reserved 1130496K
  class space    used 11504K, capacity 12296K, committed 12416K, reserved 1048576K
}
Event: 2256.907 GC heap after
{Heap after GC invocations=65 (full 0):
 garbage-first heap   total 165888K, used 100187K [0x0000000080000000, 0x0000000100000000)
  region size 1024K, 7 young (7168K), 7 survivors (7168K)
 Metaspace       used 91529K, capacity 93718K, committed 93948K, reserved 1130496K
  class space    used 11504K, capacity 12296K, committed 12416K, reserved 1048576K
}
Event: 2256.952 GC heap before
{Heap before GC invocations=65 (full 0):
 garbage-first heap   total 165888K, used 101211K [0x0000000080000000, 0x0000000100000000)
  region size 1024K, 8 young (8192K), 7 survivors (7168K)
 Metaspace       used 91532K, capacity 93719K, committed 93948K, reserved 1130496K
  class space    used 11504K, capacity 12296K, committed 12416K, reserved 1048576K
}
Event: 2256.997 GC heap after
{Heap after GC invocations=66 (full 0):
 garbage-first heap   total 165888K, used 100163K [0x0000000080000000, 0x0000000100000000)
  region size 1024K, 1 young (1024K), 1 survivors (1024K)
 Metaspace       used 91532K, capacity 93719K, committed 93948K, reserved 1130496K
  class space    used 11504K, capacity 12296K, committed 12416K, reserved 1048576K
}
Event: 2257.940 GC heap before
{Heap before GC invocations=66 (full 0):
 garbage-first heap   total 165888K, used 133955K [0x0000000080000000, 0x0000000100000000)
  region size 1024K, 34 young (34816K), 1 survivors (1024K)
 Metaspace       used 93513K, capacity 95749K, committed 95868K, reserved 1132544K
  class space    used 11685K, capacity 12518K, committed 12544K, reserved 1048576K
}
Event: 2257.953 GC heap after
{Heap after GC invocations=67 (full 0):
 garbage-first heap   total 165888K, used 101963K [0x0000000080000000, 0x0000000100000000)
  region size 1024K, 3 young (3072K), 3 survivors (3072K)
 Metaspace       used 93513K, capacity 95749K, committed 95868K, reserved 1132544K
  class space    used 11685K, capacity 12518K, committed 12544K, reserved 1048576K
}
Event: 2258.940 GC heap before
{Heap before GC invocations=68 (full 0):
 garbage-first heap   total 165888K, used 135755K [0x0000000080000000, 0x0000000100000000)
  region size 1024K, 36 young (36864K), 3 survivors (3072K)
 Metaspace       used 93840K, capacity 96063K, committed 96124K, reserved 1132544K
  class space    used 11686K, capacity 12512K, committed 12544K, reserved 1048576K
}
Event: 2258.955 GC heap after
{Heap after GC invocations=69 (full 0):
 garbage-first heap   total 165888K, used 103242K [0x0000000080000000, 0x0000000100000000)
  region size 1024K, 4 young (4096K), 4 survivors (4096K)
 Metaspace       used 93840K, capacity 96063K, committed 96124K, reserved 1132544K
  class space    used 11686K, capacity 12512K, committed 12544K, reserved 1048576K
}
Event: 2259.000 GC heap before
{Heap before GC invocations=69 (full 0):
 garbage-first heap   total 165888K, used 107338K [0x0000000080000000, 0x0000000100000000)
  region size 1024K, 8 young (8192K), 4 survivors (4096K)
 Metaspace       used 93855K, capacity 96064K, committed 96124K, reserved 1132544K
  class space    used 11686K, capacity 12512K, committed 12544K, reserved 1048576K
}
Event: 2259.025 GC heap after
{Heap after GC invocations=70 (full 0):
 garbage-first heap   total 165888K, used 102312K [0x0000000080000000, 0x0000000100000000)
  region size 1024K, 1 young (1024K), 1 survivors (1024K)
 Metaspace       used 93855K, capacity 96064K, committed 96124K, reserved 1132544K
  class space    used 11686K, capacity 12512K, committed 12544K, reserved 1048576K
}
Event: 2260.110 GC heap before
{Heap before GC invocations=70 (full 0):
 garbage-first heap   total 165888K, used 136104K [0x0000000080000000, 0x0000000100000000)
  region size 1024K, 34 young (34816K), 1 survivors (1024K)
 Metaspace       used 94151K, capacity 96455K, committed 96636K, reserved 1134592K
  class space    used 11687K, capacity 12512K, committed 12544K, reserved 1048576K
}
Event: 2260.118 GC heap after
{Heap after GC invocations=71 (full 0):
 garbage-first heap   total 165888K, used 102680K [0x0000000080000000, 0x0000000100000000)
  region size 1024K, 1 young (1024K), 1 survivors (1024K)
 Metaspace       used 94151K, capacity 96455K, committed 96636K, reserved 1134592K
  class space    used 11687K, capacity 12512K, committed 12544K, reserved 1048576K
}
Event: 2261.299 GC heap before
{Heap before GC invocations=72 (full 0):
 garbage-first heap   total 165888K, used 136472K [0x0000000080000000, 0x0000000100000000)
  region size 1024K, 35 young (35840K), 1 survivors (1024K)
 Metaspace       used 96749K, capacity 99216K, committed 99452K, reserved 1136640K
  class space    used 12062K, capacity 12947K, committed 13056K, reserved 1048576K
}
Event: 2261.312 GC heap after
{Heap after GC invocations=73 (full 0):
 garbage-first heap   total 165888K, used 104347K [0x0000000080000000, 0x0000000100000000)
  region size 1024K, 3 young (3072K), 3 survivors (3072K)
 Metaspace       used 96749K, capacity 99216K, committed 99452K, reserved 1136640K
  class space    used 12062K, capacity 12947K, committed 13056K, reserved 1048576K
}
Event: 2261.467 GC heap before
{Heap before GC invocations=73 (full 0):
 garbage-first heap   total 165888K, used 108443K [0x0000000080000000, 0x0000000100000000)
  region size 1024K, 8 young (8192K), 3 survivors (3072K)
 Metaspace       used 98012K, capacity 100534K, committed 100604K, reserved 1136640K
  class space    used 12244K, capacity 13135K, committed 13184K, reserved 1048576K
}
Event: 2261.484 GC heap after
{Heap after GC invocations=74 (full 0):
 garbage-first heap   total 165888K, used 104001K [0x0000000080000000, 0x0000000100000000)
  region size 1024K, 1 young (1024K), 1 survivors (1024K)
 Metaspace       used 98012K, capacity 100534K, committed 100604K, reserved 1136640K
  class space    used 12244K, capacity 13135K, committed 13184K, reserved 1048576K
}
Event: 2263.522 GC heap before
{Heap before GC invocations=74 (full 0):
 garbage-first heap   total 165888K, used 137793K [0x0000000080000000, 0x0000000100000000)
  region size 1024K, 35 young (35840K), 1 survivors (1024K)
 Metaspace       used 104341K, capacity 107173K, committed 107388K, reserved 1142784K
  class space    used 13274K, capacity 14296K, committed 14336K, reserved 1048576K
}
Event: 2263.538 GC heap after
{Heap after GC invocations=75 (full 0):
 garbage-first heap   total 165888K, used 105853K [0x0000000080000000, 0x0000000100000000)
  region size 1024K, 3 young (3072K), 3 survivors (3072K)
 Metaspace       used 104341K, capacity 107173K, committed 107388K, reserved 1142784K
  class space    used 13274K, capacity 14296K, committed 14336K, reserved 1048576K
}

