# JRE version: OpenJDK Runtime Environment (11.0.10) (build 11.0.10+0-b96-7249189)
# Java VM: OpenJDK 64-Bit Server VM (11.0.10+0-b96-7249189, mixed mode, tiered, compressed oops, g1 gc, windows-amd64)
Heap:
 garbage-first heap   total 185344K, used 88064K [0x0000000080000000, 0x0000000100000000)
  region size 1024K, 17 young (17408K), 7 survivors (7168K)
 Metaspace       used 81133K, capacity 83203K, committed 83312K, reserved 1122304K
  class space    used 10532K, capacity 11281K, committed 11340K, reserved 1048576K
GC Heap History (20 events):
Event: 12.261 GC heap before
{Heap before GC invocations=15 (full 0):
 garbage-first heap   total 95232K, used 73728K [0x0000000080000000, 0x0000000100000000)
  region size 1024K, 38 young (38912K), 6 survivors (6144K)
 Metaspace       used 53739K, capacity 55133K, committed 55420K, reserved 1097728K
  class space    used 6822K, capacity 7300K, committed 7424K, reserved 1048576K
}
Event: 12.286 GC heap after
{Heap after GC invocations=16 (full 0):
 garbage-first heap   total 95232K, used 42931K [0x0000000080000000, 0x0000000100000000)
  region size 1024K, 2 young (2048K), 2 survivors (2048K)
 Metaspace       used 53739K, capacity 55133K, committed 55420K, reserved 1097728K
  class space    used 6822K, capacity 7300K, committed 7424K, reserved 1048576K
}
Event: 13.233 GC heap before
{Heap before GC invocations=16 (full 0):
 garbage-first heap   total 95232K, used 70579K [0x0000000080000000, 0x0000000100000000)
  region size 1024K, 30 young (30720K), 2 survivors (2048K)
 Metaspace       used 58346K, capacity 59850K, committed 59940K, reserved 1101824K
  class space    used 7387K, capacity 7931K, committed 7936K, reserved 1048576K
}
Event: 13.248 GC heap after
{Heap after GC invocations=17 (full 0):
 garbage-first heap   total 114688K, used 44381K [0x0000000080000000, 0x0000000100000000)
  region size 1024K, 4 young (4096K), 4 survivors (4096K)
 Metaspace       used 58346K, capacity 59850K, committed 59940K, reserved 1101824K
  class space    used 7387K, capacity 7931K, committed 7936K, reserved 1048576K
}
Event: 14.415 GC heap before
{Heap before GC invocations=18 (full 0):
 garbage-first heap   total 114688K, used 82269K [0x0000000080000000, 0x0000000100000000)
  region size 1024K, 42 young (43008K), 4 survivors (4096K)
 Metaspace       used 61969K, capacity 63434K, committed 63728K, reserved 1105920K
  class space    used 7829K, capacity 8351K, committed 8396K, reserved 1048576K
}
Event: 14.442 GC heap after
{Heap after GC invocations=19 (full 0):
 garbage-first heap   total 114688K, used 47398K [0x0000000080000000, 0x0000000100000000)
  region size 1024K, 6 young (6144K), 6 survivors (6144K)
 Metaspace       used 61969K, capacity 63434K, committed 63728K, reserved 1105920K
  class space    used 7829K, capacity 8351K, committed 8396K, reserved 1048576K
}
Event: 15.352 GC heap before
{Heap before GC invocations=20 (full 0):
 garbage-first heap   total 114688K, used 87334K [0x0000000080000000, 0x0000000100000000)
  region size 1024K, 44 young (45056K), 6 survivors (6144K)
 Metaspace       used 63377K, capacity 64936K, committed 65008K, reserved 1105920K
  class space    used 8053K, capacity 8632K, committed 8652K, reserved 1048576K
}
Event: 15.410 GC heap after
{Heap after GC invocations=21 (full 0):
 garbage-first heap   total 114688K, used 50872K [0x0000000080000000, 0x0000000100000000)
  region size 1024K, 4 young (4096K), 4 survivors (4096K)
 Metaspace       used 63377K, capacity 64936K, committed 65008K, reserved 1105920K
  class space    used 8053K, capacity 8632K, committed 8652K, reserved 1048576K
}
Event: 16.262 GC heap before
{Heap before GC invocations=21 (full 0):
 garbage-first heap   total 114688K, used 87736K [0x0000000080000000, 0x0000000100000000)
  region size 1024K, 40 young (40960K), 4 survivors (4096K)
 Metaspace       used 67595K, capacity 69247K, committed 69360K, reserved 1110016K
  class space    used 8743K, capacity 9319K, committed 9420K, reserved 1048576K
}
Event: 16.282 GC heap after
{Heap after GC invocations=22 (full 0):
 garbage-first heap   total 114688K, used 53197K [0x0000000080000000, 0x0000000100000000)
  region size 1024K, 3 young (3072K), 3 survivors (3072K)
 Metaspace       used 67595K, capacity 69247K, committed 69360K, reserved 1110016K
  class space    used 8743K, capacity 9319K, committed 9420K, reserved 1048576K
}
Event: 16.834 GC heap before
{Heap before GC invocations=22 (full 0):
 garbage-first heap   total 114688K, used 90061K [0x0000000080000000, 0x0000000100000000)
  region size 1024K, 39 young (39936K), 3 survivors (3072K)
 Metaspace       used 68864K, capacity 70525K, committed 70768K, reserved 1110016K
  class space    used 8911K, capacity 9505K, committed 9548K, reserved 1048576K
}
Event: 16.850 GC heap after
{Heap after GC invocations=23 (full 0):
 garbage-first heap   total 146432K, used 55900K [0x0000000080000000, 0x0000000100000000)
  region size 1024K, 5 young (5120K), 5 survivors (5120K)
 Metaspace       used 68864K, capacity 70525K, committed 70768K, reserved 1110016K
  class space    used 8911K, capacity 9505K, committed 9548K, reserved 1048576K
}
Event: 18.621 GC heap before
{Heap before GC invocations=23 (full 0):
 garbage-first heap   total 146432K, used 105052K [0x0000000080000000, 0x0000000100000000)
  region size 1024K, 53 young (54272K), 5 survivors (5120K)
 Metaspace       used 72860K, capacity 74574K, committed 74736K, reserved 1114112K
  class space    used 9529K, capacity 10157K, committed 10188K, reserved 1048576K
}
Event: 18.662 GC heap after
{Heap after GC invocations=24 (full 0):
 garbage-first heap   total 146432K, used 58871K [0x0000000080000000, 0x0000000100000000)
  region size 1024K, 6 young (6144K), 6 survivors (6144K)
 Metaspace       used 72860K, capacity 74574K, committed 74736K, reserved 1114112K
  class space    used 9529K, capacity 10157K, committed 10188K, reserved 1048576K
}
Event: 20.105 GC heap before
{Heap before GC invocations=24 (full 0):
 garbage-first heap   total 146432K, used 109047K [0x0000000080000000, 0x0000000100000000)
  region size 1024K, 55 young (56320K), 6 survivors (6144K)
 Metaspace       used 77684K, capacity 79697K, committed 79856K, reserved 1118208K
  class space    used 10185K, capacity 10883K, committed 10956K, reserved 1048576K
}
Event: 20.153 GC heap after
{Heap after GC invocations=25 (full 0):
 garbage-first heap   total 146432K, used 62855K [0x0000000080000000, 0x0000000100000000)
  region size 1024K, 7 young (7168K), 7 survivors (7168K)
 Metaspace       used 77684K, capacity 79697K, committed 79856K, reserved 1118208K
  class space    used 10185K, capacity 10883K, committed 10956K, reserved 1048576K
}
Event: 21.687 GC heap before
{Heap before GC invocations=25 (full 0):
 garbage-first heap   total 146432K, used 112007K [0x0000000080000000, 0x0000000100000000)
  region size 1024K, 56 young (57344K), 7 survivors (7168K)
 Metaspace       used 79038K, capacity 81075K, committed 81264K, reserved 1120256K
  class space    used 10338K, capacity 11073K, committed 11084K, reserved 1048576K
}
Event: 21.723 GC heap after
{Heap after GC invocations=26 (full 0):
 garbage-first heap   total 146432K, used 66259K [0x0000000080000000, 0x0000000100000000)
  region size 1024K, 4 young (4096K), 4 survivors (4096K)
 Metaspace       used 79038K, capacity 81075K, committed 81264K, reserved 1120256K
  class space    used 10338K, capacity 11073K, committed 11084K, reserved 1048576K
}
Event: 23.149 GC heap before
{Heap before GC invocations=26 (full 0):
 garbage-first heap   total 146432K, used 116435K [0x0000000080000000, 0x0000000100000000)
  region size 1024K, 52 young (53248K), 4 survivors (4096K)
 Metaspace       used 80831K, capacity 82903K, committed 83056K, reserved 1122304K
  class space    used 10492K, capacity 11245K, committed 11340K, reserved 1048576K
}
Event: 23.197 GC heap after
{Heap after GC invocations=27 (full 0):
 garbage-first heap   total 185344K, used 78848K [0x0000000080000000, 0x0000000100000000)
  region size 1024K, 7 young (7168K), 7 survivors (7168K)
 Metaspace       used 80831K, capacity 82903K, committed 83056K, reserved 1122304K
  class space    used 10492K, capacity 11245K, committed 11340K, reserved 1048576K
}

