# JRE version: OpenJDK Runtime Environment (11.0.10) (build 11.0.10+0-b96-7249189)
# Java VM: OpenJDK 64-Bit Server VM (11.0.10+0-b96-7249189, mixed mode, tiered, compressed oops, g1 gc, windows-amd64)
Heap:
 garbage-first heap   total 210944K, used 141367K [0x0000000080000000, 0x0000000100000000)
  region size 1024K, 46 young (47104K), 8 survivors (8192K)
 Metaspace       used 104930K, capacity 107746K, committed 107980K, reserved 1142784K
  class space    used 13691K, capacity 14762K, committed 14796K, reserved 1048576K
GC Heap History (20 events):
Event: 21.627 GC heap before
{Heap before GC invocations=25 (full 0):
 garbage-first heap   total 145408K, used 112944K [0x0000000080000000, 0x0000000100000000)
  region size 1024K, 57 young (58368K), 8 survivors (8192K)
 Metaspace       used 78956K, capacity 80941K, committed 80972K, reserved 1120256K
  class space    used 10338K, capacity 11075K, committed 11084K, reserved 1048576K
}
Event: 21.654 GC heap after
{Heap after GC invocations=26 (full 0):
 garbage-first heap   total 145408K, used 67156K [0x0000000080000000, 0x0000000100000000)
  region size 1024K, 8 young (8192K), 8 survivors (8192K)
 Metaspace       used 78956K, capacity 80941K, committed 80972K, reserved 1120256K
  class space    used 10338K, capacity 11075K, committed 11084K, reserved 1048576K
}
Event: 22.794 GC heap before
{Heap before GC invocations=26 (full 0):
 garbage-first heap   total 145408K, used 115284K [0x0000000080000000, 0x0000000100000000)
  region size 1024K, 56 young (57344K), 8 survivors (8192K)
 Metaspace       used 79508K, capacity 81500K, committed 81868K, reserved 1120256K
  class space    used 10370K, capacity 11093K, committed 11212K, reserved 1048576K
}
Event: 22.819 GC heap after
{Heap after GC invocations=27 (full 0):
 garbage-first heap   total 175104K, used 70656K [0x0000000080000000, 0x0000000100000000)
  region size 1024K, 7 young (7168K), 7 survivors (7168K)
 Metaspace       used 79508K, capacity 81500K, committed 81868K, reserved 1120256K
  class space    used 10370K, capacity 11093K, committed 11212K, reserved 1048576K
}
Event: 24.372 GC heap before
{Heap before GC invocations=27 (full 0):
 garbage-first heap   total 175104K, used 133120K [0x0000000080000000, 0x0000000100000000)
  region size 1024K, 69 young (70656K), 7 survivors (7168K)
 Metaspace       used 80277K, capacity 82440K, committed 82764K, reserved 1120256K
  class space    used 10429K, capacity 11209K, committed 11340K, reserved 1048576K
}
Event: 24.396 GC heap after
{Heap after GC invocations=28 (full 0):
 garbage-first heap   total 175104K, used 74424K [0x0000000080000000, 0x0000000100000000)
  region size 1024K, 7 young (7168K), 7 survivors (7168K)
 Metaspace       used 80277K, capacity 82440K, committed 82764K, reserved 1120256K
  class space    used 10429K, capacity 11209K, committed 11340K, reserved 1048576K
}
Event: 25.592 GC heap before
{Heap before GC invocations=28 (full 0):
 garbage-first heap   total 175104K, used 138936K [0x0000000080000000, 0x0000000100000000)
  region size 1024K, 71 young (72704K), 7 survivors (7168K)
 Metaspace       used 80420K, capacity 82598K, committed 82764K, reserved 1120256K
  class space    used 10440K, capacity 11218K, committed 11340K, reserved 1048576K
}
Event: 25.621 GC heap after
{Heap after GC invocations=29 (full 0):
 garbage-first heap   total 175104K, used 77808K [0x0000000080000000, 0x0000000100000000)
  region size 1024K, 8 young (8192K), 8 survivors (8192K)
 Metaspace       used 80420K, capacity 82598K, committed 82764K, reserved 1120256K
  class space    used 10440K, capacity 11218K, committed 11340K, reserved 1048576K
}
Event: 26.989 GC heap before
{Heap before GC invocations=29 (full 0):
 garbage-first heap   total 175104K, used 141296K [0x0000000080000000, 0x0000000100000000)
  region size 1024K, 71 young (72704K), 8 survivors (8192K)
 Metaspace       used 88444K, capacity 90874K, committed 91084K, reserved 1128448K
  class space    used 11747K, capacity 12663K, committed 12748K, reserved 1048576K
}
Event: 27.027 GC heap after
{Heap after GC invocations=30 (full 0):
 garbage-first heap   total 175104K, used 85137K [0x0000000080000000, 0x0000000100000000)
  region size 1024K, 9 young (9216K), 9 survivors (9216K)
 Metaspace       used 88444K, capacity 90874K, committed 91084K, reserved 1128448K
  class space    used 11747K, capacity 12663K, committed 12748K, reserved 1048576K
}
Event: 27.569 GC heap before
{Heap before GC invocations=30 (full 0):
 garbage-first heap   total 175104K, used 102545K [0x0000000080000000, 0x0000000100000000)
  region size 1024K, 27 young (27648K), 9 survivors (9216K)
 Metaspace       used 89862K, capacity 92507K, committed 92620K, reserved 1128448K
  class space    used 11952K, capacity 12934K, committed 13004K, reserved 1048576K
}
Event: 27.646 GC heap after
{Heap after GC invocations=31 (full 0):
 garbage-first heap   total 210944K, used 88254K [0x0000000080000000, 0x0000000100000000)
  region size 1024K, 3 young (3072K), 3 survivors (3072K)
 Metaspace       used 89862K, capacity 92507K, committed 92620K, reserved 1128448K
  class space    used 11952K, capacity 12934K, committed 13004K, reserved 1048576K
}
Event: 30.264 GC heap before
{Heap before GC invocations=32 (full 0):
 garbage-first heap   total 210944K, used 141502K [0x0000000080000000, 0x0000000100000000)
  region size 1024K, 54 young (55296K), 3 survivors (3072K)
 Metaspace       used 93363K, capacity 95989K, committed 96204K, reserved 1132544K
  class space    used 12401K, capacity 13381K, committed 13516K, reserved 1048576K
}
Event: 30.281 GC heap after
{Heap after GC invocations=33 (full 0):
 garbage-first heap   total 210944K, used 87506K [0x0000000080000000, 0x0000000100000000)
  region size 1024K, 3 young (3072K), 3 survivors (3072K)
 Metaspace       used 93363K, capacity 95989K, committed 96204K, reserved 1132544K
  class space    used 12401K, capacity 13381K, committed 13516K, reserved 1048576K
}
Event: 30.993 GC heap before
{Heap before GC invocations=33 (full 0):
 garbage-first heap   total 210944K, used 123346K [0x0000000080000000, 0x0000000100000000)
  region size 1024K, 30 young (30720K), 3 survivors (3072K)
 Metaspace       used 95164K, capacity 97853K, committed 97996K, reserved 1134592K
  class space    used 12633K, capacity 13669K, committed 13772K, reserved 1048576K
}
Event: 31.003 GC heap after
{Heap after GC invocations=34 (full 0):
 garbage-first heap   total 210944K, used 94808K [0x0000000080000000, 0x0000000100000000)
  region size 1024K, 4 young (4096K), 4 survivors (4096K)
 Metaspace       used 95164K, capacity 97853K, committed 97996K, reserved 1134592K
  class space    used 12633K, capacity 13669K, committed 13772K, reserved 1048576K
}
Event: 183.197 GC heap before
{Heap before GC invocations=35 (full 0):
 garbage-first heap   total 210944K, used 171608K [0x0000000080000000, 0x0000000100000000)
  region size 1024K, 57 young (58368K), 4 survivors (4096K)
 Metaspace       used 96308K, capacity 98992K, committed 99276K, reserved 1134592K
  class space    used 12658K, capacity 13645K, committed 13772K, reserved 1048576K
}
Event: 183.375 GC heap after
{Heap after GC invocations=36 (full 0):
 garbage-first heap   total 210944K, used 93343K [0x0000000080000000, 0x0000000100000000)
  region size 1024K, 8 young (8192K), 8 survivors (8192K)
 Metaspace       used 96308K, capacity 98992K, committed 99276K, reserved 1134592K
  class space    used 12658K, capacity 13645K, committed 13772K, reserved 1048576K
}
Event: 187.022 GC heap before
{Heap before GC invocations=36 (full 0):
 garbage-first heap   total 210944K, used 151711K [0x0000000080000000, 0x0000000100000000)
  region size 1024K, 64 young (65536K), 8 survivors (8192K)
 Metaspace       used 103090K, capacity 105885K, committed 106060K, reserved 1140736K
  class space    used 13517K, capacity 14577K, committed 14668K, reserved 1048576K
}
Event: 187.175 GC heap after
{Heap after GC invocations=37 (full 0):
 garbage-first heap   total 210944K, used 103479K [0x0000000080000000, 0x0000000100000000)
  region size 1024K, 8 young (8192K), 8 survivors (8192K)
 Metaspace       used 103090K, capacity 105885K, committed 106060K, reserved 1140736K
  class space    used 13517K, capacity 14577K, committed 14668K, reserved 1048576K
}

