# JRE version: OpenJDK Runtime Environment (11.0.10) (build 11.0.10+0-b96-7249189)
# Java VM: OpenJDK 64-Bit Server VM (11.0.10+0-b96-7249189, mixed mode, tiered, compressed oops, g1 gc, windows-amd64)
Heap:
 garbage-first heap   total 186368K, used 75658K [0x0000000080000000, 0x0000000100000000)
  region size 1024K, 1 young (1024K), 1 survivors (1024K)
 Metaspace       used 63981K, capacity 65688K, committed 65768K, reserved 1105920K
  class space    used 8120K, capacity 8734K, committed 8780K, reserved 1048576K
GC Heap History (20 events):
Event: 8.284 GC heap after
{Heap after GC invocations=16 (full 0):
 garbage-first heap   total 95232K, used 39618K [0x0000000080000000, 0x0000000100000000)
  region size 1024K, 2 young (2048K), 2 survivors (2048K)
 Metaspace       used 40695K, capacity 41730K, committed 41960K, reserved 1085440K
  class space    used 5214K, capacity 5577K, committed 5708K, reserved 1048576K
}
Event: 8.738 GC heap before
{Heap before GC invocations=16 (full 0):
 garbage-first heap   total 95232K, used 54978K [0x0000000080000000, 0x0000000100000000)
  region size 1024K, 18 young (18432K), 2 survivors (2048K)
 Metaspace       used 41860K, capacity 42975K, committed 43112K, reserved 1087488K
  class space    used 5379K, capacity 5780K, committed 5836K, reserved 1048576K
}
Event: 8.744 GC heap after
{Heap after GC invocations=17 (full 0):
 garbage-first heap   total 95232K, used 40140K [0x0000000080000000, 0x0000000100000000)
  region size 1024K, 3 young (3072K), 3 survivors (3072K)
 Metaspace       used 41860K, capacity 42975K, committed 43112K, reserved 1087488K
  class space    used 5379K, capacity 5780K, committed 5836K, reserved 1048576K
}
Event: 8.937 GC heap before
{Heap before GC invocations=18 (full 0):
 garbage-first heap   total 95232K, used 50380K [0x0000000080000000, 0x0000000100000000)
  region size 1024K, 9 young (9216K), 3 survivors (3072K)
 Metaspace       used 42078K, capacity 43155K, committed 43368K, reserved 1087488K
  class space    used 5396K, capacity 5791K, committed 5836K, reserved 1048576K
}
Event: 8.947 GC heap after
{Heap after GC invocations=19 (full 0):
 garbage-first heap   total 114688K, used 46778K [0x0000000080000000, 0x0000000100000000)
  region size 1024K, 4 young (4096K), 4 survivors (4096K)
 Metaspace       used 42078K, capacity 43155K, committed 43368K, reserved 1087488K
  class space    used 5396K, capacity 5791K, committed 5836K, reserved 1048576K
}
Event: 10.088 GC heap before
{Heap before GC invocations=20 (full 0):
 garbage-first heap   total 114688K, used 86714K [0x0000000080000000, 0x0000000100000000)
  region size 1024K, 39 young (39936K), 4 survivors (4096K)
 Metaspace       used 44475K, capacity 45712K, committed 45928K, reserved 1089536K
  class space    used 5586K, capacity 6021K, committed 6092K, reserved 1048576K
}
Event: 10.107 GC heap after
{Heap after GC invocations=21 (full 0):
 garbage-first heap   total 114688K, used 53621K [0x0000000080000000, 0x0000000100000000)
  region size 1024K, 5 young (5120K), 5 survivors (5120K)
 Metaspace       used 44475K, capacity 45712K, committed 45928K, reserved 1089536K
  class space    used 5586K, capacity 6021K, committed 6092K, reserved 1048576K
}
Event: 10.629 GC heap before
{Heap before GC invocations=21 (full 0):
 garbage-first heap   total 114688K, used 87413K [0x0000000080000000, 0x0000000100000000)
  region size 1024K, 38 young (38912K), 5 survivors (5120K)
 Metaspace       used 46562K, capacity 47893K, committed 48104K, reserved 1091584K
  class space    used 5925K, capacity 6366K, committed 6476K, reserved 1048576K
}
Event: 10.641 GC heap after
{Heap after GC invocations=22 (full 0):
 garbage-first heap   total 114688K, used 55732K [0x0000000080000000, 0x0000000100000000)
  region size 1024K, 2 young (2048K), 2 survivors (2048K)
 Metaspace       used 46562K, capacity 47893K, committed 48104K, reserved 1091584K
  class space    used 5925K, capacity 6366K, committed 6476K, reserved 1048576K
}
Event: 11.188 GC heap before
{Heap before GC invocations=22 (full 0):
 garbage-first heap   total 114688K, used 89524K [0x0000000080000000, 0x0000000100000000)
  region size 1024K, 35 young (35840K), 2 survivors (2048K)
 Metaspace       used 48668K, capacity 50079K, committed 50152K, reserved 1093632K
  class space    used 6249K, capacity 6709K, committed 6732K, reserved 1048576K
}
Event: 11.200 GC heap after
{Heap after GC invocations=23 (full 0):
 garbage-first heap   total 114688K, used 57077K [0x0000000080000000, 0x0000000100000000)
  region size 1024K, 4 young (4096K), 4 survivors (4096K)
 Metaspace       used 48668K, capacity 50079K, committed 50152K, reserved 1093632K
  class space    used 6249K, capacity 6709K, committed 6732K, reserved 1048576K
}
Event: 12.117 GC heap before
{Heap before GC invocations=24 (full 0):
 garbage-first heap   total 114688K, used 79605K [0x0000000080000000, 0x0000000100000000)
  region size 1024K, 28 young (28672K), 4 survivors (4096K)
 Metaspace       used 49637K, capacity 51080K, committed 51304K, reserved 1093632K
  class space    used 6337K, capacity 6819K, committed 6860K, reserved 1048576K
}
Event: 12.139 GC heap after
{Heap after GC invocations=25 (full 0):
 garbage-first heap   total 138240K, used 58755K [0x0000000080000000, 0x0000000100000000)
  region size 1024K, 3 young (3072K), 3 survivors (3072K)
 Metaspace       used 49637K, capacity 51080K, committed 51304K, reserved 1093632K
  class space    used 6337K, capacity 6819K, committed 6860K, reserved 1048576K
}
Event: 13.336 GC heap before
{Heap before GC invocations=26 (full 0):
 garbage-first heap   total 138240K, used 103811K [0x0000000080000000, 0x0000000100000000)
  region size 1024K, 44 young (45056K), 3 survivors (3072K)
 Metaspace       used 53829K, capacity 55439K, committed 55784K, reserved 1097728K
  class space    used 6858K, capacity 7397K, committed 7500K, reserved 1048576K
}
Event: 13.367 GC heap after
{Heap after GC invocations=27 (full 0):
 garbage-first heap   total 138240K, used 68606K [0x0000000080000000, 0x0000000100000000)
  region size 1024K, 6 young (6144K), 6 survivors (6144K)
 Metaspace       used 53829K, capacity 55439K, committed 55784K, reserved 1097728K
  class space    used 6858K, capacity 7397K, committed 7500K, reserved 1048576K
}
Event: 14.430 GC heap before
{Heap before GC invocations=27 (full 0):
 garbage-first heap   total 138240K, used 107518K [0x0000000080000000, 0x0000000100000000)
  region size 1024K, 44 young (45056K), 6 survivors (6144K)
 Metaspace       used 59604K, capacity 61322K, committed 61416K, reserved 1101824K
  class space    used 7590K, capacity 8204K, committed 8268K, reserved 1048576K
}
Event: 14.463 GC heap after
{Heap after GC invocations=28 (full 0):
 garbage-first heap   total 138240K, used 71722K [0x0000000080000000, 0x0000000100000000)
  region size 1024K, 3 young (3072K), 3 survivors (3072K)
 Metaspace       used 59604K, capacity 61322K, committed 61416K, reserved 1101824K
  class space    used 7590K, capacity 8204K, committed 8268K, reserved 1048576K
}
Event: 15.243 GC heap before
{Heap before GC invocations=29 (full 0):
 garbage-first heap   total 138240K, used 108586K [0x0000000080000000, 0x0000000100000000)
  region size 1024K, 40 young (40960K), 3 survivors (3072K)
 Metaspace       used 63519K, capacity 65229K, committed 65512K, reserved 1105920K
  class space    used 8042K, capacity 8667K, committed 8780K, reserved 1048576K
}
Event: 15.258 GC heap after
{Heap after GC invocations=30 (full 0):
 garbage-first heap   total 138240K, used 74752K [0x0000000080000000, 0x0000000100000000)
  region size 1024K, 5 young (5120K), 5 survivors (5120K)
 Metaspace       used 63519K, capacity 65229K, committed 65512K, reserved 1105920K
  class space    used 8042K, capacity 8667K, committed 8780K, reserved 1048576K
}
Event: 15.393 GC heap before
{Heap before GC invocations=30 (full 0):
 garbage-first heap   total 138240K, used 79872K [0x0000000080000000, 0x0000000100000000)
  region size 1024K, 11 young (11264K), 5 survivors (5120K)
 Metaspace       used 63981K, capacity 65688K, committed 65768K, reserved 1105920K
  class space    used 8120K, capacity 8734K, committed 8780K, reserved 1048576K
}

