# JRE version: OpenJDK Runtime Environment (11.0.10) (build 11.0.10+0-b96-7249189)
# Java VM: OpenJDK 64-Bit Server VM (11.0.10+0-b96-7249189, mixed mode, tiered, compressed oops, g1 gc, windows-amd64)
Heap:
 garbage-first heap   total 200704K, used 109657K [0x0000000080000000, 0x0000000100000000)
  region size 1024K, 3 young (3072K), 3 survivors (3072K)
 Metaspace       used 100909K, capacity 103335K, committed 103548K, reserved 1138688K
  class space    used 12620K, capacity 13544K, committed 13568K, reserved 1048576K
GC Heap History (20 events):
Event: 297.574 GC heap after
{Heap after GC invocations=77 (full 0):
 garbage-first heap   total 165888K, used 107675K [0x0000000080000000, 0x0000000100000000)
  region size 1024K, 2 young (2048K), 2 survivors (2048K)
 Metaspace       used 86723K, capacity 88950K, committed 89084K, reserved 1126400K
  class space    used 11015K, capacity 11830K, committed 11904K, reserved 1048576K
}
Event: 298.277 GC heap before
{Heap before GC invocations=78 (full 0):
 garbage-first heap   total 165888K, used 112795K [0x0000000080000000, 0x0000000100000000)
  region size 1024K, 23 young (23552K), 2 survivors (2048K)
 Metaspace       used 88396K, capacity 90646K, committed 90876K, reserved 1128448K
  class space    used 11242K, capacity 12054K, committed 12160K, reserved 1048576K
}
Event: 298.286 GC heap after
{Heap after GC invocations=79 (full 0):
 garbage-first heap   total 165888K, used 91743K [0x0000000080000000, 0x0000000100000000)
  region size 1024K, 2 young (2048K), 2 survivors (2048K)
 Metaspace       used 88396K, capacity 90646K, committed 90876K, reserved 1128448K
  class space    used 11242K, capacity 12054K, committed 12160K, reserved 1048576K
}
Event: 298.423 GC heap before
{Heap before GC invocations=79 (full 0):
 garbage-first heap   total 165888K, used 96863K [0x0000000080000000, 0x0000000100000000)
  region size 1024K, 8 young (8192K), 2 survivors (2048K)
 Metaspace       used 88924K, capacity 91158K, committed 91388K, reserved 1128448K
  class space    used 11305K, capacity 12118K, committed 12160K, reserved 1048576K
}
Event: 298.438 GC heap after
{Heap after GC invocations=80 (full 0):
 garbage-first heap   total 165888K, used 84835K [0x0000000080000000, 0x0000000100000000)
  region size 1024K, 1 young (1024K), 1 survivors (1024K)
 Metaspace       used 88924K, capacity 91158K, committed 91388K, reserved 1128448K
  class space    used 11305K, capacity 12118K, committed 12160K, reserved 1048576K
}
Event: 304.817 GC heap before
{Heap before GC invocations=80 (full 0):
 garbage-first heap   total 165888K, used 117603K [0x0000000080000000, 0x0000000100000000)
  region size 1024K, 33 young (33792K), 1 survivors (1024K)
 Metaspace       used 90404K, capacity 92652K, committed 92924K, reserved 1130496K
  class space    used 11454K, capacity 12297K, committed 12416K, reserved 1048576K
}
Event: 304.852 GC heap after
{Heap after GC invocations=81 (full 0):
 garbage-first heap   total 165888K, used 91480K [0x0000000080000000, 0x0000000100000000)
  region size 1024K, 5 young (5120K), 5 survivors (5120K)
 Metaspace       used 90404K, capacity 92652K, committed 92924K, reserved 1130496K
  class space    used 11454K, capacity 12297K, committed 12416K, reserved 1048576K
}
Event: 305.419 GC heap before
{Heap before GC invocations=82 (full 0):
 garbage-first heap   total 165888K, used 121176K [0x0000000080000000, 0x0000000100000000)
  region size 1024K, 35 young (35840K), 5 survivors (5120K)
 Metaspace       used 90858K, capacity 93045K, committed 93180K, reserved 1130496K
  class space    used 11495K, capacity 12299K, committed 12416K, reserved 1048576K
}
Event: 305.437 GC heap after
{Heap after GC invocations=83 (full 0):
 garbage-first heap   total 165888K, used 92763K [0x0000000080000000, 0x0000000100000000)
  region size 1024K, 2 young (2048K), 2 survivors (2048K)
 Metaspace       used 90858K, capacity 93045K, committed 93180K, reserved 1130496K
  class space    used 11495K, capacity 12299K, committed 12416K, reserved 1048576K
}
Event: 305.501 GC heap before
{Heap before GC invocations=83 (full 0):
 garbage-first heap   total 165888K, used 98907K [0x0000000080000000, 0x0000000100000000)
  region size 1024K, 8 young (8192K), 2 survivors (2048K)
 Metaspace       used 90898K, capacity 93109K, committed 93436K, reserved 1130496K
  class space    used 11495K, capacity 12299K, committed 12416K, reserved 1048576K
}
Event: 305.510 GC heap after
{Heap after GC invocations=84 (full 0):
 garbage-first heap   total 165888K, used 92629K [0x0000000080000000, 0x0000000100000000)
  region size 1024K, 1 young (1024K), 1 survivors (1024K)
 Metaspace       used 90898K, capacity 93109K, committed 93436K, reserved 1130496K
  class space    used 11495K, capacity 12299K, committed 12416K, reserved 1048576K
}
Event: 305.954 GC heap before
{Heap before GC invocations=84 (full 0):
 garbage-first heap   total 165888K, used 123349K [0x0000000080000000, 0x0000000100000000)
  region size 1024K, 32 young (32768K), 1 survivors (1024K)
 Metaspace       used 91966K, capacity 94136K, committed 94204K, reserved 1130496K
  class space    used 11613K, capacity 12386K, committed 12416K, reserved 1048576K
}
Event: 305.977 GC heap after
{Heap after GC invocations=85 (full 0):
 garbage-first heap   total 165888K, used 96922K [0x0000000080000000, 0x0000000100000000)
  region size 1024K, 4 young (4096K), 4 survivors (4096K)
 Metaspace       used 91966K, capacity 94136K, committed 94204K, reserved 1130496K
  class space    used 11613K, capacity 12386K, committed 12416K, reserved 1048576K
}
Event: 307.530 GC heap before
{Heap before GC invocations=86 (full 0):
 garbage-first heap   total 165888K, used 127642K [0x0000000080000000, 0x0000000100000000)
  region size 1024K, 35 young (35840K), 4 survivors (4096K)
 Metaspace       used 98086K, capacity 100390K, committed 100476K, reserved 1136640K
  class space    used 12382K, capacity 13235K, committed 13312K, reserved 1048576K
}
Event: 307.548 GC heap after
{Heap after GC invocations=87 (full 0):
 garbage-first heap   total 165888K, used 99386K [0x0000000080000000, 0x0000000100000000)
  region size 1024K, 3 young (3072K), 3 survivors (3072K)
 Metaspace       used 98086K, capacity 100390K, committed 100476K, reserved 1136640K
  class space    used 12382K, capacity 13235K, committed 13312K, reserved 1048576K
}
Event: 307.657 GC heap before
{Heap before GC invocations=87 (full 0):
 garbage-first heap   total 165888K, used 106554K [0x0000000080000000, 0x0000000100000000)
  region size 1024K, 8 young (8192K), 3 survivors (3072K)
 Metaspace       used 98193K, capacity 100466K, committed 100732K, reserved 1136640K
  class space    used 12389K, capacity 13239K, committed 13312K, reserved 1048576K
}
Event: 307.723 GC heap after
{Heap after GC invocations=88 (full 0):
 garbage-first heap   total 165888K, used 99477K [0x0000000080000000, 0x0000000100000000)
  region size 1024K, 1 young (1024K), 1 survivors (1024K)
 Metaspace       used 98193K, capacity 100466K, committed 100732K, reserved 1136640K
  class space    used 12389K, capacity 13239K, committed 13312K, reserved 1048576K
}
Event: 309.160 GC heap before
{Heap before GC invocations=88 (full 0):
 garbage-first heap   total 165888K, used 129173K [0x0000000080000000, 0x0000000100000000)
  region size 1024K, 31 young (31744K), 1 survivors (1024K)
 Metaspace       used 99208K, capacity 101485K, committed 101628K, reserved 1138688K
  class space    used 12476K, capacity 13340K, committed 13440K, reserved 1048576K
}
Event: 309.183 GC heap after
{Heap after GC invocations=89 (full 0):
 garbage-first heap   total 165888K, used 106924K [0x0000000080000000, 0x0000000100000000)
  region size 1024K, 4 young (4096K), 4 survivors (4096K)
 Metaspace       used 99208K, capacity 101485K, committed 101628K, reserved 1138688K
  class space    used 12476K, capacity 13340K, committed 13440K, reserved 1048576K
}
Event: 311.742 GC heap before
{Heap before GC invocations=90 (full 0):
 garbage-first heap   total 165888K, used 131500K [0x0000000080000000, 0x0000000100000000)
  region size 1024K, 29 young (29696K), 4 survivors (4096K)
 Metaspace       used 100909K, capacity 103335K, committed 103548K, reserved 1138688K
  class space    used 12620K, capacity 13544K, committed 13568K, reserved 1048576K
}

