# JRE version: OpenJDK Runtime Environment (11.0.10) (build 11.0.10+0-b96-7249189)
# Java VM: OpenJDK 64-Bit Server VM (11.0.10+0-b96-7249189, mixed mode, tiered, compressed oops, g1 gc, windows-amd64)
Heap:
 garbage-first heap   total 65536K, used 33926K [0x0000000080000000, 0x0000000100000000)
  region size 1024K, 20 young (20480K), 3 survivors (3072K)
 Metaspace       used 25217K, capacity 25738K, committed 25904K, reserved 1071104K
  class space    used 3269K, capacity 3454K, committed 3456K, reserved 1048576K
GC Heap History (14 events):
Event: 2.115 GC heap before
{Heap before GC invocations=0 (full 0):
 garbage-first heap   total 65536K, used 19456K [0x0000000080000000, 0x0000000100000000)
  region size 1024K, 14 young (14336K), 0 survivors (0K)
 Metaspace       used 6747K, capacity 6925K, committed 7168K, reserved 1056768K
  class space    used 582K, capacity 650K, committed 768K, reserved 1048576K
}
Event: 2.129 GC heap after
{Heap after GC invocations=1 (full 0):
 garbage-first heap   total 65536K, used 8132K [0x0000000080000000, 0x0000000100000000)
  region size 1024K, 2 young (2048K), 2 survivors (2048K)
 Metaspace       used 6747K, capacity 6925K, committed 7168K, reserved 1056768K
  class space    used 582K, capacity 650K, committed 768K, reserved 1048576K
}
Event: 3.584 GC heap before
{Heap before GC invocations=1 (full 0):
 garbage-first heap   total 65536K, used 19396K [0x0000000080000000, 0x0000000100000000)
  region size 1024K, 13 young (13312K), 2 survivors (2048K)
 Metaspace       used 9863K, capacity 10054K, committed 10112K, reserved 1058816K
  class space    used 1021K, capacity 1102K, committed 1152K, reserved 1048576K
}
Event: 3.591 GC heap after
{Heap after GC invocations=2 (full 0):
 garbage-first heap   total 65536K, used 9373K [0x0000000080000000, 0x0000000100000000)
  region size 1024K, 2 young (2048K), 2 survivors (2048K)
 Metaspace       used 9863K, capacity 10054K, committed 10112K, reserved 1058816K
  class space    used 1021K, capacity 1102K, committed 1152K, reserved 1048576K
}
Event: 5.199 GC heap before
{Heap before GC invocations=2 (full 0):
 garbage-first heap   total 65536K, used 30877K [0x0000000080000000, 0x0000000100000000)
  region size 1024K, 24 young (24576K), 2 survivors (2048K)
 Metaspace       used 10763K, capacity 11007K, committed 11264K, reserved 1058816K
  class space    used 1122K, capacity 1206K, committed 1280K, reserved 1048576K
}
Event: 5.205 GC heap after
{Heap after GC invocations=3 (full 0):
 garbage-first heap   total 65536K, used 9873K [0x0000000080000000, 0x0000000100000000)
  region size 1024K, 2 young (2048K), 2 survivors (2048K)
 Metaspace       used 10763K, capacity 11007K, committed 11264K, reserved 1058816K
  class space    used 1122K, capacity 1206K, committed 1280K, reserved 1048576K
}
Event: 6.894 GC heap before
{Heap before GC invocations=3 (full 0):
 garbage-first heap   total 65536K, used 42641K [0x0000000080000000, 0x0000000100000000)
  region size 1024K, 34 young (34816K), 2 survivors (2048K)
 Metaspace       used 14042K, capacity 14385K, committed 14592K, reserved 1062912K
  class space    used 1584K, capacity 1716K, committed 1792K, reserved 1048576K
}
Event: 6.918 GC heap after
{Heap after GC invocations=4 (full 0):
 garbage-first heap   total 65536K, used 14875K [0x0000000080000000, 0x0000000100000000)
  region size 1024K, 5 young (5120K), 5 survivors (5120K)
 Metaspace       used 14042K, capacity 14385K, committed 14592K, reserved 1062912K
  class space    used 1584K, capacity 1716K, committed 1792K, reserved 1048576K
}
Event: 10.793 GC heap before
{Heap before GC invocations=4 (full 0):
 garbage-first heap   total 65536K, used 42523K [0x0000000080000000, 0x0000000100000000)
  region size 1024K, 32 young (32768K), 5 survivors (5120K)
 Metaspace       used 19118K, capacity 19552K, committed 19712K, reserved 1067008K
  class space    used 2314K, capacity 2468K, committed 2560K, reserved 1048576K
}
Event: 10.808 GC heap after
{Heap after GC invocations=5 (full 0):
 garbage-first heap   total 65536K, used 16531K [0x0000000080000000, 0x0000000100000000)
  region size 1024K, 2 young (2048K), 2 survivors (2048K)
 Metaspace       used 19118K, capacity 19552K, committed 19712K, reserved 1067008K
  class space    used 2314K, capacity 2468K, committed 2560K, reserved 1048576K
}
Event: 11.296 GC heap before
{Heap before GC invocations=5 (full 0):
 garbage-first heap   total 65536K, used 26771K [0x0000000080000000, 0x0000000100000000)
  region size 1024K, 13 young (13312K), 2 survivors (2048K)
 Metaspace       used 20625K, capacity 21154K, committed 21296K, reserved 1069056K
  class space    used 2513K, capacity 2688K, committed 2688K, reserved 1048576K
}
Event: 11.306 GC heap after
{Heap after GC invocations=6 (full 0):
 garbage-first heap   total 65536K, used 16806K [0x0000000080000000, 0x0000000100000000)
  region size 1024K, 2 young (2048K), 2 survivors (2048K)
 Metaspace       used 20625K, capacity 21154K, committed 21296K, reserved 1069056K
  class space    used 2513K, capacity 2688K, committed 2688K, reserved 1048576K
}
Event: 12.489 GC heap before
{Heap before GC invocations=7 (full 0):
 garbage-first heap   total 65536K, used 43430K [0x0000000080000000, 0x0000000100000000)
  region size 1024K, 28 young (28672K), 2 survivors (2048K)
 Metaspace       used 23430K, capacity 24019K, committed 24112K, reserved 1071104K
  class space    used 2972K, capacity 3157K, committed 3200K, reserved 1048576K
}
Event: 12.504 GC heap after
{Heap after GC invocations=8 (full 0):
 garbage-first heap   total 65536K, used 17542K [0x0000000080000000, 0x0000000100000000)
  region size 1024K, 3 young (3072K), 3 survivors (3072K)
 Metaspace       used 23430K, capacity 24019K, committed 24112K, reserved 1071104K
  class space    used 2972K, capacity 3157K, committed 3200K, reserved 1048576K
}

