# JRE version: OpenJDK Runtime Environment (11.0.10) (build 11.0.10+0-b96-7249189)
# Java VM: OpenJDK 64-Bit Server VM (11.0.10+0-b96-7249189, mixed mode, tiered, compressed oops, g1 gc, windows-amd64)
Heap:
 garbage-first heap   total 456704K, used 132347K [0x0000000080000000, 0x0000000100000000)
  region size 1024K, 5 young (5120K), 5 survivors (5120K)
 Metaspace       used 112828K, capacity 115938K, committed 116004K, reserved 1150976K
  class space    used 14285K, capacity 15454K, committed 15488K, reserved 1048576K
GC Heap History (20 events):
Event: 42.309 GC heap after
{Heap after GC invocations=54 (full 0):
 garbage-first heap   total 330752K, used 206868K [0x0000000080000000, 0x0000000100000000)
  region size 1024K, 2 young (2048K), 2 survivors (2048K)
 Metaspace       used 94973K, capacity 97447K, committed 97572K, reserved 1134592K
  class space    used 12437K, capacity 13378K, committed 13440K, reserved 1048576K
}
Event: 42.834 GC heap before
{Heap before GC invocations=54 (full 0):
 garbage-first heap   total 330752K, used 258068K [0x0000000080000000, 0x0000000100000000)
  region size 1024K, 53 young (54272K), 2 survivors (2048K)
 Metaspace       used 95634K, capacity 98091K, committed 98212K, reserved 1134592K
  class space    used 12513K, capacity 13454K, committed 13568K, reserved 1048576K
}
Event: 42.841 GC heap after
{Heap after GC invocations=55 (full 0):
 garbage-first heap   total 330752K, used 207803K [0x0000000080000000, 0x0000000100000000)
  region size 1024K, 3 young (3072K), 3 survivors (3072K)
 Metaspace       used 95634K, capacity 98091K, committed 98212K, reserved 1134592K
  class space    used 12513K, capacity 13454K, committed 13568K, reserved 1048576K
}
Event: 43.860 GC heap before
{Heap before GC invocations=55 (full 0):
 garbage-first heap   total 330752K, used 227259K [0x0000000080000000, 0x0000000100000000)
  region size 1024K, 57 young (58368K), 3 survivors (3072K)
 Metaspace       used 96325K, capacity 98928K, committed 98980K, reserved 1134592K
  class space    used 12575K, capacity 13536K, committed 13568K, reserved 1048576K
}
Event: 43.870 GC heap after
{Heap after GC invocations=56 (full 0):
 garbage-first heap   total 330752K, used 173631K [0x0000000080000000, 0x0000000100000000)
  region size 1024K, 4 young (4096K), 4 survivors (4096K)
 Metaspace       used 96325K, capacity 98928K, committed 98980K, reserved 1134592K
  class space    used 12575K, capacity 13536K, committed 13568K, reserved 1048576K
}
Event: 44.474 GC heap before
{Heap before GC invocations=57 (full 0):
 garbage-first heap   total 330752K, used 248383K [0x0000000080000000, 0x0000000100000000)
  region size 1024K, 76 young (77824K), 4 survivors (4096K)
 Metaspace       used 96335K, capacity 98931K, committed 98980K, reserved 1134592K
  class space    used 12576K, capacity 13537K, committed 13568K, reserved 1048576K
}
Event: 44.485 GC heap after
{Heap after GC invocations=58 (full 0):
 garbage-first heap   total 330752K, used 176086K [0x0000000080000000, 0x0000000100000000)
  region size 1024K, 4 young (4096K), 4 survivors (4096K)
 Metaspace       used 96335K, capacity 98931K, committed 98980K, reserved 1134592K
  class space    used 12576K, capacity 13537K, committed 13568K, reserved 1048576K
}
Event: 44.570 GC heap before
{Heap before GC invocations=58 (full 0):
 garbage-first heap   total 330752K, used 187350K [0x0000000080000000, 0x0000000100000000)
  region size 1024K, 16 young (16384K), 4 survivors (4096K)
 Metaspace       used 96336K, capacity 98931K, committed 98980K, reserved 1134592K
  class space    used 12576K, capacity 13537K, committed 13568K, reserved 1048576K
}
Event: 44.632 GC heap after
{Heap after GC invocations=59 (full 0):
 garbage-first heap   total 330752K, used 156136K [0x0000000080000000, 0x0000000100000000)
  region size 1024K, 1 young (1024K), 1 survivors (1024K)
 Metaspace       used 96336K, capacity 98931K, committed 98980K, reserved 1134592K
  class space    used 12576K, capacity 13537K, committed 13568K, reserved 1048576K
}
Event: 45.192 GC heap before
{Heap before GC invocations=59 (full 0):
 garbage-first heap   total 330752K, used 241128K [0x0000000080000000, 0x0000000100000000)
  region size 1024K, 84 young (86016K), 1 survivors (1024K)
 Metaspace       used 96420K, capacity 99066K, committed 99236K, reserved 1134592K
  class space    used 12587K, capacity 13540K, committed 13568K, reserved 1048576K
}
Event: 45.198 GC heap after
{Heap after GC invocations=60 (full 0):
 garbage-first heap   total 330752K, used 153329K [0x0000000080000000, 0x0000000100000000)
  region size 1024K, 1 young (1024K), 1 survivors (1024K)
 Metaspace       used 96420K, capacity 99066K, committed 99236K, reserved 1134592K
  class space    used 12587K, capacity 13540K, committed 13568K, reserved 1048576K
}
Event: 46.332 GC heap before
{Heap before GC invocations=60 (full 0):
 garbage-first heap   total 330752K, used 191217K [0x0000000080000000, 0x0000000100000000)
  region size 1024K, 39 young (39936K), 1 survivors (1024K)
 Metaspace       used 102806K, capacity 105451K, committed 105764K, reserved 1140736K
  class space    used 13394K, capacity 14390K, committed 14464K, reserved 1048576K
}
Event: 46.347 GC heap after
{Heap after GC invocations=61 (full 0):
 garbage-first heap   total 330752K, used 156690K [0x0000000080000000, 0x0000000100000000)
  region size 1024K, 4 young (4096K), 4 survivors (4096K)
 Metaspace       used 102806K, capacity 105451K, committed 105764K, reserved 1140736K
  class space    used 13394K, capacity 14390K, committed 14464K, reserved 1048576K
}
Event: 49.324 GC heap before
{Heap before GC invocations=62 (full 0):
 garbage-first heap   total 330752K, used 238610K [0x0000000080000000, 0x0000000100000000)
  region size 1024K, 109 young (111616K), 4 survivors (4096K)
 Metaspace       used 106031K, capacity 108850K, committed 109092K, reserved 1144832K
  class space    used 13631K, capacity 14673K, committed 14720K, reserved 1048576K
}
Event: 49.361 GC heap after
{Heap after GC invocations=63 (full 0):
 garbage-first heap   total 330752K, used 143360K [0x0000000080000000, 0x0000000100000000)
  region size 1024K, 14 young (14336K), 14 survivors (14336K)
 Metaspace       used 106031K, capacity 108850K, committed 109092K, reserved 1144832K
  class space    used 13631K, capacity 14673K, committed 14720K, reserved 1048576K
}
Event: 49.405 GC heap before
{Heap before GC invocations=63 (full 0):
 garbage-first heap   total 330752K, used 145408K [0x0000000080000000, 0x0000000100000000)
  region size 1024K, 16 young (16384K), 14 survivors (14336K)
 Metaspace       used 106052K, capacity 108850K, committed 109092K, reserved 1144832K
  class space    used 13631K, capacity 14673K, committed 14720K, reserved 1048576K
}
Event: 49.449 GC heap after
{Heap after GC invocations=64 (full 0):
 garbage-first heap   total 330752K, used 119020K [0x0000000080000000, 0x0000000100000000)
  region size 1024K, 2 young (2048K), 2 survivors (2048K)
 Metaspace       used 106052K, capacity 108850K, committed 109092K, reserved 1144832K
  class space    used 13631K, capacity 14673K, committed 14720K, reserved 1048576K
}
Event: 52.154 GC heap before
{Heap before GC invocations=64 (full 0):
 garbage-first heap   total 330752K, used 234732K [0x0000000080000000, 0x0000000100000000)
  region size 1024K, 112 young (114688K), 2 survivors (2048K)
 Metaspace       used 108900K, capacity 111838K, committed 112036K, reserved 1146880K
  class space    used 13922K, capacity 15004K, committed 15104K, reserved 1048576K
}
Event: 52.188 GC heap after
{Heap after GC invocations=65 (full 0):
 garbage-first heap   total 330752K, used 130815K [0x0000000080000000, 0x0000000100000000)
  region size 1024K, 14 young (14336K), 14 survivors (14336K)
 Metaspace       used 108900K, capacity 111838K, committed 112036K, reserved 1146880K
  class space    used 13922K, capacity 15004K, committed 15104K, reserved 1048576K
}
Event: 56.978 GC heap before
{Heap before GC invocations=65 (full 0):
 garbage-first heap   total 330752K, used 245503K [0x0000000080000000, 0x0000000100000000)
  region size 1024K, 127 young (130048K), 14 survivors (14336K)
 Metaspace       used 112828K, capacity 115938K, committed 116004K, reserved 1150976K
  class space    used 14285K, capacity 15454K, committed 15488K, reserved 1048576K
}

