# JRE version: OpenJDK Runtime Environment (11.0.10) (build 11.0.10+0-b96-7249189)
# Java VM: OpenJDK 64-Bit Server VM (11.0.10+0-b96-7249189, mixed mode, tiered, compressed oops, g1 gc, windows-amd64)
Heap:
 garbage-first heap   total 114688K, used 52368K [0x0000000080000000, 0x0000000100000000)
  region size 1024K, 5 young (5120K), 1 survivors (1024K)
 Metaspace       used 62742K, capacity 64208K, committed 64368K, reserved 1105920K
  class space    used 7912K, capacity 8453K, committed 8524K, reserved 1048576K
GC Heap History (20 events):
Event: 11.231 GC heap before
{Heap before GC invocations=8 (full 0):
 garbage-first heap   total 78848K, used 54941K [0x0000000080000000, 0x0000000100000000)
  region size 1024K, 40 young (40960K), 4 survivors (4096K)
 Metaspace       used 34838K, capacity 35614K, committed 35708K, reserved 1081344K
  class space    used 4531K, capacity 4832K, committed 4864K, reserved 1048576K
}
Event: 11.269 GC heap after
{Heap after GC invocations=9 (full 0):
 garbage-first heap   total 78848K, used 22419K [0x0000000080000000, 0x0000000100000000)
  region size 1024K, 6 young (6144K), 6 survivors (6144K)
 Metaspace       used 34838K, capacity 35614K, committed 35708K, reserved 1081344K
  class space    used 4531K, capacity 4832K, committed 4864K, reserved 1048576K
}
Event: 13.025 GC heap before
{Heap before GC invocations=10 (full 0):
 garbage-first heap   total 78848K, used 62355K [0x0000000080000000, 0x0000000100000000)
  region size 1024K, 42 young (43008K), 6 survivors (6144K)
 Metaspace       used 38083K, capacity 39033K, committed 39164K, reserved 1083392K
  class space    used 4836K, capacity 5176K, committed 5248K, reserved 1048576K
}
Event: 13.046 GC heap after
{Heap after GC invocations=11 (full 0):
 garbage-first heap   total 78848K, used 25235K [0x0000000080000000, 0x0000000100000000)
  region size 1024K, 4 young (4096K), 4 survivors (4096K)
 Metaspace       used 38083K, capacity 39033K, committed 39164K, reserved 1083392K
  class space    used 4836K, capacity 5176K, committed 5248K, reserved 1048576K
}
Event: 14.184 GC heap before
{Heap before GC invocations=11 (full 0):
 garbage-first heap   total 78848K, used 60051K [0x0000000080000000, 0x0000000100000000)
  region size 1024K, 38 young (38912K), 4 survivors (4096K)
 Metaspace       used 40421K, capacity 41392K, committed 41596K, reserved 1085440K
  class space    used 5183K, capacity 5531K, committed 5632K, reserved 1048576K
}
Event: 14.202 GC heap after
{Heap after GC invocations=12 (full 0):
 garbage-first heap   total 78848K, used 26740K [0x0000000080000000, 0x0000000100000000)
  region size 1024K, 3 young (3072K), 3 survivors (3072K)
 Metaspace       used 40421K, capacity 41392K, committed 41596K, reserved 1085440K
  class space    used 5183K, capacity 5531K, committed 5632K, reserved 1048576K
}
Event: 15.585 GC heap before
{Heap before GC invocations=12 (full 0):
 garbage-first heap   total 78848K, used 61556K [0x0000000080000000, 0x0000000100000000)
  region size 1024K, 37 young (37888K), 3 survivors (3072K)
 Metaspace       used 43781K, capacity 44838K, committed 45052K, reserved 1089536K
  class space    used 5583K, capacity 5935K, committed 6016K, reserved 1048576K
}
Event: 15.599 GC heap after
{Heap after GC invocations=13 (full 0):
 garbage-first heap   total 95232K, used 27954K [0x0000000080000000, 0x0000000100000000)
  region size 1024K, 4 young (4096K), 4 survivors (4096K)
 Metaspace       used 43781K, capacity 44838K, committed 45052K, reserved 1089536K
  class space    used 5583K, capacity 5935K, committed 6016K, reserved 1048576K
}
Event: 17.590 GC heap before
{Heap before GC invocations=13 (full 0):
 garbage-first heap   total 95232K, used 70962K [0x0000000080000000, 0x0000000100000000)
  region size 1024K, 46 young (47104K), 4 survivors (4096K)
 Metaspace       used 46724K, capacity 47922K, committed 48124K, reserved 1091584K
  class space    used 5971K, capacity 6407K, committed 6528K, reserved 1048576K
}
Event: 17.608 GC heap after
{Heap after GC invocations=14 (full 0):
 garbage-first heap   total 95232K, used 29692K [0x0000000080000000, 0x0000000100000000)
  region size 1024K, 3 young (3072K), 3 survivors (3072K)
 Metaspace       used 46724K, capacity 47922K, committed 48124K, reserved 1091584K
  class space    used 5971K, capacity 6407K, committed 6528K, reserved 1048576K
}
Event: 19.900 GC heap before
{Heap before GC invocations=14 (full 0):
 garbage-first heap   total 95232K, used 76796K [0x0000000080000000, 0x0000000100000000)
  region size 1024K, 46 young (47104K), 3 survivors (3072K)
 Metaspace       used 49388K, capacity 50620K, committed 50940K, reserved 1093632K
  class space    used 6282K, capacity 6714K, committed 6784K, reserved 1048576K
}
Event: 19.919 GC heap after
{Heap after GC invocations=15 (full 0):
 garbage-first heap   total 95232K, used 41381K [0x0000000080000000, 0x0000000100000000)
  region size 1024K, 6 young (6144K), 6 survivors (6144K)
 Metaspace       used 49388K, capacity 50620K, committed 50940K, reserved 1093632K
  class space    used 6282K, capacity 6714K, committed 6784K, reserved 1048576K
}
Event: 21.165 GC heap before
{Heap before GC invocations=15 (full 0):
 garbage-first heap   total 95232K, used 74149K [0x0000000080000000, 0x0000000100000000)
  region size 1024K, 38 young (38912K), 6 survivors (6144K)
 Metaspace       used 54219K, capacity 55520K, committed 55676K, reserved 1097728K
  class space    used 6847K, capacity 7321K, committed 7424K, reserved 1048576K
}
Event: 21.178 GC heap after
{Heap after GC invocations=16 (full 0):
 garbage-first heap   total 95232K, used 43028K [0x0000000080000000, 0x0000000100000000)
  region size 1024K, 2 young (2048K), 2 survivors (2048K)
 Metaspace       used 54219K, capacity 55520K, committed 55676K, reserved 1097728K
  class space    used 6847K, capacity 7321K, committed 7424K, reserved 1048576K
}
Event: 22.422 GC heap before
{Heap before GC invocations=16 (full 0):
 garbage-first heap   total 95232K, used 69652K [0x0000000080000000, 0x0000000100000000)
  region size 1024K, 29 young (29696K), 2 survivors (2048K)
 Metaspace       used 58371K, capacity 59821K, committed 59940K, reserved 1101824K
  class space    used 7372K, capacity 7920K, committed 7936K, reserved 1048576K
}
Event: 22.433 GC heap after
{Heap after GC invocations=17 (full 0):
 garbage-first heap   total 95232K, used 44694K [0x0000000080000000, 0x0000000100000000)
  region size 1024K, 3 young (3072K), 3 survivors (3072K)
 Metaspace       used 58371K, capacity 59821K, committed 59940K, reserved 1101824K
  class space    used 7372K, capacity 7920K, committed 7936K, reserved 1048576K
}
Event: 23.627 GC heap before
{Heap before GC invocations=18 (full 0):
 garbage-first heap   total 95232K, used 75414K [0x0000000080000000, 0x0000000100000000)
  region size 1024K, 34 young (34816K), 3 survivors (3072K)
 Metaspace       used 61425K, capacity 62838K, committed 63216K, reserved 1103872K
  class space    used 7746K, capacity 8279K, committed 8396K, reserved 1048576K
}
Event: 23.644 GC heap after
{Heap after GC invocations=19 (full 0):
 garbage-first heap   total 95232K, used 47446K [0x0000000080000000, 0x0000000100000000)
  region size 1024K, 5 young (5120K), 5 survivors (5120K)
 Metaspace       used 61425K, capacity 62838K, committed 63216K, reserved 1103872K
  class space    used 7746K, capacity 8279K, committed 8396K, reserved 1048576K
}
Event: 24.125 GC heap before
{Heap before GC invocations=20 (full 0):
 garbage-first heap   total 95232K, used 58710K [0x0000000080000000, 0x0000000100000000)
  region size 1024K, 17 young (17408K), 5 survivors (5120K)
 Metaspace       used 62484K, capacity 63962K, committed 64112K, reserved 1105920K
  class space    used 7889K, capacity 8417K, committed 8524K, reserved 1048576K
}
Event: 24.140 GC heap after
{Heap after GC invocations=21 (full 0):
 garbage-first heap   total 114688K, used 48272K [0x0000000080000000, 0x0000000100000000)
  region size 1024K, 1 young (1024K), 1 survivors (1024K)
 Metaspace       used 62484K, capacity 63962K, committed 64112K, reserved 1105920K
  class space    used 7889K, capacity 8417K, committed 8524K, reserved 1048576K
}

