# JRE version: OpenJDK Runtime Environment (11.0.10) (build 11.0.10+0-b96-7249189)
# Java VM: OpenJDK 64-Bit Server VM (11.0.10+0-b96-7249189, mixed mode, tiered, compressed oops, g1 gc, windows-amd64)
Heap:
 garbage-first heap   total 65536K, used 30423K [0x0000000080000000, 0x0000000100000000)
  region size 1024K, 6 young (6144K), 2 survivors (2048K)
 Metaspace       used 42671K, capacity 43686K, committed 43900K, reserved 1087488K
  class space    used 5417K, capacity 5785K, committed 5888K, reserved 1048576K
GC Heap History (20 events):
Event: 16.367 GC heap before
{Heap before GC invocations=7 (full 0):
 garbage-first heap   total 65536K, used 43212K [0x0000000080000000, 0x0000000100000000)
  region size 1024K, 28 young (28672K), 2 survivors (2048K)
 Metaspace       used 23331K, capacity 23888K, committed 24112K, reserved 1071104K
  class space    used 2958K, capacity 3156K, committed 3200K, reserved 1048576K
}
Event: 16.372 GC heap after
{Heap after GC invocations=8 (full 0):
 garbage-first heap   total 65536K, used 17455K [0x0000000080000000, 0x0000000100000000)
  region size 1024K, 3 young (3072K), 3 survivors (3072K)
 Metaspace       used 23331K, capacity 23888K, committed 24112K, reserved 1071104K
  class space    used 2958K, capacity 3156K, committed 3200K, reserved 1048576K
}
Event: 17.163 GC heap before
{Heap before GC invocations=8 (full 0):
 garbage-first heap   total 65536K, used 44079K [0x0000000080000000, 0x0000000100000000)
  region size 1024K, 29 young (29696K), 3 survivors (3072K)
 Metaspace       used 25958K, capacity 26553K, committed 26672K, reserved 1073152K
  class space    used 3391K, capacity 3599K, committed 3712K, reserved 1048576K
}
Event: 17.172 GC heap after
{Heap after GC invocations=9 (full 0):
 garbage-first heap   total 65536K, used 18470K [0x0000000080000000, 0x0000000100000000)
  region size 1024K, 3 young (3072K), 3 survivors (3072K)
 Metaspace       used 25958K, capacity 26553K, committed 26672K, reserved 1073152K
  class space    used 3391K, capacity 3599K, committed 3712K, reserved 1048576K
}
Event: 18.197 GC heap before
{Heap before GC invocations=9 (full 0):
 garbage-first heap   total 65536K, used 46118K [0x0000000080000000, 0x0000000100000000)
  region size 1024K, 30 young (30720K), 3 survivors (3072K)
 Metaspace       used 28435K, capacity 29116K, committed 29360K, reserved 1075200K
  class space    used 3781K, capacity 4028K, committed 4096K, reserved 1048576K
}
Event: 18.203 GC heap after
{Heap after GC invocations=10 (full 0):
 garbage-first heap   total 65536K, used 19351K [0x0000000080000000, 0x0000000100000000)
  region size 1024K, 3 young (3072K), 3 survivors (3072K)
 Metaspace       used 28435K, capacity 29116K, committed 29360K, reserved 1075200K
  class space    used 3781K, capacity 4028K, committed 4096K, reserved 1048576K
}
Event: 19.421 GC heap before
{Heap before GC invocations=10 (full 0):
 garbage-first heap   total 65536K, used 45975K [0x0000000080000000, 0x0000000100000000)
  region size 1024K, 30 young (30720K), 3 survivors (3072K)
 Metaspace       used 34625K, capacity 35418K, committed 35504K, reserved 1079296K
  class space    used 4515K, capacity 4832K, committed 4864K, reserved 1048576K
}
Event: 19.432 GC heap after
{Heap after GC invocations=11 (full 0):
 garbage-first heap   total 65536K, used 21916K [0x0000000080000000, 0x0000000100000000)
  region size 1024K, 4 young (4096K), 4 survivors (4096K)
 Metaspace       used 34625K, capacity 35418K, committed 35504K, reserved 1079296K
  class space    used 4515K, capacity 4832K, committed 4864K, reserved 1048576K
}
Event: 19.466 GC heap before
{Heap before GC invocations=11 (full 0):
 garbage-first heap   total 65536K, used 21916K [0x0000000080000000, 0x0000000100000000)
  region size 1024K, 6 young (6144K), 4 survivors (4096K)
 Metaspace       used 34824K, capacity 35610K, committed 35708K, reserved 1081344K
  class space    used 4530K, capacity 4832K, committed 4864K, reserved 1048576K
}
Event: 19.479 GC heap after
{Heap after GC invocations=12 (full 0):
 garbage-first heap   total 65536K, used 23167K [0x0000000080000000, 0x0000000100000000)
  region size 1024K, 2 young (2048K), 2 survivors (2048K)
 Metaspace       used 34824K, capacity 35610K, committed 35708K, reserved 1081344K
  class space    used 4530K, capacity 4832K, committed 4864K, reserved 1048576K
}
Event: 20.271 GC heap before
{Heap before GC invocations=13 (full 0):
 garbage-first heap   total 65536K, used 37503K [0x0000000080000000, 0x0000000100000000)
  region size 1024K, 17 young (17408K), 2 survivors (2048K)
 Metaspace       used 35894K, capacity 36763K, committed 36860K, reserved 1081344K
  class space    used 4614K, capacity 4916K, committed 4992K, reserved 1048576K
}
Event: 20.276 GC heap after
{Heap after GC invocations=14 (full 0):
 garbage-first heap   total 65536K, used 24477K [0x0000000080000000, 0x0000000100000000)
  region size 1024K, 3 young (3072K), 3 survivors (3072K)
 Metaspace       used 35894K, capacity 36763K, committed 36860K, reserved 1081344K
  class space    used 4614K, capacity 4916K, committed 4992K, reserved 1048576K
}
Event: 21.323 GC heap before
{Heap before GC invocations=14 (full 0):
 garbage-first heap   total 65536K, used 40861K [0x0000000080000000, 0x0000000100000000)
  region size 1024K, 19 young (19456K), 3 survivors (3072K)
 Metaspace       used 37137K, capacity 38042K, committed 38396K, reserved 1083392K
  class space    used 4796K, capacity 5126K, committed 5248K, reserved 1048576K
}
Event: 21.330 GC heap after
{Heap after GC invocations=15 (full 0):
 garbage-first heap   total 65536K, used 24336K [0x0000000080000000, 0x0000000100000000)
  region size 1024K, 2 young (2048K), 2 survivors (2048K)
 Metaspace       used 37137K, capacity 38042K, committed 38396K, reserved 1083392K
  class space    used 4796K, capacity 5126K, committed 5248K, reserved 1048576K
}
Event: 21.951 GC heap before
{Heap before GC invocations=15 (full 0):
 garbage-first heap   total 65536K, used 44816K [0x0000000080000000, 0x0000000100000000)
  region size 1024K, 20 young (20480K), 2 survivors (2048K)
 Metaspace       used 38720K, capacity 39635K, committed 39804K, reserved 1083392K
  class space    used 4922K, capacity 5251K, committed 5376K, reserved 1048576K
}
Event: 21.961 GC heap after
{Heap after GC invocations=16 (full 0):
 garbage-first heap   total 65536K, used 25767K [0x0000000080000000, 0x0000000100000000)
  region size 1024K, 3 young (3072K), 3 survivors (3072K)
 Metaspace       used 38720K, capacity 39635K, committed 39804K, reserved 1083392K
  class space    used 4922K, capacity 5251K, committed 5376K, reserved 1048576K
}
Event: 22.690 GC heap before
{Heap before GC invocations=16 (full 0):
 garbage-first heap   total 65536K, used 44199K [0x0000000080000000, 0x0000000100000000)
  region size 1024K, 21 young (21504K), 3 survivors (3072K)
 Metaspace       used 40073K, capacity 40999K, committed 41212K, reserved 1085440K
  class space    used 5134K, capacity 5492K, committed 5504K, reserved 1048576K
}
Event: 22.701 GC heap after
{Heap after GC invocations=17 (full 0):
 garbage-first heap   total 65536K, used 26743K [0x0000000080000000, 0x0000000100000000)
  region size 1024K, 3 young (3072K), 3 survivors (3072K)
 Metaspace       used 40073K, capacity 40999K, committed 41212K, reserved 1085440K
  class space    used 5134K, capacity 5492K, committed 5504K, reserved 1048576K
}
Event: 23.545 GC heap before
{Heap before GC invocations=17 (full 0):
 garbage-first heap   total 65536K, used 47223K [0x0000000080000000, 0x0000000100000000)
  region size 1024K, 22 young (22528K), 3 survivors (3072K)
 Metaspace       used 42463K, capacity 43426K, committed 43516K, reserved 1087488K
  class space    used 5388K, capacity 5741K, committed 5760K, reserved 1048576K
}
Event: 23.552 GC heap after
{Heap after GC invocations=18 (full 0):
 garbage-first heap   total 65536K, used 27351K [0x0000000080000000, 0x0000000100000000)
  region size 1024K, 2 young (2048K), 2 survivors (2048K)
 Metaspace       used 42463K, capacity 43426K, committed 43516K, reserved 1087488K
  class space    used 5388K, capacity 5741K, committed 5760K, reserved 1048576K
}

