# JRE version: OpenJDK Runtime Environment (11.0.10) (build 11.0.10+0-b96-7249189)
# Java VM: OpenJDK 64-Bit Server VM (11.0.10+0-b96-7249189, mixed mode, tiered, compressed oops, g1 gc, windows-amd64)
Heap:
 garbage-first heap   total 165888K, used 79481K [0x0000000080000000, 0x0000000100000000)
  region size 1024K, 6 young (6144K), 4 survivors (4096K)
 Metaspace       used 81702K, capacity 83913K, committed 83964K, reserved 1122304K
  class space    used 10557K, capacity 11353K, committed 11392K, reserved 1048576K
GC Heap History (20 events):
Event: 47.215 GC heap before
{Heap before GC invocations=35 (full 0):
 garbage-first heap   total 114688K, used 86731K [0x0000000080000000, 0x0000000100000000)
  region size 1024K, 33 young (33792K), 4 survivors (4096K)
 Metaspace       used 72219K, capacity 73944K, committed 74236K, reserved 1114112K
  class space    used 9421K, capacity 10055K, committed 10112K, reserved 1048576K
}
Event: 47.236 GC heap after
{Heap after GC invocations=36 (full 0):
 garbage-first heap   total 114688K, used 58701K [0x0000000080000000, 0x0000000100000000)
  region size 1024K, 4 young (4096K), 4 survivors (4096K)
 Metaspace       used 72219K, capacity 73944K, committed 74236K, reserved 1114112K
  class space    used 9421K, capacity 10055K, committed 10112K, reserved 1048576K
}
Event: 49.932 GC heap before
{Heap before GC invocations=37 (full 0):
 garbage-first heap   total 114688K, used 88397K [0x0000000080000000, 0x0000000100000000)
  region size 1024K, 33 young (33792K), 4 survivors (4096K)
 Metaspace       used 75667K, capacity 77523K, committed 77692K, reserved 1116160K
  class space    used 9839K, capacity 10490K, committed 10496K, reserved 1048576K
}
Event: 49.953 GC heap after
{Heap after GC invocations=38 (full 0):
 garbage-first heap   total 114688K, used 61358K [0x0000000080000000, 0x0000000100000000)
  region size 1024K, 4 young (4096K), 4 survivors (4096K)
 Metaspace       used 75667K, capacity 77523K, committed 77692K, reserved 1116160K
  class space    used 9839K, capacity 10490K, committed 10496K, reserved 1048576K
}
Event: 51.410 GC heap before
{Heap before GC invocations=38 (full 0):
 garbage-first heap   total 114688K, used 91054K [0x0000000080000000, 0x0000000100000000)
  region size 1024K, 33 young (33792K), 4 survivors (4096K)
 Metaspace       used 77491K, capacity 79386K, committed 79612K, reserved 1118208K
  class space    used 10128K, capacity 10819K, committed 10880K, reserved 1048576K
}
Event: 51.442 GC heap after
{Heap after GC invocations=39 (full 0):
 garbage-first heap   total 114688K, used 63511K [0x0000000080000000, 0x0000000100000000)
  region size 1024K, 5 young (5120K), 5 survivors (5120K)
 Metaspace       used 77491K, capacity 79386K, committed 79612K, reserved 1118208K
  class space    used 10128K, capacity 10819K, committed 10880K, reserved 1048576K
}
Event: 53.522 GC heap before
{Heap before GC invocations=40 (full 0):
 garbage-first heap   total 114688K, used 91159K [0x0000000080000000, 0x0000000100000000)
  region size 1024K, 33 young (33792K), 5 survivors (5120K)
 Metaspace       used 78918K, capacity 80949K, committed 81148K, reserved 1120256K
  class space    used 10325K, capacity 11052K, committed 11136K, reserved 1048576K
}
Event: 53.551 GC heap after
{Heap after GC invocations=41 (full 0):
 garbage-first heap   total 114688K, used 65644K [0x0000000080000000, 0x0000000100000000)
  region size 1024K, 5 young (5120K), 5 survivors (5120K)
 Metaspace       used 78918K, capacity 80949K, committed 81148K, reserved 1120256K
  class space    used 10325K, capacity 11052K, committed 11136K, reserved 1048576K
}
Event: 55.079 GC heap before
{Heap before GC invocations=41 (full 0):
 garbage-first heap   total 114688K, used 92268K [0x0000000080000000, 0x0000000100000000)
  region size 1024K, 32 young (32768K), 5 survivors (5120K)
 Metaspace       used 79163K, capacity 81170K, committed 81404K, reserved 1120256K
  class space    used 10328K, capacity 11055K, committed 11136K, reserved 1048576K
}
Event: 55.100 GC heap after
{Heap after GC invocations=42 (full 0):
 garbage-first heap   total 138240K, used 67478K [0x0000000080000000, 0x0000000100000000)
  region size 1024K, 4 young (4096K), 4 survivors (4096K)
 Metaspace       used 79163K, capacity 81170K, committed 81404K, reserved 1120256K
  class space    used 10328K, capacity 11055K, committed 11136K, reserved 1048576K
}
Event: 57.383 GC heap before
{Heap before GC invocations=43 (full 0):
 garbage-first heap   total 138240K, used 105366K [0x0000000080000000, 0x0000000100000000)
  region size 1024K, 42 young (43008K), 4 survivors (4096K)
 Metaspace       used 79708K, capacity 81760K, committed 81916K, reserved 1120256K
  class space    used 10381K, capacity 11109K, committed 11136K, reserved 1048576K
}
Event: 57.405 GC heap after
{Heap after GC invocations=44 (full 0):
 garbage-first heap   total 138240K, used 70123K [0x0000000080000000, 0x0000000100000000)
  region size 1024K, 5 young (5120K), 5 survivors (5120K)
 Metaspace       used 79708K, capacity 81760K, committed 81916K, reserved 1120256K
  class space    used 10381K, capacity 11109K, committed 11136K, reserved 1048576K
}
Event: 59.369 GC heap before
{Heap before GC invocations=44 (full 0):
 garbage-first heap   total 138240K, used 108011K [0x0000000080000000, 0x0000000100000000)
  region size 1024K, 43 young (44032K), 5 survivors (5120K)
 Metaspace       used 79986K, capacity 82028K, committed 82300K, reserved 1120256K
  class space    used 10390K, capacity 11145K, committed 11264K, reserved 1048576K
}
Event: 59.402 GC heap after
{Heap after GC invocations=45 (full 0):
 garbage-first heap   total 138240K, used 72440K [0x0000000080000000, 0x0000000100000000)
  region size 1024K, 5 young (5120K), 5 survivors (5120K)
 Metaspace       used 79986K, capacity 82028K, committed 82300K, reserved 1120256K
  class space    used 10390K, capacity 11145K, committed 11264K, reserved 1048576K
}
Event: 61.602 GC heap before
{Heap before GC invocations=46 (full 0):
 garbage-first heap   total 138240K, used 110328K [0x0000000080000000, 0x0000000100000000)
  region size 1024K, 43 young (44032K), 5 survivors (5120K)
 Metaspace       used 80495K, capacity 82540K, committed 82812K, reserved 1120256K
  class space    used 10428K, capacity 11195K, committed 11264K, reserved 1048576K
}
Event: 61.621 GC heap after
{Heap after GC invocations=47 (full 0):
 garbage-first heap   total 138240K, used 75070K [0x0000000080000000, 0x0000000100000000)
  region size 1024K, 5 young (5120K), 5 survivors (5120K)
 Metaspace       used 80495K, capacity 82540K, committed 82812K, reserved 1120256K
  class space    used 10428K, capacity 11195K, committed 11264K, reserved 1048576K
}
Event: 62.763 GC heap before
{Heap before GC invocations=47 (full 0):
 garbage-first heap   total 138240K, used 112958K [0x0000000080000000, 0x0000000100000000)
  region size 1024K, 42 young (43008K), 5 survivors (5120K)
 Metaspace       used 80558K, capacity 82675K, committed 82812K, reserved 1120256K
  class space    used 10429K, capacity 11195K, committed 11264K, reserved 1048576K
}
Event: 62.794 GC heap after
{Heap after GC invocations=48 (full 0):
 garbage-first heap   total 138240K, used 76800K [0x0000000080000000, 0x0000000100000000)
  region size 1024K, 4 young (4096K), 4 survivors (4096K)
 Metaspace       used 80558K, capacity 82675K, committed 82812K, reserved 1120256K
  class space    used 10429K, capacity 11195K, committed 11264K, reserved 1048576K
}
Event: 462.836 GC heap before
{Heap before GC invocations=49 (full 0):
 garbage-first heap   total 138240K, used 114688K [0x0000000080000000, 0x0000000100000000)
  region size 1024K, 41 young (41984K), 4 survivors (4096K)
 Metaspace       used 81610K, capacity 83788K, committed 83964K, reserved 1122304K
  class space    used 10549K, capacity 11342K, committed 11392K, reserved 1048576K
}
Event: 463.352 GC heap after
{Heap after GC invocations=50 (full 0):
 garbage-first heap   total 165888K, used 78457K [0x0000000080000000, 0x0000000100000000)
  region size 1024K, 4 young (4096K), 4 survivors (4096K)
 Metaspace       used 81610K, capacity 83788K, committed 83964K, reserved 1122304K
  class space    used 10549K, capacity 11342K, committed 11392K, reserved 1048576K
}

