# JRE version: OpenJDK Runtime Environment (11.0.10) (build 11.0.10+0-b96-7249189)
# Java VM: OpenJDK 64-Bit Server VM (11.0.10+0-b96-7249189, mixed mode, tiered, compressed oops, g1 gc, windows-amd64)
Heap:
 garbage-first heap   total 157696K, used 70749K [0x0000000080000000, 0x0000000100000000)
  region size 1024K, 2 young (2048K), 2 survivors (2048K)
 Metaspace       used 52337K, capacity 53854K, committed 54016K, reserved 1095680K
  class space    used 6675K, capacity 7164K, committed 7168K, reserved 1048576K
GC Heap History (20 events):
Event: 11.321 GC heap after
{Heap after GC invocations=24 (full 0):
 garbage-first heap   total 78848K, used 48607K [0x0000000080000000, 0x0000000100000000)
  region size 1024K, 3 young (3072K), 3 survivors (3072K)
 Metaspace       used 42062K, capacity 43094K, committed 43264K, reserved 1087488K
  class space    used 5407K, capacity 5791K, committed 5888K, reserved 1048576K
}
Event: 11.559 GC heap before
{Heap before GC invocations=25 (full 0):
 garbage-first heap   total 78848K, used 62943K [0x0000000080000000, 0x0000000100000000)
  region size 1024K, 16 young (16384K), 3 survivors (3072K)
 Metaspace       used 42738K, capacity 43911K, committed 44160K, reserved 1087488K
  class space    used 5481K, capacity 5911K, committed 6016K, reserved 1048576K
}
Event: 11.570 GC heap after
{Heap after GC invocations=26 (full 0):
 garbage-first heap   total 78848K, used 54328K [0x0000000080000000, 0x0000000100000000)
  region size 1024K, 2 young (2048K), 2 survivors (2048K)
 Metaspace       used 42738K, capacity 43911K, committed 44160K, reserved 1087488K
  class space    used 5481K, capacity 5911K, committed 6016K, reserved 1048576K
}
Event: 11.816 GC heap before
{Heap before GC invocations=27 (full 0):
 garbage-first heap   total 78848K, used 64568K [0x0000000080000000, 0x0000000100000000)
  region size 1024K, 12 young (12288K), 2 survivors (2048K)
 Metaspace       used 44142K, capacity 45320K, committed 45440K, reserved 1089536K
  class space    used 5560K, capacity 5975K, committed 6016K, reserved 1048576K
}
Event: 11.823 GC heap after
{Heap after GC invocations=28 (full 0):
 garbage-first heap   total 95232K, used 54786K [0x0000000080000000, 0x0000000100000000)
  region size 1024K, 1 young (1024K), 1 survivors (1024K)
 Metaspace       used 44142K, capacity 45320K, committed 45440K, reserved 1089536K
  class space    used 5560K, capacity 5975K, committed 6016K, reserved 1048576K
}
Event: 12.189 GC heap before
{Heap before GC invocations=28 (full 0):
 garbage-first heap   total 95232K, used 71170K [0x0000000080000000, 0x0000000100000000)
  region size 1024K, 17 young (17408K), 1 survivors (1024K)
 Metaspace       used 44511K, capacity 45748K, committed 46080K, reserved 1089536K
  class space    used 5603K, capacity 6053K, committed 6144K, reserved 1048576K
}
Event: 12.198 GC heap after
{Heap after GC invocations=29 (full 0):
 garbage-first heap   total 95232K, used 56300K [0x0000000080000000, 0x0000000100000000)
  region size 1024K, 3 young (3072K), 3 survivors (3072K)
 Metaspace       used 44511K, capacity 45748K, committed 46080K, reserved 1089536K
  class space    used 5603K, capacity 6053K, committed 6144K, reserved 1048576K
}
Event: 12.508 GC heap before
{Heap before GC invocations=30 (full 0):
 garbage-first heap   total 95232K, used 72684K [0x0000000080000000, 0x0000000100000000)
  region size 1024K, 19 young (19456K), 3 survivors (3072K)
 Metaspace       used 45689K, capacity 46928K, committed 46976K, reserved 1089536K
  class space    used 5807K, capacity 6233K, committed 6272K, reserved 1048576K
}
Event: 12.515 GC heap after
{Heap after GC invocations=31 (full 0):
 garbage-first heap   total 95232K, used 57742K [0x0000000080000000, 0x0000000100000000)
  region size 1024K, 3 young (3072K), 3 survivors (3072K)
 Metaspace       used 45689K, capacity 46928K, committed 46976K, reserved 1089536K
  class space    used 5807K, capacity 6233K, committed 6272K, reserved 1048576K
}
Event: 12.768 GC heap before
{Heap before GC invocations=31 (full 0):
 garbage-first heap   total 95232K, used 73102K [0x0000000080000000, 0x0000000100000000)
  region size 1024K, 19 young (19456K), 3 survivors (3072K)
 Metaspace       used 46614K, capacity 47947K, committed 48256K, reserved 1091584K
  class space    used 5952K, capacity 6404K, committed 6528K, reserved 1048576K
}
Event: 12.780 GC heap after
{Heap after GC invocations=32 (full 0):
 garbage-first heap   total 95232K, used 58196K [0x0000000080000000, 0x0000000100000000)
  region size 1024K, 2 young (2048K), 2 survivors (2048K)
 Metaspace       used 46614K, capacity 47947K, committed 48256K, reserved 1091584K
  class space    used 5952K, capacity 6404K, committed 6528K, reserved 1048576K
}
Event: 13.227 GC heap before
{Heap before GC invocations=33 (full 0):
 garbage-first heap   total 95232K, used 75604K [0x0000000080000000, 0x0000000100000000)
  region size 1024K, 19 young (19456K), 2 survivors (2048K)
 Metaspace       used 47807K, capacity 49164K, committed 49408K, reserved 1091584K
  class space    used 6159K, capacity 6596K, committed 6656K, reserved 1048576K
}
Event: 13.234 GC heap after
{Heap after GC invocations=34 (full 0):
 garbage-first heap   total 124928K, used 58705K [0x0000000080000000, 0x0000000100000000)
  region size 1024K, 2 young (2048K), 2 survivors (2048K)
 Metaspace       used 47807K, capacity 49164K, committed 49408K, reserved 1091584K
  class space    used 6159K, capacity 6596K, committed 6656K, reserved 1048576K
}
Event: 14.202 GC heap before
{Heap before GC invocations=34 (full 0):
 garbage-first heap   total 124928K, used 84305K [0x0000000080000000, 0x0000000100000000)
  region size 1024K, 28 young (28672K), 2 survivors (2048K)
 Metaspace       used 49393K, capacity 50823K, committed 51072K, reserved 1093632K
  class space    used 6314K, capacity 6779K, committed 6784K, reserved 1048576K
}
Event: 14.212 GC heap after
{Heap after GC invocations=35 (full 0):
 garbage-first heap   total 124928K, used 60398K [0x0000000080000000, 0x0000000100000000)
  region size 1024K, 3 young (3072K), 3 survivors (3072K)
 Metaspace       used 49393K, capacity 50823K, committed 51072K, reserved 1093632K
  class space    used 6314K, capacity 6779K, committed 6784K, reserved 1048576K
}
Event: 14.471 GC heap before
{Heap before GC invocations=36 (full 0):
 garbage-first heap   total 124928K, used 66542K [0x0000000080000000, 0x0000000100000000)
  region size 1024K, 11 young (11264K), 3 survivors (3072K)
 Metaspace       used 49660K, capacity 51146K, committed 51456K, reserved 1093632K
  class space    used 6344K, capacity 6817K, committed 6912K, reserved 1048576K
}
Event: 14.483 GC heap after
{Heap after GC invocations=37 (full 0):
 garbage-first heap   total 124928K, used 60826K [0x0000000080000000, 0x0000000100000000)
  region size 1024K, 3 young (3072K), 3 survivors (3072K)
 Metaspace       used 49660K, capacity 51146K, committed 51456K, reserved 1093632K
  class space    used 6344K, capacity 6817K, committed 6912K, reserved 1048576K
}
Event: 14.702 GC heap before
{Heap before GC invocations=38 (full 0):
 garbage-first heap   total 124928K, used 66970K [0x0000000080000000, 0x0000000100000000)
  region size 1024K, 9 young (9216K), 3 survivors (3072K)
 Metaspace       used 49667K, capacity 51146K, committed 51456K, reserved 1093632K
  class space    used 6344K, capacity 6817K, committed 6912K, reserved 1048576K
}
Event: 14.717 GC heap after
{Heap after GC invocations=39 (full 0):
 garbage-first heap   total 124928K, used 67118K [0x0000000080000000, 0x0000000100000000)
  region size 1024K, 4 young (4096K), 4 survivors (4096K)
 Metaspace       used 49667K, capacity 51146K, committed 51456K, reserved 1093632K
  class space    used 6344K, capacity 6817K, committed 6912K, reserved 1048576K
}
Event: 15.509 GC heap before
{Heap before GC invocations=40 (full 0):
 garbage-first heap   total 124928K, used 93742K [0x0000000080000000, 0x0000000100000000)
  region size 1024K, 28 young (28672K), 4 survivors (4096K)
 Metaspace       used 52337K, capacity 53854K, committed 54016K, reserved 1095680K
  class space    used 6675K, capacity 7164K, committed 7168K, reserved 1048576K
}

