# JRE version: OpenJDK Runtime Environment (11.0.10) (build 11.0.10+0-b96-7249189)
# Java VM: OpenJDK 64-Bit Server VM (11.0.10+0-b96-7249189, mixed mode, tiered, compressed oops, g1 gc, windows-amd64)
Heap:
 garbage-first heap   total 184320K, used 85911K [0x0000000080000000, 0x0000000100000000)
  region size 1024K, 14 young (14336K), 6 survivors (6144K)
 Metaspace       used 67509K, capacity 69334K, committed 69504K, reserved 1110016K
  class space    used 8656K, capacity 9301K, committed 9344K, reserved 1048576K
GC Heap History (20 events):
Event: 11.777 GC heap before
{Heap before GC invocations=27 (full 0):
 garbage-first heap   total 95232K, used 66582K [0x0000000080000000, 0x0000000100000000)
  region size 1024K, 16 young (16384K), 2 survivors (2048K)
 Metaspace       used 44569K, capacity 45748K, committed 46080K, reserved 1089536K
  class space    used 5622K, capacity 6053K, committed 6144K, reserved 1048576K
}
Event: 11.785 GC heap after
{Heap after GC invocations=28 (full 0):
 garbage-first heap   total 95232K, used 53456K [0x0000000080000000, 0x0000000100000000)
  region size 1024K, 2 young (2048K), 2 survivors (2048K)
 Metaspace       used 44569K, capacity 45748K, committed 46080K, reserved 1089536K
  class space    used 5622K, capacity 6053K, committed 6144K, reserved 1048576K
}
Event: 12.077 GC heap before
{Heap before GC invocations=29 (full 0):
 garbage-first heap   total 95232K, used 67792K [0x0000000080000000, 0x0000000100000000)
  region size 1024K, 17 young (17408K), 2 survivors (2048K)
 Metaspace       used 45650K, capacity 46864K, committed 46976K, reserved 1089536K
  class space    used 5799K, capacity 6233K, committed 6272K, reserved 1048576K
}
Event: 12.084 GC heap after
{Heap after GC invocations=30 (full 0):
 garbage-first heap   total 114688K, used 54827K [0x0000000080000000, 0x0000000100000000)
  region size 1024K, 3 young (3072K), 3 survivors (3072K)
 Metaspace       used 45650K, capacity 46864K, committed 46976K, reserved 1089536K
  class space    used 5799K, capacity 6233K, committed 6272K, reserved 1048576K
}
Event: 12.760 GC heap before
{Heap before GC invocations=30 (full 0):
 garbage-first heap   total 114688K, used 79403K [0x0000000080000000, 0x0000000100000000)
  region size 1024K, 28 young (28672K), 3 survivors (3072K)
 Metaspace       used 47211K, capacity 48530K, committed 48768K, reserved 1091584K
  class space    used 6061K, capacity 6512K, committed 6528K, reserved 1048576K
}
Event: 12.779 GC heap after
{Heap after GC invocations=31 (full 0):
 garbage-first heap   total 114688K, used 55664K [0x0000000080000000, 0x0000000100000000)
  region size 1024K, 3 young (3072K), 3 survivors (3072K)
 Metaspace       used 47211K, capacity 48530K, committed 48768K, reserved 1091584K
  class space    used 6061K, capacity 6512K, committed 6528K, reserved 1048576K
}
Event: 13.561 GC heap before
{Heap before GC invocations=32 (full 0):
 garbage-first heap   total 114688K, used 82288K [0x0000000080000000, 0x0000000100000000)
  region size 1024K, 29 young (29696K), 3 survivors (3072K)
 Metaspace       used 49030K, capacity 50432K, committed 50560K, reserved 1093632K
  class space    used 6285K, capacity 6758K, committed 6784K, reserved 1048576K
}
Event: 13.571 GC heap after
{Heap after GC invocations=33 (full 0):
 garbage-first heap   total 114688K, used 57670K [0x0000000080000000, 0x0000000100000000)
  region size 1024K, 3 young (3072K), 3 survivors (3072K)
 Metaspace       used 49030K, capacity 50432K, committed 50560K, reserved 1093632K
  class space    used 6285K, capacity 6758K, committed 6784K, reserved 1048576K
}
Event: 13.997 GC heap before
{Heap before GC invocations=33 (full 0):
 garbage-first heap   total 114688K, used 73030K [0x0000000080000000, 0x0000000100000000)
  region size 1024K, 20 young (20480K), 3 survivors (3072K)
 Metaspace       used 49649K, capacity 51081K, committed 51200K, reserved 1093632K
  class space    used 6344K, capacity 6818K, committed 6912K, reserved 1048576K
}
Event: 14.005 GC heap after
{Heap after GC invocations=34 (full 0):
 garbage-first heap   total 114688K, used 58273K [0x0000000080000000, 0x0000000100000000)
  region size 1024K, 3 young (3072K), 3 survivors (3072K)
 Metaspace       used 49649K, capacity 51081K, committed 51200K, reserved 1093632K
  class space    used 6344K, capacity 6818K, committed 6912K, reserved 1048576K
}
Event: 14.207 GC heap before
{Heap before GC invocations=35 (full 0):
 garbage-first heap   total 114688K, used 64417K [0x0000000080000000, 0x0000000100000000)
  region size 1024K, 9 young (9216K), 3 survivors (3072K)
 Metaspace       used 49656K, capacity 51081K, committed 51200K, reserved 1093632K
  class space    used 6344K, capacity 6818K, committed 6912K, reserved 1048576K
}
Event: 14.218 GC heap after
{Heap after GC invocations=36 (full 0):
 garbage-first heap   total 153600K, used 64512K [0x0000000080000000, 0x0000000100000000)
  region size 1024K, 4 young (4096K), 4 survivors (4096K)
 Metaspace       used 49656K, capacity 51081K, committed 51200K, reserved 1093632K
  class space    used 6344K, capacity 6818K, committed 6912K, reserved 1048576K
}
Event: 15.878 GC heap before
{Heap before GC invocations=37 (full 0):
 garbage-first heap   total 153600K, used 108544K [0x0000000080000000, 0x0000000100000000)
  region size 1024K, 45 young (46080K), 4 survivors (4096K)
 Metaspace       used 54791K, capacity 56406K, committed 56448K, reserved 1097728K
  class space    used 6999K, capacity 7526K, committed 7552K, reserved 1048576K
}
Event: 15.888 GC heap after
{Heap after GC invocations=38 (full 0):
 garbage-first heap   total 153600K, used 68873K [0x0000000080000000, 0x0000000100000000)
  region size 1024K, 3 young (3072K), 3 survivors (3072K)
 Metaspace       used 54791K, capacity 56406K, committed 56448K, reserved 1097728K
  class space    used 6999K, capacity 7526K, committed 7552K, reserved 1048576K
}
Event: 16.837 GC heap before
{Heap before GC invocations=38 (full 0):
 garbage-first heap   total 153600K, used 109833K [0x0000000080000000, 0x0000000100000000)
  region size 1024K, 44 young (45056K), 3 survivors (3072K)
 Metaspace       used 60876K, capacity 62604K, committed 62976K, reserved 1103872K
  class space    used 7731K, capacity 8331K, committed 8448K, reserved 1048576K
}
Event: 16.848 GC heap after
{Heap after GC invocations=39 (full 0):
 garbage-first heap   total 153600K, used 73046K [0x0000000080000000, 0x0000000100000000)
  region size 1024K, 6 young (6144K), 6 survivors (6144K)
 Metaspace       used 60876K, capacity 62604K, committed 62976K, reserved 1103872K
  class space    used 7731K, capacity 8331K, committed 8448K, reserved 1048576K
}
Event: 17.731 GC heap before
{Heap before GC invocations=39 (full 0):
 garbage-first heap   total 153600K, used 115030K [0x0000000080000000, 0x0000000100000000)
  region size 1024K, 47 young (48128K), 6 survivors (6144K)
 Metaspace       used 64620K, capacity 66289K, committed 66432K, reserved 1107968K
  class space    used 8205K, capacity 8801K, committed 8832K, reserved 1048576K
}
Event: 17.749 GC heap after
{Heap after GC invocations=40 (full 0):
 garbage-first heap   total 153600K, used 74747K [0x0000000080000000, 0x0000000100000000)
  region size 1024K, 3 young (3072K), 3 survivors (3072K)
 Metaspace       used 64620K, capacity 66289K, committed 66432K, reserved 1107968K
  class space    used 8205K, capacity 8801K, committed 8832K, reserved 1048576K
}
Event: 18.290 GC heap before
{Heap before GC invocations=40 (full 0):
 garbage-first heap   total 153600K, used 116731K [0x0000000080000000, 0x0000000100000000)
  region size 1024K, 44 young (45056K), 3 survivors (3072K)
 Metaspace       used 66366K, capacity 68217K, committed 68480K, reserved 1107968K
  class space    used 8454K, capacity 9079K, committed 9088K, reserved 1048576K
}
Event: 18.313 GC heap after
{Heap after GC invocations=41 (full 0):
 garbage-first heap   total 184320K, used 78743K [0x0000000080000000, 0x0000000100000000)
  region size 1024K, 6 young (6144K), 6 survivors (6144K)
 Metaspace       used 66366K, capacity 68217K, committed 68480K, reserved 1107968K
  class space    used 8454K, capacity 9079K, committed 9088K, reserved 1048576K
}

