# JRE version: OpenJDK Runtime Environment (11.0.10) (build 11.0.10+0-b96-7249189)
# Java VM: OpenJDK 64-Bit Server VM (11.0.10+0-b96-7249189, mixed mode, tiered, compressed oops, g1 gc, windows-amd64)
Heap:
 garbage-first heap   total 201728K, used 114619K [0x0000000080000000, 0x0000000100000000)
  region size 1024K, 39 young (39936K), 8 survivors (8192K)
 Metaspace       used 87467K, capacity 89719K, committed 89980K, reserved 1128448K
  class space    used 11169K, capacity 12001K, committed 12032K, reserved 1048576K
GC Heap History (20 events):
Event: 28.638 GC heap before
{Heap before GC invocations=35 (full 0):
 garbage-first heap   total 114688K, used 84677K [0x0000000080000000, 0x0000000100000000)
  region size 1024K, 31 young (31744K), 4 survivors (4096K)
 Metaspace       used 70533K, capacity 72199K, committed 72316K, reserved 1112064K
  class space    used 9128K, capacity 9716K, committed 9728K, reserved 1048576K
}
Event: 28.652 GC heap after
{Heap after GC invocations=36 (full 0):
 garbage-first heap   total 114688K, used 59067K [0x0000000080000000, 0x0000000100000000)
  region size 1024K, 3 young (3072K), 3 survivors (3072K)
 Metaspace       used 70533K, capacity 72199K, committed 72316K, reserved 1112064K
  class space    used 9128K, capacity 9716K, committed 9728K, reserved 1048576K
}
Event: 29.529 GC heap before
{Heap before GC invocations=37 (full 0):
 garbage-first heap   total 114688K, used 86715K [0x0000000080000000, 0x0000000100000000)
  region size 1024K, 30 young (30720K), 3 survivors (3072K)
 Metaspace       used 72903K, capacity 74634K, committed 74748K, reserved 1114112K
  class space    used 9454K, capacity 10073K, committed 10112K, reserved 1048576K
}
Event: 29.538 GC heap after
{Heap after GC invocations=38 (full 0):
 garbage-first heap   total 114688K, used 60475K [0x0000000080000000, 0x0000000100000000)
  region size 1024K, 4 young (4096K), 4 survivors (4096K)
 Metaspace       used 72903K, capacity 74634K, committed 74748K, reserved 1114112K
  class space    used 9454K, capacity 10073K, committed 10112K, reserved 1048576K
}
Event: 31.066 GC heap before
{Heap before GC invocations=38 (full 0):
 garbage-first heap   total 114688K, used 89147K [0x0000000080000000, 0x0000000100000000)
  region size 1024K, 32 young (32768K), 4 survivors (4096K)
 Metaspace       used 76423K, capacity 78231K, committed 78332K, reserved 1118208K
  class space    used 9930K, capacity 10598K, committed 10624K, reserved 1048576K
}
Event: 31.142 GC heap after
{Heap after GC invocations=39 (full 0):
 garbage-first heap   total 138240K, used 62775K [0x0000000080000000, 0x0000000100000000)
  region size 1024K, 4 young (4096K), 4 survivors (4096K)
 Metaspace       used 76423K, capacity 78231K, committed 78332K, reserved 1118208K
  class space    used 9930K, capacity 10598K, committed 10624K, reserved 1048576K
}
Event: 34.078 GC heap before
{Heap before GC invocations=40 (full 0):
 garbage-first heap   total 138240K, used 102711K [0x0000000080000000, 0x0000000100000000)
  region size 1024K, 43 young (44032K), 4 survivors (4096K)
 Metaspace       used 79059K, capacity 80931K, committed 81020K, reserved 1120256K
  class space    used 10287K, capacity 10955K, committed 11008K, reserved 1048576K
}
Event: 34.106 GC heap after
{Heap after GC invocations=41 (full 0):
 garbage-first heap   total 138240K, used 65709K [0x0000000080000000, 0x0000000100000000)
  region size 1024K, 6 young (6144K), 6 survivors (6144K)
 Metaspace       used 79059K, capacity 80931K, committed 81020K, reserved 1120256K
  class space    used 10287K, capacity 10955K, committed 11008K, reserved 1048576K
}
Event: 36.559 GC heap before
{Heap before GC invocations=41 (full 0):
 garbage-first heap   total 138240K, used 104621K [0x0000000080000000, 0x0000000100000000)
  region size 1024K, 45 young (46080K), 6 survivors (6144K)
 Metaspace       used 79742K, capacity 81709K, committed 81916K, reserved 1120256K
  class space    used 10370K, capacity 11079K, committed 11136K, reserved 1048576K
}
Event: 36.596 GC heap after
{Heap after GC invocations=42 (full 0):
 garbage-first heap   total 138240K, used 68708K [0x0000000080000000, 0x0000000100000000)
  region size 1024K, 6 young (6144K), 6 survivors (6144K)
 Metaspace       used 79742K, capacity 81709K, committed 81916K, reserved 1120256K
  class space    used 10370K, capacity 11079K, committed 11136K, reserved 1048576K
}
Event: 38.794 GC heap before
{Heap before GC invocations=42 (full 0):
 garbage-first heap   total 138240K, used 106596K [0x0000000080000000, 0x0000000100000000)
  region size 1024K, 44 young (45056K), 6 survivors (6144K)
 Metaspace       used 80227K, capacity 82235K, committed 82556K, reserved 1120256K
  class space    used 10390K, capacity 11156K, committed 11264K, reserved 1048576K
}
Event: 38.834 GC heap after
{Heap after GC invocations=43 (full 0):
 garbage-first heap   total 138240K, used 71471K [0x0000000080000000, 0x0000000100000000)
  region size 1024K, 6 young (6144K), 6 survivors (6144K)
 Metaspace       used 80227K, capacity 82235K, committed 82556K, reserved 1120256K
  class space    used 10390K, capacity 11156K, committed 11264K, reserved 1048576K
}
Event: 42.464 GC heap before
{Heap before GC invocations=44 (full 0):
 garbage-first heap   total 138240K, used 108335K [0x0000000080000000, 0x0000000100000000)
  region size 1024K, 43 young (44032K), 6 survivors (6144K)
 Metaspace       used 80558K, capacity 82596K, committed 82812K, reserved 1120256K
  class space    used 10436K, capacity 11203K, committed 11264K, reserved 1048576K
}
Event: 42.521 GC heap after
{Heap after GC invocations=45 (full 0):
 garbage-first heap   total 201728K, used 73220K [0x0000000080000000, 0x0000000100000000)
  region size 1024K, 5 young (5120K), 5 survivors (5120K)
 Metaspace       used 80558K, capacity 82596K, committed 82812K, reserved 1120256K
  class space    used 10436K, capacity 11203K, committed 11264K, reserved 1048576K
}
Event: 45.532 GC heap before
{Heap before GC invocations=45 (full 0):
 garbage-first heap   total 201728K, used 143876K [0x0000000080000000, 0x0000000100000000)
  region size 1024K, 75 young (76800K), 5 survivors (5120K)
 Metaspace       used 82400K, capacity 84574K, committed 84860K, reserved 1122304K
  class space    used 10628K, capacity 11435K, committed 11520K, reserved 1048576K
}
Event: 45.556 GC heap after
{Heap after GC invocations=46 (full 0):
 garbage-first heap   total 201728K, used 77023K [0x0000000080000000, 0x0000000100000000)
  region size 1024K, 9 young (9216K), 9 survivors (9216K)
 Metaspace       used 82400K, capacity 84574K, committed 84860K, reserved 1122304K
  class space    used 10628K, capacity 11435K, committed 11520K, reserved 1048576K
}
Event: 47.003 GC heap before
{Heap before GC invocations=46 (full 0):
 garbage-first heap   total 201728K, used 153823K [0x0000000080000000, 0x0000000100000000)
  region size 1024K, 85 young (87040K), 9 survivors (9216K)
 Metaspace       used 84933K, capacity 87096K, committed 87164K, reserved 1124352K
  class space    used 10958K, capacity 11760K, committed 11776K, reserved 1048576K
}
Event: 47.037 GC heap after
{Heap after GC invocations=47 (full 0):
 garbage-first heap   total 201728K, used 79637K [0x0000000080000000, 0x0000000100000000)
  region size 1024K, 9 young (9216K), 9 survivors (9216K)
 Metaspace       used 84933K, capacity 87096K, committed 87164K, reserved 1124352K
  class space    used 10958K, capacity 11760K, committed 11776K, reserved 1048576K
}
Event: 308.592 GC heap before
{Heap before GC invocations=47 (full 0):
 garbage-first heap   total 201728K, used 162581K [0x0000000080000000, 0x0000000100000000)
  region size 1024K, 91 young (93184K), 9 survivors (9216K)
 Metaspace       used 86968K, capacity 89256K, committed 89468K, reserved 1126400K
  class space    used 11162K, capacity 11989K, committed 12032K, reserved 1048576K
}
Event: 309.042 GC heap after
{Heap after GC invocations=48 (full 0):
 garbage-first heap   total 201728K, used 83899K [0x0000000080000000, 0x0000000100000000)
  region size 1024K, 8 young (8192K), 8 survivors (8192K)
 Metaspace       used 86968K, capacity 89256K, committed 89468K, reserved 1126400K
  class space    used 11162K, capacity 11989K, committed 12032K, reserved 1048576K
}

