# JRE version: OpenJDK Runtime Environment (11.0.10) (build 11.0.10+0-b96-7249189)
# Java VM: OpenJDK 64-Bit Server VM (11.0.10+0-b96-7249189, mixed mode, tiered, compressed oops, g1 gc, windows-amd64)
Heap:
 garbage-first heap   total 165888K, used 70058K [0x0000000080000000, 0x0000000100000000)
  region size 1024K, 7 young (7168K), 7 survivors (7168K)
 Metaspace       used 79437K, capacity 81519K, committed 81596K, reserved 1120256K
  class space    used 10375K, capacity 11105K, committed 11136K, reserved 1048576K
GC Heap History (20 events):
Event: 12.256 GC heap after
{Heap after GC invocations=18 (full 0):
 garbage-first heap   total 95232K, used 43685K [0x0000000080000000, 0x0000000100000000)
  region size 1024K, 2 young (2048K), 2 survivors (2048K)
 Metaspace       used 50685K, capacity 51981K, committed 52144K, reserved 1095680K
  class space    used 6455K, capacity 6893K, committed 6912K, reserved 1048576K
}
Event: 13.154 GC heap before
{Heap before GC invocations=18 (full 0):
 garbage-first heap   total 95232K, used 73381K [0x0000000080000000, 0x0000000100000000)
  region size 1024K, 31 young (31744K), 2 survivors (2048K)
 Metaspace       used 55500K, capacity 56914K, committed 57136K, reserved 1099776K
  class space    used 7016K, capacity 7512K, committed 7552K, reserved 1048576K
}
Event: 13.161 GC heap after
{Heap after GC invocations=19 (full 0):
 garbage-first heap   total 114688K, used 44555K [0x0000000080000000, 0x0000000100000000)
  region size 1024K, 3 young (3072K), 3 survivors (3072K)
 Metaspace       used 55500K, capacity 56914K, committed 57136K, reserved 1099776K
  class space    used 7016K, capacity 7512K, committed 7552K, reserved 1048576K
}
Event: 13.614 GC heap before
{Heap before GC invocations=19 (full 0):
 garbage-first heap   total 114688K, used 62987K [0x0000000080000000, 0x0000000100000000)
  region size 1024K, 22 young (22528K), 3 survivors (3072K)
 Metaspace       used 58258K, capacity 59739K, committed 59824K, reserved 1101824K
  class space    used 7377K, capacity 7899K, committed 7936K, reserved 1048576K
}
Event: 13.624 GC heap after
{Heap after GC invocations=20 (full 0):
 garbage-first heap   total 114688K, used 45935K [0x0000000080000000, 0x0000000100000000)
  region size 1024K, 4 young (4096K), 4 survivors (4096K)
 Metaspace       used 58258K, capacity 59739K, committed 59824K, reserved 1101824K
  class space    used 7377K, capacity 7899K, committed 7936K, reserved 1048576K
}
Event: 14.348 GC heap before
{Heap before GC invocations=21 (full 0):
 garbage-first heap   total 114688K, used 81775K [0x0000000080000000, 0x0000000100000000)
  region size 1024K, 40 young (40960K), 4 survivors (4096K)
 Metaspace       used 61758K, capacity 63225K, committed 63548K, reserved 1103872K
  class space    used 7797K, capacity 8350K, committed 8448K, reserved 1048576K
}
Event: 14.365 GC heap after
{Heap after GC invocations=22 (full 0):
 garbage-first heap   total 114688K, used 48694K [0x0000000080000000, 0x0000000100000000)
  region size 1024K, 5 young (5120K), 5 survivors (5120K)
 Metaspace       used 61758K, capacity 63225K, committed 63548K, reserved 1103872K
  class space    used 7797K, capacity 8350K, committed 8448K, reserved 1048576K
}
Event: 14.897 GC heap before
{Heap before GC invocations=23 (full 0):
 garbage-first heap   total 114688K, used 85558K [0x0000000080000000, 0x0000000100000000)
  region size 1024K, 40 young (40960K), 5 survivors (5120K)
 Metaspace       used 63325K, capacity 64892K, committed 65084K, reserved 1105920K
  class space    used 8041K, capacity 8598K, committed 8704K, reserved 1048576K
}
Event: 14.913 GC heap after
{Heap after GC invocations=24 (full 0):
 garbage-first heap   total 114688K, used 52092K [0x0000000080000000, 0x0000000100000000)
  region size 1024K, 4 young (4096K), 4 survivors (4096K)
 Metaspace       used 63325K, capacity 64892K, committed 65084K, reserved 1105920K
  class space    used 8041K, capacity 8598K, committed 8704K, reserved 1048576K
}
Event: 15.535 GC heap before
{Heap before GC invocations=24 (full 0):
 garbage-first heap   total 114688K, used 86908K [0x0000000080000000, 0x0000000100000000)
  region size 1024K, 38 young (38912K), 4 survivors (4096K)
 Metaspace       used 66447K, capacity 68040K, committed 68156K, reserved 1107968K
  class space    used 8552K, capacity 9156K, committed 9216K, reserved 1048576K
}
Event: 15.547 GC heap after
{Heap after GC invocations=25 (full 0):
 garbage-first heap   total 114688K, used 54351K [0x0000000080000000, 0x0000000100000000)
  region size 1024K, 3 young (3072K), 3 survivors (3072K)
 Metaspace       used 66447K, capacity 68040K, committed 68156K, reserved 1107968K
  class space    used 8552K, capacity 9156K, committed 9216K, reserved 1048576K
}
Event: 16.054 GC heap before
{Heap before GC invocations=25 (full 0):
 garbage-first heap   total 114688K, used 89167K [0x0000000080000000, 0x0000000100000000)
  region size 1024K, 37 young (37888K), 3 survivors (3072K)
 Metaspace       used 68560K, capacity 70239K, committed 70460K, reserved 1110016K
  class space    used 8859K, capacity 9434K, committed 9472K, reserved 1048576K
}
Event: 16.067 GC heap after
{Heap after GC invocations=26 (full 0):
 garbage-first heap   total 138240K, used 56385K [0x0000000080000000, 0x0000000100000000)
  region size 1024K, 5 young (5120K), 5 survivors (5120K)
 Metaspace       used 68560K, capacity 70239K, committed 70460K, reserved 1110016K
  class space    used 8859K, capacity 9434K, committed 9472K, reserved 1048576K
}
Event: 16.959 GC heap before
{Heap before GC invocations=27 (full 0):
 garbage-first heap   total 138240K, used 101441K [0x0000000080000000, 0x0000000100000000)
  region size 1024K, 49 young (50176K), 5 survivors (5120K)
 Metaspace       used 70976K, capacity 72669K, committed 73020K, reserved 1112064K
  class space    used 9221K, capacity 9868K, committed 9984K, reserved 1048576K
}
Event: 16.976 GC heap after
{Heap after GC invocations=28 (full 0):
 garbage-first heap   total 138240K, used 59712K [0x0000000080000000, 0x0000000100000000)
  region size 1024K, 6 young (6144K), 6 survivors (6144K)
 Metaspace       used 70976K, capacity 72669K, committed 73020K, reserved 1112064K
  class space    used 9221K, capacity 9868K, committed 9984K, reserved 1048576K
}
Event: 17.987 GC heap before
{Heap before GC invocations=28 (full 0):
 garbage-first heap   total 138240K, used 104768K [0x0000000080000000, 0x0000000100000000)
  region size 1024K, 50 young (51200K), 6 survivors (6144K)
 Metaspace       used 76090K, capacity 77853K, committed 78012K, reserved 1116160K
  class space    used 9908K, capacity 10561K, committed 10624K, reserved 1048576K
}
Event: 18.004 GC heap after
{Heap after GC invocations=29 (full 0):
 garbage-first heap   total 138240K, used 62722K [0x0000000080000000, 0x0000000100000000)
  region size 1024K, 6 young (6144K), 6 survivors (6144K)
 Metaspace       used 76090K, capacity 77853K, committed 78012K, reserved 1116160K
  class space    used 9908K, capacity 10561K, committed 10624K, reserved 1048576K
}
Event: 19.297 GC heap before
{Heap before GC invocations=29 (full 0):
 garbage-first heap   total 138240K, used 106754K [0x0000000080000000, 0x0000000100000000)
  region size 1024K, 50 young (51200K), 6 survivors (6144K)
 Metaspace       used 78919K, capacity 80978K, committed 81084K, reserved 1120256K
  class space    used 10345K, capacity 11089K, committed 11136K, reserved 1048576K
}
Event: 19.326 GC heap after
{Heap after GC invocations=30 (full 0):
 garbage-first heap   total 138240K, used 66436K [0x0000000080000000, 0x0000000100000000)
  region size 1024K, 7 young (7168K), 7 survivors (7168K)
 Metaspace       used 78919K, capacity 80978K, committed 81084K, reserved 1120256K
  class space    used 10345K, capacity 11089K, committed 11136K, reserved 1048576K
}
Event: 21.253 GC heap before
{Heap before GC invocations=30 (full 0):
 garbage-first heap   total 138240K, used 109444K [0x0000000080000000, 0x0000000100000000)
  region size 1024K, 50 young (51200K), 7 survivors (7168K)
 Metaspace       used 79437K, capacity 81519K, committed 81596K, reserved 1120256K
  class space    used 10375K, capacity 11105K, committed 11136K, reserved 1048576K
}

