# JRE version: OpenJDK Runtime Environment (11.0.10) (build 11.0.10+0-b96-7249189)
# Java VM: OpenJDK 64-Bit Server VM (11.0.10+0-b96-7249189, mixed mode, tiered, compressed oops, g1 gc, windows-amd64)
Heap:
 garbage-first heap   total 250880K, used 92219K [0x0000000080000000, 0x0000000100000000)
  region size 1024K, 6 young (6144K), 6 survivors (6144K)
 Metaspace       used 90039K, capacity 92149K, committed 92284K, reserved 1130496K
  class space    used 11489K, capacity 12265K, committed 12288K, reserved 1048576K
GC Heap History (20 events):
Event: 23.523 GC heap after
{Heap after GC invocations=38 (full 0):
 garbage-first heap   total 116736K, used 57313K [0x0000000080000000, 0x0000000100000000)
  region size 1024K, 4 young (4096K), 4 survivors (4096K)
 Metaspace       used 69054K, capacity 70604K, committed 70908K, reserved 1110016K
  class space    used 8935K, capacity 9508K, committed 9600K, reserved 1048576K
}
Event: 24.258 GC heap before
{Heap before GC invocations=39 (full 0):
 garbage-first heap   total 116736K, used 88033K [0x0000000080000000, 0x0000000100000000)
  region size 1024K, 34 young (34816K), 4 survivors (4096K)
 Metaspace       used 71742K, capacity 73425K, committed 73596K, reserved 1114112K
  class space    used 9349K, capacity 9978K, committed 9984K, reserved 1048576K
}
Event: 24.286 GC heap after
{Heap after GC invocations=40 (full 0):
 garbage-first heap   total 141312K, used 58976K [0x0000000080000000, 0x0000000100000000)
  region size 1024K, 4 young (4096K), 4 survivors (4096K)
 Metaspace       used 71742K, capacity 73425K, committed 73596K, reserved 1114112K
  class space    used 9349K, capacity 9978K, committed 9984K, reserved 1048576K
}
Event: 26.350 GC heap before
{Heap before GC invocations=40 (full 0):
 garbage-first heap   total 141312K, used 98912K [0x0000000080000000, 0x0000000100000000)
  region size 1024K, 43 young (44032K), 4 survivors (4096K)
 Metaspace       used 75896K, capacity 77689K, committed 77820K, reserved 1116160K
  class space    used 9879K, capacity 10525K, committed 10624K, reserved 1048576K
}
Event: 26.389 GC heap after
{Heap after GC invocations=41 (full 0):
 garbage-first heap   total 141312K, used 61937K [0x0000000080000000, 0x0000000100000000)
  region size 1024K, 5 young (5120K), 5 survivors (5120K)
 Metaspace       used 75896K, capacity 77689K, committed 77820K, reserved 1116160K
  class space    used 9879K, capacity 10525K, committed 10624K, reserved 1048576K
}
Event: 27.978 GC heap before
{Heap before GC invocations=41 (full 0):
 garbage-first heap   total 141312K, used 102897K [0x0000000080000000, 0x0000000100000000)
  region size 1024K, 45 young (46080K), 5 survivors (5120K)
 Metaspace       used 78554K, capacity 80519K, committed 80764K, reserved 1120256K
  class space    used 10249K, capacity 10929K, committed 11008K, reserved 1048576K
}
Event: 28.007 GC heap after
{Heap after GC invocations=42 (full 0):
 garbage-first heap   total 141312K, used 65318K [0x0000000080000000, 0x0000000100000000)
  region size 1024K, 6 young (6144K), 6 survivors (6144K)
 Metaspace       used 78554K, capacity 80519K, committed 80764K, reserved 1120256K
  class space    used 10249K, capacity 10929K, committed 11008K, reserved 1048576K
}
Event: 28.813 GC heap before
{Heap before GC invocations=42 (full 0):
 garbage-first heap   total 141312K, used 105254K [0x0000000080000000, 0x0000000100000000)
  region size 1024K, 46 young (47104K), 6 survivors (6144K)
 Metaspace       used 79602K, capacity 81724K, committed 82044K, reserved 1120256K
  class space    used 10401K, capacity 11157K, committed 11264K, reserved 1048576K
}
Event: 28.840 GC heap after
{Heap after GC invocations=43 (full 0):
 garbage-first heap   total 141312K, used 69348K [0x0000000080000000, 0x0000000100000000)
  region size 1024K, 4 young (4096K), 4 survivors (4096K)
 Metaspace       used 79602K, capacity 81724K, committed 82044K, reserved 1120256K
  class space    used 10401K, capacity 11157K, committed 11264K, reserved 1048576K
}
Event: 29.746 GC heap before
{Heap before GC invocations=43 (full 0):
 garbage-first heap   total 141312K, used 108260K [0x0000000080000000, 0x0000000100000000)
  region size 1024K, 43 young (44032K), 4 survivors (4096K)
 Metaspace       used 80138K, capacity 82231K, committed 82300K, reserved 1120256K
  class space    used 10421K, capacity 11202K, committed 11264K, reserved 1048576K
}
Event: 29.775 GC heap after
{Heap after GC invocations=44 (full 0):
 garbage-first heap   total 201728K, used 72175K [0x0000000080000000, 0x0000000100000000)
  region size 1024K, 3 young (3072K), 3 survivors (3072K)
 Metaspace       used 80138K, capacity 82231K, committed 82300K, reserved 1120256K
  class space    used 10421K, capacity 11202K, committed 11264K, reserved 1048576K
}
Event: 31.996 GC heap before
{Heap before GC invocations=45 (full 0):
 garbage-first heap   total 201728K, used 136687K [0x0000000080000000, 0x0000000100000000)
  region size 1024K, 65 young (66560K), 3 survivors (3072K)
 Metaspace       used 82213K, capacity 84286K, committed 84604K, reserved 1122304K
  class space    used 10629K, capacity 11396K, committed 11520K, reserved 1048576K
}
Event: 32.045 GC heap after
{Heap after GC invocations=46 (full 0):
 garbage-first heap   total 201728K, used 87040K [0x0000000080000000, 0x0000000100000000)
  region size 1024K, 9 young (9216K), 9 survivors (9216K)
 Metaspace       used 82213K, capacity 84286K, committed 84604K, reserved 1122304K
  class space    used 10629K, capacity 11396K, committed 11520K, reserved 1048576K
}
Event: 33.652 GC heap before
{Heap before GC invocations=46 (full 0):
 garbage-first heap   total 201728K, used 123904K [0x0000000080000000, 0x0000000100000000)
  region size 1024K, 33 young (33792K), 9 survivors (9216K)
 Metaspace       used 84885K, capacity 87028K, committed 87164K, reserved 1124352K
  class space    used 10929K, capacity 11691K, committed 11776K, reserved 1048576K
}
Event: 33.699 GC heap after
{Heap after GC invocations=47 (full 0):
 garbage-first heap   total 201728K, used 99066K [0x0000000080000000, 0x0000000100000000)
  region size 1024K, 8 young (8192K), 8 survivors (8192K)
 Metaspace       used 84885K, capacity 87028K, committed 87164K, reserved 1124352K
  class space    used 10929K, capacity 11691K, committed 11776K, reserved 1048576K
}
Event: 35.555 GC heap before
{Heap before GC invocations=48 (full 0):
 garbage-first heap   total 201728K, used 144122K [0x0000000080000000, 0x0000000100000000)
  region size 1024K, 49 young (50176K), 8 survivors (8192K)
 Metaspace       used 87492K, capacity 89614K, committed 89980K, reserved 1128448K
  class space    used 11172K, capacity 11951K, committed 12032K, reserved 1048576K
}
Event: 35.573 GC heap after
{Heap after GC invocations=49 (full 0):
 garbage-first heap   total 201728K, used 92935K [0x0000000080000000, 0x0000000100000000)
  region size 1024K, 3 young (3072K), 3 survivors (3072K)
 Metaspace       used 87492K, capacity 89614K, committed 89980K, reserved 1128448K
  class space    used 11172K, capacity 11951K, committed 12032K, reserved 1048576K
}
Event: 36.809 GC heap before
{Heap before GC invocations=49 (full 0):
 garbage-first heap   total 201728K, used 141063K [0x0000000080000000, 0x0000000100000000)
  region size 1024K, 51 young (52224K), 3 survivors (3072K)
 Metaspace       used 88592K, capacity 90715K, committed 90876K, reserved 1128448K
  class space    used 11287K, capacity 12068K, committed 12160K, reserved 1048576K
}
Event: 36.831 GC heap after
{Heap after GC invocations=50 (full 0):
 garbage-first heap   total 201728K, used 95593K [0x0000000080000000, 0x0000000100000000)
  region size 1024K, 5 young (5120K), 5 survivors (5120K)
 Metaspace       used 88592K, capacity 90715K, committed 90876K, reserved 1128448K
  class space    used 11287K, capacity 12068K, committed 12160K, reserved 1048576K
}
Event: 37.927 GC heap before
{Heap before GC invocations=51 (full 0):
 garbage-first heap   total 201728K, used 140229K [0x0000000080000000, 0x0000000100000000)
  region size 1024K, 55 young (56320K), 5 survivors (5120K)
 Metaspace       used 90039K, capacity 92149K, committed 92284K, reserved 1130496K
  class space    used 11489K, capacity 12265K, committed 12288K, reserved 1048576K
}

