# JRE version: OpenJDK Runtime Environment (11.0.10) (build 11.0.10+0-b96-7249189)
# Java VM: OpenJDK 64-Bit Server VM (11.0.10+0-b96-7249189, mixed mode, tiered, compressed oops, g1 gc, windows-amd64)
Heap:
 garbage-first heap   total 423936K, used 164864K [0x0000000080000000, 0x0000000100000000)
  region size 1024K, 3 young (3072K), 3 survivors (3072K)
 Metaspace       used 90828K, capacity 93045K, committed 93308K, reserved 1130496K
  class space    used 11896K, capacity 12720K, committed 12800K, reserved 1048576K
GC Heap History (20 events):
Event: 28.134 GC heap after
{Heap after GC invocations=36 (full 0):
 garbage-first heap   total 146432K, used 68024K [0x0000000080000000, 0x0000000100000000)
  region size 1024K, 4 young (4096K), 4 survivors (4096K)
 Metaspace       used 79635K, capacity 81734K, committed 82044K, reserved 1120256K
  class space    used 10399K, capacity 11161K, committed 11264K, reserved 1048576K
}
Event: 29.153 GC heap before
{Heap before GC invocations=36 (full 0):
 garbage-first heap   total 146432K, used 112056K [0x0000000080000000, 0x0000000100000000)
  region size 1024K, 48 young (49152K), 4 survivors (4096K)
 Metaspace       used 80204K, capacity 82400K, committed 82556K, reserved 1120256K
  class space    used 10423K, capacity 11212K, committed 11264K, reserved 1048576K
}
Event: 29.172 GC heap after
{Heap after GC invocations=37 (full 0):
 garbage-first heap   total 146432K, used 71322K [0x0000000080000000, 0x0000000100000000)
  region size 1024K, 3 young (3072K), 3 survivors (3072K)
 Metaspace       used 80204K, capacity 82400K, committed 82556K, reserved 1120256K
  class space    used 10423K, capacity 11212K, committed 11264K, reserved 1048576K
}
Event: 29.970 GC heap before
{Heap before GC invocations=37 (full 0):
 garbage-first heap   total 146432K, used 115354K [0x0000000080000000, 0x0000000100000000)
  region size 1024K, 47 young (48128K), 3 survivors (3072K)
 Metaspace       used 80570K, capacity 82710K, committed 82940K, reserved 1120256K
  class space    used 10472K, capacity 11267K, committed 11392K, reserved 1048576K
}
Event: 29.985 GC heap after
{Heap after GC invocations=38 (full 0):
 garbage-first heap   total 176128K, used 73732K [0x0000000080000000, 0x0000000100000000)
  region size 1024K, 6 young (6144K), 6 survivors (6144K)
 Metaspace       used 80570K, capacity 82710K, committed 82940K, reserved 1120256K
  class space    used 10472K, capacity 11267K, committed 11392K, reserved 1048576K
}
Event: 31.734 GC heap before
{Heap before GC invocations=39 (full 0):
 garbage-first heap   total 176128K, used 125956K [0x0000000080000000, 0x0000000100000000)
  region size 1024K, 58 young (59392K), 6 survivors (6144K)
 Metaspace       used 82101K, capacity 84212K, committed 84604K, reserved 1122304K
  class space    used 10595K, capacity 11381K, committed 11520K, reserved 1048576K
}
Event: 31.775 GC heap after
{Heap after GC invocations=40 (full 0):
 garbage-first heap   total 176128K, used 76479K [0x0000000080000000, 0x0000000100000000)
  region size 1024K, 6 young (6144K), 6 survivors (6144K)
 Metaspace       used 82101K, capacity 84212K, committed 84604K, reserved 1122304K
  class space    used 10595K, capacity 11381K, committed 11520K, reserved 1048576K
}
Event: 32.660 GC heap before
{Heap before GC invocations=40 (full 0):
 garbage-first heap   total 176128K, used 138943K [0x0000000080000000, 0x0000000100000000)
  region size 1024K, 68 young (69632K), 6 survivors (6144K)
 Metaspace       used 84198K, capacity 86347K, committed 86652K, reserved 1124352K
  class space    used 10872K, capacity 11642K, committed 11776K, reserved 1048576K
}
Event: 32.699 GC heap after
{Heap after GC invocations=41 (full 0):
 garbage-first heap   total 176128K, used 78417K [0x0000000080000000, 0x0000000100000000)
  region size 1024K, 5 young (5120K), 5 survivors (5120K)
 Metaspace       used 84198K, capacity 86347K, committed 86652K, reserved 1124352K
  class space    used 10872K, capacity 11642K, committed 11776K, reserved 1048576K
}
Event: 34.101 GC heap before
{Heap before GC invocations=41 (full 0):
 garbage-first heap   total 176128K, used 135761K [0x0000000080000000, 0x0000000100000000)
  region size 1024K, 58 young (59392K), 5 survivors (5120K)
 Metaspace       used 85649K, capacity 87830K, committed 88060K, reserved 1126400K
  class space    used 11017K, capacity 11792K, committed 11904K, reserved 1048576K
}
Event: 34.134 GC heap after
{Heap after GC invocations=42 (full 0):
 garbage-first heap   total 176128K, used 91136K [0x0000000080000000, 0x0000000100000000)
  region size 1024K, 9 young (9216K), 9 survivors (9216K)
 Metaspace       used 85649K, capacity 87830K, committed 88060K, reserved 1126400K
  class space    used 11017K, capacity 11792K, committed 11904K, reserved 1048576K
}
Event: 34.976 GC heap before
{Heap before GC invocations=43 (full 0):
 garbage-first heap   total 176128K, used 101376K [0x0000000080000000, 0x0000000100000000)
  region size 1024K, 20 young (20480K), 9 survivors (9216K)
 Metaspace       used 88145K, capacity 90395K, committed 90492K, reserved 1128448K
  class space    used 11392K, capacity 12202K, committed 12288K, reserved 1048576K
}
Event: 35.019 GC heap after
{Heap after GC invocations=44 (full 0):
 garbage-first heap   total 211968K, used 94248K [0x0000000080000000, 0x0000000100000000)
  region size 1024K, 3 young (3072K), 3 survivors (3072K)
 Metaspace       used 88145K, capacity 90395K, committed 90492K, reserved 1128448K
  class space    used 11392K, capacity 12202K, committed 12288K, reserved 1048576K
}
Event: 36.098 GC heap before
{Heap before GC invocations=45 (full 0):
 garbage-first heap   total 211968K, used 151592K [0x0000000080000000, 0x0000000100000000)
  region size 1024K, 49 young (50176K), 3 survivors (3072K)
 Metaspace       used 88522K, capacity 90708K, committed 91004K, reserved 1128448K
  class space    used 11431K, capacity 12242K, committed 12288K, reserved 1048576K
}
Event: 36.328 GC heap after
{Heap after GC invocations=46 (full 0):
 garbage-first heap   total 211968K, used 118784K [0x0000000080000000, 0x0000000100000000)
  region size 1024K, 10 young (10240K), 10 survivors (10240K)
 Metaspace       used 88522K, capacity 90708K, committed 91004K, reserved 1128448K
  class space    used 11431K, capacity 12242K, committed 12288K, reserved 1048576K
}
Event: 38.060 GC heap before
{Heap before GC invocations=46 (full 0):
 garbage-first heap   total 211968K, used 165888K [0x0000000080000000, 0x0000000100000000)
  region size 1024K, 55 young (56320K), 10 survivors (10240K)
 Metaspace       used 90776K, capacity 92978K, committed 93308K, reserved 1130496K
  class space    used 11896K, capacity 12720K, committed 12800K, reserved 1048576K
}
Event: 38.243 GC heap after
{Heap after GC invocations=47 (full 0):
 garbage-first heap   total 211968K, used 141060K [0x0000000080000000, 0x0000000100000000)
  region size 1024K, 7 young (7168K), 7 survivors (7168K)
 Metaspace       used 90776K, capacity 92978K, committed 93308K, reserved 1130496K
  class space    used 11896K, capacity 12720K, committed 12800K, reserved 1048576K
}
Event: 38.620 GC heap before
{Heap before GC invocations=47 (full 0):
 garbage-first heap   total 211968K, used 167684K [0x0000000080000000, 0x0000000100000000)
  region size 1024K, 33 young (33792K), 7 survivors (7168K)
 Metaspace       used 90826K, capacity 93045K, committed 93308K, reserved 1130496K
  class space    used 11896K, capacity 12720K, committed 12800K, reserved 1048576K
}
Event: 38.787 GC heap after
{Heap after GC invocations=48 (full 0):
 garbage-first heap   total 211968K, used 155136K [0x0000000080000000, 0x0000000100000000)
  region size 1024K, 5 young (5120K), 5 survivors (5120K)
 Metaspace       used 90826K, capacity 93045K, committed 93308K, reserved 1130496K
  class space    used 11896K, capacity 12720K, committed 12800K, reserved 1048576K
}
Event: 39.673 GC heap before
{Heap before GC invocations=49 (full 0):
 garbage-first heap   total 211968K, used 172544K [0x0000000080000000, 0x0000000100000000)
  region size 1024K, 22 young (22528K), 5 survivors (5120K)
 Metaspace       used 90828K, capacity 93045K, committed 93308K, reserved 1130496K
  class space    used 11896K, capacity 12720K, committed 12800K, reserved 1048576K
}

