# JRE version: OpenJDK Runtime Environment (11.0.10) (build 11.0.10+0-b96-7249189)
# Java VM: OpenJDK 64-Bit Server VM (11.0.10+0-b96-7249189, mixed mode, tiered, compressed oops, g1 gc, windows-amd64)
Heap:
 garbage-first heap   total 144384K, used 68760K [0x0000000080000000, 0x0000000100000000)
  region size 1024K, 2 young (2048K), 2 survivors (2048K)
 Metaspace       used 52168K, capacity 53696K, committed 53760K, reserved 1095680K
  class space    used 6658K, capacity 7135K, committed 7168K, reserved 1048576K
GC Heap History (20 events):
Event: 11.927 GC heap after
{Heap after GC invocations=22 (full 0):
 garbage-first heap   total 78848K, used 46582K [0x0000000080000000, 0x0000000100000000)
  region size 1024K, 3 young (3072K), 3 survivors (3072K)
 Metaspace       used 42064K, capacity 43159K, committed 43264K, reserved 1087488K
  class space    used 5404K, capacity 5791K, committed 5888K, reserved 1048576K
}
Event: 12.179 GC heap before
{Heap before GC invocations=23 (full 0):
 garbage-first heap   total 78848K, used 60918K [0x0000000080000000, 0x0000000100000000)
  region size 1024K, 15 young (15360K), 3 survivors (3072K)
 Metaspace       used 42754K, capacity 43975K, committed 44160K, reserved 1087488K
  class space    used 5478K, capacity 5911K, committed 6016K, reserved 1048576K
}
Event: 12.187 GC heap after
{Heap after GC invocations=24 (full 0):
 garbage-first heap   total 95232K, used 51929K [0x0000000080000000, 0x0000000100000000)
  region size 1024K, 2 young (2048K), 2 survivors (2048K)
 Metaspace       used 42754K, capacity 43975K, committed 44160K, reserved 1087488K
  class space    used 5478K, capacity 5911K, committed 6016K, reserved 1048576K
}
Event: 12.189 GC heap before
{Heap before GC invocations=24 (full 0):
 garbage-first heap   total 95232K, used 51929K [0x0000000080000000, 0x0000000100000000)
  region size 1024K, 3 young (3072K), 2 survivors (2048K)
 Metaspace       used 42754K, capacity 43975K, committed 44160K, reserved 1087488K
  class space    used 5478K, capacity 5911K, committed 6016K, reserved 1048576K
}
Event: 12.193 GC heap after
{Heap after GC invocations=25 (full 0):
 garbage-first heap   total 95232K, used 52411K [0x0000000080000000, 0x0000000100000000)
  region size 1024K, 1 young (1024K), 1 survivors (1024K)
 Metaspace       used 42754K, capacity 43975K, committed 44160K, reserved 1087488K
  class space    used 5478K, capacity 5911K, committed 6016K, reserved 1048576K
}
Event: 12.545 GC heap before
{Heap before GC invocations=26 (full 0):
 garbage-first heap   total 95232K, used 66747K [0x0000000080000000, 0x0000000100000000)
  region size 1024K, 14 young (14336K), 1 survivors (1024K)
 Metaspace       used 44388K, capacity 45670K, committed 45824K, reserved 1089536K
  class space    used 5586K, capacity 6049K, committed 6144K, reserved 1048576K
}
Event: 12.551 GC heap after
{Heap after GC invocations=27 (full 0):
 garbage-first heap   total 95232K, used 53045K [0x0000000080000000, 0x0000000100000000)
  region size 1024K, 2 young (2048K), 2 survivors (2048K)
 Metaspace       used 44388K, capacity 45670K, committed 45824K, reserved 1089536K
  class space    used 5586K, capacity 6049K, committed 6144K, reserved 1048576K
}
Event: 12.732 GC heap before
{Heap before GC invocations=27 (full 0):
 garbage-first heap   total 95232K, used 67381K [0x0000000080000000, 0x0000000100000000)
  region size 1024K, 16 young (16384K), 2 survivors (2048K)
 Metaspace       used 44606K, capacity 45844K, committed 46080K, reserved 1089536K
  class space    used 5623K, capacity 6085K, committed 6144K, reserved 1048576K
}
Event: 12.742 GC heap after
{Heap after GC invocations=28 (full 0):
 garbage-first heap   total 95232K, used 54275K [0x0000000080000000, 0x0000000100000000)
  region size 1024K, 2 young (2048K), 2 survivors (2048K)
 Metaspace       used 44606K, capacity 45844K, committed 46080K, reserved 1089536K
  class space    used 5623K, capacity 6085K, committed 6144K, reserved 1048576K
}
Event: 13.328 GC heap before
{Heap before GC invocations=29 (full 0):
 garbage-first heap   total 95232K, used 69635K [0x0000000080000000, 0x0000000100000000)
  region size 1024K, 17 young (17408K), 2 survivors (2048K)
 Metaspace       used 45696K, capacity 46928K, committed 46976K, reserved 1089536K
  class space    used 5801K, capacity 6233K, committed 6272K, reserved 1048576K
}
Event: 13.334 GC heap after
{Heap after GC invocations=30 (full 0):
 garbage-first heap   total 95232K, used 55579K [0x0000000080000000, 0x0000000100000000)
  region size 1024K, 3 young (3072K), 3 survivors (3072K)
 Metaspace       used 45696K, capacity 46928K, committed 46976K, reserved 1089536K
  class space    used 5801K, capacity 6233K, committed 6272K, reserved 1048576K
}
Event: 13.572 GC heap before
{Heap before GC invocations=30 (full 0):
 garbage-first heap   total 95232K, used 70939K [0x0000000080000000, 0x0000000100000000)
  region size 1024K, 18 young (18432K), 3 survivors (3072K)
 Metaspace       used 46636K, capacity 48011K, committed 48256K, reserved 1091584K
  class space    used 5949K, capacity 6404K, committed 6528K, reserved 1048576K
}
Event: 13.580 GC heap after
{Heap after GC invocations=31 (full 0):
 garbage-first heap   total 114688K, used 56117K [0x0000000080000000, 0x0000000100000000)
  region size 1024K, 2 young (2048K), 2 survivors (2048K)
 Metaspace       used 46636K, capacity 48011K, committed 48256K, reserved 1091584K
  class space    used 5949K, capacity 6404K, committed 6528K, reserved 1048576K
}
Event: 14.038 GC heap before
{Heap before GC invocations=32 (full 0):
 garbage-first heap   total 114688K, used 80693K [0x0000000080000000, 0x0000000100000000)
  region size 1024K, 27 young (27648K), 2 survivors (2048K)
 Metaspace       used 48409K, capacity 49852K, committed 50048K, reserved 1093632K
  class space    used 6230K, capacity 6675K, committed 6784K, reserved 1048576K
}
Event: 14.044 GC heap after
{Heap after GC invocations=33 (full 0):
 garbage-first heap   total 114688K, used 56904K [0x0000000080000000, 0x0000000100000000)
  region size 1024K, 3 young (3072K), 3 survivors (3072K)
 Metaspace       used 48409K, capacity 49852K, committed 50048K, reserved 1093632K
  class space    used 6230K, capacity 6675K, committed 6784K, reserved 1048576K
}
Event: 15.152 GC heap before
{Heap before GC invocations=33 (full 0):
 garbage-first heap   total 114688K, used 82504K [0x0000000080000000, 0x0000000100000000)
  region size 1024K, 29 young (29696K), 3 survivors (3072K)
 Metaspace       used 49632K, capacity 51148K, committed 51456K, reserved 1093632K
  class space    used 6342K, capacity 6820K, committed 6912K, reserved 1048576K
}
Event: 15.168 GC heap after
{Heap after GC invocations=34 (full 0):
 garbage-first heap   total 114688K, used 58811K [0x0000000080000000, 0x0000000100000000)
  region size 1024K, 4 young (4096K), 4 survivors (4096K)
 Metaspace       used 49632K, capacity 51148K, committed 51456K, reserved 1093632K
  class space    used 6342K, capacity 6820K, committed 6912K, reserved 1048576K
}
Event: 15.369 GC heap before
{Heap before GC invocations=35 (full 0):
 garbage-first heap   total 114688K, used 65979K [0x0000000080000000, 0x0000000100000000)
  region size 1024K, 11 young (11264K), 4 survivors (4096K)
 Metaspace       used 49639K, capacity 51148K, committed 51456K, reserved 1093632K
  class space    used 6342K, capacity 6820K, committed 6912K, reserved 1048576K
}
Event: 15.380 GC heap after
{Heap after GC invocations=36 (full 0):
 garbage-first heap   total 114688K, used 64892K [0x0000000080000000, 0x0000000100000000)
  region size 1024K, 4 young (4096K), 4 survivors (4096K)
 Metaspace       used 49639K, capacity 51148K, committed 51456K, reserved 1093632K
  class space    used 6342K, capacity 6820K, committed 6912K, reserved 1048576K
}
Event: 15.968 GC heap before
{Heap before GC invocations=37 (full 0):
 garbage-first heap   total 114688K, used 90492K [0x0000000080000000, 0x0000000100000000)
  region size 1024K, 27 young (27648K), 4 survivors (4096K)
 Metaspace       used 52168K, capacity 53696K, committed 53760K, reserved 1095680K
  class space    used 6658K, capacity 7135K, committed 7168K, reserved 1048576K
}

