# JRE version: OpenJDK Runtime Environment (11.0.10) (build 11.0.10+0-b96-7249189)
# Java VM: OpenJDK 64-Bit Server VM (11.0.10+0-b96-7249189, mixed mode, tiered, compressed oops, g1 gc, windows-amd64)
Heap:
 garbage-first heap   total 168960K, used 111817K [0x0000000080000000, 0x0000000100000000)
  region size 1024K, 32 young (32768K), 5 survivors (5120K)
 Metaspace       used 99854K, capacity 102670K, committed 102908K, reserved 1138688K
  class space    used 13121K, capacity 14208K, committed 14208K, reserved 1048576K
GC Heap History (20 events):
Event: 39.257 GC heap before
{Heap before GC invocations=45 (full 0):
 garbage-first heap   total 114688K, used 88080K [0x0000000080000000, 0x0000000100000000)
  region size 1024K, 31 young (31744K), 4 survivors (4096K)
 Metaspace       used 76037K, capacity 77861K, committed 78076K, reserved 1116160K
  class space    used 9897K, capacity 10560K, committed 10624K, reserved 1048576K
}
Event: 39.278 GC heap after
{Heap after GC invocations=46 (full 0):
 garbage-first heap   total 114688K, used 62116K [0x0000000080000000, 0x0000000100000000)
  region size 1024K, 4 young (4096K), 4 survivors (4096K)
 Metaspace       used 76037K, capacity 77861K, committed 78076K, reserved 1116160K
  class space    used 9897K, capacity 10560K, committed 10624K, reserved 1048576K
}
Event: 40.747 GC heap before
{Heap before GC invocations=47 (full 0):
 garbage-first heap   total 114688K, used 89764K [0x0000000080000000, 0x0000000100000000)
  region size 1024K, 31 young (31744K), 4 survivors (4096K)
 Metaspace       used 78028K, capacity 80016K, committed 80252K, reserved 1118208K
  class space    used 10243K, capacity 10970K, committed 11008K, reserved 1048576K
}
Event: 40.785 GC heap after
{Heap after GC invocations=48 (full 0):
 garbage-first heap   total 140288K, used 64268K [0x0000000080000000, 0x0000000100000000)
  region size 1024K, 4 young (4096K), 4 survivors (4096K)
 Metaspace       used 78028K, capacity 80016K, committed 80252K, reserved 1118208K
  class space    used 10243K, capacity 10970K, committed 11008K, reserved 1048576K
}
Event: 42.627 GC heap before
{Heap before GC invocations=48 (full 0):
 garbage-first heap   total 140288K, used 101132K [0x0000000080000000, 0x0000000100000000)
  region size 1024K, 41 young (41984K), 4 survivors (4096K)
 Metaspace       used 79092K, capacity 81137K, committed 81404K, reserved 1120256K
  class space    used 10344K, capacity 11072K, committed 11136K, reserved 1048576K
}
Event: 42.650 GC heap after
{Heap after GC invocations=49 (full 0):
 garbage-first heap   total 140288K, used 67225K [0x0000000080000000, 0x0000000100000000)
  region size 1024K, 5 young (5120K), 5 survivors (5120K)
 Metaspace       used 79092K, capacity 81137K, committed 81404K, reserved 1120256K
  class space    used 10344K, capacity 11072K, committed 11136K, reserved 1048576K
}
Event: 44.576 GC heap before
{Heap before GC invocations=49 (full 0):
 garbage-first heap   total 140288K, used 104089K [0x0000000080000000, 0x0000000100000000)
  region size 1024K, 42 young (43008K), 5 survivors (5120K)
 Metaspace       used 79610K, capacity 81695K, committed 81916K, reserved 1120256K
  class space    used 10373K, capacity 11088K, committed 11136K, reserved 1048576K
}
Event: 44.604 GC heap after
{Heap after GC invocations=50 (full 0):
 garbage-first heap   total 140288K, used 69584K [0x0000000080000000, 0x0000000100000000)
  region size 1024K, 6 young (6144K), 6 survivors (6144K)
 Metaspace       used 79610K, capacity 81695K, committed 81916K, reserved 1120256K
  class space    used 10373K, capacity 11088K, committed 11136K, reserved 1048576K
}
Event: 47.390 GC heap before
{Heap before GC invocations=50 (full 0):
 garbage-first heap   total 140288K, used 106448K [0x0000000080000000, 0x0000000100000000)
  region size 1024K, 43 young (44032K), 6 survivors (6144K)
 Metaspace       used 79906K, capacity 81937K, committed 82044K, reserved 1120256K
  class space    used 10402K, capacity 11161K, committed 11264K, reserved 1048576K
}
Event: 47.421 GC heap after
{Heap after GC invocations=51 (full 0):
 garbage-first heap   total 140288K, used 72183K [0x0000000080000000, 0x0000000100000000)
  region size 1024K, 5 young (5120K), 5 survivors (5120K)
 Metaspace       used 79906K, capacity 81937K, committed 82044K, reserved 1120256K
  class space    used 10402K, capacity 11161K, committed 11264K, reserved 1048576K
}
Event: 49.923 GC heap before
{Heap before GC invocations=52 (full 0):
 garbage-first heap   total 140288K, used 110071K [0x0000000080000000, 0x0000000100000000)
  region size 1024K, 43 young (44032K), 5 survivors (5120K)
 Metaspace       used 81229K, capacity 83337K, committed 83708K, reserved 1122304K
  class space    used 10522K, capacity 11271K, committed 11392K, reserved 1048576K
}
Event: 49.962 GC heap after
{Heap after GC invocations=53 (full 0):
 garbage-first heap   total 168960K, used 74623K [0x0000000080000000, 0x0000000100000000)
  region size 1024K, 5 young (5120K), 5 survivors (5120K)
 Metaspace       used 81229K, capacity 83337K, committed 83708K, reserved 1122304K
  class space    used 10522K, capacity 11271K, committed 11392K, reserved 1048576K
}
Event: 53.758 GC heap before
{Heap before GC invocations=53 (full 0):
 garbage-first heap   total 168960K, used 122751K [0x0000000080000000, 0x0000000100000000)
  region size 1024K, 51 young (52224K), 5 survivors (5120K)
 Metaspace       used 87754K, capacity 89920K, committed 90236K, reserved 1128448K
  class space    used 11355K, capacity 12166K, committed 12288K, reserved 1048576K
}
Event: 53.798 GC heap after
{Heap after GC invocations=54 (full 0):
 garbage-first heap   total 168960K, used 83639K [0x0000000080000000, 0x0000000100000000)
  region size 1024K, 7 young (7168K), 7 survivors (7168K)
 Metaspace       used 87754K, capacity 89920K, committed 90236K, reserved 1128448K
  class space    used 11355K, capacity 12166K, committed 12288K, reserved 1048576K
}
Event: 56.276 GC heap before
{Heap before GC invocations=54 (full 0):
 garbage-first heap   total 168960K, used 129719K [0x0000000080000000, 0x0000000100000000)
  region size 1024K, 52 young (53248K), 7 survivors (7168K)
 Metaspace       used 89838K, capacity 92048K, committed 92156K, reserved 1128448K
  class space    used 11565K, capacity 12374K, committed 12416K, reserved 1048576K
}
Event: 56.334 GC heap after
{Heap after GC invocations=55 (full 0):
 garbage-first heap   total 168960K, used 85507K [0x0000000080000000, 0x0000000100000000)
  region size 1024K, 3 young (3072K), 3 survivors (3072K)
 Metaspace       used 89838K, capacity 92048K, committed 92156K, reserved 1128448K
  class space    used 11565K, capacity 12374K, committed 12416K, reserved 1048576K
}
Event: 57.979 GC heap before
{Heap before GC invocations=56 (full 0):
 garbage-first heap   total 168960K, used 130563K [0x0000000080000000, 0x0000000100000000)
  region size 1024K, 48 young (49152K), 3 survivors (3072K)
 Metaspace       used 89869K, capacity 92130K, committed 92412K, reserved 1130496K
  class space    used 11557K, capacity 12357K, committed 12416K, reserved 1048576K
}
Event: 57.993 GC heap after
{Heap after GC invocations=57 (full 0):
 garbage-first heap   total 168960K, used 86209K [0x0000000080000000, 0x0000000100000000)
  region size 1024K, 3 young (3072K), 3 survivors (3072K)
 Metaspace       used 89869K, capacity 92130K, committed 92412K, reserved 1130496K
  class space    used 11557K, capacity 12357K, committed 12416K, reserved 1048576K
}
Event: 60.267 GC heap before
{Heap before GC invocations=57 (full 0):
 garbage-first heap   total 168960K, used 133313K [0x0000000080000000, 0x0000000100000000)
  region size 1024K, 50 young (51200K), 3 survivors (3072K)
 Metaspace       used 96460K, capacity 98994K, committed 99196K, reserved 1134592K
  class space    used 12585K, capacity 13561K, committed 13568K, reserved 1048576K
}
Event: 60.288 GC heap after
{Heap after GC invocations=58 (full 0):
 garbage-first heap   total 168960K, used 88265K [0x0000000080000000, 0x0000000100000000)
  region size 1024K, 5 young (5120K), 5 survivors (5120K)
 Metaspace       used 96460K, capacity 98994K, committed 99196K, reserved 1134592K
  class space    used 12585K, capacity 13561K, committed 13568K, reserved 1048576K
}

