# JRE version: OpenJDK Runtime Environment (11.0.10) (build 11.0.10+0-b96-7249189)
# Java VM: OpenJDK 64-Bit Server VM (11.0.10+0-b96-7249189, mixed mode, tiered, compressed oops, g1 gc, windows-amd64)
Heap:
 garbage-first heap   total 78848K, used 52757K [0x0000000080000000, 0x0000000100000000)
  region size 1024K, 1 young (1024K), 1 survivors (1024K)
 Metaspace       used 42665K, capacity 43901K, committed 44160K, reserved 1087488K
  class space    used 5473K, capacity 5910K, committed 6016K, reserved 1048576K
GC Heap History (20 events):
Event: 21.249 GC heap after
{Heap after GC invocations=14 (full 0):
 garbage-first heap   total 65536K, used 37495K [0x0000000080000000, 0x0000000100000000)
  region size 1024K, 3 young (3072K), 3 survivors (3072K)
 Metaspace       used 37664K, capacity 38690K, committed 38784K, reserved 1083392K
  class space    used 4863K, capacity 5206K, committed 5248K, reserved 1048576K
}
Event: 21.476 GC heap before
{Heap before GC invocations=15 (full 0):
 garbage-first heap   total 65536K, used 51831K [0x0000000080000000, 0x0000000100000000)
  region size 1024K, 17 young (17408K), 3 survivors (3072K)
 Metaspace       used 37691K, capacity 38693K, committed 38784K, reserved 1083392K
  class space    used 4863K, capacity 5206K, committed 5248K, reserved 1048576K
}
Event: 21.484 GC heap after
{Heap after GC invocations=16 (full 0):
 garbage-first heap   total 65536K, used 38642K [0x0000000080000000, 0x0000000100000000)
  region size 1024K, 2 young (2048K), 2 survivors (2048K)
 Metaspace       used 37691K, capacity 38693K, committed 38784K, reserved 1083392K
  class space    used 4863K, capacity 5206K, committed 5248K, reserved 1048576K
}
Event: 21.815 GC heap before
{Heap before GC invocations=16 (full 0):
 garbage-first heap   total 65536K, used 46834K [0x0000000080000000, 0x0000000100000000)
  region size 1024K, 12 young (12288K), 2 survivors (2048K)
 Metaspace       used 38104K, capacity 39108K, committed 39424K, reserved 1083392K
  class space    used 4914K, capacity 5256K, committed 5376K, reserved 1048576K
}
Event: 21.821 GC heap after
{Heap after GC invocations=17 (full 0):
 garbage-first heap   total 65536K, used 40053K [0x0000000080000000, 0x0000000100000000)
  region size 1024K, 2 young (2048K), 2 survivors (2048K)
 Metaspace       used 38104K, capacity 39108K, committed 39424K, reserved 1083392K
  class space    used 4914K, capacity 5256K, committed 5376K, reserved 1048576K
}
Event: 22.601 GC heap before
{Heap before GC invocations=18 (full 0):
 garbage-first heap   total 65536K, used 55413K [0x0000000080000000, 0x0000000100000000)
  region size 1024K, 14 young (14336K), 2 survivors (2048K)
 Metaspace       used 39932K, capacity 40918K, committed 41088K, reserved 1085440K
  class space    used 5079K, capacity 5432K, committed 5504K, reserved 1048576K
}
Event: 22.605 GC heap after
{Heap after GC invocations=19 (full 0):
 garbage-first heap   total 65536K, used 40165K [0x0000000080000000, 0x0000000100000000)
  region size 1024K, 1 young (1024K), 1 survivors (1024K)
 Metaspace       used 39932K, capacity 40918K, committed 41088K, reserved 1085440K
  class space    used 5079K, capacity 5432K, committed 5504K, reserved 1048576K
}
Event: 22.982 GC heap before
{Heap before GC invocations=19 (full 0):
 garbage-first heap   total 65536K, used 52453K [0x0000000080000000, 0x0000000100000000)
  region size 1024K, 13 young (13312K), 1 survivors (1024K)
 Metaspace       used 41072K, capacity 42125K, committed 42368K, reserved 1085440K
  class space    used 5258K, capacity 5646K, committed 5760K, reserved 1048576K
}
Event: 22.987 GC heap after
{Heap after GC invocations=20 (full 0):
 garbage-first heap   total 65536K, used 40443K [0x0000000080000000, 0x0000000100000000)
  region size 1024K, 1 young (1024K), 1 survivors (1024K)
 Metaspace       used 41072K, capacity 42125K, committed 42368K, reserved 1085440K
  class space    used 5258K, capacity 5646K, committed 5760K, reserved 1048576K
}
Event: 23.387 GC heap before
{Heap before GC invocations=21 (full 0):
 garbage-first heap   total 65536K, used 51707K [0x0000000080000000, 0x0000000100000000)
  region size 1024K, 13 young (13312K), 1 survivors (1024K)
 Metaspace       used 41960K, capacity 43067K, committed 43264K, reserved 1087488K
  class space    used 5392K, capacity 5811K, committed 5888K, reserved 1048576K
}
Event: 23.391 GC heap after
{Heap after GC invocations=22 (full 0):
 garbage-first heap   total 65536K, used 41034K [0x0000000080000000, 0x0000000100000000)
  region size 1024K, 2 young (2048K), 2 survivors (2048K)
 Metaspace       used 41960K, capacity 43067K, committed 43264K, reserved 1087488K
  class space    used 5392K, capacity 5811K, committed 5888K, reserved 1048576K
}
Event: 23.396 GC heap before
{Heap before GC invocations=22 (full 0):
 garbage-first heap   total 65536K, used 41034K [0x0000000080000000, 0x0000000100000000)
  region size 1024K, 3 young (3072K), 2 survivors (2048K)
 Metaspace       used 41962K, capacity 43067K, committed 43264K, reserved 1087488K
  class space    used 5392K, capacity 5811K, committed 5888K, reserved 1048576K
}
Event: 23.400 GC heap after
{Heap after GC invocations=23 (full 0):
 garbage-first heap   total 65536K, used 41061K [0x0000000080000000, 0x0000000100000000)
  region size 1024K, 1 young (1024K), 1 survivors (1024K)
 Metaspace       used 41962K, capacity 43067K, committed 43264K, reserved 1087488K
  class space    used 5392K, capacity 5811K, committed 5888K, reserved 1048576K
}
Event: 23.795 GC heap before
{Heap before GC invocations=24 (full 0):
 garbage-first heap   total 65536K, used 50277K [0x0000000080000000, 0x0000000100000000)
  region size 1024K, 7 young (7168K), 1 survivors (1024K)
 Metaspace       used 42202K, capacity 43342K, committed 43520K, reserved 1087488K
  class space    used 5410K, capacity 5854K, committed 5888K, reserved 1048576K
}
Event: 23.801 GC heap after
{Heap after GC invocations=25 (full 0):
 garbage-first heap   total 65536K, used 47602K [0x0000000080000000, 0x0000000100000000)
  region size 1024K, 2 young (2048K), 2 survivors (2048K)
 Metaspace       used 42202K, capacity 43342K, committed 43520K, reserved 1087488K
  class space    used 5410K, capacity 5854K, committed 5888K, reserved 1048576K
}
Event: 24.153 GC heap before
{Heap before GC invocations=26 (full 0):
 garbage-first heap   total 65536K, used 55794K [0x0000000080000000, 0x0000000100000000)
  region size 1024K, 7 young (7168K), 2 survivors (2048K)
 Metaspace       used 42452K, capacity 43733K, committed 43776K, reserved 1087488K
  class space    used 5446K, capacity 5874K, committed 5888K, reserved 1048576K
}
Event: 24.159 GC heap after
{Heap after GC invocations=27 (full 0):
 garbage-first heap   total 65536K, used 52447K [0x0000000080000000, 0x0000000100000000)
  region size 1024K, 1 young (1024K), 1 survivors (1024K)
 Metaspace       used 42452K, capacity 43733K, committed 43776K, reserved 1087488K
  class space    used 5446K, capacity 5874K, committed 5888K, reserved 1048576K
}
Event: 24.259 GC heap before
{Heap before GC invocations=27 (full 0):
 garbage-first heap   total 65536K, used 55519K [0x0000000080000000, 0x0000000100000000)
  region size 1024K, 4 young (4096K), 1 survivors (1024K)
 Metaspace       used 42557K, capacity 43837K, committed 44160K, reserved 1087488K
  class space    used 5462K, capacity 5910K, committed 6016K, reserved 1048576K
}
Event: 24.265 GC heap after
{Heap after GC invocations=28 (full 0):
 garbage-first heap   total 65536K, used 52773K [0x0000000080000000, 0x0000000100000000)
  region size 1024K, 1 young (1024K), 1 survivors (1024K)
 Metaspace       used 42557K, capacity 43837K, committed 44160K, reserved 1087488K
  class space    used 5462K, capacity 5910K, committed 6016K, reserved 1048576K
}
Event: 24.325 GC heap before
{Heap before GC invocations=28 (full 0):
 garbage-first heap   total 65536K, used 54821K [0x0000000080000000, 0x0000000100000000)
  region size 1024K, 3 young (3072K), 1 survivors (1024K)
 Metaspace       used 42665K, capacity 43901K, committed 44160K, reserved 1087488K
  class space    used 5473K, capacity 5910K, committed 6016K, reserved 1048576K
}

