# JRE version: OpenJDK Runtime Environment (11.0.10) (build 11.0.10+0-b96-7249189)
# Java VM: OpenJDK 64-Bit Server VM (11.0.10+0-b96-7249189, mixed mode, tiered, compressed oops, g1 gc, windows-amd64)
Heap:
 garbage-first heap   total 159744K, used 55516K [0x0000000080000000, 0x0000000100000000)
  region size 1024K, 6 young (6144K), 6 survivors (6144K)
 Metaspace       used 68492K, capacity 70106K, committed 70380K, reserved 1110016K
  class space    used 8854K, capacity 9432K, committed 9548K, reserved 1048576K
GC Heap History (20 events):
Event: 6.337 GC heap after
{Heap after GC invocations=9 (full 0):
 garbage-first heap   total 92160K, used 19124K [0x0000000080000000, 0x0000000100000000)
  region size 1024K, 3 young (3072K), 3 survivors (3072K)
 Metaspace       used 27966K, capacity 28629K, committed 28800K, reserved 1075200K
  class space    used 3709K, capacity 3931K, committed 3968K, reserved 1048576K
}
Event: 7.777 GC heap before
{Heap before GC invocations=9 (full 0):
 garbage-first heap   total 92160K, used 51892K [0x0000000080000000, 0x0000000100000000)
  region size 1024K, 37 young (37888K), 3 survivors (3072K)
 Metaspace       used 35064K, capacity 35830K, committed 35840K, reserved 1081344K
  class space    used 4539K, capacity 4864K, committed 4864K, reserved 1048576K
}
Event: 7.792 GC heap after
{Heap after GC invocations=10 (full 0):
 garbage-first heap   total 92160K, used 21758K [0x0000000080000000, 0x0000000100000000)
  region size 1024K, 6 young (6144K), 6 survivors (6144K)
 Metaspace       used 35064K, capacity 35830K, committed 35840K, reserved 1081344K
  class space    used 4539K, capacity 4864K, committed 4864K, reserved 1048576K
}
Event: 8.441 GC heap before
{Heap before GC invocations=11 (full 0):
 garbage-first heap   total 92160K, used 62718K [0x0000000080000000, 0x0000000100000000)
  region size 1024K, 44 young (45056K), 6 survivors (6144K)
 Metaspace       used 38213K, capacity 39191K, committed 39372K, reserved 1083392K
  class space    used 4879K, capacity 5211K, committed 5324K, reserved 1048576K
}
Event: 8.463 GC heap after
{Heap after GC invocations=12 (full 0):
 garbage-first heap   total 110592K, used 25515K [0x0000000080000000, 0x0000000100000000)
  region size 1024K, 6 young (6144K), 6 survivors (6144K)
 Metaspace       used 38213K, capacity 39191K, committed 39372K, reserved 1083392K
  class space    used 4879K, capacity 5211K, committed 5324K, reserved 1048576K
}
Event: 9.453 GC heap before
{Heap before GC invocations=13 (full 0):
 garbage-first heap   total 110592K, used 69547K [0x0000000080000000, 0x0000000100000000)
  region size 1024K, 49 young (50176K), 6 survivors (6144K)
 Metaspace       used 41406K, capacity 42353K, committed 42700K, reserved 1085440K
  class space    used 5352K, capacity 5705K, committed 5836K, reserved 1048576K
}
Event: 9.469 GC heap after
{Heap after GC invocations=14 (full 0):
 garbage-first heap   total 110592K, used 27405K [0x0000000080000000, 0x0000000100000000)
  region size 1024K, 5 young (5120K), 5 survivors (5120K)
 Metaspace       used 41406K, capacity 42353K, committed 42700K, reserved 1085440K
  class space    used 5352K, capacity 5705K, committed 5836K, reserved 1048576K
}
Event: 10.440 GC heap before
{Heap before GC invocations=14 (full 0):
 garbage-first heap   total 110592K, used 73485K [0x0000000080000000, 0x0000000100000000)
  region size 1024K, 50 young (51200K), 5 survivors (5120K)
 Metaspace       used 45570K, capacity 46652K, committed 46796K, reserved 1089536K
  class space    used 5854K, capacity 6266K, committed 6348K, reserved 1048576K
}
Event: 10.456 GC heap after
{Heap after GC invocations=15 (full 0):
 garbage-first heap   total 110592K, used 29798K [0x0000000080000000, 0x0000000100000000)
  region size 1024K, 5 young (5120K), 5 survivors (5120K)
 Metaspace       used 45570K, capacity 46652K, committed 46796K, reserved 1089536K
  class space    used 5854K, capacity 6266K, committed 6348K, reserved 1048576K
}
Event: 12.013 GC heap before
{Heap before GC invocations=15 (full 0):
 garbage-first heap   total 110592K, used 79974K [0x0000000080000000, 0x0000000100000000)
  region size 1024K, 51 young (52224K), 5 survivors (5120K)
 Metaspace       used 47664K, capacity 48876K, committed 49100K, reserved 1091584K
  class space    used 6080K, capacity 6516K, committed 6604K, reserved 1048576K
}
Event: 12.040 GC heap after
{Heap after GC invocations=16 (full 0):
 garbage-first heap   total 110592K, used 42255K [0x0000000080000000, 0x0000000100000000)
  region size 1024K, 7 young (7168K), 7 survivors (7168K)
 Metaspace       used 47664K, capacity 48876K, committed 49100K, reserved 1091584K
  class space    used 6080K, capacity 6516K, committed 6604K, reserved 1048576K
}
Event: 13.246 GC heap before
{Heap before GC invocations=16 (full 0):
 garbage-first heap   total 110592K, used 82191K [0x0000000080000000, 0x0000000100000000)
  region size 1024K, 46 young (47104K), 7 survivors (7168K)
 Metaspace       used 52989K, capacity 54344K, committed 54604K, reserved 1097728K
  class space    used 6760K, capacity 7233K, committed 7244K, reserved 1048576K
}
Event: 13.267 GC heap after
{Heap after GC invocations=17 (full 0):
 garbage-first heap   total 133120K, used 44240K [0x0000000080000000, 0x0000000100000000)
  region size 1024K, 2 young (2048K), 2 survivors (2048K)
 Metaspace       used 52989K, capacity 54344K, committed 54604K, reserved 1097728K
  class space    used 6760K, capacity 7233K, committed 7244K, reserved 1048576K
}
Event: 14.420 GC heap before
{Heap before GC invocations=17 (full 0):
 garbage-first heap   total 133120K, used 91344K [0x0000000080000000, 0x0000000100000000)
  region size 1024K, 49 young (50176K), 2 survivors (2048K)
 Metaspace       used 59585K, capacity 61002K, committed 61132K, reserved 1101824K
  class space    used 7533K, capacity 8061K, committed 8140K, reserved 1048576K
}
Event: 14.431 GC heap after
{Heap after GC invocations=18 (full 0):
 garbage-first heap   total 133120K, used 47504K [0x0000000080000000, 0x0000000100000000)
  region size 1024K, 5 young (5120K), 5 survivors (5120K)
 Metaspace       used 59585K, capacity 61002K, committed 61132K, reserved 1101824K
  class space    used 7533K, capacity 8061K, committed 8140K, reserved 1048576K
}
Event: 15.330 GC heap before
{Heap before GC invocations=18 (full 0):
 garbage-first heap   total 133120K, used 96656K [0x0000000080000000, 0x0000000100000000)
  region size 1024K, 52 young (53248K), 5 survivors (5120K)
 Metaspace       used 63374K, capacity 64847K, committed 64972K, reserved 1105920K
  class space    used 8045K, capacity 8604K, committed 8652K, reserved 1048576K
}
Event: 15.348 GC heap after
{Heap after GC invocations=19 (full 0):
 garbage-first heap   total 133120K, used 50359K [0x0000000080000000, 0x0000000100000000)
  region size 1024K, 3 young (3072K), 3 survivors (3072K)
 Metaspace       used 63374K, capacity 64847K, committed 64972K, reserved 1105920K
  class space    used 8045K, capacity 8604K, committed 8652K, reserved 1048576K
}
Event: 15.557 GC heap before
{Heap before GC invocations=19 (full 0):
 garbage-first heap   total 133120K, used 72887K [0x0000000080000000, 0x0000000100000000)
  region size 1024K, 26 young (26624K), 3 survivors (3072K)
 Metaspace       used 63808K, capacity 65461K, committed 65612K, reserved 1105920K
  class space    used 8095K, capacity 8681K, committed 8780K, reserved 1048576K
}
Event: 15.573 GC heap after
{Heap after GC invocations=20 (full 0):
 garbage-first heap   total 133120K, used 52880K [0x0000000080000000, 0x0000000100000000)
  region size 1024K, 6 young (6144K), 6 survivors (6144K)
 Metaspace       used 63808K, capacity 65461K, committed 65612K, reserved 1105920K
  class space    used 8095K, capacity 8681K, committed 8780K, reserved 1048576K
}
Event: 16.563 GC heap before
{Heap before GC invocations=21 (full 0):
 garbage-first heap   total 133120K, used 93840K [0x0000000080000000, 0x0000000100000000)
  region size 1024K, 46 young (47104K), 6 survivors (6144K)
 Metaspace       used 68492K, capacity 70106K, committed 70380K, reserved 1110016K
  class space    used 8854K, capacity 9432K, committed 9548K, reserved 1048576K
}

