# JRE version: OpenJDK Runtime Environment (11.0.10) (build 11.0.10+0-b96-7249189)
# Java VM: OpenJDK 64-Bit Server VM (11.0.10+0-b96-7249189, mixed mode, tiered, compressed oops, g1 gc, windows-amd64)
Heap:
 garbage-first heap   total 116736K, used 62458K [0x0000000080000000, 0x0000000100000000)
  region size 1024K, 3 young (3072K), 3 survivors (3072K)
 Metaspace       used 49759K, capacity 51130K, committed 51456K, reserved 1093632K
  class space    used 6349K, capacity 6812K, committed 6912K, reserved 1048576K
GC Heap History (20 events):
Event: 24.859 GC heap after
{Heap after GC invocations=31 (full 0):
 garbage-first heap   total 65536K, used 51243K [0x0000000080000000, 0x0000000100000000)
  region size 1024K, 1 young (1024K), 1 survivors (1024K)
 Metaspace       used 44482K, capacity 45794K, committed 46080K, reserved 1089536K
  class space    used 5596K, capacity 6048K, committed 6144K, reserved 1048576K
}
Event: 24.982 GC heap before
{Heap before GC invocations=31 (full 0):
 garbage-first heap   total 65536K, used 55339K [0x0000000080000000, 0x0000000100000000)
  region size 1024K, 5 young (5120K), 1 survivors (1024K)
 Metaspace       used 44550K, capacity 45809K, committed 46080K, reserved 1089536K
  class space    used 5604K, capacity 6052K, committed 6144K, reserved 1048576K
}
Event: 24.993 GC heap after
{Heap after GC invocations=32 (full 0):
 garbage-first heap   total 65536K, used 51675K [0x0000000080000000, 0x0000000100000000)
  region size 1024K, 1 young (1024K), 1 survivors (1024K)
 Metaspace       used 44550K, capacity 45809K, committed 46080K, reserved 1089536K
  class space    used 5604K, capacity 6052K, committed 6144K, reserved 1048576K
}
Event: 25.027 GC heap before
{Heap before GC invocations=32 (full 0):
 garbage-first heap   total 65536K, used 55771K [0x0000000080000000, 0x0000000100000000)
  region size 1024K, 5 young (5120K), 1 survivors (1024K)
 Metaspace       used 44551K, capacity 45809K, committed 46080K, reserved 1089536K
  class space    used 5604K, capacity 6052K, committed 6144K, reserved 1048576K
}
Event: 25.033 GC heap after
{Heap after GC invocations=33 (full 0):
 garbage-first heap   total 78848K, used 51981K [0x0000000080000000, 0x0000000100000000)
  region size 1024K, 1 young (1024K), 1 survivors (1024K)
 Metaspace       used 44551K, capacity 45809K, committed 46080K, reserved 1089536K
  class space    used 5604K, capacity 6052K, committed 6144K, reserved 1048576K
}
Event: 25.525 GC heap before
{Heap before GC invocations=34 (full 0):
 garbage-first heap   total 78848K, used 61197K [0x0000000080000000, 0x0000000100000000)
  region size 1024K, 10 young (10240K), 1 survivors (1024K)
 Metaspace       used 45033K, capacity 46277K, committed 46336K, reserved 1089536K
  class space    used 5683K, capacity 6123K, committed 6144K, reserved 1048576K
}
Event: 25.533 GC heap after
{Heap after GC invocations=35 (full 0):
 garbage-first heap   total 78848K, used 52457K [0x0000000080000000, 0x0000000100000000)
  region size 1024K, 2 young (2048K), 2 survivors (2048K)
 Metaspace       used 45033K, capacity 46277K, committed 46336K, reserved 1089536K
  class space    used 5683K, capacity 6123K, committed 6144K, reserved 1048576K
}
Event: 25.960 GC heap before
{Heap before GC invocations=35 (full 0):
 garbage-first heap   total 78848K, used 61673K [0x0000000080000000, 0x0000000100000000)
  region size 1024K, 11 young (11264K), 2 survivors (2048K)
 Metaspace       used 45728K, capacity 46989K, committed 47232K, reserved 1089536K
  class space    used 5800K, capacity 6232K, committed 6272K, reserved 1048576K
}
Event: 25.968 GC heap after
{Heap after GC invocations=36 (full 0):
 garbage-first heap   total 78848K, used 53275K [0x0000000080000000, 0x0000000100000000)
  region size 1024K, 2 young (2048K), 2 survivors (2048K)
 Metaspace       used 45728K, capacity 46989K, committed 47232K, reserved 1089536K
  class space    used 5800K, capacity 6232K, committed 6272K, reserved 1048576K
}
Event: 26.313 GC heap before
{Heap before GC invocations=37 (full 0):
 garbage-first heap   total 78848K, used 61467K [0x0000000080000000, 0x0000000100000000)
  region size 1024K, 11 young (11264K), 2 survivors (2048K)
 Metaspace       used 46279K, capacity 47469K, committed 47616K, reserved 1091584K
  class space    used 5882K, capacity 6328K, committed 6400K, reserved 1048576K
}
Event: 26.318 GC heap after
{Heap after GC invocations=38 (full 0):
 garbage-first heap   total 78848K, used 53732K [0x0000000080000000, 0x0000000100000000)
  region size 1024K, 2 young (2048K), 2 survivors (2048K)
 Metaspace       used 46279K, capacity 47469K, committed 47616K, reserved 1091584K
  class space    used 5882K, capacity 6328K, committed 6400K, reserved 1048576K
}
Event: 26.669 GC heap before
{Heap before GC invocations=38 (full 0):
 garbage-first heap   total 78848K, used 62948K [0x0000000080000000, 0x0000000100000000)
  region size 1024K, 11 young (11264K), 2 survivors (2048K)
 Metaspace       used 46733K, capacity 48008K, committed 48256K, reserved 1091584K
  class space    used 5960K, capacity 6403K, committed 6528K, reserved 1048576K
}
Event: 26.676 GC heap after
{Heap after GC invocations=39 (full 0):
 garbage-first heap   total 95232K, used 54124K [0x0000000080000000, 0x0000000100000000)
  region size 1024K, 1 young (1024K), 1 survivors (1024K)
 Metaspace       used 46733K, capacity 48008K, committed 48256K, reserved 1091584K
  class space    used 5960K, capacity 6403K, committed 6528K, reserved 1048576K
}
Event: 27.445 GC heap before
{Heap before GC invocations=40 (full 0):
 garbage-first heap   total 95232K, used 71532K [0x0000000080000000, 0x0000000100000000)
  region size 1024K, 18 young (18432K), 1 survivors (1024K)
 Metaspace       used 47937K, capacity 49385K, committed 49664K, reserved 1091584K
  class space    used 6170K, capacity 6627K, committed 6656K, reserved 1048576K
}
Event: 27.453 GC heap after
{Heap after GC invocations=41 (full 0):
 garbage-first heap   total 95232K, used 54695K [0x0000000080000000, 0x0000000100000000)
  region size 1024K, 2 young (2048K), 2 survivors (2048K)
 Metaspace       used 47937K, capacity 49385K, committed 49664K, reserved 1091584K
  class space    used 6170K, capacity 6627K, committed 6656K, reserved 1048576K
}
Event: 28.690 GC heap before
{Heap before GC invocations=41 (full 0):
 garbage-first heap   total 95232K, used 72103K [0x0000000080000000, 0x0000000100000000)
  region size 1024K, 19 young (19456K), 2 survivors (2048K)
 Metaspace       used 49063K, capacity 50481K, committed 50560K, reserved 1093632K
  class space    used 6289K, capacity 6753K, committed 6784K, reserved 1048576K
}
Event: 28.708 GC heap after
{Heap after GC invocations=42 (full 0):
 garbage-first heap   total 95232K, used 56164K [0x0000000080000000, 0x0000000100000000)
  region size 1024K, 3 young (3072K), 3 survivors (3072K)
 Metaspace       used 49063K, capacity 50481K, committed 50560K, reserved 1093632K
  class space    used 6289K, capacity 6753K, committed 6784K, reserved 1048576K
}
Event: 31.271 GC heap before
{Heap before GC invocations=43 (full 0):
 garbage-first heap   total 95232K, used 71524K [0x0000000080000000, 0x0000000100000000)
  region size 1024K, 20 young (20480K), 3 survivors (3072K)
 Metaspace       used 49750K, capacity 51130K, committed 51456K, reserved 1093632K
  class space    used 6349K, capacity 6812K, committed 6912K, reserved 1048576K
}
Event: 31.284 GC heap after
{Heap after GC invocations=44 (full 0):
 garbage-first heap   total 95232K, used 56375K [0x0000000080000000, 0x0000000100000000)
  region size 1024K, 2 young (2048K), 2 survivors (2048K)
 Metaspace       used 49750K, capacity 51130K, committed 51456K, reserved 1093632K
  class space    used 6349K, capacity 6812K, committed 6912K, reserved 1048576K
}
Event: 31.772 GC heap before
{Heap before GC invocations=45 (full 0):
 garbage-first heap   total 95232K, used 62519K [0x0000000080000000, 0x0000000100000000)
  region size 1024K, 8 young (8192K), 2 survivors (2048K)
 Metaspace       used 49759K, capacity 51130K, committed 51456K, reserved 1093632K
  class space    used 6349K, capacity 6812K, committed 6912K, reserved 1048576K
}

