# JRE version: OpenJDK Runtime Environment (11.0.10) (build 11.0.10+0-b96-7249189)
# Java VM: OpenJDK 64-Bit Server VM (11.0.10+0-b96-7249189, mixed mode, tiered, compressed oops, g1 gc, windows-amd64)
Heap:
 garbage-first heap   total 219136K, used 152157K [0x0000000080000000, 0x0000000100000000)
  region size 1024K, 3 young (3072K), 1 survivors (1024K)
 Metaspace       used 119689K, capacity 122820K, committed 122908K, reserved 1157120K
  class space    used 15048K, capacity 16197K, committed 16256K, reserved 1048576K
GC Heap History (20 events):
Event: 387.976 GC heap before
{Heap before GC invocations=87 (full 0):
 garbage-first heap   total 219136K, used 126418K [0x0000000080000000, 0x0000000100000000)
  region size 1024K, 10 young (10240K), 4 survivors (4096K)
 Metaspace       used 118622K, capacity 121783K, committed 122140K, reserved 1155072K
  class space    used 15028K, capacity 16160K, committed 16256K, reserved 1048576K
}
Event: 388.287 GC heap after
{Heap after GC invocations=88 (full 0):
 garbage-first heap   total 219136K, used 119551K [0x0000000080000000, 0x0000000100000000)
  region size 1024K, 1 young (1024K), 1 survivors (1024K)
 Metaspace       used 118622K, capacity 121783K, committed 122140K, reserved 1155072K
  class space    used 15028K, capacity 16160K, committed 16256K, reserved 1048576K
}
Event: 627.891 GC heap before
{Heap before GC invocations=88 (full 0):
 garbage-first heap   total 219136K, used 179967K [0x0000000080000000, 0x0000000100000000)
  region size 1024K, 60 young (61440K), 1 survivors (1024K)
 Metaspace       used 118969K, capacity 122109K, committed 122396K, reserved 1155072K
  class space    used 15034K, capacity 16171K, committed 16256K, reserved 1048576K
}
Event: 628.024 GC heap after
{Heap after GC invocations=89 (full 0):
 garbage-first heap   total 219136K, used 123970K [0x0000000080000000, 0x0000000100000000)
  region size 1024K, 5 young (5120K), 5 survivors (5120K)
 Metaspace       used 118969K, capacity 122109K, committed 122396K, reserved 1155072K
  class space    used 15034K, capacity 16171K, committed 16256K, reserved 1048576K
}
Event: 632.973 GC heap before
{Heap before GC invocations=90 (full 0):
 garbage-first heap   total 219136K, used 179266K [0x0000000080000000, 0x0000000100000000)
  region size 1024K, 61 young (62464K), 5 survivors (5120K)
 Metaspace       used 119080K, capacity 122128K, committed 122396K, reserved 1155072K
  class space    used 15035K, capacity 16174K, committed 16256K, reserved 1048576K
}
Event: 633.193 GC heap after
{Heap after GC invocations=91 (full 0):
 garbage-first heap   total 219136K, used 136062K [0x0000000080000000, 0x0000000100000000)
  region size 1024K, 8 young (8192K), 8 survivors (8192K)
 Metaspace       used 119080K, capacity 122128K, committed 122396K, reserved 1155072K
  class space    used 15035K, capacity 16174K, committed 16256K, reserved 1048576K
}
Event: 633.349 GC heap before
{Heap before GC invocations=91 (full 0):
 garbage-first heap   total 219136K, used 138110K [0x0000000080000000, 0x0000000100000000)
  region size 1024K, 10 young (10240K), 8 survivors (8192K)
 Metaspace       used 119083K, capacity 122128K, committed 122396K, reserved 1155072K
  class space    used 15035K, capacity 16174K, committed 16256K, reserved 1048576K
}
Event: 633.414 GC heap after
{Heap after GC invocations=92 (full 0):
 garbage-first heap   total 219136K, used 128703K [0x0000000080000000, 0x0000000100000000)
  region size 1024K, 2 young (2048K), 2 survivors (2048K)
 Metaspace       used 119083K, capacity 122128K, committed 122396K, reserved 1155072K
  class space    used 15035K, capacity 16174K, committed 16256K, reserved 1048576K
}
Event: 633.573 GC heap before
{Heap before GC invocations=92 (full 0):
 garbage-first heap   total 219136K, used 136895K [0x0000000080000000, 0x0000000100000000)
  region size 1024K, 10 young (10240K), 2 survivors (2048K)
 Metaspace       used 119098K, capacity 122192K, committed 122396K, reserved 1155072K
  class space    used 15035K, capacity 16174K, committed 16256K, reserved 1048576K
}
Event: 633.600 GC heap after
{Heap after GC invocations=93 (full 0):
 garbage-first heap   total 219136K, used 121915K [0x0000000080000000, 0x0000000100000000)
  region size 1024K, 2 young (2048K), 2 survivors (2048K)
 Metaspace       used 119098K, capacity 122192K, committed 122396K, reserved 1155072K
  class space    used 15035K, capacity 16174K, committed 16256K, reserved 1048576K
}
Event: 633.895 GC heap before
{Heap before GC invocations=93 (full 0):
 garbage-first heap   total 219136K, used 130107K [0x0000000080000000, 0x0000000100000000)
  region size 1024K, 10 young (10240K), 2 survivors (2048K)
 Metaspace       used 119135K, capacity 122194K, committed 122396K, reserved 1155072K
  class space    used 15035K, capacity 16174K, committed 16256K, reserved 1048576K
}
Event: 633.938 GC heap after
{Heap after GC invocations=94 (full 0):
 garbage-first heap   total 219136K, used 116426K [0x0000000080000000, 0x0000000100000000)
  region size 1024K, 1 young (1024K), 1 survivors (1024K)
 Metaspace       used 119135K, capacity 122194K, committed 122396K, reserved 1155072K
  class space    used 15035K, capacity 16174K, committed 16256K, reserved 1048576K
}
Event: 635.577 GC heap before
{Heap before GC invocations=94 (full 0):
 garbage-first heap   total 219136K, used 173770K [0x0000000080000000, 0x0000000100000000)
  region size 1024K, 57 young (58368K), 1 survivors (1024K)
 Metaspace       used 119275K, capacity 122327K, committed 122652K, reserved 1155072K
  class space    used 15035K, capacity 16174K, committed 16256K, reserved 1048576K
}
Event: 635.609 GC heap after
{Heap after GC invocations=95 (full 0):
 garbage-first heap   total 219136K, used 118881K [0x0000000080000000, 0x0000000100000000)
  region size 1024K, 4 young (4096K), 4 survivors (4096K)
 Metaspace       used 119275K, capacity 122327K, committed 122652K, reserved 1155072K
  class space    used 15035K, capacity 16174K, committed 16256K, reserved 1048576K
}
Event: 639.404 GC heap before
{Heap before GC invocations=96 (full 0):
 garbage-first heap   total 219136K, used 175201K [0x0000000080000000, 0x0000000100000000)
  region size 1024K, 60 young (61440K), 4 survivors (4096K)
 Metaspace       used 119674K, capacity 122820K, committed 122908K, reserved 1157120K
  class space    used 15048K, capacity 16197K, committed 16256K, reserved 1048576K
}
Event: 639.508 GC heap after
{Heap after GC invocations=97 (full 0):
 garbage-first heap   total 219136K, used 120425K [0x0000000080000000, 0x0000000100000000)
  region size 1024K, 5 young (5120K), 5 survivors (5120K)
 Metaspace       used 119674K, capacity 122820K, committed 122908K, reserved 1157120K
  class space    used 15048K, capacity 16197K, committed 16256K, reserved 1048576K
}
Event: 639.676 GC heap before
{Heap before GC invocations=97 (full 0):
 garbage-first heap   total 219136K, used 125545K [0x0000000080000000, 0x0000000100000000)
  region size 1024K, 10 young (10240K), 5 survivors (5120K)
 Metaspace       used 119674K, capacity 122820K, committed 122908K, reserved 1157120K
  class space    used 15048K, capacity 16197K, committed 16256K, reserved 1048576K
}
Event: 639.796 GC heap after
{Heap after GC invocations=98 (full 0):
 garbage-first heap   total 219136K, used 119797K [0x0000000080000000, 0x0000000100000000)
  region size 1024K, 1 young (1024K), 1 survivors (1024K)
 Metaspace       used 119674K, capacity 122820K, committed 122908K, reserved 1157120K
  class space    used 15048K, capacity 16197K, committed 16256K, reserved 1048576K
}
Event: 640.020 GC heap before
{Heap before GC invocations=98 (full 0):
 garbage-first heap   total 219136K, used 127989K [0x0000000080000000, 0x0000000100000000)
  region size 1024K, 10 young (10240K), 1 survivors (1024K)
 Metaspace       used 119675K, capacity 122820K, committed 122908K, reserved 1157120K
  class space    used 15048K, capacity 16197K, committed 16256K, reserved 1048576K
}
Event: 640.059 GC heap after
{Heap after GC invocations=99 (full 0):
 garbage-first heap   total 219136K, used 119389K [0x0000000080000000, 0x0000000100000000)
  region size 1024K, 1 young (1024K), 1 survivors (1024K)
 Metaspace       used 119675K, capacity 122820K, committed 122908K, reserved 1157120K
  class space    used 15048K, capacity 16197K, committed 16256K, reserved 1048576K
}

