# JRE version: OpenJDK Runtime Environment (11.0.10) (build 11.0.10+0-b96-7249189)
# Java VM: OpenJDK 64-Bit Server VM (11.0.10+0-b96-7249189, mixed mode, tiered, compressed oops, g1 gc, windows-amd64)
Heap:
 garbage-first heap   total 199680K, used 130279K [0x0000000080000000, 0x0000000100000000)
  region size 1024K, 48 young (49152K), 6 survivors (6144K)
 Metaspace       used 79356K, capacity 81525K, committed 81792K, reserved 1120256K
  class space    used 10376K, capacity 11120K, committed 11136K, reserved 1048576K
GC Heap History (20 events):
Event: 16.962 GC heap before
{Heap before GC invocations=35 (full 0):
 garbage-first heap   total 114688K, used 64550K [0x0000000080000000, 0x0000000100000000)
  region size 1024K, 8 young (8192K), 3 survivors (3072K)
 Metaspace       used 49664K, capacity 51125K, committed 51456K, reserved 1093632K
  class space    used 6347K, capacity 6812K, committed 6912K, reserved 1048576K
}
Event: 16.970 GC heap after
{Heap after GC invocations=36 (full 0):
 garbage-first heap   total 138240K, used 64614K [0x0000000080000000, 0x0000000100000000)
  region size 1024K, 4 young (4096K), 4 survivors (4096K)
 Metaspace       used 49664K, capacity 51125K, committed 51456K, reserved 1093632K
  class space    used 6347K, capacity 6812K, committed 6912K, reserved 1048576K
}
Event: 17.953 GC heap before
{Heap before GC invocations=37 (full 0):
 garbage-first heap   total 138240K, used 92262K [0x0000000080000000, 0x0000000100000000)
  region size 1024K, 30 young (30720K), 4 survivors (4096K)
 Metaspace       used 52524K, capacity 54122K, committed 54400K, reserved 1095680K
  class space    used 6703K, capacity 7191K, committed 7296K, reserved 1048576K
}
Event: 17.960 GC heap after
{Heap after GC invocations=38 (full 0):
 garbage-first heap   total 138240K, used 68028K [0x0000000080000000, 0x0000000100000000)
  region size 1024K, 2 young (2048K), 2 survivors (2048K)
 Metaspace       used 52524K, capacity 54122K, committed 54400K, reserved 1095680K
  class space    used 6703K, capacity 7191K, committed 7296K, reserved 1048576K
}
Event: 18.929 GC heap before
{Heap before GC invocations=38 (full 0):
 garbage-first heap   total 138240K, used 95676K [0x0000000080000000, 0x0000000100000000)
  region size 1024K, 29 young (29696K), 2 survivors (2048K)
 Metaspace       used 56909K, capacity 58474K, committed 58752K, reserved 1099776K
  class space    used 7221K, capacity 7767K, committed 7808K, reserved 1048576K
}
Event: 18.936 GC heap after
{Heap after GC invocations=39 (full 0):
 garbage-first heap   total 138240K, used 68895K [0x0000000080000000, 0x0000000100000000)
  region size 1024K, 3 young (3072K), 3 survivors (3072K)
 Metaspace       used 56909K, capacity 58474K, committed 58752K, reserved 1099776K
  class space    used 7221K, capacity 7767K, committed 7808K, reserved 1048576K
}
Event: 20.441 GC heap before
{Heap before GC invocations=40 (full 0):
 garbage-first heap   total 138240K, used 97567K [0x0000000080000000, 0x0000000100000000)
  region size 1024K, 32 young (32768K), 3 survivors (3072K)
 Metaspace       used 60832K, capacity 62580K, committed 62720K, reserved 1103872K
  class space    used 7727K, capacity 8323K, committed 8448K, reserved 1048576K
}
Event: 20.457 GC heap after
{Heap after GC invocations=41 (full 0):
 garbage-first heap   total 138240K, used 73139K [0x0000000080000000, 0x0000000100000000)
  region size 1024K, 4 young (4096K), 4 survivors (4096K)
 Metaspace       used 60832K, capacity 62580K, committed 62720K, reserved 1103872K
  class space    used 7727K, capacity 8323K, committed 8448K, reserved 1048576K
}
Event: 20.954 GC heap before
{Heap before GC invocations=41 (full 0):
 garbage-first heap   total 138240K, used 101811K [0x0000000080000000, 0x0000000100000000)
  region size 1024K, 32 young (32768K), 4 survivors (4096K)
 Metaspace       used 63435K, capacity 65175K, committed 65280K, reserved 1105920K
  class space    used 8039K, capacity 8626K, committed 8704K, reserved 1048576K
}
Event: 20.967 GC heap after
{Heap after GC invocations=42 (full 0):
 garbage-first heap   total 165888K, used 74055K [0x0000000080000000, 0x0000000100000000)
  region size 1024K, 2 young (2048K), 2 survivors (2048K)
 Metaspace       used 63435K, capacity 65175K, committed 65280K, reserved 1105920K
  class space    used 8039K, capacity 8626K, committed 8704K, reserved 1048576K
}
Event: 21.655 GC heap before
{Heap before GC invocations=43 (full 0):
 garbage-first heap   total 165888K, used 112967K [0x0000000080000000, 0x0000000100000000)
  region size 1024K, 40 young (40960K), 2 survivors (2048K)
 Metaspace       used 64958K, capacity 66867K, committed 67072K, reserved 1107968K
  class space    used 8276K, capacity 8907K, committed 8960K, reserved 1048576K
}
Event: 21.667 GC heap after
{Heap after GC invocations=44 (full 0):
 garbage-first heap   total 165888K, used 77127K [0x0000000080000000, 0x0000000100000000)
  region size 1024K, 5 young (5120K), 5 survivors (5120K)
 Metaspace       used 64958K, capacity 66867K, committed 67072K, reserved 1107968K
  class space    used 8276K, capacity 8907K, committed 8960K, reserved 1048576K
}
Event: 23.459 GC heap before
{Heap before GC invocations=44 (full 0):
 garbage-first heap   total 165888K, used 118087K [0x0000000080000000, 0x0000000100000000)
  region size 1024K, 45 young (46080K), 5 survivors (5120K)
 Metaspace       used 69609K, capacity 71478K, committed 71680K, reserved 1112064K
  class space    used 9005K, capacity 9630K, committed 9728K, reserved 1048576K
}
Event: 23.482 GC heap after
{Heap after GC invocations=45 (full 0):
 garbage-first heap   total 165888K, used 79949K [0x0000000080000000, 0x0000000100000000)
  region size 1024K, 6 young (6144K), 6 survivors (6144K)
 Metaspace       used 69609K, capacity 71478K, committed 71680K, reserved 1112064K
  class space    used 9005K, capacity 9630K, committed 9728K, reserved 1048576K
}
Event: 24.281 GC heap before
{Heap before GC invocations=45 (full 0):
 garbage-first heap   total 165888K, used 121933K [0x0000000080000000, 0x0000000100000000)
  region size 1024K, 47 young (48128K), 6 survivors (6144K)
 Metaspace       used 70633K, capacity 72501K, committed 72832K, reserved 1112064K
  class space    used 9154K, capacity 9756K, committed 9856K, reserved 1048576K
}
Event: 24.311 GC heap after
{Heap after GC invocations=46 (full 0):
 garbage-first heap   total 165888K, used 82820K [0x0000000080000000, 0x0000000100000000)
  region size 1024K, 6 young (6144K), 6 survivors (6144K)
 Metaspace       used 70633K, capacity 72501K, committed 72832K, reserved 1112064K
  class space    used 9154K, capacity 9756K, committed 9856K, reserved 1048576K
}
Event: 26.561 GC heap before
{Heap before GC invocations=47 (full 0):
 garbage-first heap   total 165888K, used 124804K [0x0000000080000000, 0x0000000100000000)
  region size 1024K, 47 young (48128K), 6 survivors (6144K)
 Metaspace       used 74237K, capacity 76255K, committed 76416K, reserved 1116160K
  class space    used 9657K, capacity 10323K, committed 10368K, reserved 1048576K
}
Event: 26.594 GC heap after
{Heap after GC invocations=48 (full 0):
 garbage-first heap   total 199680K, used 84896K [0x0000000080000000, 0x0000000100000000)
  region size 1024K, 5 young (5120K), 5 survivors (5120K)
 Metaspace       used 74237K, capacity 76255K, committed 76416K, reserved 1116160K
  class space    used 9657K, capacity 10323K, committed 10368K, reserved 1048576K
}
Event: 28.489 GC heap before
{Heap before GC invocations=48 (full 0):
 garbage-first heap   total 199680K, used 138144K [0x0000000080000000, 0x0000000100000000)
  region size 1024K, 57 young (58368K), 5 survivors (5120K)
 Metaspace       used 76860K, capacity 78940K, committed 79232K, reserved 1118208K
  class space    used 10016K, capacity 10762K, committed 10880K, reserved 1048576K
}
Event: 28.512 GC heap after
{Heap after GC invocations=49 (full 0):
 garbage-first heap   total 199680K, used 88295K [0x0000000080000000, 0x0000000100000000)
  region size 1024K, 6 young (6144K), 6 survivors (6144K)
 Metaspace       used 76860K, capacity 78940K, committed 79232K, reserved 1118208K
  class space    used 10016K, capacity 10762K, committed 10880K, reserved 1048576K
}

