# JRE version: OpenJDK Runtime Environment (11.0.10) (build 11.0.10+0-b96-7249189)
# Java VM: OpenJDK 64-Bit Server VM (11.0.10+0-b96-7249189, mixed mode, tiered, compressed oops, g1 gc, windows-amd64)
Heap:
 garbage-first heap   total 199680K, used 87076K [0x0000000080000000, 0x0000000100000000)
  region size 1024K, 6 young (6144K), 6 survivors (6144K)
 Metaspace       used 76481K, capacity 78636K, committed 78848K, reserved 1118208K
  class space    used 9936K, capacity 10662K, committed 10752K, reserved 1048576K
GC Heap History (20 events):
Event: 11.018 GC heap after
{Heap after GC invocations=26 (full 0):
 garbage-first heap   total 114688K, used 57317K [0x0000000080000000, 0x0000000100000000)
  region size 1024K, 3 young (3072K), 3 survivors (3072K)
 Metaspace       used 49241K, capacity 50617K, committed 50816K, reserved 1093632K
  class space    used 6314K, capacity 6778K, committed 6784K, reserved 1048576K
}
Event: 11.335 GC heap before
{Heap before GC invocations=27 (full 0):
 garbage-first heap   total 114688K, used 66533K [0x0000000080000000, 0x0000000100000000)
  region size 1024K, 14 young (14336K), 3 survivors (3072K)
 Metaspace       used 49584K, capacity 51069K, committed 51200K, reserved 1093632K
  class space    used 6344K, capacity 6816K, committed 6912K, reserved 1048576K
}
Event: 11.346 GC heap after
{Heap after GC invocations=28 (full 0):
 garbage-first heap   total 114688K, used 57765K [0x0000000080000000, 0x0000000100000000)
  region size 1024K, 4 young (4096K), 4 survivors (4096K)
 Metaspace       used 49584K, capacity 51069K, committed 51200K, reserved 1093632K
  class space    used 6344K, capacity 6816K, committed 6912K, reserved 1048576K
}
Event: 11.597 GC heap before
{Heap before GC invocations=29 (full 0):
 garbage-first heap   total 114688K, used 63909K [0x0000000080000000, 0x0000000100000000)
  region size 1024K, 10 young (10240K), 4 survivors (4096K)
 Metaspace       used 49594K, capacity 51069K, committed 51200K, reserved 1093632K
  class space    used 6344K, capacity 6816K, committed 6912K, reserved 1048576K
}
Event: 11.613 GC heap after
{Heap after GC invocations=30 (full 0):
 garbage-first heap   total 138240K, used 64062K [0x0000000080000000, 0x0000000100000000)
  region size 1024K, 4 young (4096K), 4 survivors (4096K)
 Metaspace       used 49594K, capacity 51069K, committed 51200K, reserved 1093632K
  class space    used 6344K, capacity 6816K, committed 6912K, reserved 1048576K
}
Event: 12.772 GC heap before
{Heap before GC invocations=31 (full 0):
 garbage-first heap   total 138240K, used 103998K [0x0000000080000000, 0x0000000100000000)
  region size 1024K, 41 young (41984K), 4 survivors (4096K)
 Metaspace       used 53994K, capacity 55556K, committed 55808K, reserved 1097728K
  class space    used 6892K, capacity 7394K, committed 7424K, reserved 1048576K
}
Event: 12.781 GC heap after
{Heap after GC invocations=32 (full 0):
 garbage-first heap   total 138240K, used 68235K [0x0000000080000000, 0x0000000100000000)
  region size 1024K, 3 young (3072K), 3 survivors (3072K)
 Metaspace       used 53994K, capacity 55556K, committed 55808K, reserved 1097728K
  class space    used 6892K, capacity 7394K, committed 7424K, reserved 1048576K
}
Event: 13.762 GC heap before
{Heap before GC invocations=32 (full 0):
 garbage-first heap   total 138240K, used 105099K [0x0000000080000000, 0x0000000100000000)
  region size 1024K, 39 young (39936K), 3 survivors (3072K)
 Metaspace       used 59506K, capacity 61245K, committed 61568K, reserved 1101824K
  class space    used 7589K, capacity 8200K, committed 8320K, reserved 1048576K
}
Event: 13.771 GC heap after
{Heap after GC invocations=33 (full 0):
 garbage-first heap   total 138240K, used 70030K [0x0000000080000000, 0x0000000100000000)
  region size 1024K, 4 young (4096K), 4 survivors (4096K)
 Metaspace       used 59506K, capacity 61245K, committed 61568K, reserved 1101824K
  class space    used 7589K, capacity 8200K, committed 8320K, reserved 1048576K
}
Event: 14.549 GC heap before
{Heap before GC invocations=34 (full 0):
 garbage-first heap   total 138240K, used 106894K [0x0000000080000000, 0x0000000100000000)
  region size 1024K, 41 young (41984K), 4 survivors (4096K)
 Metaspace       used 63394K, capacity 65168K, committed 65280K, reserved 1105920K
  class space    used 8041K, capacity 8626K, committed 8704K, reserved 1048576K
}
Event: 14.562 GC heap after
{Heap after GC invocations=35 (full 0):
 garbage-first heap   total 138240K, used 73410K [0x0000000080000000, 0x0000000100000000)
  region size 1024K, 6 young (6144K), 6 survivors (6144K)
 Metaspace       used 63394K, capacity 65168K, committed 65280K, reserved 1105920K
  class space    used 8041K, capacity 8626K, committed 8704K, reserved 1048576K
}
Event: 14.665 GC heap before
{Heap before GC invocations=35 (full 0):
 garbage-first heap   total 138240K, used 79554K [0x0000000080000000, 0x0000000100000000)
  region size 1024K, 13 young (13312K), 6 survivors (6144K)
 Metaspace       used 63918K, capacity 65721K, committed 65920K, reserved 1105920K
  class space    used 8126K, capacity 8725K, committed 8832K, reserved 1048576K
}
Event: 14.677 GC heap after
{Heap after GC invocations=36 (full 0):
 garbage-first heap   total 165888K, used 74428K [0x0000000080000000, 0x0000000100000000)
  region size 1024K, 2 young (2048K), 2 survivors (2048K)
 Metaspace       used 63918K, capacity 65721K, committed 65920K, reserved 1105920K
  class space    used 8126K, capacity 8725K, committed 8832K, reserved 1048576K
}
Event: 15.380 GC heap before
{Heap before GC invocations=37 (full 0):
 garbage-first heap   total 165888K, used 124604K [0x0000000080000000, 0x0000000100000000)
  region size 1024K, 50 young (51200K), 2 survivors (2048K)
 Metaspace       used 66206K, capacity 68017K, committed 68224K, reserved 1107968K
  class space    used 8445K, capacity 9037K, committed 9088K, reserved 1048576K
}
Event: 15.391 GC heap after
{Heap after GC invocations=38 (full 0):
 garbage-first heap   total 165888K, used 77837K [0x0000000080000000, 0x0000000100000000)
  region size 1024K, 5 young (5120K), 5 survivors (5120K)
 Metaspace       used 66206K, capacity 68017K, committed 68224K, reserved 1107968K
  class space    used 8445K, capacity 9037K, committed 9088K, reserved 1048576K
}
Event: 16.430 GC heap before
{Heap before GC invocations=38 (full 0):
 garbage-first heap   total 165888K, used 132109K [0x0000000080000000, 0x0000000100000000)
  region size 1024K, 58 young (59392K), 5 survivors (5120K)
 Metaspace       used 70471K, capacity 72370K, committed 72576K, reserved 1112064K
  class space    used 9136K, capacity 9779K, committed 9856K, reserved 1048576K
}
Event: 16.445 GC heap after
{Heap after GC invocations=39 (full 0):
 garbage-first heap   total 165888K, used 81278K [0x0000000080000000, 0x0000000100000000)
  region size 1024K, 4 young (4096K), 4 survivors (4096K)
 Metaspace       used 70471K, capacity 72370K, committed 72576K, reserved 1112064K
  class space    used 9136K, capacity 9779K, committed 9856K, reserved 1048576K
}
Event: 17.414 GC heap before
{Heap before GC invocations=39 (full 0):
 garbage-first heap   total 165888K, used 133502K [0x0000000080000000, 0x0000000100000000)
  region size 1024K, 55 young (56320K), 4 survivors (4096K)
 Metaspace       used 74003K, capacity 75966K, committed 76160K, reserved 1116160K
  class space    used 9641K, capacity 10290K, committed 10368K, reserved 1048576K
}
Event: 17.428 GC heap after
{Heap after GC invocations=40 (full 0):
 garbage-first heap   total 165888K, used 83302K [0x0000000080000000, 0x0000000100000000)
  region size 1024K, 6 young (6144K), 6 survivors (6144K)
 Metaspace       used 74003K, capacity 75966K, committed 76160K, reserved 1116160K
  class space    used 9641K, capacity 10290K, committed 10368K, reserved 1048576K
}
Event: 20.328 GC heap before
{Heap before GC invocations=41 (full 0):
 garbage-first heap   total 165888K, used 127334K [0x0000000080000000, 0x0000000100000000)
  region size 1024K, 50 young (51200K), 6 survivors (6144K)
 Metaspace       used 76481K, capacity 78636K, committed 78848K, reserved 1118208K
  class space    used 9936K, capacity 10662K, committed 10752K, reserved 1048576K
}

