# JRE version: OpenJDK Runtime Environment (11.0.10) (build 11.0.10+0-b96-7249189)
# Java VM: OpenJDK 64-Bit Server VM (11.0.10+0-b96-7249189, mixed mode, tiered, compressed oops, g1 gc, windows-amd64)
Heap:
 garbage-first heap   total 65536K, used 53682K [0x0000000080000000, 0x0000000100000000)
  region size 1024K, 4 young (4096K), 1 survivors (1024K)
 Metaspace       used 44499K, capacity 45791K, committed 46080K, reserved 1089536K
  class space    used 5596K, capacity 6048K, committed 6144K, reserved 1048576K
GC Heap History (20 events):
Event: 19.825 GC heap before
{Heap before GC invocations=15 (full 0):
 garbage-first heap   total 65536K, used 39605K [0x0000000080000000, 0x0000000100000000)
  region size 1024K, 6 young (6144K), 2 survivors (2048K)
 Metaspace       used 38049K, capacity 39046K, committed 39168K, reserved 1083392K
  class space    used 4916K, capacity 5256K, committed 5376K, reserved 1048576K
}
Event: 19.831 GC heap after
{Heap after GC invocations=16 (full 0):
 garbage-first heap   total 65536K, used 38424K [0x0000000080000000, 0x0000000100000000)
  region size 1024K, 1 young (1024K), 1 survivors (1024K)
 Metaspace       used 38049K, capacity 39046K, committed 39168K, reserved 1083392K
  class space    used 4916K, capacity 5256K, committed 5376K, reserved 1048576K
}
Event: 20.574 GC heap before
{Heap before GC invocations=17 (full 0):
 garbage-first heap   total 65536K, used 55832K [0x0000000080000000, 0x0000000100000000)
  region size 1024K, 15 young (15360K), 1 survivors (1024K)
 Metaspace       used 40145K, capacity 41180K, committed 41344K, reserved 1085440K
  class space    used 5132K, capacity 5498K, committed 5504K, reserved 1048576K
}
Event: 20.579 GC heap after
{Heap after GC invocations=18 (full 0):
 garbage-first heap   total 65536K, used 38515K [0x0000000080000000, 0x0000000100000000)
  region size 1024K, 1 young (1024K), 1 survivors (1024K)
 Metaspace       used 40145K, capacity 41180K, committed 41344K, reserved 1085440K
  class space    used 5132K, capacity 5498K, committed 5504K, reserved 1048576K
}
Event: 21.086 GC heap before
{Heap before GC invocations=18 (full 0):
 garbage-first heap   total 65536K, used 52851K [0x0000000080000000, 0x0000000100000000)
  region size 1024K, 15 young (15360K), 1 survivors (1024K)
 Metaspace       used 41281K, capacity 42317K, committed 42624K, reserved 1085440K
  class space    used 5298K, capacity 5688K, committed 5760K, reserved 1048576K
}
Event: 21.093 GC heap after
{Heap after GC invocations=19 (full 0):
 garbage-first heap   total 65536K, used 38690K [0x0000000080000000, 0x0000000100000000)
  region size 1024K, 2 young (2048K), 2 survivors (2048K)
 Metaspace       used 41281K, capacity 42317K, committed 42624K, reserved 1085440K
  class space    used 5298K, capacity 5688K, committed 5760K, reserved 1048576K
}
Event: 21.421 GC heap before
{Heap before GC invocations=20 (full 0):
 garbage-first heap   total 65536K, used 47906K [0x0000000080000000, 0x0000000100000000)
  region size 1024K, 12 young (12288K), 2 survivors (2048K)
 Metaspace       used 41910K, capacity 43005K, committed 43264K, reserved 1087488K
  class space    used 5397K, capacity 5811K, committed 5888K, reserved 1048576K
}
Event: 21.427 GC heap after
{Heap after GC invocations=21 (full 0):
 garbage-first heap   total 65536K, used 39237K [0x0000000080000000, 0x0000000100000000)
  region size 1024K, 2 young (2048K), 2 survivors (2048K)
 Metaspace       used 41910K, capacity 43005K, committed 43264K, reserved 1087488K
  class space    used 5397K, capacity 5811K, committed 5888K, reserved 1048576K
}
Event: 21.802 GC heap before
{Heap before GC invocations=22 (full 0):
 garbage-first heap   total 65536K, used 48453K [0x0000000080000000, 0x0000000100000000)
  region size 1024K, 7 young (7168K), 2 survivors (2048K)
 Metaspace       used 42127K, capacity 43280K, committed 43520K, reserved 1087488K
  class space    used 5415K, capacity 5854K, committed 5888K, reserved 1048576K
}
Event: 21.815 GC heap after
{Heap after GC invocations=23 (full 0):
 garbage-first heap   total 65536K, used 45550K [0x0000000080000000, 0x0000000100000000)
  region size 1024K, 2 young (2048K), 2 survivors (2048K)
 Metaspace       used 42127K, capacity 43280K, committed 43520K, reserved 1087488K
  class space    used 5415K, capacity 5854K, committed 5888K, reserved 1048576K
}
Event: 22.381 GC heap before
{Heap before GC invocations=24 (full 0):
 garbage-first heap   total 65536K, used 56814K [0x0000000080000000, 0x0000000100000000)
  region size 1024K, 10 young (10240K), 2 survivors (2048K)
 Metaspace       used 42508K, capacity 43776K, committed 43904K, reserved 1087488K
  class space    used 5467K, capacity 5910K, committed 6016K, reserved 1048576K
}
Event: 22.387 GC heap after
{Heap after GC invocations=25 (full 0):
 garbage-first heap   total 65536K, used 50601K [0x0000000080000000, 0x0000000100000000)
  region size 1024K, 2 young (2048K), 2 survivors (2048K)
 Metaspace       used 42508K, capacity 43776K, committed 43904K, reserved 1087488K
  class space    used 5467K, capacity 5910K, committed 6016K, reserved 1048576K
}
Event: 22.508 GC heap before
{Heap before GC invocations=25 (full 0):
 garbage-first heap   total 65536K, used 53673K [0x0000000080000000, 0x0000000100000000)
  region size 1024K, 7 young (7168K), 2 survivors (2048K)
 Metaspace       used 42824K, capacity 44064K, committed 44160K, reserved 1087488K
  class space    used 5487K, capacity 5942K, committed 6016K, reserved 1048576K
}
Event: 22.513 GC heap after
{Heap after GC invocations=26 (full 0):
 garbage-first heap   total 65536K, used 51211K [0x0000000080000000, 0x0000000100000000)
  region size 1024K, 1 young (1024K), 1 survivors (1024K)
 Metaspace       used 42824K, capacity 44064K, committed 44160K, reserved 1087488K
  class space    used 5487K, capacity 5942K, committed 6016K, reserved 1048576K
}
Event: 22.782 GC heap before
{Heap before GC invocations=27 (full 0):
 garbage-first heap   total 65536K, used 56331K [0x0000000080000000, 0x0000000100000000)
  region size 1024K, 5 young (5120K), 1 survivors (1024K)
 Metaspace       used 43908K, capacity 45184K, committed 45440K, reserved 1089536K
  class space    used 5520K, capacity 5974K, committed 6016K, reserved 1048576K
}
Event: 22.785 GC heap after
{Heap after GC invocations=28 (full 0):
 garbage-first heap   total 65536K, used 50877K [0x0000000080000000, 0x0000000100000000)
  region size 1024K, 1 young (1024K), 1 survivors (1024K)
 Metaspace       used 43908K, capacity 45184K, committed 45440K, reserved 1089536K
  class space    used 5520K, capacity 5974K, committed 6016K, reserved 1048576K
}
Event: 23.072 GC heap before
{Heap before GC invocations=28 (full 0):
 garbage-first heap   total 65536K, used 54973K [0x0000000080000000, 0x0000000100000000)
  region size 1024K, 5 young (5120K), 1 survivors (1024K)
 Metaspace       used 44188K, capacity 45440K, committed 45696K, reserved 1089536K
  class space    used 5561K, capacity 5974K, committed 6016K, reserved 1048576K
}
Event: 23.076 GC heap after
{Heap after GC invocations=29 (full 0):
 garbage-first heap   total 65536K, used 51198K [0x0000000080000000, 0x0000000100000000)
  region size 1024K, 1 young (1024K), 1 survivors (1024K)
 Metaspace       used 44188K, capacity 45440K, committed 45696K, reserved 1089536K
  class space    used 5561K, capacity 5974K, committed 6016K, reserved 1048576K
}
Event: 23.324 GC heap before
{Heap before GC invocations=30 (full 0):
 garbage-first heap   total 65536K, used 55294K [0x0000000080000000, 0x0000000100000000)
  region size 1024K, 5 young (5120K), 1 survivors (1024K)
 Metaspace       used 44450K, capacity 45711K, committed 45824K, reserved 1089536K
  class space    used 5592K, capacity 6044K, committed 6144K, reserved 1048576K
}
Event: 23.329 GC heap after
{Heap after GC invocations=31 (full 0):
 garbage-first heap   total 65536K, used 51634K [0x0000000080000000, 0x0000000100000000)
  region size 1024K, 1 young (1024K), 1 survivors (1024K)
 Metaspace       used 44450K, capacity 45711K, committed 45824K, reserved 1089536K
  class space    used 5592K, capacity 6044K, committed 6144K, reserved 1048576K
}

