# JRE version: OpenJDK Runtime Environment (11.0.10) (build 11.0.10+0-b96-7249189)
# Java VM: OpenJDK 64-Bit Server VM (11.0.10+0-b96-7249189, mixed mode, tiered, compressed oops, g1 gc, windows-amd64)
Heap:
 garbage-first heap   total 114688K, used 57238K [0x0000000080000000, 0x0000000100000000)
  region size 1024K, 14 young (14336K), 6 survivors (6144K)
 Metaspace       used 62661K, capacity 64229K, committed 64332K, reserved 1105920K
  class space    used 7919K, capacity 8485K, committed 8524K, reserved 1048576K
GC Heap History (20 events):
Event: 6.043 GC heap before
{Heap before GC invocations=9 (full 0):
 garbage-first heap   total 78848K, used 58123K [0x0000000080000000, 0x0000000100000000)
  region size 1024K, 42 young (43008K), 3 survivors (3072K)
 Metaspace       used 28246K, capacity 28956K, committed 29184K, reserved 1075200K
  class space    used 3757K, capacity 3996K, committed 4096K, reserved 1048576K
}
Event: 6.052 GC heap after
{Heap after GC invocations=10 (full 0):
 garbage-first heap   total 78848K, used 19435K [0x0000000080000000, 0x0000000100000000)
  region size 1024K, 4 young (4096K), 4 survivors (4096K)
 Metaspace       used 28246K, capacity 28956K, committed 29184K, reserved 1075200K
  class space    used 3757K, capacity 3996K, committed 4096K, reserved 1048576K
}
Event: 7.063 GC heap before
{Heap before GC invocations=10 (full 0):
 garbage-first heap   total 78848K, used 50155K [0x0000000080000000, 0x0000000100000000)
  region size 1024K, 35 young (35840K), 4 survivors (4096K)
 Metaspace       used 35051K, capacity 35833K, committed 35840K, reserved 1081344K
  class space    used 4536K, capacity 4864K, committed 4864K, reserved 1048576K
}
Event: 7.082 GC heap after
{Heap after GC invocations=11 (full 0):
 garbage-first heap   total 78848K, used 22222K [0x0000000080000000, 0x0000000100000000)
  region size 1024K, 6 young (6144K), 6 survivors (6144K)
 Metaspace       used 35051K, capacity 35833K, committed 35840K, reserved 1081344K
  class space    used 4536K, capacity 4864K, committed 4864K, reserved 1048576K
}
Event: 7.677 GC heap before
{Heap before GC invocations=12 (full 0):
 garbage-first heap   total 78848K, used 57038K [0x0000000080000000, 0x0000000100000000)
  region size 1024K, 41 young (41984K), 6 survivors (6144K)
 Metaspace       used 37319K, capacity 38254K, committed 38476K, reserved 1083392K
  class space    used 4831K, capacity 5175K, committed 5196K, reserved 1048576K
}
Event: 7.691 GC heap after
{Heap after GC invocations=13 (full 0):
 garbage-first heap   total 78848K, used 26067K [0x0000000080000000, 0x0000000100000000)
  region size 1024K, 6 young (6144K), 6 survivors (6144K)
 Metaspace       used 37319K, capacity 38254K, committed 38476K, reserved 1083392K
  class space    used 4831K, capacity 5175K, committed 5196K, reserved 1048576K
}
Event: 8.222 GC heap before
{Heap before GC invocations=13 (full 0):
 garbage-first heap   total 78848K, used 62931K [0x0000000080000000, 0x0000000100000000)
  region size 1024K, 39 young (39936K), 6 survivors (6144K)
 Metaspace       used 40034K, capacity 40997K, committed 41164K, reserved 1085440K
  class space    used 5134K, capacity 5492K, committed 5580K, reserved 1048576K
}
Event: 8.237 GC heap after
{Heap after GC invocations=14 (full 0):
 garbage-first heap   total 95232K, used 27777K [0x0000000080000000, 0x0000000100000000)
  region size 1024K, 3 young (3072K), 3 survivors (3072K)
 Metaspace       used 40034K, capacity 40997K, committed 41164K, reserved 1085440K
  class space    used 5134K, capacity 5492K, committed 5580K, reserved 1048576K
}
Event: 9.129 GC heap before
{Heap before GC invocations=14 (full 0):
 garbage-first heap   total 95232K, used 69761K [0x0000000080000000, 0x0000000100000000)
  region size 1024K, 44 young (45056K), 3 survivors (3072K)
 Metaspace       used 43957K, capacity 44939K, committed 45260K, reserved 1089536K
  class space    used 5634K, capacity 5970K, committed 6092K, reserved 1048576K
}
Event: 9.137 GC heap after
{Heap after GC invocations=15 (full 0):
 garbage-first heap   total 95232K, used 29027K [0x0000000080000000, 0x0000000100000000)
  region size 1024K, 4 young (4096K), 4 survivors (4096K)
 Metaspace       used 43957K, capacity 44939K, committed 45260K, reserved 1089536K
  class space    used 5634K, capacity 5970K, committed 6092K, reserved 1048576K
}
Event: 10.317 GC heap before
{Heap before GC invocations=15 (full 0):
 garbage-first heap   total 95232K, used 71011K [0x0000000080000000, 0x0000000100000000)
  region size 1024K, 46 young (47104K), 4 survivors (4096K)
 Metaspace       used 46784K, capacity 48028K, committed 48204K, reserved 1091584K
  class space    used 5980K, capacity 6421K, committed 6476K, reserved 1048576K
}
Event: 10.330 GC heap after
{Heap after GC invocations=16 (full 0):
 garbage-first heap   total 95232K, used 31841K [0x0000000080000000, 0x0000000100000000)
  region size 1024K, 5 young (5120K), 5 survivors (5120K)
 Metaspace       used 46784K, capacity 48028K, committed 48204K, reserved 1091584K
  class space    used 5980K, capacity 6421K, committed 6476K, reserved 1048576K
}
Event: 11.365 GC heap before
{Heap before GC invocations=16 (full 0):
 garbage-first heap   total 95232K, used 75873K [0x0000000080000000, 0x0000000100000000)
  region size 1024K, 45 young (46080K), 5 survivors (5120K)
 Metaspace       used 49787K, capacity 51106K, committed 51404K, reserved 1093632K
  class space    used 6337K, capacity 6793K, committed 6860K, reserved 1048576K
}
Event: 11.379 GC heap after
{Heap after GC invocations=17 (full 0):
 garbage-first heap   total 95232K, used 42891K [0x0000000080000000, 0x0000000100000000)
  region size 1024K, 6 young (6144K), 6 survivors (6144K)
 Metaspace       used 49787K, capacity 51106K, committed 51404K, reserved 1093632K
  class space    used 6337K, capacity 6793K, committed 6860K, reserved 1048576K
}
Event: 12.569 GC heap before
{Heap before GC invocations=17 (full 0):
 garbage-first heap   total 95232K, used 74635K [0x0000000080000000, 0x0000000100000000)
  region size 1024K, 37 young (37888K), 6 survivors (6144K)
 Metaspace       used 54571K, capacity 55970K, committed 56140K, reserved 1097728K
  class space    used 6903K, capacity 7367K, committed 7500K, reserved 1048576K
}
Event: 12.584 GC heap after
{Heap after GC invocations=18 (full 0):
 garbage-first heap   total 114688K, used 44352K [0x0000000080000000, 0x0000000100000000)
  region size 1024K, 2 young (2048K), 2 survivors (2048K)
 Metaspace       used 54571K, capacity 55970K, committed 56140K, reserved 1097728K
  class space    used 6903K, capacity 7367K, committed 7500K, reserved 1048576K
}
Event: 14.185 GC heap before
{Heap before GC invocations=18 (full 0):
 garbage-first heap   total 114688K, used 67904K [0x0000000080000000, 0x0000000100000000)
  region size 1024K, 26 young (26624K), 2 survivors (2048K)
 Metaspace       used 58667K, capacity 60169K, committed 60236K, reserved 1101824K
  class space    used 7426K, capacity 7996K, committed 8012K, reserved 1048576K
}
Event: 14.194 GC heap after
{Heap after GC invocations=19 (full 0):
 garbage-first heap   total 114688K, used 46012K [0x0000000080000000, 0x0000000100000000)
  region size 1024K, 3 young (3072K), 3 survivors (3072K)
 Metaspace       used 58667K, capacity 60169K, committed 60236K, reserved 1101824K
  class space    used 7426K, capacity 7996K, committed 8012K, reserved 1048576K
}
Event: 16.062 GC heap before
{Heap before GC invocations=20 (full 0):
 garbage-first heap   total 114688K, used 83900K [0x0000000080000000, 0x0000000100000000)
  region size 1024K, 41 young (41984K), 3 survivors (3072K)
 Metaspace       used 61984K, capacity 63494K, committed 63692K, reserved 1103872K
  class space    used 7826K, capacity 8351K, committed 8396K, reserved 1048576K
}
Event: 16.078 GC heap after
{Heap after GC invocations=21 (full 0):
 garbage-first heap   total 114688K, used 49046K [0x0000000080000000, 0x0000000100000000)
  region size 1024K, 6 young (6144K), 6 survivors (6144K)
 Metaspace       used 61984K, capacity 63494K, committed 63692K, reserved 1103872K
  class space    used 7826K, capacity 8351K, committed 8396K, reserved 1048576K
}

