# JRE version: OpenJDK Runtime Environment (11.0.10) (build 11.0.10+0-b96-7249189)
# Java VM: OpenJDK 64-Bit Server VM (11.0.10+0-b96-7249189, mixed mode, tiered, compressed oops, g1 gc, windows-amd64)
Heap:
 garbage-first heap   total 173056K, used 107982K [0x0000000080000000, 0x0000000100000000)
  region size 1024K, 18 young (18432K), 2 survivors (2048K)
 Metaspace       used 83568K, capacity 85768K, committed 85872K, reserved 1124352K
  class space    used 10733K, capacity 11528K, committed 11596K, reserved 1048576K
GC Heap History (20 events):
Event: 12.613 GC heap before
{Heap before GC invocations=17 (full 0):
 garbage-first heap   total 114688K, used 81332K [0x0000000080000000, 0x0000000100000000)
  region size 1024K, 42 young (43008K), 4 survivors (4096K)
 Metaspace       used 57644K, capacity 59141K, committed 59260K, reserved 1101824K
  class space    used 7310K, capacity 7846K, committed 7936K, reserved 1048576K
}
Event: 12.623 GC heap after
{Heap after GC invocations=18 (full 0):
 garbage-first heap   total 114688K, used 43721K [0x0000000080000000, 0x0000000100000000)
  region size 1024K, 5 young (5120K), 5 survivors (5120K)
 Metaspace       used 57644K, capacity 59141K, committed 59260K, reserved 1101824K
  class space    used 7310K, capacity 7846K, committed 7936K, reserved 1048576K
}
Event: 12.711 GC heap before
{Heap before GC invocations=18 (full 0):
 garbage-first heap   total 114688K, used 47817K [0x0000000080000000, 0x0000000100000000)
  region size 1024K, 10 young (10240K), 5 survivors (5120K)
 Metaspace       used 58327K, capacity 59829K, committed 59940K, reserved 1101824K
  class space    used 7382K, capacity 7926K, committed 7936K, reserved 1048576K
}
Event: 12.731 GC heap after
{Heap after GC invocations=19 (full 0):
 garbage-first heap   total 114688K, used 44744K [0x0000000080000000, 0x0000000100000000)
  region size 1024K, 3 young (3072K), 3 survivors (3072K)
 Metaspace       used 58327K, capacity 59829K, committed 59940K, reserved 1101824K
  class space    used 7382K, capacity 7926K, committed 7936K, reserved 1048576K
}
Event: 13.749 GC heap before
{Heap before GC invocations=20 (full 0):
 garbage-first heap   total 114688K, used 82632K [0x0000000080000000, 0x0000000100000000)
  region size 1024K, 41 young (41984K), 3 survivors (3072K)
 Metaspace       used 61973K, capacity 63429K, committed 63728K, reserved 1105920K
  class space    used 7828K, capacity 8351K, committed 8396K, reserved 1048576K
}
Event: 13.773 GC heap after
{Heap after GC invocations=21 (full 0):
 garbage-first heap   total 138240K, used 47751K [0x0000000080000000, 0x0000000100000000)
  region size 1024K, 6 young (6144K), 6 survivors (6144K)
 Metaspace       used 61973K, capacity 63429K, committed 63728K, reserved 1105920K
  class space    used 7828K, capacity 8351K, committed 8396K, reserved 1048576K
}
Event: 14.456 GC heap before
{Heap before GC invocations=22 (full 0):
 garbage-first heap   total 138240K, used 95879K [0x0000000080000000, 0x0000000100000000)
  region size 1024K, 53 young (54272K), 6 survivors (6144K)
 Metaspace       used 63772K, capacity 65360K, committed 65648K, reserved 1105920K
  class space    used 8096K, capacity 8667K, committed 8780K, reserved 1048576K
}
Event: 14.476 GC heap after
{Heap after GC invocations=23 (full 0):
 garbage-first heap   total 138240K, used 51367K [0x0000000080000000, 0x0000000100000000)
  region size 1024K, 7 young (7168K), 7 survivors (7168K)
 Metaspace       used 63772K, capacity 65360K, committed 65648K, reserved 1105920K
  class space    used 8096K, capacity 8667K, committed 8780K, reserved 1048576K
}
Event: 15.603 GC heap before
{Heap before GC invocations=23 (full 0):
 garbage-first heap   total 138240K, used 102567K [0x0000000080000000, 0x0000000100000000)
  region size 1024K, 57 young (58368K), 7 survivors (7168K)
 Metaspace       used 68570K, capacity 70234K, committed 70512K, reserved 1110016K
  class space    used 8862K, capacity 9432K, committed 9548K, reserved 1048576K
}
Event: 15.625 GC heap after
{Heap after GC invocations=24 (full 0):
 garbage-first heap   total 138240K, used 55062K [0x0000000080000000, 0x0000000100000000)
  region size 1024K, 7 young (7168K), 7 survivors (7168K)
 Metaspace       used 68570K, capacity 70234K, committed 70512K, reserved 1110016K
  class space    used 8862K, capacity 9432K, committed 9548K, reserved 1048576K
}
Event: 16.964 GC heap before
{Heap before GC invocations=24 (full 0):
 garbage-first heap   total 138240K, used 105238K [0x0000000080000000, 0x0000000100000000)
  region size 1024K, 56 young (57344K), 7 survivors (7168K)
 Metaspace       used 71808K, capacity 73503K, committed 73584K, reserved 1114112K
  class space    used 9372K, capacity 10007K, committed 10060K, reserved 1048576K
}
Event: 16.987 GC heap after
{Heap after GC invocations=25 (full 0):
 garbage-first heap   total 138240K, used 58433K [0x0000000080000000, 0x0000000100000000)
  region size 1024K, 7 young (7168K), 7 survivors (7168K)
 Metaspace       used 71808K, capacity 73503K, committed 73584K, reserved 1114112K
  class space    used 9372K, capacity 10007K, committed 10060K, reserved 1048576K
}
Event: 18.128 GC heap before
{Heap before GC invocations=25 (full 0):
 garbage-first heap   total 138240K, used 108609K [0x0000000080000000, 0x0000000100000000)
  region size 1024K, 56 young (57344K), 7 survivors (7168K)
 Metaspace       used 76239K, capacity 78030K, committed 78320K, reserved 1118208K
  class space    used 9929K, capacity 10599K, committed 10700K, reserved 1048576K
}
Event: 18.176 GC heap after
{Heap after GC invocations=26 (full 0):
 garbage-first heap   total 173056K, used 62464K [0x0000000080000000, 0x0000000100000000)
  region size 1024K, 7 young (7168K), 7 survivors (7168K)
 Metaspace       used 76239K, capacity 78030K, committed 78320K, reserved 1118208K
  class space    used 9929K, capacity 10599K, committed 10700K, reserved 1048576K
}
Event: 20.783 GC heap before
{Heap before GC invocations=26 (full 0):
 garbage-first heap   total 173056K, used 120832K [0x0000000080000000, 0x0000000100000000)
  region size 1024K, 65 young (66560K), 7 survivors (7168K)
 Metaspace       used 79007K, capacity 81047K, committed 81264K, reserved 1120256K
  class space    used 10332K, capacity 11066K, committed 11084K, reserved 1048576K
}
Event: 20.837 GC heap after
{Heap after GC invocations=27 (full 0):
 garbage-first heap   total 173056K, used 66883K [0x0000000080000000, 0x0000000100000000)
  region size 1024K, 9 young (9216K), 9 survivors (9216K)
 Metaspace       used 79007K, capacity 81047K, committed 81264K, reserved 1120256K
  class space    used 10332K, capacity 11066K, committed 11084K, reserved 1048576K
}
Event: 23.209 GC heap before
{Heap before GC invocations=27 (full 0):
 garbage-first heap   total 173056K, used 128323K [0x0000000080000000, 0x0000000100000000)
  region size 1024K, 70 young (71680K), 9 survivors (9216K)
 Metaspace       used 81216K, capacity 83279K, committed 83568K, reserved 1122304K
  class space    used 10522K, capacity 11281K, committed 11340K, reserved 1048576K
}
Event: 23.244 GC heap after
{Heap after GC invocations=28 (full 0):
 garbage-first heap   total 173056K, used 71161K [0x0000000080000000, 0x0000000100000000)
  region size 1024K, 9 young (9216K), 9 survivors (9216K)
 Metaspace       used 81216K, capacity 83279K, committed 83568K, reserved 1122304K
  class space    used 10522K, capacity 11281K, committed 11340K, reserved 1048576K
}
Event: 24.581 GC heap before
{Heap before GC invocations=28 (full 0):
 garbage-first heap   total 173056K, used 139769K [0x0000000080000000, 0x0000000100000000)
  region size 1024K, 74 young (75776K), 9 survivors (9216K)
 Metaspace       used 81854K, capacity 83886K, committed 84080K, reserved 1122304K
  class space    used 10557K, capacity 11287K, committed 11340K, reserved 1048576K
}
Event: 24.664 GC heap after
{Heap after GC invocations=29 (full 0):
 garbage-first heap   total 173056K, used 91672K [0x0000000080000000, 0x0000000100000000)
  region size 1024K, 10 young (10240K), 10 survivors (10240K)
 Metaspace       used 81854K, capacity 83886K, committed 84080K, reserved 1122304K
  class space    used 10557K, capacity 11287K, committed 11340K, reserved 1048576K
}

