# JRE version: OpenJDK Runtime Environment (11.0.10) (build 11.0.10+0-b96-7249189)
# Java VM: OpenJDK 64-Bit Server VM (11.0.10+0-b96-7249189, mixed mode, tiered, compressed oops, g1 gc, windows-amd64)
Heap:
 garbage-first heap   total 198656K, used 69327K [0x0000000080000000, 0x0000000100000000)
  region size 1024K, 4 young (4096K), 4 survivors (4096K)
 Metaspace       used 80255K, capacity 82355K, committed 82556K, reserved 1120256K
  class space    used 10453K, capacity 11235K, committed 11264K, reserved 1048576K
GC Heap History (20 events):
Event: 17.141 GC heap after
{Heap after GC invocations=28 (full 0):
 garbage-first heap   total 95232K, used 49271K [0x0000000080000000, 0x0000000100000000)
  region size 1024K, 3 young (3072K), 3 survivors (3072K)
 Metaspace       used 62320K, capacity 63820K, committed 63868K, reserved 1105920K
  class space    used 7894K, capacity 8417K, committed 8448K, reserved 1048576K
}
Event: 17.695 GC heap before
{Heap before GC invocations=29 (full 0):
 garbage-first heap   total 95232K, used 71799K [0x0000000080000000, 0x0000000100000000)
  region size 1024K, 24 young (24576K), 3 survivors (3072K)
 Metaspace       used 63261K, capacity 64811K, committed 65148K, reserved 1105920K
  class space    used 8040K, capacity 8591K, committed 8704K, reserved 1048576K
}
Event: 17.704 GC heap after
{Heap after GC invocations=30 (full 0):
 garbage-first heap   total 95232K, used 50245K [0x0000000080000000, 0x0000000100000000)
  region size 1024K, 2 young (2048K), 2 survivors (2048K)
 Metaspace       used 63261K, capacity 64811K, committed 65148K, reserved 1105920K
  class space    used 8040K, capacity 8591K, committed 8704K, reserved 1048576K
}
Event: 17.893 GC heap before
{Heap before GC invocations=30 (full 0):
 garbage-first heap   total 95232K, used 70725K [0x0000000080000000, 0x0000000100000000)
  region size 1024K, 23 young (23552K), 2 survivors (2048K)
 Metaspace       used 63636K, capacity 65230K, committed 65404K, reserved 1105920K
  class space    used 8083K, capacity 8667K, committed 8704K, reserved 1048576K
}
Event: 17.904 GC heap after
{Heap after GC invocations=31 (full 0):
 garbage-first heap   total 114688K, used 52518K [0x0000000080000000, 0x0000000100000000)
  region size 1024K, 3 young (3072K), 3 survivors (3072K)
 Metaspace       used 63636K, capacity 65230K, committed 65404K, reserved 1105920K
  class space    used 8083K, capacity 8667K, committed 8704K, reserved 1048576K
}
Event: 18.760 GC heap before
{Heap before GC invocations=32 (full 0):
 garbage-first heap   total 114688K, used 80166K [0x0000000080000000, 0x0000000100000000)
  region size 1024K, 30 young (30720K), 3 survivors (3072K)
 Metaspace       used 67279K, capacity 68952K, committed 69116K, reserved 1110016K
  class space    used 8704K, capacity 9287K, committed 9344K, reserved 1048576K
}
Event: 18.773 GC heap after
{Heap after GC invocations=33 (full 0):
 garbage-first heap   total 114688K, used 54357K [0x0000000080000000, 0x0000000100000000)
  region size 1024K, 4 young (4096K), 4 survivors (4096K)
 Metaspace       used 67279K, capacity 68952K, committed 69116K, reserved 1110016K
  class space    used 8704K, capacity 9287K, committed 9344K, reserved 1048576K
}
Event: 19.127 GC heap before
{Heap before GC invocations=33 (full 0):
 garbage-first heap   total 114688K, used 82005K [0x0000000080000000, 0x0000000100000000)
  region size 1024K, 31 young (31744K), 4 survivors (4096K)
 Metaspace       used 68547K, capacity 70171K, committed 70268K, reserved 1110016K
  class space    used 8862K, capacity 9432K, committed 9472K, reserved 1048576K
}
Event: 19.141 GC heap after
{Heap after GC invocations=34 (full 0):
 garbage-first heap   total 114688K, used 56236K [0x0000000080000000, 0x0000000100000000)
  region size 1024K, 4 young (4096K), 4 survivors (4096K)
 Metaspace       used 68547K, capacity 70171K, committed 70268K, reserved 1110016K
  class space    used 8862K, capacity 9432K, committed 9472K, reserved 1048576K
}
Event: 19.590 GC heap before
{Heap before GC invocations=34 (full 0):
 garbage-first heap   total 114688K, used 84908K [0x0000000080000000, 0x0000000100000000)
  region size 1024K, 32 young (32768K), 4 survivors (4096K)
 Metaspace       used 69635K, capacity 71298K, committed 71548K, reserved 1112064K
  class space    used 9029K, capacity 9633K, committed 9728K, reserved 1048576K
}
Event: 19.611 GC heap after
{Heap after GC invocations=35 (full 0):
 garbage-first heap   total 114688K, used 58452K [0x0000000080000000, 0x0000000100000000)
  region size 1024K, 4 young (4096K), 4 survivors (4096K)
 Metaspace       used 69635K, capacity 71298K, committed 71548K, reserved 1112064K
  class space    used 9029K, capacity 9633K, committed 9728K, reserved 1048576K
}
Event: 20.326 GC heap before
{Heap before GC invocations=36 (full 0):
 garbage-first heap   total 114688K, used 87124K [0x0000000080000000, 0x0000000100000000)
  region size 1024K, 32 young (32768K), 4 survivors (4096K)
 Metaspace       used 72749K, capacity 74485K, committed 74620K, reserved 1114112K
  class space    used 9507K, capacity 10154K, committed 10240K, reserved 1048576K
}
Event: 20.352 GC heap after
{Heap after GC invocations=37 (full 0):
 garbage-first heap   total 143360K, used 59741K [0x0000000080000000, 0x0000000100000000)
  region size 1024K, 2 young (2048K), 2 survivors (2048K)
 Metaspace       used 72749K, capacity 74485K, committed 74620K, reserved 1114112K
  class space    used 9507K, capacity 10154K, committed 10240K, reserved 1048576K
}
Event: 21.259 GC heap before
{Heap before GC invocations=37 (full 0):
 garbage-first heap   total 143360K, used 98653K [0x0000000080000000, 0x0000000100000000)
  region size 1024K, 40 young (40960K), 2 survivors (2048K)
 Metaspace       used 76092K, capacity 77865K, committed 78076K, reserved 1116160K
  class space    used 9913K, capacity 10566K, committed 10624K, reserved 1048576K
}
Event: 21.276 GC heap after
{Heap after GC invocations=38 (full 0):
 garbage-first heap   total 143360K, used 63090K [0x0000000080000000, 0x0000000100000000)
  region size 1024K, 5 young (5120K), 5 survivors (5120K)
 Metaspace       used 76092K, capacity 77865K, committed 78076K, reserved 1116160K
  class space    used 9913K, capacity 10566K, committed 10624K, reserved 1048576K
}
Event: 22.620 GC heap before
{Heap before GC invocations=38 (full 0):
 garbage-first heap   total 143360K, used 104050K [0x0000000080000000, 0x0000000100000000)
  region size 1024K, 46 young (47104K), 5 survivors (5120K)
 Metaspace       used 78839K, capacity 80867K, committed 81148K, reserved 1120256K
  class space    used 10350K, capacity 11097K, committed 11136K, reserved 1048576K
}
Event: 22.659 GC heap after
{Heap after GC invocations=39 (full 0):
 garbage-first heap   total 143360K, used 65956K [0x0000000080000000, 0x0000000100000000)
  region size 1024K, 4 young (4096K), 4 survivors (4096K)
 Metaspace       used 78839K, capacity 80867K, committed 81148K, reserved 1120256K
  class space    used 10350K, capacity 11097K, committed 11136K, reserved 1048576K
}
Event: 23.847 GC heap before
{Heap before GC invocations=39 (full 0):
 garbage-first heap   total 143360K, used 106916K [0x0000000080000000, 0x0000000100000000)
  region size 1024K, 45 young (46080K), 4 survivors (4096K)
 Metaspace       used 79256K, capacity 81281K, committed 81404K, reserved 1120256K
  class space    used 10365K, capacity 11115K, committed 11136K, reserved 1048576K
}
Event: 23.861 GC heap after
{Heap after GC invocations=40 (full 0):
 garbage-first heap   total 143360K, used 68428K [0x0000000080000000, 0x0000000100000000)
  region size 1024K, 6 young (6144K), 6 survivors (6144K)
 Metaspace       used 79256K, capacity 81281K, committed 81404K, reserved 1120256K
  class space    used 10365K, capacity 11115K, committed 11136K, reserved 1048576K
}
Event: 24.180 GC heap before
{Heap before GC invocations=40 (full 0):
 garbage-first heap   total 143360K, used 84812K [0x0000000080000000, 0x0000000100000000)
  region size 1024K, 24 young (24576K), 6 survivors (6144K)
 Metaspace       used 80255K, capacity 82355K, committed 82556K, reserved 1120256K
  class space    used 10453K, capacity 11235K, committed 11264K, reserved 1048576K
}

