# JRE version: OpenJDK Runtime Environment (11.0.10) (build 11.0.10+0-b96-7249189)
# Java VM: OpenJDK 64-Bit Server VM (11.0.10+0-b96-7249189, mixed mode, tiered, compressed oops, g1 gc, windows-amd64)
Heap:
 garbage-first heap   total 65536K, used 30349K [0x0000000080000000, 0x0000000100000000)
  region size 1024K, 16 young (16384K), 2 survivors (2048K)
 Metaspace       used 22018K, capacity 22624K, committed 22784K, reserved 1069056K
  class space    used 2769K, capacity 2979K, committed 3072K, reserved 1048576K
GC Heap History (12 events):
Event: 2.766 GC heap before
{Heap before GC invocations=0 (full 0):
 garbage-first heap   total 65536K, used 19456K [0x0000000080000000, 0x0000000100000000)
  region size 1024K, 14 young (14336K), 0 survivors (0K)
 Metaspace       used 6742K, capacity 6925K, committed 7168K, reserved 1056768K
  class space    used 582K, capacity 650K, committed 768K, reserved 1048576K
}
Event: 2.777 GC heap after
{Heap after GC invocations=1 (full 0):
 garbage-first heap   total 65536K, used 7814K [0x0000000080000000, 0x0000000100000000)
  region size 1024K, 2 young (2048K), 2 survivors (2048K)
 Metaspace       used 6742K, capacity 6925K, committed 7168K, reserved 1056768K
  class space    used 582K, capacity 650K, committed 768K, reserved 1048576K
}
Event: 3.729 GC heap before
{Heap before GC invocations=1 (full 0):
 garbage-first heap   total 65536K, used 19078K [0x0000000080000000, 0x0000000100000000)
  region size 1024K, 13 young (13312K), 2 survivors (2048K)
 Metaspace       used 9860K, capacity 10054K, committed 10112K, reserved 1058816K
  class space    used 1022K, capacity 1102K, committed 1152K, reserved 1048576K
}
Event: 3.739 GC heap after
{Heap after GC invocations=2 (full 0):
 garbage-first heap   total 65536K, used 9020K [0x0000000080000000, 0x0000000100000000)
  region size 1024K, 2 young (2048K), 2 survivors (2048K)
 Metaspace       used 9860K, capacity 10054K, committed 10112K, reserved 1058816K
  class space    used 1022K, capacity 1102K, committed 1152K, reserved 1048576K
}
Event: 4.989 GC heap before
{Heap before GC invocations=2 (full 0):
 garbage-first heap   total 65536K, used 31548K [0x0000000080000000, 0x0000000100000000)
  region size 1024K, 24 young (24576K), 2 survivors (2048K)
 Metaspace       used 10780K, capacity 11007K, committed 11264K, reserved 1058816K
  class space    used 1123K, capacity 1206K, committed 1280K, reserved 1048576K
}
Event: 4.995 GC heap after
{Heap after GC invocations=3 (full 0):
 garbage-first heap   total 65536K, used 9554K [0x0000000080000000, 0x0000000100000000)
  region size 1024K, 2 young (2048K), 2 survivors (2048K)
 Metaspace       used 10780K, capacity 11007K, committed 11264K, reserved 1058816K
  class space    used 1123K, capacity 1206K, committed 1280K, reserved 1048576K
}
Event: 6.755 GC heap before
{Heap before GC invocations=3 (full 0):
 garbage-first heap   total 65536K, used 42322K [0x0000000080000000, 0x0000000100000000)
  region size 1024K, 34 young (34816K), 2 survivors (2048K)
 Metaspace       used 14136K, capacity 14449K, committed 14592K, reserved 1062912K
  class space    used 1600K, capacity 1716K, committed 1792K, reserved 1048576K
}
Event: 6.800 GC heap after
{Heap after GC invocations=4 (full 0):
 garbage-first heap   total 65536K, used 14961K [0x0000000080000000, 0x0000000100000000)
  region size 1024K, 5 young (5120K), 5 survivors (5120K)
 Metaspace       used 14136K, capacity 14449K, committed 14592K, reserved 1062912K
  class space    used 1600K, capacity 1716K, committed 1792K, reserved 1048576K
}
Event: 9.762 GC heap before
{Heap before GC invocations=4 (full 0):
 garbage-first heap   total 65536K, used 42609K [0x0000000080000000, 0x0000000100000000)
  region size 1024K, 32 young (32768K), 5 survivors (5120K)
 Metaspace       used 19175K, capacity 19583K, committed 19712K, reserved 1067008K
  class space    used 2316K, capacity 2447K, committed 2560K, reserved 1048576K
}
Event: 9.771 GC heap after
{Heap after GC invocations=5 (full 0):
 garbage-first heap   total 65536K, used 16756K [0x0000000080000000, 0x0000000100000000)
  region size 1024K, 2 young (2048K), 2 survivors (2048K)
 Metaspace       used 19175K, capacity 19583K, committed 19712K, reserved 1067008K
  class space    used 2316K, capacity 2447K, committed 2560K, reserved 1048576K
}
Event: 10.507 GC heap before
{Heap before GC invocations=5 (full 0):
 garbage-first heap   total 65536K, used 28020K [0x0000000080000000, 0x0000000100000000)
  region size 1024K, 14 young (14336K), 2 survivors (2048K)
 Metaspace       used 20591K, capacity 21121K, committed 21248K, reserved 1067008K
  class space    used 2510K, capacity 2731K, committed 2816K, reserved 1048576K
}
Event: 10.515 GC heap after
{Heap after GC invocations=6 (full 0):
 garbage-first heap   total 65536K, used 17037K [0x0000000080000000, 0x0000000100000000)
  region size 1024K, 2 young (2048K), 2 survivors (2048K)
 Metaspace       used 20591K, capacity 21121K, committed 21248K, reserved 1067008K
  class space    used 2510K, capacity 2731K, committed 2816K, reserved 1048576K
}

