# JRE version: OpenJDK Runtime Environment (11.0.10) (build 11.0.10+0-b96-7249189)
# Java VM: OpenJDK 64-Bit Server VM (11.0.10+0-b96-7249189, mixed mode, tiered, compressed oops, g1 gc, windows-amd64)
Heap:
 garbage-first heap   total 95232K, used 54825K [0x0000000080000000, 0x0000000100000000)
  region size 1024K, 32 young (32768K), 4 survivors (4096K)
 Metaspace       used 41584K, capacity 42490K, committed 42544K, reserved 1085440K
  class space    used 5357K, capacity 5706K, committed 5760K, reserved 1048576K
GC Heap History (20 events):
Event: 1.417 GC heap before
{Heap before GC invocations=1 (full 0):
 garbage-first heap   total 65536K, used 19039K [0x0000000080000000, 0x0000000100000000)
  region size 1024K, 14 young (14336K), 2 survivors (2048K)
 Metaspace       used 9867K, capacity 10054K, committed 10112K, reserved 1058816K
  class space    used 1021K, capacity 1102K, committed 1152K, reserved 1048576K
}
Event: 1.423 GC heap after
{Heap after GC invocations=2 (full 0):
 garbage-first heap   total 65536K, used 9686K [0x0000000080000000, 0x0000000100000000)
  region size 1024K, 2 young (2048K), 2 survivors (2048K)
 Metaspace       used 9867K, capacity 10054K, committed 10112K, reserved 1058816K
  class space    used 1021K, capacity 1102K, committed 1152K, reserved 1048576K
}
Event: 2.300 GC heap before
{Heap before GC invocations=2 (full 0):
 garbage-first heap   total 65536K, used 45526K [0x0000000080000000, 0x0000000100000000)
  region size 1024K, 37 young (37888K), 2 survivors (2048K)
 Metaspace       used 10857K, capacity 11135K, committed 11264K, reserved 1058816K
  class space    used 1125K, capacity 1206K, committed 1280K, reserved 1048576K
}
Event: 2.308 GC heap after
{Heap after GC invocations=3 (full 0):
 garbage-first heap   total 65536K, used 13827K [0x0000000080000000, 0x0000000100000000)
  region size 1024K, 5 young (5120K), 5 survivors (5120K)
 Metaspace       used 10857K, capacity 11135K, committed 11264K, reserved 1058816K
  class space    used 1125K, capacity 1206K, committed 1280K, reserved 1048576K
}
Event: 4.195 GC heap before
{Heap before GC invocations=3 (full 0):
 garbage-first heap   total 65536K, used 44547K [0x0000000080000000, 0x0000000100000000)
  region size 1024K, 35 young (35840K), 5 survivors (5120K)
 Metaspace       used 17397K, capacity 17834K, committed 18048K, reserved 1064960K
  class space    used 2014K, capacity 2172K, committed 2176K, reserved 1048576K
}
Event: 4.203 GC heap after
{Heap after GC invocations=4 (full 0):
 garbage-first heap   total 65536K, used 16468K [0x0000000080000000, 0x0000000100000000)
  region size 1024K, 3 young (3072K), 3 survivors (3072K)
 Metaspace       used 17397K, capacity 17834K, committed 18048K, reserved 1064960K
  class space    used 2014K, capacity 2172K, committed 2176K, reserved 1048576K
}
Event: 4.603 GC heap before
{Heap before GC invocations=4 (full 0):
 garbage-first heap   total 65536K, used 45140K [0x0000000080000000, 0x0000000100000000)
  region size 1024K, 32 young (32768K), 3 survivors (3072K)
 Metaspace       used 20648K, capacity 21154K, committed 21296K, reserved 1069056K
  class space    used 2513K, capacity 2688K, committed 2688K, reserved 1048576K
}
Event: 4.613 GC heap after
{Heap after GC invocations=5 (full 0):
 garbage-first heap   total 65536K, used 17289K [0x0000000080000000, 0x0000000100000000)
  region size 1024K, 1 young (1024K), 1 survivors (1024K)
 Metaspace       used 20648K, capacity 21154K, committed 21296K, reserved 1069056K
  class space    used 2513K, capacity 2688K, committed 2688K, reserved 1048576K
}
Event: 5.096 GC heap before
{Heap before GC invocations=6 (full 0):
 garbage-first heap   total 65536K, used 46985K [0x0000000080000000, 0x0000000100000000)
  region size 1024K, 31 young (31744K), 1 survivors (1024K)
 Metaspace       used 23518K, capacity 24085K, committed 24240K, reserved 1071104K
  class space    used 2995K, capacity 3222K, committed 3328K, reserved 1048576K
}
Event: 5.101 GC heap after
{Heap after GC invocations=7 (full 0):
 garbage-first heap   total 78848K, used 18171K [0x0000000080000000, 0x0000000100000000)
  region size 1024K, 2 young (2048K), 2 survivors (2048K)
 Metaspace       used 23518K, capacity 24085K, committed 24240K, reserved 1071104K
  class space    used 2995K, capacity 3222K, committed 3328K, reserved 1048576K
}
Event: 5.613 GC heap before
{Heap before GC invocations=7 (full 0):
 garbage-first heap   total 78848K, used 52987K [0x0000000080000000, 0x0000000100000000)
  region size 1024K, 36 young (36864K), 2 survivors (2048K)
 Metaspace       used 26657K, capacity 27267K, committed 27568K, reserved 1073152K
  class space    used 3513K, capacity 3755K, committed 3840K, reserved 1048576K
}
Event: 5.620 GC heap after
{Heap after GC invocations=8 (full 0):
 garbage-first heap   total 78848K, used 19337K [0x0000000080000000, 0x0000000100000000)
  region size 1024K, 3 young (3072K), 3 survivors (3072K)
 Metaspace       used 26657K, capacity 27267K, committed 27568K, reserved 1073152K
  class space    used 3513K, capacity 3755K, committed 3840K, reserved 1048576K
}
Event: 6.299 GC heap before
{Heap before GC invocations=8 (full 0):
 garbage-first heap   total 78848K, used 55177K [0x0000000080000000, 0x0000000100000000)
  region size 1024K, 38 young (38912K), 3 survivors (3072K)
 Metaspace       used 30970K, capacity 31654K, committed 31792K, reserved 1077248K
  class space    used 4142K, capacity 4407K, committed 4480K, reserved 1048576K
}
Event: 6.307 GC heap after
{Heap after GC invocations=9 (full 0):
 garbage-first heap   total 78848K, used 21155K [0x0000000080000000, 0x0000000100000000)
  region size 1024K, 4 young (4096K), 4 survivors (4096K)
 Metaspace       used 30970K, capacity 31654K, committed 31792K, reserved 1077248K
  class space    used 4142K, capacity 4407K, committed 4480K, reserved 1048576K
}
Event: 6.628 GC heap before
{Heap before GC invocations=9 (full 0):
 garbage-first heap   total 78848K, used 31395K [0x0000000080000000, 0x0000000100000000)
  region size 1024K, 16 young (16384K), 4 survivors (4096K)
 Metaspace       used 34821K, capacity 35610K, committed 35708K, reserved 1081344K
  class space    used 4531K, capacity 4832K, committed 4864K, reserved 1048576K
}
Event: 6.645 GC heap after
{Heap after GC invocations=10 (full 0):
 garbage-first heap   total 78848K, used 23156K [0x0000000080000000, 0x0000000100000000)
  region size 1024K, 4 young (4096K), 4 survivors (4096K)
 Metaspace       used 34821K, capacity 35610K, committed 35708K, reserved 1081344K
  class space    used 4531K, capacity 4832K, committed 4864K, reserved 1048576K
}
Event: 7.212 GC heap before
{Heap before GC invocations=11 (full 0):
 garbage-first heap   total 78848K, used 50804K [0x0000000080000000, 0x0000000100000000)
  region size 1024K, 32 young (32768K), 4 survivors (4096K)
 Metaspace       used 36946K, capacity 37806K, committed 38064K, reserved 1083392K
  class space    used 4776K, capacity 5091K, committed 5120K, reserved 1048576K
}
Event: 7.223 GC heap after
{Heap after GC invocations=12 (full 0):
 garbage-first heap   total 78848K, used 25559K [0x0000000080000000, 0x0000000100000000)
  region size 1024K, 4 young (4096K), 4 survivors (4096K)
 Metaspace       used 36946K, capacity 37806K, committed 38064K, reserved 1083392K
  class space    used 4776K, capacity 5091K, committed 5120K, reserved 1048576K
}
Event: 7.623 GC heap before
{Heap before GC invocations=13 (full 0):
 garbage-first heap   total 78848K, used 57303K [0x0000000080000000, 0x0000000100000000)
  region size 1024K, 32 young (32768K), 4 survivors (4096K)
 Metaspace       used 38912K, capacity 39827K, committed 40112K, reserved 1083392K
  class space    used 4969K, capacity 5315K, committed 5376K, reserved 1048576K
}
Event: 7.638 GC heap after
{Heap after GC invocations=14 (full 0):
 garbage-first heap   total 95232K, used 27177K [0x0000000080000000, 0x0000000100000000)
  region size 1024K, 4 young (4096K), 4 survivors (4096K)
 Metaspace       used 38912K, capacity 39827K, committed 40112K, reserved 1083392K
  class space    used 4969K, capacity 5315K, committed 5376K, reserved 1048576K
}

