# JRE version: OpenJDK Runtime Environment (11.0.10) (build 11.0.10+0-b96-7249189)
# Java VM: OpenJDK 64-Bit Server VM (11.0.10+0-b96-7249189, mixed mode, tiered, compressed oops, g1 gc, windows-amd64)
Heap:
 garbage-first heap   total 266240K, used 106484K [0x0000000080000000, 0x0000000100000000)
  region size 1024K, 10 young (10240K), 10 survivors (10240K)
 Metaspace       used 101931K, capacity 104643K, committed 104832K, reserved 1140736K
  class space    used 13216K, capacity 14198K, committed 14208K, reserved 1048576K
GC Heap History (20 events):
Event: 19.121 GC heap after
{Heap after GC invocations=47 (full 0):
 garbage-first heap   total 150528K, used 75111K [0x0000000080000000, 0x0000000100000000)
  region size 1024K, 6 young (6144K), 6 survivors (6144K)
 Metaspace       used 67772K, capacity 69742K, committed 70016K, reserved 1110016K
  class space    used 8654K, capacity 9316K, committed 9344K, reserved 1048576K
}
Event: 20.426 GC heap before
{Heap before GC invocations=48 (full 0):
 garbage-first heap   total 150528K, used 89447K [0x0000000080000000, 0x0000000100000000)
  region size 1024K, 21 young (21504K), 6 survivors (6144K)
 Metaspace       used 69051K, capacity 70966K, committed 71296K, reserved 1112064K
  class space    used 8829K, capacity 9488K, committed 9600K, reserved 1048576K
}
Event: 20.471 GC heap after
{Heap after GC invocations=49 (full 0):
 garbage-first heap   total 181248K, used 77017K [0x0000000080000000, 0x0000000100000000)
  region size 1024K, 2 young (2048K), 2 survivors (2048K)
 Metaspace       used 69051K, capacity 70966K, committed 71296K, reserved 1112064K
  class space    used 8829K, capacity 9488K, committed 9600K, reserved 1048576K
}
Event: 21.102 GC heap before
{Heap before GC invocations=50 (full 0):
 garbage-first heap   total 181248K, used 120025K [0x0000000080000000, 0x0000000100000000)
  region size 1024K, 43 young (44032K), 2 survivors (2048K)
 Metaspace       used 70552K, capacity 72561K, committed 72832K, reserved 1112064K
  class space    used 9036K, capacity 9736K, committed 9856K, reserved 1048576K
}
Event: 21.112 GC heap after
{Heap after GC invocations=51 (full 0):
 garbage-first heap   total 181248K, used 79717K [0x0000000080000000, 0x0000000100000000)
  region size 1024K, 5 young (5120K), 5 survivors (5120K)
 Metaspace       used 70552K, capacity 72561K, committed 72832K, reserved 1112064K
  class space    used 9036K, capacity 9736K, committed 9856K, reserved 1048576K
}
Event: 22.050 GC heap before
{Heap before GC invocations=51 (full 0):
 garbage-first heap   total 181248K, used 123749K [0x0000000080000000, 0x0000000100000000)
  region size 1024K, 48 young (49152K), 5 survivors (5120K)
 Metaspace       used 75268K, capacity 77295K, committed 77440K, reserved 1116160K
  class space    used 9788K, capacity 10499K, committed 10624K, reserved 1048576K
}
Event: 22.073 GC heap after
{Heap after GC invocations=52 (full 0):
 garbage-first heap   total 181248K, used 82595K [0x0000000080000000, 0x0000000100000000)
  region size 1024K, 3 young (3072K), 3 survivors (3072K)
 Metaspace       used 75268K, capacity 77295K, committed 77440K, reserved 1116160K
  class space    used 9788K, capacity 10499K, committed 10624K, reserved 1048576K
}
Event: 22.696 GC heap before
{Heap before GC invocations=52 (full 0):
 garbage-first heap   total 181248K, used 129699K [0x0000000080000000, 0x0000000100000000)
  region size 1024K, 49 young (50176K), 3 survivors (3072K)
 Metaspace       used 76820K, capacity 78878K, committed 79104K, reserved 1118208K
  class space    used 10039K, capacity 10751K, committed 10752K, reserved 1048576K
}
Event: 22.706 GC heap after
{Heap after GC invocations=53 (full 0):
 garbage-first heap   total 181248K, used 84720K [0x0000000080000000, 0x0000000100000000)
  region size 1024K, 5 young (5120K), 5 survivors (5120K)
 Metaspace       used 76820K, capacity 78878K, committed 79104K, reserved 1118208K
  class space    used 10039K, capacity 10751K, committed 10752K, reserved 1048576K
}
Event: 23.784 GC heap before
{Heap before GC invocations=53 (full 0):
 garbage-first heap   total 181248K, used 132848K [0x0000000080000000, 0x0000000100000000)
  region size 1024K, 52 young (53248K), 5 survivors (5120K)
 Metaspace       used 80162K, capacity 82373K, committed 82560K, reserved 1120256K
  class space    used 10485K, capacity 11265K, committed 11392K, reserved 1048576K
}
Event: 23.803 GC heap after
{Heap after GC invocations=54 (full 0):
 garbage-first heap   total 181248K, used 87699K [0x0000000080000000, 0x0000000100000000)
  region size 1024K, 6 young (6144K), 6 survivors (6144K)
 Metaspace       used 80162K, capacity 82373K, committed 82560K, reserved 1120256K
  class space    used 10485K, capacity 11265K, committed 11392K, reserved 1048576K
}
Event: 24.063 GC heap before
{Heap before GC invocations=54 (full 0):
 garbage-first heap   total 181248K, used 105107K [0x0000000080000000, 0x0000000100000000)
  region size 1024K, 25 young (25600K), 6 survivors (6144K)
 Metaspace       used 81459K, capacity 83681K, committed 83968K, reserved 1122304K
  class space    used 10637K, capacity 11423K, committed 11520K, reserved 1048576K
}
Event: 24.080 GC heap after
{Heap after GC invocations=55 (full 0):
 garbage-first heap   total 221184K, used 89650K [0x0000000080000000, 0x0000000100000000)
  region size 1024K, 5 young (5120K), 5 survivors (5120K)
 Metaspace       used 81459K, capacity 83681K, committed 83968K, reserved 1122304K
  class space    used 10637K, capacity 11423K, committed 11520K, reserved 1048576K
}
Event: 26.037 GC heap before
{Heap before GC invocations=56 (full 0):
 garbage-first heap   total 221184K, used 152114K [0x0000000080000000, 0x0000000100000000)
  region size 1024K, 65 young (66560K), 5 survivors (5120K)
 Metaspace       used 89284K, capacity 91622K, committed 91776K, reserved 1128448K
  class space    used 11568K, capacity 12346K, committed 12416K, reserved 1048576K
}
Event: 26.058 GC heap after
{Heap after GC invocations=57 (full 0):
 garbage-first heap   total 221184K, used 92208K [0x0000000080000000, 0x0000000100000000)
  region size 1024K, 8 young (8192K), 8 survivors (8192K)
 Metaspace       used 89284K, capacity 91622K, committed 91776K, reserved 1128448K
  class space    used 11568K, capacity 12346K, committed 12416K, reserved 1048576K
}
Event: 28.443 GC heap before
{Heap before GC invocations=57 (full 0):
 garbage-first heap   total 221184K, used 160816K [0x0000000080000000, 0x0000000100000000)
  region size 1024K, 76 young (77824K), 8 survivors (8192K)
 Metaspace       used 91514K, capacity 94031K, committed 94208K, reserved 1130496K
  class space    used 11827K, capacity 12700K, committed 12800K, reserved 1048576K
}
Event: 28.476 GC heap after
{Heap after GC invocations=58 (full 0):
 garbage-first heap   total 221184K, used 96842K [0x0000000080000000, 0x0000000100000000)
  region size 1024K, 9 young (9216K), 9 survivors (9216K)
 Metaspace       used 91514K, capacity 94031K, committed 94208K, reserved 1130496K
  class space    used 11827K, capacity 12700K, committed 12800K, reserved 1048576K
}
Event: 30.157 GC heap before
{Heap before GC invocations=58 (full 0):
 garbage-first heap   total 221184K, used 177738K [0x0000000080000000, 0x0000000100000000)
  region size 1024K, 89 young (91136K), 9 survivors (9216K)
 Metaspace       used 96951K, capacity 99580K, committed 99712K, reserved 1136640K
  class space    used 12519K, capacity 13414K, committed 13440K, reserved 1048576K
}
Event: 30.201 GC heap after
{Heap after GC invocations=59 (full 0):
 garbage-first heap   total 221184K, used 101106K [0x0000000080000000, 0x0000000100000000)
  region size 1024K, 9 young (9216K), 9 survivors (9216K)
 Metaspace       used 96951K, capacity 99580K, committed 99712K, reserved 1136640K
  class space    used 12519K, capacity 13414K, committed 13440K, reserved 1048576K
}
Event: 31.560 GC heap before
{Heap before GC invocations=59 (full 0):
 garbage-first heap   total 221184K, used 178930K [0x0000000080000000, 0x0000000100000000)
  region size 1024K, 85 young (87040K), 9 survivors (9216K)
 Metaspace       used 101931K, capacity 104643K, committed 104832K, reserved 1140736K
  class space    used 13216K, capacity 14198K, committed 14208K, reserved 1048576K
}

