# JRE version: OpenJDK Runtime Environment (11.0.10) (build 11.0.10+0-b96-7249189)
# Java VM: OpenJDK 64-Bit Server VM (11.0.10+0-b96-7249189, mixed mode, tiered, compressed oops, g1 gc, windows-amd64)
Heap:
 garbage-first heap   total 138240K, used 54456K [0x0000000080000000, 0x0000000100000000)
  region size 1024K, 3 young (3072K), 3 survivors (3072K)
 Metaspace       used 67557K, capacity 69185K, committed 69360K, reserved 1110016K
  class space    used 8731K, capacity 9321K, committed 9420K, reserved 1048576K
GC Heap History (20 events):
Event: 8.445 GC heap after
{Heap after GC invocations=11 (full 0):
 garbage-first heap   total 78848K, used 22380K [0x0000000080000000, 0x0000000100000000)
  region size 1024K, 4 young (4096K), 4 survivors (4096K)
 Metaspace       used 34830K, capacity 35638K, committed 35708K, reserved 1081344K
  class space    used 4531K, capacity 4864K, committed 4864K, reserved 1048576K
}
Event: 9.605 GC heap before
{Heap before GC invocations=12 (full 0):
 garbage-first heap   total 78848K, used 52076K [0x0000000080000000, 0x0000000100000000)
  region size 1024K, 33 young (33792K), 4 survivors (4096K)
 Metaspace       used 37091K, capacity 37974K, committed 38140K, reserved 1083392K
  class space    used 4797K, capacity 5126K, committed 5248K, reserved 1048576K
}
Event: 9.618 GC heap after
{Heap after GC invocations=13 (full 0):
 garbage-first heap   total 95232K, used 24309K [0x0000000080000000, 0x0000000100000000)
  region size 1024K, 5 young (5120K), 5 survivors (5120K)
 Metaspace       used 37091K, capacity 37974K, committed 38140K, reserved 1083392K
  class space    used 4797K, capacity 5126K, committed 5248K, reserved 1048576K
}
Event: 10.296 GC heap before
{Heap before GC invocations=13 (full 0):
 garbage-first heap   total 95232K, used 62197K [0x0000000080000000, 0x0000000100000000)
  region size 1024K, 39 young (39936K), 5 survivors (5120K)
 Metaspace       used 39623K, capacity 40526K, committed 40700K, reserved 1085440K
  class space    used 5059K, capacity 5422K, committed 5504K, reserved 1048576K
}
Event: 10.307 GC heap after
{Heap after GC invocations=14 (full 0):
 garbage-first heap   total 95232K, used 26288K [0x0000000080000000, 0x0000000100000000)
  region size 1024K, 5 young (5120K), 5 survivors (5120K)
 Metaspace       used 39623K, capacity 40526K, committed 40700K, reserved 1085440K
  class space    used 5059K, capacity 5422K, committed 5504K, reserved 1048576K
}
Event: 11.007 GC heap before
{Heap before GC invocations=14 (full 0):
 garbage-first heap   total 95232K, used 67248K [0x0000000080000000, 0x0000000100000000)
  region size 1024K, 44 young (45056K), 5 survivors (5120K)
 Metaspace       used 43452K, capacity 44523K, committed 44796K, reserved 1087488K
  class space    used 5539K, capacity 5896K, committed 6016K, reserved 1048576K
}
Event: 11.022 GC heap after
{Heap after GC invocations=15 (full 0):
 garbage-first heap   total 95232K, used 27720K [0x0000000080000000, 0x0000000100000000)
  region size 1024K, 4 young (4096K), 4 survivors (4096K)
 Metaspace       used 43452K, capacity 44523K, committed 44796K, reserved 1087488K
  class space    used 5539K, capacity 5896K, committed 6016K, reserved 1048576K
}
Event: 12.072 GC heap before
{Heap before GC invocations=15 (full 0):
 garbage-first heap   total 95232K, used 67656K [0x0000000080000000, 0x0000000100000000)
  region size 1024K, 43 young (44032K), 4 survivors (4096K)
 Metaspace       used 46252K, capacity 47447K, committed 47740K, reserved 1091584K
  class space    used 5910K, capacity 6358K, committed 6400K, reserved 1048576K
}
Event: 12.086 GC heap after
{Heap after GC invocations=16 (full 0):
 garbage-first heap   total 95232K, used 30197K [0x0000000080000000, 0x0000000100000000)
  region size 1024K, 4 young (4096K), 4 survivors (4096K)
 Metaspace       used 46252K, capacity 47447K, committed 47740K, reserved 1091584K
  class space    used 5910K, capacity 6358K, committed 6400K, reserved 1048576K
}
Event: 14.116 GC heap before
{Heap before GC invocations=16 (full 0):
 garbage-first heap   total 95232K, used 73205K [0x0000000080000000, 0x0000000100000000)
  region size 1024K, 43 young (44032K), 4 survivors (4096K)
 Metaspace       used 47937K, capacity 49285K, committed 49532K, reserved 1091584K
  class space    used 6106K, capacity 6591K, committed 6656K, reserved 1048576K
}
Event: 14.137 GC heap after
{Heap after GC invocations=17 (full 0):
 garbage-first heap   total 114688K, used 41401K [0x0000000080000000, 0x0000000100000000)
  region size 1024K, 6 young (6144K), 6 survivors (6144K)
 Metaspace       used 47937K, capacity 49285K, committed 49532K, reserved 1091584K
  class space    used 6106K, capacity 6591K, committed 6656K, reserved 1048576K
}
Event: 15.316 GC heap before
{Heap before GC invocations=17 (full 0):
 garbage-first heap   total 114688K, used 82361K [0x0000000080000000, 0x0000000100000000)
  region size 1024K, 46 young (47104K), 6 survivors (6144K)
 Metaspace       used 53520K, capacity 54938K, committed 55164K, reserved 1097728K
  class space    used 6800K, capacity 7302K, committed 7424K, reserved 1048576K
}
Event: 15.331 GC heap after
{Heap after GC invocations=18 (full 0):
 garbage-first heap   total 114688K, used 43667K [0x0000000080000000, 0x0000000100000000)
  region size 1024K, 2 young (2048K), 2 survivors (2048K)
 Metaspace       used 53520K, capacity 54938K, committed 55164K, reserved 1097728K
  class space    used 6800K, capacity 7302K, committed 7424K, reserved 1048576K
}
Event: 16.110 GC heap before
{Heap before GC invocations=18 (full 0):
 garbage-first heap   total 114688K, used 74387K [0x0000000080000000, 0x0000000100000000)
  region size 1024K, 33 young (33792K), 2 survivors (2048K)
 Metaspace       used 58349K, capacity 59846K, committed 59940K, reserved 1101824K
  class space    used 7385K, capacity 7933K, committed 7936K, reserved 1048576K
}
Event: 16.120 GC heap after
{Heap after GC invocations=19 (full 0):
 garbage-first heap   total 114688K, used 45204K [0x0000000080000000, 0x0000000100000000)
  region size 1024K, 4 young (4096K), 4 survivors (4096K)
 Metaspace       used 58349K, capacity 59846K, committed 59940K, reserved 1101824K
  class space    used 7385K, capacity 7933K, committed 7936K, reserved 1048576K
}
Event: 16.970 GC heap before
{Heap before GC invocations=20 (full 0):
 garbage-first heap   total 114688K, used 84116K [0x0000000080000000, 0x0000000100000000)
  region size 1024K, 43 young (44032K), 4 survivors (4096K)
 Metaspace       used 62053K, capacity 63586K, committed 63728K, reserved 1105920K
  class space    used 7841K, capacity 8383K, committed 8396K, reserved 1048576K
}
Event: 16.991 GC heap after
{Heap after GC invocations=21 (full 0):
 garbage-first heap   total 114688K, used 48549K [0x0000000080000000, 0x0000000100000000)
  region size 1024K, 6 young (6144K), 6 survivors (6144K)
 Metaspace       used 62053K, capacity 63586K, committed 63728K, reserved 1105920K
  class space    used 7841K, capacity 8383K, committed 8396K, reserved 1048576K
}
Event: 17.680 GC heap before
{Heap before GC invocations=22 (full 0):
 garbage-first heap   total 114688K, used 87461K [0x0000000080000000, 0x0000000100000000)
  region size 1024K, 44 young (45056K), 6 survivors (6144K)
 Metaspace       used 63396K, capacity 64996K, committed 65264K, reserved 1105920K
  class space    used 8046K, capacity 8632K, committed 8652K, reserved 1048576K
}
Event: 17.696 GC heap after
{Heap after GC invocations=23 (full 0):
 garbage-first heap   total 114688K, used 51369K [0x0000000080000000, 0x0000000100000000)
  region size 1024K, 3 young (3072K), 3 survivors (3072K)
 Metaspace       used 63396K, capacity 64996K, committed 65264K, reserved 1105920K
  class space    used 8046K, capacity 8632K, committed 8652K, reserved 1048576K
}
Event: 18.510 GC heap before
{Heap before GC invocations=23 (full 0):
 garbage-first heap   total 114688K, used 89257K [0x0000000080000000, 0x0000000100000000)
  region size 1024K, 40 young (40960K), 3 survivors (3072K)
 Metaspace       used 67557K, capacity 69185K, committed 69360K, reserved 1110016K
  class space    used 8731K, capacity 9321K, committed 9420K, reserved 1048576K
}

