# JRE version: OpenJDK Runtime Environment (11.0.10) (build 11.0.10+0-b96-7249189)
# Java VM: OpenJDK 64-Bit Server VM (11.0.10+0-b96-7249189, mixed mode, tiered, compressed oops, g1 gc, windows-amd64)
Heap:
 garbage-first heap   total 243712K, used 127343K [0x0000000080000000, 0x0000000100000000)
  region size 1024K, 6 young (6144K), 6 survivors (6144K)
 Metaspace       used 110480K, capacity 113287K, committed 113404K, reserved 1148928K
  class space    used 13674K, capacity 14660K, committed 14720K, reserved 1048576K
GC Heap History (20 events):
Event: 308.588 GC heap after
{Heap after GC invocations=62 (full 0):
 garbage-first heap   total 199680K, used 119858K [0x0000000080000000, 0x0000000100000000)
  region size 1024K, 2 young (2048K), 2 survivors (2048K)
 Metaspace       used 95924K, capacity 98261K, committed 98556K, reserved 1134592K
  class space    used 12035K, capacity 12875K, committed 12928K, reserved 1048576K
}
Event: 309.361 GC heap before
{Heap before GC invocations=63 (full 0):
 garbage-first heap   total 199680K, used 144434K [0x0000000080000000, 0x0000000100000000)
  region size 1024K, 40 young (40960K), 2 survivors (2048K)
 Metaspace       used 96892K, capacity 99233K, committed 99452K, reserved 1136640K
  class space    used 12137K, capacity 12964K, committed 13056K, reserved 1048576K
}
Event: 309.375 GC heap after
{Heap after GC invocations=64 (full 0):
 garbage-first heap   total 199680K, used 110037K [0x0000000080000000, 0x0000000100000000)
  region size 1024K, 5 young (5120K), 5 survivors (5120K)
 Metaspace       used 96892K, capacity 99233K, committed 99452K, reserved 1136640K
  class space    used 12137K, capacity 12964K, committed 13056K, reserved 1048576K
}
Event: 309.426 GC heap before
{Heap before GC invocations=64 (full 0):
 garbage-first heap   total 199680K, used 113109K [0x0000000080000000, 0x0000000100000000)
  region size 1024K, 9 young (9216K), 5 survivors (5120K)
 Metaspace       used 97069K, capacity 99361K, committed 99708K, reserved 1136640K
  class space    used 12159K, capacity 12964K, committed 13056K, reserved 1048576K
}
Event: 309.452 GC heap after
{Heap after GC invocations=65 (full 0):
 garbage-first heap   total 199680K, used 99520K [0x0000000080000000, 0x0000000100000000)
  region size 1024K, 1 young (1024K), 1 survivors (1024K)
 Metaspace       used 97069K, capacity 99361K, committed 99708K, reserved 1136640K
  class space    used 12159K, capacity 12964K, committed 13056K, reserved 1048576K
}
Event: 311.288 GC heap before
{Heap before GC invocations=65 (full 0):
 garbage-first heap   total 199680K, used 148672K [0x0000000080000000, 0x0000000100000000)
  region size 1024K, 50 young (51200K), 1 survivors (1024K)
 Metaspace       used 103131K, capacity 105619K, committed 105852K, reserved 1140736K
  class space    used 12934K, capacity 13814K, committed 13824K, reserved 1048576K
}
Event: 311.303 GC heap after
{Heap after GC invocations=66 (full 0):
 garbage-first heap   total 199680K, used 102003K [0x0000000080000000, 0x0000000100000000)
  region size 1024K, 4 young (4096K), 4 survivors (4096K)
 Metaspace       used 103131K, capacity 105619K, committed 105852K, reserved 1140736K
  class space    used 12934K, capacity 13814K, committed 13824K, reserved 1048576K
}
Event: 311.642 GC heap before
{Heap before GC invocations=66 (full 0):
 garbage-first heap   total 199680K, used 111219K [0x0000000080000000, 0x0000000100000000)
  region size 1024K, 14 young (14336K), 4 survivors (4096K)
 Metaspace       used 103400K, capacity 105883K, committed 106108K, reserved 1142784K
  class space    used 12938K, capacity 13816K, committed 13824K, reserved 1048576K
}
Event: 311.662 GC heap after
{Heap after GC invocations=67 (full 0):
 garbage-first heap   total 199680K, used 104930K [0x0000000080000000, 0x0000000100000000)
  region size 1024K, 7 young (7168K), 7 survivors (7168K)
 Metaspace       used 103400K, capacity 105883K, committed 106108K, reserved 1142784K
  class space    used 12938K, capacity 13816K, committed 13824K, reserved 1048576K
}
Event: 315.318 GC heap before
{Heap before GC invocations=68 (full 0):
 garbage-first heap   total 199680K, used 153058K [0x0000000080000000, 0x0000000100000000)
  region size 1024K, 52 young (53248K), 7 survivors (7168K)
 Metaspace       used 104217K, capacity 106640K, committed 106748K, reserved 1142784K
  class space    used 12988K, capacity 13869K, committed 13952K, reserved 1048576K
}
Event: 315.421 GC heap after
{Heap after GC invocations=69 (full 0):
 garbage-first heap   total 199680K, used 117148K [0x0000000080000000, 0x0000000100000000)
  region size 1024K, 7 young (7168K), 7 survivors (7168K)
 Metaspace       used 104217K, capacity 106640K, committed 106748K, reserved 1142784K
  class space    used 12988K, capacity 13869K, committed 13952K, reserved 1048576K
}
Event: 315.453 GC heap before
{Heap before GC invocations=69 (full 0):
 garbage-first heap   total 199680K, used 119196K [0x0000000080000000, 0x0000000100000000)
  region size 1024K, 9 young (9216K), 7 survivors (7168K)
 Metaspace       used 104253K, capacity 106641K, committed 106748K, reserved 1142784K
  class space    used 12990K, capacity 13869K, committed 13952K, reserved 1048576K
}
Event: 315.491 GC heap after
{Heap after GC invocations=70 (full 0):
 garbage-first heap   total 199680K, used 117760K [0x0000000080000000, 0x0000000100000000)
  region size 1024K, 1 young (1024K), 1 survivors (1024K)
 Metaspace       used 104253K, capacity 106641K, committed 106748K, reserved 1142784K
  class space    used 12990K, capacity 13869K, committed 13952K, reserved 1048576K
}
Event: 316.730 GC heap before
{Heap before GC invocations=70 (full 0):
 garbage-first heap   total 199680K, used 156672K [0x0000000080000000, 0x0000000100000000)
  region size 1024K, 39 young (39936K), 1 survivors (1024K)
 Metaspace       used 106287K, capacity 108833K, committed 109052K, reserved 1144832K
  class space    used 13170K, capacity 14123K, committed 14208K, reserved 1048576K
}
Event: 316.743 GC heap after
{Heap after GC invocations=71 (full 0):
 garbage-first heap   total 199680K, used 119725K [0x0000000080000000, 0x0000000100000000)
  region size 1024K, 3 young (3072K), 3 survivors (3072K)
 Metaspace       used 106287K, capacity 108833K, committed 109052K, reserved 1144832K
  class space    used 13170K, capacity 14123K, committed 14208K, reserved 1048576K
}
Event: 317.430 GC heap before
{Heap before GC invocations=71 (full 0):
 garbage-first heap   total 199680K, used 159661K [0x0000000080000000, 0x0000000100000000)
  region size 1024K, 42 young (43008K), 3 survivors (3072K)
 Metaspace       used 106574K, capacity 109101K, committed 109308K, reserved 1144832K
  class space    used 13171K, capacity 14124K, committed 14208K, reserved 1048576K
}
Event: 317.443 GC heap after
{Heap after GC invocations=72 (full 0):
 garbage-first heap   total 199680K, used 120962K [0x0000000080000000, 0x0000000100000000)
  region size 1024K, 5 young (5120K), 5 survivors (5120K)
 Metaspace       used 106574K, capacity 109101K, committed 109308K, reserved 1144832K
  class space    used 13171K, capacity 14124K, committed 14208K, reserved 1048576K
}
Event: 318.369 GC heap before
{Heap before GC invocations=72 (full 0):
 garbage-first heap   total 199680K, used 159874K [0x0000000080000000, 0x0000000100000000)
  region size 1024K, 44 young (45056K), 5 survivors (5120K)
 Metaspace       used 106899K, capacity 109510K, committed 109820K, reserved 1144832K
  class space    used 13182K, capacity 14129K, committed 14208K, reserved 1048576K
}
Event: 318.390 GC heap after
{Heap after GC invocations=73 (full 0):
 garbage-first heap   total 199680K, used 122118K [0x0000000080000000, 0x0000000100000000)
  region size 1024K, 3 young (3072K), 3 survivors (3072K)
 Metaspace       used 106899K, capacity 109510K, committed 109820K, reserved 1144832K
  class space    used 13182K, capacity 14129K, committed 14208K, reserved 1048576K
}
Event: 319.583 GC heap before
{Heap before GC invocations=74 (full 0):
 garbage-first heap   total 199680K, used 166150K [0x0000000080000000, 0x0000000100000000)
  region size 1024K, 43 young (44032K), 3 survivors (3072K)
 Metaspace       used 110480K, capacity 113287K, committed 113404K, reserved 1148928K
  class space    used 13674K, capacity 14660K, committed 14720K, reserved 1048576K
}

