# JRE version: OpenJDK Runtime Environment (11.0.10) (build 11.0.10+0-b96-7249189)
# Java VM: OpenJDK 64-Bit Server VM (11.0.10+0-b96-7249189, mixed mode, tiered, compressed oops, g1 gc, windows-amd64)
Heap:
 garbage-first heap   total 199680K, used 87829K [0x0000000080000000, 0x0000000100000000)
  region size 1024K, 6 young (6144K), 6 survivors (6144K)
 Metaspace       used 75400K, capacity 77448K, committed 77696K, reserved 1116160K
  class space    used 9814K, capacity 10520K, committed 10624K, reserved 1048576K
GC Heap History (20 events):
Event: 14.003 GC heap after
{Heap after GC invocations=27 (full 0):
 garbage-first heap   total 114688K, used 57625K [0x0000000080000000, 0x0000000100000000)
  region size 1024K, 3 young (3072K), 3 survivors (3072K)
 Metaspace       used 48651K, capacity 50016K, committed 50304K, reserved 1093632K
  class space    used 6258K, capacity 6709K, committed 6784K, reserved 1048576K
}
Event: 15.320 GC heap before
{Heap before GC invocations=28 (full 0):
 garbage-first heap   total 114688K, used 80153K [0x0000000080000000, 0x0000000100000000)
  region size 1024K, 27 young (27648K), 3 survivors (3072K)
 Metaspace       used 49667K, capacity 51132K, committed 51456K, reserved 1093632K
  class space    used 6350K, capacity 6815K, committed 6912K, reserved 1048576K
}
Event: 15.335 GC heap after
{Heap after GC invocations=29 (full 0):
 garbage-first heap   total 114688K, used 59357K [0x0000000080000000, 0x0000000100000000)
  region size 1024K, 3 young (3072K), 3 survivors (3072K)
 Metaspace       used 49667K, capacity 51132K, committed 51456K, reserved 1093632K
  class space    used 6350K, capacity 6815K, committed 6912K, reserved 1048576K
}
Event: 15.556 GC heap before
{Heap before GC invocations=30 (full 0):
 garbage-first heap   total 114688K, used 65501K [0x0000000080000000, 0x0000000100000000)
  region size 1024K, 9 young (9216K), 3 survivors (3072K)
 Metaspace       used 49684K, capacity 51132K, committed 51456K, reserved 1093632K
  class space    used 6350K, capacity 6815K, committed 6912K, reserved 1048576K
}
Event: 15.570 GC heap after
{Heap after GC invocations=31 (full 0):
 garbage-first heap   total 138240K, used 65525K [0x0000000080000000, 0x0000000100000000)
  region size 1024K, 4 young (4096K), 4 survivors (4096K)
 Metaspace       used 49684K, capacity 51132K, committed 51456K, reserved 1093632K
  class space    used 6350K, capacity 6815K, committed 6912K, reserved 1048576K
}
Event: 16.315 GC heap before
{Heap before GC invocations=32 (full 0):
 garbage-first heap   total 138240K, used 96245K [0x0000000080000000, 0x0000000100000000)
  region size 1024K, 33 young (33792K), 4 survivors (4096K)
 Metaspace       used 52981K, capacity 54468K, committed 54656K, reserved 1097728K
  class space    used 6765K, capacity 7262K, committed 7296K, reserved 1048576K
}
Event: 16.326 GC heap after
{Heap after GC invocations=33 (full 0):
 garbage-first heap   total 138240K, used 69558K [0x0000000080000000, 0x0000000100000000)
  region size 1024K, 2 young (2048K), 2 survivors (2048K)
 Metaspace       used 52981K, capacity 54468K, committed 54656K, reserved 1097728K
  class space    used 6765K, capacity 7262K, committed 7296K, reserved 1048576K
}
Event: 17.217 GC heap before
{Heap before GC invocations=33 (full 0):
 garbage-first heap   total 138240K, used 99254K [0x0000000080000000, 0x0000000100000000)
  region size 1024K, 31 young (31744K), 2 survivors (2048K)
 Metaspace       used 57551K, capacity 59274K, committed 59392K, reserved 1101824K
  class space    used 7298K, capacity 7881K, committed 7936K, reserved 1048576K
}
Event: 17.228 GC heap after
{Heap after GC invocations=34 (full 0):
 garbage-first heap   total 138240K, used 70620K [0x0000000080000000, 0x0000000100000000)
  region size 1024K, 3 young (3072K), 3 survivors (3072K)
 Metaspace       used 57551K, capacity 59274K, committed 59392K, reserved 1101824K
  class space    used 7298K, capacity 7881K, committed 7936K, reserved 1048576K
}
Event: 18.319 GC heap before
{Heap before GC invocations=35 (full 0):
 garbage-first heap   total 138240K, used 100316K [0x0000000080000000, 0x0000000100000000)
  region size 1024K, 33 young (33792K), 3 survivors (3072K)
 Metaspace       used 61143K, capacity 62839K, committed 62976K, reserved 1103872K
  class space    used 7763K, capacity 8324K, committed 8448K, reserved 1048576K
}
Event: 18.335 GC heap after
{Heap after GC invocations=36 (full 0):
 garbage-first heap   total 138240K, used 73888K [0x0000000080000000, 0x0000000100000000)
  region size 1024K, 5 young (5120K), 5 survivors (5120K)
 Metaspace       used 61143K, capacity 62839K, committed 62976K, reserved 1103872K
  class space    used 7763K, capacity 8324K, committed 8448K, reserved 1048576K
}
Event: 18.920 GC heap before
{Heap before GC invocations=36 (full 0):
 garbage-first heap   total 138240K, used 101536K [0x0000000080000000, 0x0000000100000000)
  region size 1024K, 33 young (33792K), 5 survivors (5120K)
 Metaspace       used 63966K, capacity 65726K, committed 65920K, reserved 1105920K
  class space    used 8125K, capacity 8725K, committed 8832K, reserved 1048576K
}
Event: 18.939 GC heap after
{Heap after GC invocations=37 (full 0):
 garbage-first heap   total 165888K, used 75812K [0x0000000080000000, 0x0000000100000000)
  region size 1024K, 3 young (3072K), 3 survivors (3072K)
 Metaspace       used 63966K, capacity 65726K, committed 65920K, reserved 1105920K
  class space    used 8125K, capacity 8725K, committed 8832K, reserved 1048576K
}
Event: 19.653 GC heap before
{Heap before GC invocations=38 (full 0):
 garbage-first heap   total 165888K, used 118820K [0x0000000080000000, 0x0000000100000000)
  region size 1024K, 44 young (45056K), 3 survivors (3072K)
 Metaspace       used 65471K, capacity 67296K, committed 67328K, reserved 1107968K
  class space    used 8334K, capacity 8943K, committed 8960K, reserved 1048576K
}
Event: 19.664 GC heap after
{Heap after GC invocations=39 (full 0):
 garbage-first heap   total 165888K, used 78914K [0x0000000080000000, 0x0000000100000000)
  region size 1024K, 6 young (6144K), 6 survivors (6144K)
 Metaspace       used 65471K, capacity 67296K, committed 67328K, reserved 1107968K
  class space    used 8334K, capacity 8943K, committed 8960K, reserved 1048576K
}
Event: 21.225 GC heap before
{Heap before GC invocations=39 (full 0):
 garbage-first heap   total 165888K, used 127042K [0x0000000080000000, 0x0000000100000000)
  region size 1024K, 53 young (54272K), 6 survivors (6144K)
 Metaspace       used 70191K, capacity 72063K, committed 72320K, reserved 1112064K
  class space    used 9086K, capacity 9738K, committed 9856K, reserved 1048576K
}
Event: 21.243 GC heap after
{Heap after GC invocations=40 (full 0):
 garbage-first heap   total 165888K, used 82040K [0x0000000080000000, 0x0000000100000000)
  region size 1024K, 7 young (7168K), 7 survivors (7168K)
 Metaspace       used 70191K, capacity 72063K, committed 72320K, reserved 1112064K
  class space    used 9086K, capacity 9738K, committed 9856K, reserved 1048576K
}
Event: 22.297 GC heap before
{Heap before GC invocations=40 (full 0):
 garbage-first heap   total 165888K, used 130168K [0x0000000080000000, 0x0000000100000000)
  region size 1024K, 54 young (55296K), 7 survivors (7168K)
 Metaspace       used 72434K, capacity 74263K, committed 74368K, reserved 1114112K
  class space    used 9426K, capacity 10024K, committed 10112K, reserved 1048576K
}
Event: 22.318 GC heap after
{Heap after GC invocations=41 (full 0):
 garbage-first heap   total 165888K, used 84332K [0x0000000080000000, 0x0000000100000000)
  region size 1024K, 6 young (6144K), 6 survivors (6144K)
 Metaspace       used 72434K, capacity 74263K, committed 74368K, reserved 1114112K
  class space    used 9426K, capacity 10024K, committed 10112K, reserved 1048576K
}
Event: 24.301 GC heap before
{Heap before GC invocations=42 (full 0):
 garbage-first heap   total 165888K, used 132460K [0x0000000080000000, 0x0000000100000000)
  region size 1024K, 53 young (54272K), 6 survivors (6144K)
 Metaspace       used 75400K, capacity 77448K, committed 77696K, reserved 1116160K
  class space    used 9814K, capacity 10520K, committed 10624K, reserved 1048576K
}

