# JRE version: OpenJDK Runtime Environment (11.0.10) (build 11.0.10+0-b96-7249189)
# Java VM: OpenJDK 64-Bit Server VM (11.0.10+0-b96-7249189, mixed mode, tiered, compressed oops, g1 gc, windows-amd64)
Heap:
 garbage-first heap   total 266240K, used 206336K [0x0000000080000000, 0x0000000100000000)
  region size 1024K, 66 young (67584K), 11 survivors (11264K)
 Metaspace       used 107560K, capacity 110770K, committed 110976K, reserved 1144832K
  class space    used 13826K, capacity 14964K, committed 14976K, reserved 1048576K
GC Heap History (20 events):
Event: 20.918 GC heap before
{Heap before GC invocations=51 (full 0):
 garbage-first heap   total 184320K, used 137502K [0x0000000080000000, 0x0000000100000000)
  region size 1024K, 59 young (60416K), 5 survivors (5120K)
 Metaspace       used 76204K, capacity 78339K, committed 78592K, reserved 1118208K
  class space    used 9910K, capacity 10625K, committed 10752K, reserved 1048576K
}
Event: 20.933 GC heap after
{Heap after GC invocations=52 (full 0):
 garbage-first heap   total 184320K, used 86524K [0x0000000080000000, 0x0000000100000000)
  region size 1024K, 7 young (7168K), 7 survivors (7168K)
 Metaspace       used 76204K, capacity 78339K, committed 78592K, reserved 1118208K
  class space    used 9910K, capacity 10625K, committed 10752K, reserved 1048576K
}
Event: 22.163 GC heap before
{Heap before GC invocations=52 (full 0):
 garbage-first heap   total 184320K, used 142844K [0x0000000080000000, 0x0000000100000000)
  region size 1024K, 62 young (63488K), 7 survivors (7168K)
 Metaspace       used 83731K, capacity 85934K, committed 86144K, reserved 1124352K
  class space    used 10790K, capacity 11541K, committed 11648K, reserved 1048576K
}
Event: 22.180 GC heap after
{Heap after GC invocations=53 (full 0):
 garbage-first heap   total 184320K, used 89054K [0x0000000080000000, 0x0000000100000000)
  region size 1024K, 7 young (7168K), 7 survivors (7168K)
 Metaspace       used 83731K, capacity 85934K, committed 86144K, reserved 1124352K
  class space    used 10790K, capacity 11541K, committed 11648K, reserved 1048576K
}
Event: 23.436 GC heap before
{Heap before GC invocations=53 (full 0):
 garbage-first heap   total 184320K, used 145374K [0x0000000080000000, 0x0000000100000000)
  region size 1024K, 62 young (63488K), 7 survivors (7168K)
 Metaspace       used 86285K, capacity 88695K, committed 88832K, reserved 1126400K
  class space    used 11141K, capacity 11958K, committed 12032K, reserved 1048576K
}
Event: 23.456 GC heap after
{Heap after GC invocations=54 (full 0):
 garbage-first heap   total 221184K, used 92851K [0x0000000080000000, 0x0000000100000000)
  region size 1024K, 7 young (7168K), 7 survivors (7168K)
 Metaspace       used 86285K, capacity 88695K, committed 88832K, reserved 1126400K
  class space    used 11141K, capacity 11958K, committed 12032K, reserved 1048576K
}
Event: 25.131 GC heap before
{Heap before GC invocations=54 (full 0):
 garbage-first heap   total 221184K, used 161459K [0x0000000080000000, 0x0000000100000000)
  region size 1024K, 75 young (76800K), 7 survivors (7168K)
 Metaspace       used 89021K, capacity 91456K, committed 91648K, reserved 1128448K
  class space    used 11403K, capacity 12252K, committed 12288K, reserved 1048576K
}
Event: 25.150 GC heap after
{Heap after GC invocations=55 (full 0):
 garbage-first heap   total 221184K, used 97028K [0x0000000080000000, 0x0000000100000000)
  region size 1024K, 8 young (8192K), 8 survivors (8192K)
 Metaspace       used 89021K, capacity 91456K, committed 91648K, reserved 1128448K
  class space    used 11403K, capacity 12252K, committed 12288K, reserved 1048576K
}
Event: 26.516 GC heap before
{Heap before GC invocations=55 (full 0):
 garbage-first heap   total 221184K, used 174852K [0x0000000080000000, 0x0000000100000000)
  region size 1024K, 84 young (86016K), 8 survivors (8192K)
 Metaspace       used 93978K, capacity 96560K, committed 96768K, reserved 1132544K
  class space    used 12111K, capacity 13055K, committed 13056K, reserved 1048576K
}
Event: 26.540 GC heap after
{Heap after GC invocations=56 (full 0):
 garbage-first heap   total 221184K, used 101553K [0x0000000080000000, 0x0000000100000000)
  region size 1024K, 9 young (9216K), 9 survivors (9216K)
 Metaspace       used 93978K, capacity 96560K, committed 96768K, reserved 1132544K
  class space    used 12111K, capacity 13055K, committed 13056K, reserved 1048576K
}
Event: 79.032 GC heap before
{Heap before GC invocations=56 (full 0):
 garbage-first heap   total 221184K, used 179377K [0x0000000080000000, 0x0000000100000000)
  region size 1024K, 85 young (87040K), 9 survivors (9216K)
 Metaspace       used 98305K, capacity 101167K, committed 101248K, reserved 1136640K
  class space    used 12640K, capacity 13673K, committed 13696K, reserved 1048576K
}
Event: 79.286 GC heap after
{Heap after GC invocations=57 (full 0):
 garbage-first heap   total 221184K, used 108012K [0x0000000080000000, 0x0000000100000000)
  region size 1024K, 11 young (11264K), 11 survivors (11264K)
 Metaspace       used 98305K, capacity 101167K, committed 101248K, reserved 1136640K
  class space    used 12640K, capacity 13673K, committed 13696K, reserved 1048576K
}
Event: 82.390 GC heap before
{Heap before GC invocations=57 (full 0):
 garbage-first heap   total 221184K, used 180716K [0x0000000080000000, 0x0000000100000000)
  region size 1024K, 83 young (84992K), 11 survivors (11264K)
 Metaspace       used 101764K, capacity 104786K, committed 105088K, reserved 1140736K
  class space    used 13106K, capacity 14153K, committed 14208K, reserved 1048576K
}
Event: 82.453 GC heap after
{Heap after GC invocations=58 (full 0):
 garbage-first heap   total 266240K, used 112970K [0x0000000080000000, 0x0000000100000000)
  region size 1024K, 5 young (5120K), 5 survivors (5120K)
 Metaspace       used 101764K, capacity 104786K, committed 105088K, reserved 1140736K
  class space    used 13106K, capacity 14153K, committed 14208K, reserved 1048576K
}
Event: 84.086 GC heap before
{Heap before GC invocations=58 (full 0):
 garbage-first heap   total 266240K, used 204106K [0x0000000080000000, 0x0000000100000000)
  region size 1024K, 95 young (97280K), 5 survivors (5120K)
 Metaspace       used 104353K, capacity 107495K, committed 107776K, reserved 1142784K
  class space    used 13421K, capacity 14516K, committed 14592K, reserved 1048576K
}
Event: 84.118 GC heap after
{Heap after GC invocations=59 (full 0):
 garbage-first heap   total 266240K, used 123904K [0x0000000080000000, 0x0000000100000000)
  region size 1024K, 12 young (12288K), 12 survivors (12288K)
 Metaspace       used 104353K, capacity 107495K, committed 107776K, reserved 1142784K
  class space    used 13421K, capacity 14516K, committed 14592K, reserved 1048576K
}
Event: 84.792 GC heap before
{Heap before GC invocations=59 (full 0):
 garbage-first heap   total 266240K, used 214016K [0x0000000080000000, 0x0000000100000000)
  region size 1024K, 101 young (103424K), 12 survivors (12288K)
 Metaspace       used 105823K, capacity 109000K, committed 109184K, reserved 1144832K
  class space    used 13595K, capacity 14717K, committed 14720K, reserved 1048576K
}
Event: 84.908 GC heap after
{Heap after GC invocations=60 (full 0):
 garbage-first heap   total 266240K, used 141312K [0x0000000080000000, 0x0000000100000000)
  region size 1024K, 13 young (13312K), 13 survivors (13312K)
 Metaspace       used 105823K, capacity 109000K, committed 109184K, reserved 1144832K
  class space    used 13595K, capacity 14717K, committed 14720K, reserved 1048576K
}
Event: 85.579 GC heap before
{Heap before GC invocations=60 (full 0):
 garbage-first heap   total 266240K, used 212992K [0x0000000080000000, 0x0000000100000000)
  region size 1024K, 83 young (84992K), 13 survivors (13312K)
 Metaspace       used 106484K, capacity 109693K, committed 109824K, reserved 1144832K
  class space    used 13673K, capacity 14796K, committed 14848K, reserved 1048576K
}
Event: 85.652 GC heap after
{Heap after GC invocations=61 (full 0):
 garbage-first heap   total 266240K, used 151040K [0x0000000080000000, 0x0000000100000000)
  region size 1024K, 11 young (11264K), 11 survivors (11264K)
 Metaspace       used 106484K, capacity 109693K, committed 109824K, reserved 1144832K
  class space    used 13673K, capacity 14796K, committed 14848K, reserved 1048576K
}

