# JRE version: OpenJDK Runtime Environment (11.0.10) (build 11.0.10+0-b96-7249189)
# Java VM: OpenJDK 64-Bit Server VM (11.0.10+0-b96-7249189, mixed mode, tiered, compressed oops, g1 gc, windows-amd64)
Heap:
 garbage-first heap   total 149504K, used 93491K [0x0000000080000000, 0x0000000100000000)
  region size 1024K, 37 young (37888K), 5 survivors (5120K)
 Metaspace       used 77852K, capacity 79816K, committed 80048K, reserved 1118208K
  class space    used 10202K, capacity 10924K, committed 11008K, reserved 1048576K
GC Heap History (20 events):
Event: 17.688 GC heap before
{Heap before GC invocations=23 (full 0):
 garbage-first heap   total 78848K, used 63658K [0x0000000080000000, 0x0000000100000000)
  region size 1024K, 22 young (22528K), 1 survivors (1024K)
 Metaspace       used 55576K, capacity 56901K, committed 57136K, reserved 1099776K
  class space    used 7017K, capacity 7502K, committed 7552K, reserved 1048576K
}
Event: 17.696 GC heap after
{Heap after GC invocations=24 (full 0):
 garbage-first heap   total 78848K, used 42788K [0x0000000080000000, 0x0000000100000000)
  region size 1024K, 2 young (2048K), 2 survivors (2048K)
 Metaspace       used 55576K, capacity 56901K, committed 57136K, reserved 1099776K
  class space    used 7017K, capacity 7502K, committed 7552K, reserved 1048576K
}
Event: 18.329 GC heap before
{Heap before GC invocations=24 (full 0):
 garbage-first heap   total 78848K, used 63268K [0x0000000080000000, 0x0000000100000000)
  region size 1024K, 23 young (23552K), 2 survivors (2048K)
 Metaspace       used 59163K, capacity 60672K, committed 60976K, reserved 1101824K
  class space    used 7480K, capacity 8015K, committed 8064K, reserved 1048576K
}
Event: 18.345 GC heap after
{Heap after GC invocations=25 (full 0):
 garbage-first heap   total 95232K, used 44910K [0x0000000080000000, 0x0000000100000000)
  region size 1024K, 3 young (3072K), 3 survivors (3072K)
 Metaspace       used 59163K, capacity 60672K, committed 60976K, reserved 1101824K
  class space    used 7480K, capacity 8015K, committed 8064K, reserved 1048576K
}
Event: 19.388 GC heap before
{Heap before GC invocations=26 (full 0):
 garbage-first heap   total 95232K, used 70510K [0x0000000080000000, 0x0000000100000000)
  region size 1024K, 29 young (29696K), 3 survivors (3072K)
 Metaspace       used 61158K, capacity 62602K, committed 62768K, reserved 1103872K
  class space    used 7724K, capacity 8246K, committed 8320K, reserved 1048576K
}
Event: 19.411 GC heap after
{Heap after GC invocations=27 (full 0):
 garbage-first heap   total 95232K, used 48309K [0x0000000080000000, 0x0000000100000000)
  region size 1024K, 4 young (4096K), 4 survivors (4096K)
 Metaspace       used 61158K, capacity 62602K, committed 62768K, reserved 1103872K
  class space    used 7724K, capacity 8246K, committed 8320K, reserved 1048576K
}
Event: 19.906 GC heap before
{Heap before GC invocations=27 (full 0):
 garbage-first heap   total 95232K, used 60597K [0x0000000080000000, 0x0000000100000000)
  region size 1024K, 17 young (17408K), 4 survivors (4096K)
 Metaspace       used 62382K, capacity 63888K, committed 63920K, reserved 1105920K
  class space    used 7889K, capacity 8417K, committed 8448K, reserved 1048576K
}
Event: 19.928 GC heap after
{Heap after GC invocations=28 (full 0):
 garbage-first heap   total 95232K, used 49312K [0x0000000080000000, 0x0000000100000000)
  region size 1024K, 3 young (3072K), 3 survivors (3072K)
 Metaspace       used 62382K, capacity 63888K, committed 63920K, reserved 1105920K
  class space    used 7889K, capacity 8417K, committed 8448K, reserved 1048576K
}
Event: 20.850 GC heap before
{Heap before GC invocations=29 (full 0):
 garbage-first heap   total 95232K, used 72864K [0x0000000080000000, 0x0000000100000000)
  region size 1024K, 25 young (25600K), 3 survivors (3072K)
 Metaspace       used 63326K, capacity 64815K, committed 64944K, reserved 1105920K
  class space    used 8034K, capacity 8591K, committed 8704K, reserved 1048576K
}
Event: 20.864 GC heap after
{Heap after GC invocations=30 (full 0):
 garbage-first heap   total 95232K, used 50763K [0x0000000080000000, 0x0000000100000000)
  region size 1024K, 3 young (3072K), 3 survivors (3072K)
 Metaspace       used 63326K, capacity 64815K, committed 64944K, reserved 1105920K
  class space    used 8034K, capacity 8591K, committed 8704K, reserved 1048576K
}
Event: 21.148 GC heap before
{Heap before GC invocations=30 (full 0):
 garbage-first heap   total 95232K, used 72267K [0x0000000080000000, 0x0000000100000000)
  region size 1024K, 24 young (24576K), 3 survivors (3072K)
 Metaspace       used 63869K, capacity 65490K, committed 65712K, reserved 1105920K
  class space    used 8097K, capacity 8667K, committed 8704K, reserved 1048576K
}
Event: 21.164 GC heap after
{Heap after GC invocations=31 (full 0):
 garbage-first heap   total 123904K, used 53069K [0x0000000080000000, 0x0000000100000000)
  region size 1024K, 3 young (3072K), 3 survivors (3072K)
 Metaspace       used 63869K, capacity 65490K, committed 65712K, reserved 1105920K
  class space    used 8097K, capacity 8667K, committed 8704K, reserved 1048576K
}
Event: 22.153 GC heap before
{Heap before GC invocations=32 (full 0):
 garbage-first heap   total 123904K, used 85837K [0x0000000080000000, 0x0000000100000000)
  region size 1024K, 35 young (35840K), 3 survivors (3072K)
 Metaspace       used 68085K, capacity 69696K, committed 69808K, reserved 1110016K
  class space    used 8792K, capacity 9361K, committed 9472K, reserved 1048576K
}
Event: 22.172 GC heap after
{Heap after GC invocations=33 (full 0):
 garbage-first heap   total 123904K, used 54829K [0x0000000080000000, 0x0000000100000000)
  region size 1024K, 4 young (4096K), 4 survivors (4096K)
 Metaspace       used 68085K, capacity 69696K, committed 69808K, reserved 1110016K
  class space    used 8792K, capacity 9361K, committed 9472K, reserved 1048576K
}
Event: 22.723 GC heap before
{Heap before GC invocations=33 (full 0):
 garbage-first heap   total 123904K, used 88621K [0x0000000080000000, 0x0000000100000000)
  region size 1024K, 37 young (37888K), 4 survivors (4096K)
 Metaspace       used 68928K, capacity 70589K, committed 70704K, reserved 1110016K
  class space    used 8905K, capacity 9505K, committed 9600K, reserved 1048576K
}
Event: 22.737 GC heap after
{Heap after GC invocations=34 (full 0):
 garbage-first heap   total 123904K, used 57360K [0x0000000080000000, 0x0000000100000000)
  region size 1024K, 5 young (5120K), 5 survivors (5120K)
 Metaspace       used 68928K, capacity 70589K, committed 70704K, reserved 1110016K
  class space    used 8905K, capacity 9505K, committed 9600K, reserved 1048576K
}
Event: 23.262 GC heap before
{Heap before GC invocations=34 (full 0):
 garbage-first heap   total 123904K, used 91152K [0x0000000080000000, 0x0000000100000000)
  region size 1024K, 38 young (38912K), 5 survivors (5120K)
 Metaspace       used 71121K, capacity 72861K, committed 73136K, reserved 1112064K
  class space    used 9227K, capacity 9867K, committed 9984K, reserved 1048576K
}
Event: 23.276 GC heap after
{Heap after GC invocations=35 (full 0):
 garbage-first heap   total 123904K, used 59761K [0x0000000080000000, 0x0000000100000000)
  region size 1024K, 5 young (5120K), 5 survivors (5120K)
 Metaspace       used 71121K, capacity 72861K, committed 73136K, reserved 1112064K
  class space    used 9227K, capacity 9867K, committed 9984K, reserved 1048576K
}
Event: 24.068 GC heap before
{Heap before GC invocations=35 (full 0):
 garbage-first heap   total 123904K, used 93553K [0x0000000080000000, 0x0000000100000000)
  region size 1024K, 38 young (38912K), 5 survivors (5120K)
 Metaspace       used 75545K, capacity 77343K, committed 77488K, reserved 1116160K
  class space    used 9833K, capacity 10477K, committed 10496K, reserved 1048576K
}
Event: 24.090 GC heap after
{Heap after GC invocations=36 (full 0):
 garbage-first heap   total 149504K, used 61747K [0x0000000080000000, 0x0000000100000000)
  region size 1024K, 5 young (5120K), 5 survivors (5120K)
 Metaspace       used 75545K, capacity 77343K, committed 77488K, reserved 1116160K
  class space    used 9833K, capacity 10477K, committed 10496K, reserved 1048576K
}

