# JRE version: OpenJDK Runtime Environment (11.0.10) (build 11.0.10+0-b96-7249189)
# Java VM: OpenJDK 64-Bit Server VM (11.0.10+0-b96-7249189, mixed mode, tiered, compressed oops, g1 gc, windows-amd64)
Heap:
 garbage-first heap   total 143360K, used 86226K [0x0000000080000000, 0x0000000100000000)
  region size 1024K, 21 young (21504K), 3 survivors (3072K)
 Metaspace       used 55975K, capacity 57543K, committed 57856K, reserved 1099776K
  class space    used 7119K, capacity 7608K, committed 7680K, reserved 1048576K
GC Heap History (20 events):
Event: 8.295 GC heap before
{Heap before GC invocations=14 (full 0):
 garbage-first heap   total 78848K, used 57123K [0x0000000080000000, 0x0000000100000000)
  region size 1024K, 26 young (26624K), 3 survivors (3072K)
 Metaspace       used 37612K, capacity 38570K, committed 38784K, reserved 1083392K
  class space    used 4869K, capacity 5207K, committed 5248K, reserved 1048576K
}
Event: 8.310 GC heap after
{Heap after GC invocations=15 (full 0):
 garbage-first heap   total 95232K, used 37556K [0x0000000080000000, 0x0000000100000000)
  region size 1024K, 4 young (4096K), 4 survivors (4096K)
 Metaspace       used 37612K, capacity 38570K, committed 38784K, reserved 1083392K
  class space    used 4869K, capacity 5207K, committed 5248K, reserved 1048576K
}
Event: 8.804 GC heap before
{Heap before GC invocations=16 (full 0):
 garbage-first heap   total 95232K, used 69300K [0x0000000080000000, 0x0000000100000000)
  region size 1024K, 33 young (33792K), 4 survivors (4096K)
 Metaspace       used 40311K, capacity 41299K, committed 41472K, reserved 1085440K
  class space    used 5171K, capacity 5539K, committed 5632K, reserved 1048576K
}
Event: 8.817 GC heap after
{Heap after GC invocations=17 (full 0):
 garbage-first heap   total 95232K, used 38750K [0x0000000080000000, 0x0000000100000000)
  region size 1024K, 4 young (4096K), 4 survivors (4096K)
 Metaspace       used 40311K, capacity 41299K, committed 41472K, reserved 1085440K
  class space    used 5171K, capacity 5539K, committed 5632K, reserved 1048576K
}
Event: 9.445 GC heap before
{Heap before GC invocations=17 (full 0):
 garbage-first heap   total 95232K, used 70494K [0x0000000080000000, 0x0000000100000000)
  region size 1024K, 31 young (31744K), 4 survivors (4096K)
 Metaspace       used 42090K, capacity 43187K, committed 43264K, reserved 1087488K
  class space    used 5411K, capacity 5823K, committed 5888K, reserved 1048576K
}
Event: 9.458 GC heap after
{Heap after GC invocations=18 (full 0):
 garbage-first heap   total 95232K, used 46547K [0x0000000080000000, 0x0000000100000000)
  region size 1024K, 5 young (5120K), 5 survivors (5120K)
 Metaspace       used 42090K, capacity 43187K, committed 43264K, reserved 1087488K
  class space    used 5411K, capacity 5823K, committed 5888K, reserved 1048576K
}
Event: 9.706 GC heap before
{Heap before GC invocations=19 (full 0):
 garbage-first heap   total 95232K, used 61907K [0x0000000080000000, 0x0000000100000000)
  region size 1024K, 19 young (19456K), 5 survivors (5120K)
 Metaspace       used 42767K, capacity 44035K, committed 44160K, reserved 1087488K
  class space    used 5484K, capacity 5911K, committed 6016K, reserved 1048576K
}
Event: 9.719 GC heap after
{Heap after GC invocations=20 (full 0):
 garbage-first heap   total 95232K, used 51700K [0x0000000080000000, 0x0000000100000000)
  region size 1024K, 3 young (3072K), 3 survivors (3072K)
 Metaspace       used 42767K, capacity 44035K, committed 44160K, reserved 1087488K
  class space    used 5484K, capacity 5911K, committed 6016K, reserved 1048576K
}
Event: 10.086 GC heap before
{Heap before GC invocations=21 (full 0):
 garbage-first heap   total 95232K, used 76276K [0x0000000080000000, 0x0000000100000000)
  region size 1024K, 26 young (26624K), 3 survivors (3072K)
 Metaspace       used 44456K, capacity 45680K, committed 45824K, reserved 1089536K
  class space    used 5601K, capacity 6053K, committed 6144K, reserved 1048576K
}
Event: 10.098 GC heap after
{Heap after GC invocations=22 (full 0):
 garbage-first heap   total 114688K, used 53244K [0x0000000080000000, 0x0000000100000000)
  region size 1024K, 2 young (2048K), 2 survivors (2048K)
 Metaspace       used 44456K, capacity 45680K, committed 45824K, reserved 1089536K
  class space    used 5601K, capacity 6053K, committed 6144K, reserved 1048576K
}
Event: 10.726 GC heap before
{Heap before GC invocations=22 (full 0):
 garbage-first heap   total 114688K, used 86012K [0x0000000080000000, 0x0000000100000000)
  region size 1024K, 34 young (34816K), 2 survivors (2048K)
 Metaspace       used 46475K, capacity 47696K, committed 47872K, reserved 1091584K
  class space    used 5928K, capacity 6363K, committed 6400K, reserved 1048576K
}
Event: 10.735 GC heap after
{Heap after GC invocations=23 (full 0):
 garbage-first heap   total 114688K, used 55033K [0x0000000080000000, 0x0000000100000000)
  region size 1024K, 4 young (4096K), 4 survivors (4096K)
 Metaspace       used 46475K, capacity 47696K, committed 47872K, reserved 1091584K
  class space    used 5928K, capacity 6363K, committed 6400K, reserved 1048576K
}
Event: 11.300 GC heap before
{Heap before GC invocations=23 (full 0):
 garbage-first heap   total 114688K, used 87801K [0x0000000080000000, 0x0000000100000000)
  region size 1024K, 36 young (36864K), 4 survivors (4096K)
 Metaspace       used 48578K, capacity 50009K, committed 50304K, reserved 1093632K
  class space    used 6254K, capacity 6707K, committed 6784K, reserved 1048576K
}
Event: 11.316 GC heap after
{Heap after GC invocations=24 (full 0):
 garbage-first heap   total 114688K, used 56259K [0x0000000080000000, 0x0000000100000000)
  region size 1024K, 3 young (3072K), 3 survivors (3072K)
 Metaspace       used 48578K, capacity 50009K, committed 50304K, reserved 1093632K
  class space    used 6254K, capacity 6707K, committed 6784K, reserved 1048576K
}
Event: 12.177 GC heap before
{Heap before GC invocations=24 (full 0):
 garbage-first heap   total 114688K, used 79811K [0x0000000080000000, 0x0000000100000000)
  region size 1024K, 28 young (28672K), 3 survivors (3072K)
 Metaspace       used 49630K, capacity 51084K, committed 51200K, reserved 1093632K
  class space    used 6347K, capacity 6821K, committed 6912K, reserved 1048576K
}
Event: 12.199 GC heap after
{Heap after GC invocations=25 (full 0):
 garbage-first heap   total 114688K, used 58108K [0x0000000080000000, 0x0000000100000000)
  region size 1024K, 3 young (3072K), 3 survivors (3072K)
 Metaspace       used 49630K, capacity 51084K, committed 51200K, reserved 1093632K
  class space    used 6347K, capacity 6821K, committed 6912K, reserved 1048576K
}
Event: 12.446 GC heap before
{Heap before GC invocations=26 (full 0):
 garbage-first heap   total 114688K, used 64252K [0x0000000080000000, 0x0000000100000000)
  region size 1024K, 9 young (9216K), 3 survivors (3072K)
 Metaspace       used 49635K, capacity 51084K, committed 51200K, reserved 1093632K
  class space    used 6347K, capacity 6821K, committed 6912K, reserved 1048576K
}
Event: 12.464 GC heap after
{Heap after GC invocations=27 (full 0):
 garbage-first heap   total 143360K, used 64244K [0x0000000080000000, 0x0000000100000000)
  region size 1024K, 5 young (5120K), 5 survivors (5120K)
 Metaspace       used 49635K, capacity 51084K, committed 51200K, reserved 1093632K
  class space    used 6347K, capacity 6821K, committed 6912K, reserved 1048576K
}
Event: 13.484 GC heap before
{Heap before GC invocations=28 (full 0):
 garbage-first heap   total 143360K, used 98036K [0x0000000080000000, 0x0000000100000000)
  region size 1024K, 36 young (36864K), 5 survivors (5120K)
 Metaspace       used 53282K, capacity 54867K, committed 55040K, reserved 1097728K
  class space    used 6801K, capacity 7335K, committed 7424K, reserved 1048576K
}
Event: 13.504 GC heap after
{Heap after GC invocations=29 (full 0):
 garbage-first heap   total 143360K, used 68818K [0x0000000080000000, 0x0000000100000000)
  region size 1024K, 3 young (3072K), 3 survivors (3072K)
 Metaspace       used 53282K, capacity 54867K, committed 55040K, reserved 1097728K
  class space    used 6801K, capacity 7335K, committed 7424K, reserved 1048576K
}

