# JRE version: OpenJDK Runtime Environment (11.0.10) (build 11.0.10+0-b96-7249189)
# Java VM: OpenJDK 64-Bit Server VM (11.0.10+0-b96-7249189, mixed mode, tiered, compressed oops, g1 gc, windows-amd64)
Heap:
 garbage-first heap   total 254976K, used 159231K [0x0000000080000000, 0x0000000100000000)
  region size 1024K, 63 young (64512K), 9 survivors (9216K)
 Metaspace       used 97787K, capacity 100708K, committed 100992K, reserved 1136640K
  class space    used 12599K, capacity 13600K, committed 13696K, reserved 1048576K
GC Heap History (20 events):
Event: 16.889 GC heap before
{Heap before GC invocations=33 (full 0):
 garbage-first heap   total 146432K, used 105207K [0x0000000080000000, 0x0000000100000000)
  region size 1024K, 39 young (39936K), 4 survivors (4096K)
 Metaspace       used 62964K, capacity 64665K, committed 65024K, reserved 1105920K
  class space    used 7990K, capacity 8587K, committed 8704K, reserved 1048576K
}
Event: 16.903 GC heap after
{Heap after GC invocations=34 (full 0):
 garbage-first heap   total 146432K, used 73905K [0x0000000080000000, 0x0000000100000000)
  region size 1024K, 5 young (5120K), 5 survivors (5120K)
 Metaspace       used 62964K, capacity 64665K, committed 65024K, reserved 1105920K
  class space    used 7990K, capacity 8587K, committed 8704K, reserved 1048576K
}
Event: 17.100 GC heap before
{Heap before GC invocations=34 (full 0):
 garbage-first heap   total 146432K, used 84145K [0x0000000080000000, 0x0000000100000000)
  region size 1024K, 16 young (16384K), 5 survivors (5120K)
 Metaspace       used 63975K, capacity 65655K, committed 65920K, reserved 1105920K
  class space    used 8127K, capacity 8725K, committed 8832K, reserved 1048576K
}
Event: 17.112 GC heap after
{Heap after GC invocations=35 (full 0):
 garbage-first heap   total 176128K, used 75245K [0x0000000080000000, 0x0000000100000000)
  region size 1024K, 2 young (2048K), 2 survivors (2048K)
 Metaspace       used 63975K, capacity 65655K, committed 65920K, reserved 1105920K
  class space    used 8127K, capacity 8725K, committed 8832K, reserved 1048576K
}
Event: 17.855 GC heap before
{Heap before GC invocations=36 (full 0):
 garbage-first heap   total 176128K, used 116205K [0x0000000080000000, 0x0000000100000000)
  region size 1024K, 41 young (41984K), 2 survivors (2048K)
 Metaspace       used 65267K, capacity 67129K, committed 67328K, reserved 1107968K
  class space    used 8310K, capacity 8911K, committed 8960K, reserved 1048576K
}
Event: 17.864 GC heap after
{Heap after GC invocations=37 (full 0):
 garbage-first heap   total 176128K, used 77959K [0x0000000080000000, 0x0000000100000000)
  region size 1024K, 5 young (5120K), 5 survivors (5120K)
 Metaspace       used 65267K, capacity 67129K, committed 67328K, reserved 1107968K
  class space    used 8310K, capacity 8911K, committed 8960K, reserved 1048576K
}
Event: 19.056 GC heap before
{Heap before GC invocations=37 (full 0):
 garbage-first heap   total 176128K, used 126087K [0x0000000080000000, 0x0000000100000000)
  region size 1024K, 52 young (53248K), 5 survivors (5120K)
 Metaspace       used 70211K, capacity 72058K, committed 72320K, reserved 1112064K
  class space    used 9089K, capacity 9738K, committed 9856K, reserved 1048576K
}
Event: 19.070 GC heap after
{Heap after GC invocations=38 (full 0):
 garbage-first heap   total 176128K, used 81154K [0x0000000080000000, 0x0000000100000000)
  region size 1024K, 7 young (7168K), 7 survivors (7168K)
 Metaspace       used 70211K, capacity 72058K, committed 72320K, reserved 1112064K
  class space    used 9089K, capacity 9738K, committed 9856K, reserved 1048576K
}
Event: 19.769 GC heap before
{Heap before GC invocations=38 (full 0):
 garbage-first heap   total 176128K, used 131330K [0x0000000080000000, 0x0000000100000000)
  region size 1024K, 56 young (57344K), 7 survivors (7168K)
 Metaspace       used 72510K, capacity 74391K, committed 74624K, reserved 1114112K
  class space    used 9441K, capacity 10062K, committed 10112K, reserved 1048576K
}
Event: 19.786 GC heap after
{Heap after GC invocations=39 (full 0):
 garbage-first heap   total 176128K, used 84105K [0x0000000080000000, 0x0000000100000000)
  region size 1024K, 6 young (6144K), 6 survivors (6144K)
 Metaspace       used 72510K, capacity 74391K, committed 74624K, reserved 1114112K
  class space    used 9441K, capacity 10062K, committed 10112K, reserved 1048576K
}
Event: 21.375 GC heap before
{Heap before GC invocations=39 (full 0):
 garbage-first heap   total 176128K, used 134281K [0x0000000080000000, 0x0000000100000000)
  region size 1024K, 55 young (56320K), 6 survivors (6144K)
 Metaspace       used 75593K, capacity 77682K, committed 77952K, reserved 1116160K
  class space    used 9830K, capacity 10554K, committed 10624K, reserved 1048576K
}
Event: 21.397 GC heap after
{Heap after GC invocations=40 (full 0):
 garbage-first heap   total 211968K, used 87177K [0x0000000080000000, 0x0000000100000000)
  region size 1024K, 6 young (6144K), 6 survivors (6144K)
 Metaspace       used 75593K, capacity 77682K, committed 77952K, reserved 1116160K
  class space    used 9830K, capacity 10554K, committed 10624K, reserved 1048576K
}
Event: 22.603 GC heap before
{Heap before GC invocations=40 (full 0):
 garbage-first heap   total 211968K, used 154761K [0x0000000080000000, 0x0000000100000000)
  region size 1024K, 72 young (73728K), 6 survivors (6144K)
 Metaspace       used 79652K, capacity 81824K, committed 82176K, reserved 1120256K
  class space    used 10417K, capacity 11153K, committed 11264K, reserved 1048576K
}
Event: 22.622 GC heap after
{Heap after GC invocations=41 (full 0):
 garbage-first heap   total 211968K, used 91119K [0x0000000080000000, 0x0000000100000000)
  region size 1024K, 8 young (8192K), 8 survivors (8192K)
 Metaspace       used 79652K, capacity 81824K, committed 82176K, reserved 1120256K
  class space    used 10417K, capacity 11153K, committed 11264K, reserved 1048576K
}
Event: 23.808 GC heap before
{Heap before GC invocations=41 (full 0):
 garbage-first heap   total 211968K, used 160751K [0x0000000080000000, 0x0000000100000000)
  region size 1024K, 76 young (77824K), 8 survivors (8192K)
 Metaspace       used 86951K, capacity 89127K, committed 89472K, reserved 1126400K
  class space    used 11303K, capacity 12059K, committed 12160K, reserved 1048576K
}
Event: 23.830 GC heap after
{Heap after GC invocations=42 (full 0):
 garbage-first heap   total 211968K, used 95925K [0x0000000080000000, 0x0000000100000000)
  region size 1024K, 9 young (9216K), 9 survivors (9216K)
 Metaspace       used 86951K, capacity 89127K, committed 89472K, reserved 1126400K
  class space    used 11303K, capacity 12059K, committed 12160K, reserved 1048576K
}
Event: 25.862 GC heap before
{Heap before GC invocations=42 (full 0):
 garbage-first heap   total 211968K, used 167605K [0x0000000080000000, 0x0000000100000000)
  region size 1024K, 80 young (81920K), 9 survivors (9216K)
 Metaspace       used 91788K, capacity 94226K, committed 94464K, reserved 1130496K
  class space    used 11861K, capacity 12711K, committed 12800K, reserved 1048576K
}
Event: 25.888 GC heap after
{Heap after GC invocations=43 (full 0):
 garbage-first heap   total 211968K, used 100878K [0x0000000080000000, 0x0000000100000000)
  region size 1024K, 10 young (10240K), 10 survivors (10240K)
 Metaspace       used 91788K, capacity 94226K, committed 94464K, reserved 1130496K
  class space    used 11861K, capacity 12711K, committed 12800K, reserved 1048576K
}
Event: 27.553 GC heap before
{Heap before GC invocations=43 (full 0):
 garbage-first heap   total 211968K, used 170510K [0x0000000080000000, 0x0000000100000000)
  region size 1024K, 78 young (79872K), 10 survivors (10240K)
 Metaspace       used 94196K, capacity 96694K, committed 96768K, reserved 1132544K
  class space    used 12101K, capacity 13005K, committed 13056K, reserved 1048576K
}
Event: 27.580 GC heap after
{Heap after GC invocations=44 (full 0):
 garbage-first heap   total 254976K, used 104959K [0x0000000080000000, 0x0000000100000000)
  region size 1024K, 9 young (9216K), 9 survivors (9216K)
 Metaspace       used 94196K, capacity 96694K, committed 96768K, reserved 1132544K
  class space    used 12101K, capacity 13005K, committed 13056K, reserved 1048576K
}

