# JRE version: OpenJDK Runtime Environment (11.0.10) (build 11.0.10+0-b96-7249189)
# Java VM: OpenJDK 64-Bit Server VM (11.0.10+0-b96-7249189, mixed mode, tiered, compressed oops, g1 gc, windows-amd64)
Heap:
 garbage-first heap   total 277504K, used 219939K [0x0000000080000000, 0x0000000100000000)
  region size 1024K, 87 young (89088K), 7 survivors (7168K)
 Metaspace       used 116924K, capacity 119853K, committed 120188K, reserved 1153024K
  class space    used 14620K, capacity 15728K, committed 15872K, reserved 1048576K
GC Heap History (20 events):
Event: 53.678 GC heap before
{Heap before GC invocations=56 (full 0):
 garbage-first heap   total 223232K, used 149913K [0x0000000080000000, 0x0000000100000000)
  region size 1024K, 58 young (59392K), 1 survivors (1024K)
 Metaspace       used 91628K, capacity 93837K, committed 94076K, reserved 1130496K
  class space    used 11688K, capacity 12488K, committed 12544K, reserved 1048576K
}
Event: 53.704 GC heap after
{Heap after GC invocations=57 (full 0):
 garbage-first heap   total 223232K, used 94171K [0x0000000080000000, 0x0000000100000000)
  region size 1024K, 3 young (3072K), 3 survivors (3072K)
 Metaspace       used 91628K, capacity 93837K, committed 94076K, reserved 1130496K
  class space    used 11688K, capacity 12488K, committed 12544K, reserved 1048576K
}
Event: 61.070 GC heap before
{Heap before GC invocations=57 (full 0):
 garbage-first heap   total 223232K, used 168923K [0x0000000080000000, 0x0000000100000000)
  region size 1024K, 77 young (78848K), 3 survivors (3072K)
 Metaspace       used 93120K, capacity 95376K, committed 95484K, reserved 1132544K
  class space    used 11834K, capacity 12640K, committed 12672K, reserved 1048576K
}
Event: 61.103 GC heap after
{Heap after GC invocations=58 (full 0):
 garbage-first heap   total 223232K, used 102692K [0x0000000080000000, 0x0000000100000000)
  region size 1024K, 10 young (10240K), 10 survivors (10240K)
 Metaspace       used 93120K, capacity 95376K, committed 95484K, reserved 1132544K
  class space    used 11834K, capacity 12640K, committed 12672K, reserved 1048576K
}
Event: 62.284 GC heap before
{Heap before GC invocations=58 (full 0):
 garbage-first heap   total 223232K, used 172324K [0x0000000080000000, 0x0000000100000000)
  region size 1024K, 79 young (80896K), 10 survivors (10240K)
 Metaspace       used 94265K, capacity 96416K, committed 96636K, reserved 1132544K
  class space    used 11959K, capacity 12730K, committed 12800K, reserved 1048576K
}
Event: 62.314 GC heap after
{Heap after GC invocations=59 (full 0):
 garbage-first heap   total 223232K, used 102977K [0x0000000080000000, 0x0000000100000000)
  region size 1024K, 3 young (3072K), 3 survivors (3072K)
 Metaspace       used 94265K, capacity 96416K, committed 96636K, reserved 1132544K
  class space    used 11959K, capacity 12730K, committed 12800K, reserved 1048576K
}
Event: 64.523 GC heap before
{Heap before GC invocations=59 (full 0):
 garbage-first heap   total 223232K, used 160321K [0x0000000080000000, 0x0000000100000000)
  region size 1024K, 61 young (62464K), 3 survivors (3072K)
 Metaspace       used 100938K, capacity 103171K, committed 103420K, reserved 1138688K
  class space    used 12764K, capacity 13617K, committed 13696K, reserved 1048576K
}
Event: 64.578 GC heap after
{Heap after GC invocations=60 (full 0):
 garbage-first heap   total 223232K, used 110592K [0x0000000080000000, 0x0000000100000000)
  region size 1024K, 10 young (10240K), 10 survivors (10240K)
 Metaspace       used 100938K, capacity 103171K, committed 103420K, reserved 1138688K
  class space    used 12764K, capacity 13617K, committed 13696K, reserved 1048576K
}
Event: 67.482 GC heap before
{Heap before GC invocations=61 (full 0):
 garbage-first heap   total 223232K, used 175104K [0x0000000080000000, 0x0000000100000000)
  region size 1024K, 74 young (75776K), 10 survivors (10240K)
 Metaspace       used 103729K, capacity 106048K, committed 106236K, reserved 1142784K
  class space    used 12998K, capacity 13902K, committed 13952K, reserved 1048576K
}
Event: 67.545 GC heap after
{Heap after GC invocations=62 (full 0):
 garbage-first heap   total 223232K, used 120574K [0x0000000080000000, 0x0000000100000000)
  region size 1024K, 10 young (10240K), 10 survivors (10240K)
 Metaspace       used 103729K, capacity 106048K, committed 106236K, reserved 1142784K
  class space    used 12998K, capacity 13902K, committed 13952K, reserved 1048576K
}
Event: 67.566 GC heap before
{Heap before GC invocations=62 (full 0):
 garbage-first heap   total 223232K, used 121598K [0x0000000080000000, 0x0000000100000000)
  region size 1024K, 11 young (11264K), 10 survivors (10240K)
 Metaspace       used 103732K, capacity 106048K, committed 106236K, reserved 1142784K
  class space    used 12998K, capacity 13902K, committed 13952K, reserved 1048576K
}
Event: 67.604 GC heap after
{Heap after GC invocations=63 (full 0):
 garbage-first heap   total 223232K, used 120532K [0x0000000080000000, 0x0000000100000000)
  region size 1024K, 2 young (2048K), 2 survivors (2048K)
 Metaspace       used 103732K, capacity 106048K, committed 106236K, reserved 1142784K
  class space    used 12998K, capacity 13902K, committed 13952K, reserved 1048576K
}
Event: 68.809 GC heap before
{Heap before GC invocations=63 (full 0):
 garbage-first heap   total 223232K, used 176852K [0x0000000080000000, 0x0000000100000000)
  region size 1024K, 57 young (58368K), 2 survivors (2048K)
 Metaspace       used 104221K, capacity 106514K, committed 106748K, reserved 1142784K
  class space    used 13004K, capacity 13903K, committed 13952K, reserved 1048576K
}
Event: 68.825 GC heap after
{Heap after GC invocations=64 (full 0):
 garbage-first heap   total 277504K, used 120850K [0x0000000080000000, 0x0000000100000000)
  region size 1024K, 3 young (3072K), 3 survivors (3072K)
 Metaspace       used 104221K, capacity 106514K, committed 106748K, reserved 1142784K
  class space    used 13004K, capacity 13903K, committed 13952K, reserved 1048576K
}
Event: 71.697 GC heap before
{Heap before GC invocations=65 (full 0):
 garbage-first heap   total 277504K, used 209938K [0x0000000080000000, 0x0000000100000000)
  region size 1024K, 87 young (89088K), 3 survivors (3072K)
 Metaspace       used 109296K, capacity 111892K, committed 112124K, reserved 1146880K
  class space    used 13682K, capacity 14642K, committed 14720K, reserved 1048576K
}
Event: 71.733 GC heap after
{Heap after GC invocations=66 (full 0):
 garbage-first heap   total 277504K, used 130995K [0x0000000080000000, 0x0000000100000000)
  region size 1024K, 11 young (11264K), 11 survivors (11264K)
 Metaspace       used 109296K, capacity 111892K, committed 112124K, reserved 1146880K
  class space    used 13682K, capacity 14642K, committed 14720K, reserved 1048576K
}
Event: 73.044 GC heap before
{Heap before GC invocations=66 (full 0):
 garbage-first heap   total 277504K, used 214963K [0x0000000080000000, 0x0000000100000000)
  region size 1024K, 94 young (96256K), 11 survivors (11264K)
 Metaspace       used 114842K, capacity 117761K, committed 117884K, reserved 1150976K
  class space    used 14467K, capacity 15572K, committed 15616K, reserved 1048576K
}
Event: 73.088 GC heap after
{Heap after GC invocations=67 (full 0):
 garbage-first heap   total 277504K, used 135929K [0x0000000080000000, 0x0000000100000000)
  region size 1024K, 5 young (5120K), 5 survivors (5120K)
 Metaspace       used 114842K, capacity 117761K, committed 117884K, reserved 1150976K
  class space    used 14467K, capacity 15572K, committed 15616K, reserved 1048576K
}
Event: 74.089 GC heap before
{Heap before GC invocations=67 (full 0):
 garbage-first heap   total 277504K, used 218873K [0x0000000080000000, 0x0000000100000000)
  region size 1024K, 87 young (89088K), 5 survivors (5120K)
 Metaspace       used 116383K, capacity 119317K, committed 119420K, reserved 1153024K
  class space    used 14636K, capacity 15778K, committed 15872K, reserved 1048576K
}
Event: 74.108 GC heap after
{Heap after GC invocations=68 (full 0):
 garbage-first heap   total 277504K, used 138019K [0x0000000080000000, 0x0000000100000000)
  region size 1024K, 7 young (7168K), 7 survivors (7168K)
 Metaspace       used 116383K, capacity 119317K, committed 119420K, reserved 1153024K
  class space    used 14636K, capacity 15778K, committed 15872K, reserved 1048576K
}

